[roslaunch][INFO] 2020-06-16 20:57:45,176: Checking log directory for disk usage. This may take a while.
Press Ctrl-C to interrupt
[roslaunch][INFO] 2020-06-16 20:57:45,180: Done checking log file disk usage. Usage is <1GB.
[roslaunch][INFO] 2020-06-16 20:57:45,180: roslaunch starting with args ['/opt/ros/melodic/bin/roslaunch', 'mpnet_plan', 'simulate_mpnet.launch']
[roslaunch][INFO] 2020-06-16 20:57:45,181: roslaunch env is {'ROS_DISTRO': 'melodic', 'ROSLISP_PACKAGE_DIRECTORIES': '/root/project/devel/share/common-lisp', 'CUDA_VERSION': '10.1.243', 'ROS_PACKAGE_PATH': '/root/project/src:/opt/ros/melodic/share', 'HOME': '/root', 'CMAKE_PREFIX_PATH': '/root/project/devel:/opt/ros/melodic', 'DISPLAY': ':0', 'LANG': 'C.UTF-8', 'TERM': 'xterm', 'ROS_LOG_FILENAME': '/root/.ros/log/06fe7264-b014-11ea-9265-0242ac110003/roslaunch-3ff6fdf48960-1398.log', 'LIBRARY_PATH': '/usr/local/cuda/lib64/stubs', 'CUDA_PKG_VERSION': '10-1=10.1.243-1', 'SHLVL': '1', 'NCCL_VERSION': '2.4.8', 'LD_LIBRARY_PATH': '/root/project/devel/lib:/opt/ros/melodic/lib:/usr/local/cuda/extras/CUPTI/lib64:/usr/local/nvidia/lib:/usr/local/nvidia/lib64:/usr/lib/x86_64-linux-gnu:/usr/lib/i386-linux-gnu:/usr/local/nvidia/lib:/usr/local/nvidia/lib64', 'NVIDIA_VISIBLE_DEVICES': 'all', 'ROS_MASTER_URI': 'http://localhost:11311', 'CUDNN_VERSION': '7.6.5.32', 'ROS_PYTHON_VERSION': '2', 'PYTHONPATH': '/opt/ros/melodic/lib/python2.7/dist-packages', 'ROS_ROOT': '/opt/ros/melodic/share/ros', 'PATH': '/opt/ros/melodic/bin:/usr/local/nvidia/bin:/usr/local/cuda/bin:/usr/local/nvidia/bin:/usr/local/cuda/bin:/usr/local/sbin:/usr/local/bin:/usr/sbin:/usr/bin:/sbin:/bin', 'PKG_CONFIG_PATH': '/root/project/devel/lib/pkgconfig:/opt/ros/melodic/lib/pkgconfig', 'LC_ALL': 'C.UTF-8', 'NVIDIA_DRIVER_CAPABILITIES': 'compute,utility,graphics', '_': '/opt/ros/melodic/bin/roslaunch', 'NVIDIA_REQUIRE_CUDA': 'cuda>=10.0 brand=tesla,driver>=384,driver<385', 'OLDPWD': '/root', 'HOSTNAME': '3ff6fdf48960', 'PWD': '/root/project', 'ROS_ETC_DIR': '/opt/ros/melodic/etc/ros', 'ROS_VERSION': '1'}
[roslaunch][INFO] 2020-06-16 20:57:45,181: starting in server mode
[roslaunch.parent][INFO] 2020-06-16 20:57:45,181: starting roslaunch parent run
[roslaunch][INFO] 2020-06-16 20:57:45,181: loading roscore config file /opt/ros/melodic/etc/ros/roscore.xml
[roslaunch][INFO] 2020-06-16 20:57:45,317: Added core node of type [rosout/rosout] in namespace [/]
[roslaunch.config][INFO] 2020-06-16 20:57:45,317: loading config file /root/project/src/mpnet_local_planner/launch/simulate_mpnet.launch
[roslaunch][INFO] 2020-06-16 20:57:45,352: Added node of type [map_server/map_server] in namespace [/]
[roslaunch][INFO] 2020-06-16 20:57:45,405: Added node of type [robot_state_publisher/state_publisher] in namespace [/]
[roslaunch][INFO] 2020-06-16 20:57:45,413: Added node of type [racecar_simulator/simulate] in namespace [/]
[roslaunch][INFO] 2020-06-16 20:57:45,413: Added node of type [tf2_ros/static_transform_publisher] in namespace [/static_tf/]
[roslaunch][INFO] 2020-06-16 20:57:45,425: Added node of type [move_base/move_base] in namespace [/]
[roslaunch][INFO] 2020-06-16 20:57:45,425: Added node of type [rviz/rviz] in namespace [/]
[roslaunch][INFO] 2020-06-16 20:57:45,425: ... selected machine [] for node of type [map_server/map_server]
[roslaunch][INFO] 2020-06-16 20:57:45,425: ... selected machine [] for node of type [robot_state_publisher/state_publisher]
[roslaunch][INFO] 2020-06-16 20:57:45,425: ... selected machine [] for node of type [racecar_simulator/simulate]
[roslaunch][INFO] 2020-06-16 20:57:45,425: ... selected machine [] for node of type [tf2_ros/static_transform_publisher]
[roslaunch][INFO] 2020-06-16 20:57:45,425: ... selected machine [] for node of type [move_base/move_base]
[roslaunch][INFO] 2020-06-16 20:57:45,425: ... selected machine [] for node of type [rviz/rviz]
[roslaunch.pmon][INFO] 2020-06-16 20:57:45,426: start_process_monitor: creating ProcessMonitor
[roslaunch.pmon][INFO] 2020-06-16 20:57:45,426: created process monitor <ProcessMonitor(ProcessMonitor-1, initial daemon)>
[roslaunch.pmon][INFO] 2020-06-16 20:57:45,426: start_process_monitor: ProcessMonitor started
[roslaunch.parent][INFO] 2020-06-16 20:57:45,426: starting parent XML-RPC server
[roslaunch.server][INFO] 2020-06-16 20:57:45,427: starting roslaunch XML-RPC server
[roslaunch.server][INFO] 2020-06-16 20:57:45,427: waiting for roslaunch XML-RPC server to initialize
[xmlrpc][INFO] 2020-06-16 20:57:45,427: XML-RPC server binding to 0.0.0.0:0
[xmlrpc][INFO] 2020-06-16 20:57:45,427: Started XML-RPC server [http://3ff6fdf48960:44803/]
[xmlrpc][INFO] 2020-06-16 20:57:45,427: xml rpc node: starting XML-RPC server
[roslaunch][INFO] 2020-06-16 20:57:45,438: started roslaunch server http://3ff6fdf48960:44803/
[roslaunch.parent][INFO] 2020-06-16 20:57:45,439: ... parent XML-RPC server started
[roslaunch][INFO] 2020-06-16 20:57:45,440: master.is_running[http://localhost:11311]
[roslaunch][INFO] 2020-06-16 20:57:45,441: auto-starting new master
[roslaunch][INFO] 2020-06-16 20:57:45,441: create_master_process: rosmaster, /opt/ros/melodic/share/ros, 11311, 3, None, False
[roslaunch][INFO] 2020-06-16 20:57:45,441: process[master]: launching with args [['rosmaster', '--core', '-p', '11311', '-w', '3']]
[roslaunch.pmon][INFO] 2020-06-16 20:57:45,441: ProcessMonitor.register[master]
[roslaunch.pmon][INFO] 2020-06-16 20:57:45,441: ProcessMonitor.register[master] complete
[roslaunch][INFO] 2020-06-16 20:57:45,441: process[master]: starting os process
[roslaunch][INFO] 2020-06-16 20:57:45,441: process[master]: start w/ args [['rosmaster', '--core', '-p', '11311', '-w', '3', '__log:=/root/.ros/log/06fe7264-b014-11ea-9265-0242ac110003/master.log']]
[roslaunch][INFO] 2020-06-16 20:57:45,441: process[master]: cwd will be [/root/.ros]
[roslaunch][INFO] 2020-06-16 20:57:45,888: process[master]: started with pid [1411]
[roslaunch][INFO] 2020-06-16 20:57:45,888: master.is_running[http://localhost:11311]
[roslaunch][INFO] 2020-06-16 20:57:45,989: master.is_running[http://localhost:11311]
[roslaunch][INFO] 2020-06-16 20:57:46,090: master.is_running[http://localhost:11311]
[roslaunch][INFO] 2020-06-16 20:57:46,092: master.is_running[http://localhost:11311]
[roslaunch][INFO] 2020-06-16 20:57:46,093: ROS_MASTER_URI=http://localhost:11311
[roslaunch][INFO] 2020-06-16 20:57:46,094: setting /run_id to 06fe7264-b014-11ea-9265-0242ac110003
[roslaunch][INFO] 2020-06-16 20:57:46,094: setting /roslaunch/uris/host_3ff6fdf48960__44803' to http://3ff6fdf48960:44803/
[roslaunch][INFO] 2020-06-16 20:57:46,096: ... preparing to launch node of type [rosout/rosout]
[roslaunch][INFO] 2020-06-16 20:57:46,096: create_node_process: package[rosout] type[rosout] machine[Machine(name[] env_loader[None] address[localhost] ssh_port[22] user[None] assignable[True] timeout[10.0])] master_uri[http://localhost:11311]
[roslaunch][INFO] 2020-06-16 20:57:46,096: process[rosout-1]: env[{'ROS_DISTRO': 'melodic', 'ROSLISP_PACKAGE_DIRECTORIES': '/root/project/devel/share/common-lisp', 'CUDA_VERSION': '10.1.243', 'HOME': '/root', 'PATH': '/opt/ros/melodic/bin:/usr/local/nvidia/bin:/usr/local/cuda/bin:/usr/local/nvidia/bin:/usr/local/cuda/bin:/usr/local/sbin:/usr/local/bin:/usr/sbin:/usr/bin:/sbin:/bin', 'CMAKE_PREFIX_PATH': '/root/project/devel:/opt/ros/melodic', 'ROS_LOG_FILENAME': '/root/.ros/log/06fe7264-b014-11ea-9265-0242ac110003/roslaunch-3ff6fdf48960-1398.log', 'LANG': 'C.UTF-8', 'TERM': 'xterm', 'LIBRARY_PATH': '/usr/local/cuda/lib64/stubs', 'CUDA_PKG_VERSION': '10-1=10.1.243-1', 'SHLVL': '1', 'NCCL_VERSION': '2.4.8', 'LD_LIBRARY_PATH': '/root/project/devel/lib:/opt/ros/melodic/lib:/usr/local/cuda/extras/CUPTI/lib64:/usr/local/nvidia/lib:/usr/local/nvidia/lib64:/usr/lib/x86_64-linux-gnu:/usr/lib/i386-linux-gnu:/usr/local/nvidia/lib:/usr/local/nvidia/lib64', 'NVIDIA_VISIBLE_DEVICES': 'all', 'ROS_ETC_DIR': '/opt/ros/melodic/etc/ros', 'CUDNN_VERSION': '7.6.5.32', 'ROS_PYTHON_VERSION': '2', 'LC_ALL': 'C.UTF-8', 'PYTHONPATH': '/opt/ros/melodic/lib/python2.7/dist-packages', 'ROS_ROOT': '/opt/ros/melodic/share/ros', 'PKG_CONFIG_PATH': '/root/project/devel/lib/pkgconfig:/opt/ros/melodic/lib/pkgconfig', 'ROS_PACKAGE_PATH': '/root/project/src:/opt/ros/melodic/share', 'NVIDIA_DRIVER_CAPABILITIES': 'compute,utility,graphics', '_': '/opt/ros/melodic/bin/roslaunch', 'DISPLAY': ':0', 'NVIDIA_REQUIRE_CUDA': 'cuda>=10.0 brand=tesla,driver>=384,driver<385', 'OLDPWD': '/root', 'HOSTNAME': '3ff6fdf48960', 'PWD': '/root/project', 'ROS_MASTER_URI': 'http://localhost:11311', 'ROS_VERSION': '1'}]
[roslaunch][INFO] 2020-06-16 20:57:46,133: process[rosout-1]: args[[u'/opt/ros/melodic/lib/rosout/rosout', u'__name:=rosout']]
[roslaunch][INFO] 2020-06-16 20:57:46,133: ... created process [rosout-1]
[roslaunch.pmon][INFO] 2020-06-16 20:57:46,133: ProcessMonitor.register[rosout-1]
[roslaunch.pmon][INFO] 2020-06-16 20:57:46,133: ProcessMonitor.register[rosout-1] complete
[roslaunch][INFO] 2020-06-16 20:57:46,133: ... registered process [rosout-1]
[roslaunch][INFO] 2020-06-16 20:57:46,133: process[rosout-1]: starting os process
[roslaunch][INFO] 2020-06-16 20:57:46,134: process[rosout-1]: start w/ args [[u'/opt/ros/melodic/lib/rosout/rosout', u'__name:=rosout', u'__log:=/root/.ros/log/06fe7264-b014-11ea-9265-0242ac110003/rosout-1.log']]
[roslaunch][INFO] 2020-06-16 20:57:46,134: process[rosout-1]: cwd will be [/root/.ros]
[roslaunch][INFO] 2020-06-16 20:57:46,577: process[rosout-1]: started with pid [1422]
[roslaunch][INFO] 2020-06-16 20:57:46,577: ... successfully launched [rosout-1]
[roslaunch][INFO] 2020-06-16 20:57:46,578: load_parameters starting ...
[roslaunch][INFO] 2020-06-16 20:57:46,602: ... load_parameters complete
[roslaunch][INFO] 2020-06-16 20:57:46,602: launch_nodes: launching local nodes ...
[roslaunch][INFO] 2020-06-16 20:57:46,602: ... preparing to launch node of type [map_server/map_server]
[roslaunch][INFO] 2020-06-16 20:57:46,602: create_node_process: package[map_server] type[map_server] machine[Machine(name[] env_loader[None] address[localhost] ssh_port[22] user[None] assignable[True] timeout[10.0])] master_uri[http://localhost:11311]
[roslaunch][INFO] 2020-06-16 20:57:46,602: process[map_server-2]: env[{'ROS_DISTRO': 'melodic', 'ROSLISP_PACKAGE_DIRECTORIES': '/root/project/devel/share/common-lisp', 'CUDA_VERSION': '10.1.243', 'HOME': '/root', 'PATH': '/opt/ros/melodic/bin:/usr/local/nvidia/bin:/usr/local/cuda/bin:/usr/local/nvidia/bin:/usr/local/cuda/bin:/usr/local/sbin:/usr/local/bin:/usr/sbin:/usr/bin:/sbin:/bin', 'CMAKE_PREFIX_PATH': '/root/project/devel:/opt/ros/melodic', 'ROS_LOG_FILENAME': '/root/.ros/log/06fe7264-b014-11ea-9265-0242ac110003/roslaunch-3ff6fdf48960-1398.log', 'LANG': 'C.UTF-8', 'TERM': 'xterm', 'LIBRARY_PATH': '/usr/local/cuda/lib64/stubs', 'CUDA_PKG_VERSION': '10-1=10.1.243-1', 'SHLVL': '1', 'NCCL_VERSION': '2.4.8', 'LD_LIBRARY_PATH': '/root/project/devel/lib:/opt/ros/melodic/lib:/usr/local/cuda/extras/CUPTI/lib64:/usr/local/nvidia/lib:/usr/local/nvidia/lib64:/usr/lib/x86_64-linux-gnu:/usr/lib/i386-linux-gnu:/usr/local/nvidia/lib:/usr/local/nvidia/lib64', 'NVIDIA_VISIBLE_DEVICES': 'all', 'ROS_ETC_DIR': '/opt/ros/melodic/etc/ros', 'CUDNN_VERSION': '7.6.5.32', 'ROS_PYTHON_VERSION': '2', 'LC_ALL': 'C.UTF-8', 'PYTHONPATH': '/opt/ros/melodic/lib/python2.7/dist-packages', 'ROS_ROOT': '/opt/ros/melodic/share/ros', 'PKG_CONFIG_PATH': '/root/project/devel/lib/pkgconfig:/opt/ros/melodic/lib/pkgconfig', 'ROS_PACKAGE_PATH': '/root/project/src:/opt/ros/melodic/share', 'NVIDIA_DRIVER_CAPABILITIES': 'compute,utility,graphics', '_': '/opt/ros/melodic/bin/roslaunch', 'DISPLAY': ':0', 'NVIDIA_REQUIRE_CUDA': 'cuda>=10.0 brand=tesla,driver>=384,driver<385', 'OLDPWD': '/root', 'HOSTNAME': '3ff6fdf48960', 'PWD': '/root/project', 'ROS_MASTER_URI': 'http://localhost:11311', 'ROS_VERSION': '1'}]
[roslaunch][INFO] 2020-06-16 20:57:46,603: process[map_server-2]: args[[u'/opt/ros/melodic/lib/map_server/map_server', '/root/project/src/racecar_simulator/maps/mymap.yaml', u'__name:=map_server']]
[roslaunch][INFO] 2020-06-16 20:57:46,603: ... created process [map_server-2]
[roslaunch.pmon][INFO] 2020-06-16 20:57:46,603: ProcessMonitor.register[map_server-2]
[roslaunch.pmon][INFO] 2020-06-16 20:57:46,603: ProcessMonitor.register[map_server-2] complete
[roslaunch][INFO] 2020-06-16 20:57:46,603: ... registered process [map_server-2]
[roslaunch][INFO] 2020-06-16 20:57:46,604: process[map_server-2]: starting os process
[roslaunch][INFO] 2020-06-16 20:57:46,604: process[map_server-2]: start w/ args [[u'/opt/ros/melodic/lib/map_server/map_server', '/root/project/src/racecar_simulator/maps/mymap.yaml', u'__name:=map_server', u'__log:=/root/.ros/log/06fe7264-b014-11ea-9265-0242ac110003/map_server-2.log']]
[roslaunch][INFO] 2020-06-16 20:57:46,604: process[map_server-2]: cwd will be [/root/.ros]
[roslaunch][INFO] 2020-06-16 20:57:47,040: process[map_server-2]: started with pid [1429]
[roslaunch][INFO] 2020-06-16 20:57:47,041: ... successfully launched [map_server-2]
[roslaunch][INFO] 2020-06-16 20:57:47,041: ... preparing to launch node of type [robot_state_publisher/state_publisher]
[roslaunch][INFO] 2020-06-16 20:57:47,041: create_node_process: package[robot_state_publisher] type[state_publisher] machine[Machine(name[] env_loader[None] address[localhost] ssh_port[22] user[None] assignable[True] timeout[10.0])] master_uri[http://localhost:11311]
[roslaunch][INFO] 2020-06-16 20:57:47,041: process[robot_state_publisher-3]: env[{'ROS_DISTRO': 'melodic', 'ROSLISP_PACKAGE_DIRECTORIES': '/root/project/devel/share/common-lisp', 'CUDA_VERSION': '10.1.243', 'HOME': '/root', 'PATH': '/opt/ros/melodic/bin:/usr/local/nvidia/bin:/usr/local/cuda/bin:/usr/local/nvidia/bin:/usr/local/cuda/bin:/usr/local/sbin:/usr/local/bin:/usr/sbin:/usr/bin:/sbin:/bin', 'CMAKE_PREFIX_PATH': '/root/project/devel:/opt/ros/melodic', 'ROS_LOG_FILENAME': '/root/.ros/log/06fe7264-b014-11ea-9265-0242ac110003/roslaunch-3ff6fdf48960-1398.log', 'LANG': 'C.UTF-8', 'TERM': 'xterm', 'LIBRARY_PATH': '/usr/local/cuda/lib64/stubs', 'CUDA_PKG_VERSION': '10-1=10.1.243-1', 'SHLVL': '1', 'NCCL_VERSION': '2.4.8', 'LD_LIBRARY_PATH': '/root/project/devel/lib:/opt/ros/melodic/lib:/usr/local/cuda/extras/CUPTI/lib64:/usr/local/nvidia/lib:/usr/local/nvidia/lib64:/usr/lib/x86_64-linux-gnu:/usr/lib/i386-linux-gnu:/usr/local/nvidia/lib:/usr/local/nvidia/lib64', 'NVIDIA_VISIBLE_DEVICES': 'all', 'ROS_ETC_DIR': '/opt/ros/melodic/etc/ros', 'CUDNN_VERSION': '7.6.5.32', 'ROS_PYTHON_VERSION': '2', 'LC_ALL': 'C.UTF-8', 'PYTHONPATH': '/opt/ros/melodic/lib/python2.7/dist-packages', 'ROS_ROOT': '/opt/ros/melodic/share/ros', 'PKG_CONFIG_PATH': '/root/project/devel/lib/pkgconfig:/opt/ros/melodic/lib/pkgconfig', 'ROS_PACKAGE_PATH': '/root/project/src:/opt/ros/melodic/share', 'NVIDIA_DRIVER_CAPABILITIES': 'compute,utility,graphics', '_': '/opt/ros/melodic/bin/roslaunch', 'DISPLAY': ':0', 'NVIDIA_REQUIRE_CUDA': 'cuda>=10.0 brand=tesla,driver>=384,driver<385', 'OLDPWD': '/root', 'HOSTNAME': '3ff6fdf48960', 'PWD': '/root/project', 'ROS_MASTER_URI': 'http://localhost:11311', 'ROS_VERSION': '1'}]
[roslaunch][INFO] 2020-06-16 20:57:47,042: process[robot_state_publisher-3]: args[[u'/opt/ros/melodic/lib/robot_state_publisher/state_publisher', u'__name:=robot_state_publisher']]
[roslaunch][INFO] 2020-06-16 20:57:47,042: ... created process [robot_state_publisher-3]
[roslaunch.pmon][INFO] 2020-06-16 20:57:47,042: ProcessMonitor.register[robot_state_publisher-3]
[roslaunch.pmon][INFO] 2020-06-16 20:57:47,042: ProcessMonitor.register[robot_state_publisher-3] complete
[roslaunch][INFO] 2020-06-16 20:57:47,043: ... registered process [robot_state_publisher-3]
[roslaunch][INFO] 2020-06-16 20:57:47,043: process[robot_state_publisher-3]: starting os process
[roslaunch][INFO] 2020-06-16 20:57:47,043: process[robot_state_publisher-3]: start w/ args [[u'/opt/ros/melodic/lib/robot_state_publisher/state_publisher', u'__name:=robot_state_publisher', u'__log:=/root/.ros/log/06fe7264-b014-11ea-9265-0242ac110003/robot_state_publisher-3.log']]
[roslaunch][INFO] 2020-06-16 20:57:47,043: process[robot_state_publisher-3]: cwd will be [/root/.ros]
[roslaunch][INFO] 2020-06-16 20:57:47,499: process[robot_state_publisher-3]: started with pid [1430]
[roslaunch][INFO] 2020-06-16 20:57:47,500: ... successfully launched [robot_state_publisher-3]
[roslaunch][INFO] 2020-06-16 20:57:47,500: ... preparing to launch node of type [racecar_simulator/simulate]
[roslaunch][INFO] 2020-06-16 20:57:47,500: create_node_process: package[racecar_simulator] type[simulate] machine[Machine(name[] env_loader[None] address[localhost] ssh_port[22] user[None] assignable[True] timeout[10.0])] master_uri[http://localhost:11311]
[roslaunch][INFO] 2020-06-16 20:57:47,500: process[racecar_simulator-4]: env[{'ROS_DISTRO': 'melodic', 'ROSLISP_PACKAGE_DIRECTORIES': '/root/project/devel/share/common-lisp', 'CUDA_VERSION': '10.1.243', 'HOME': '/root', 'PATH': '/opt/ros/melodic/bin:/usr/local/nvidia/bin:/usr/local/cuda/bin:/usr/local/nvidia/bin:/usr/local/cuda/bin:/usr/local/sbin:/usr/local/bin:/usr/sbin:/usr/bin:/sbin:/bin', 'CMAKE_PREFIX_PATH': '/root/project/devel:/opt/ros/melodic', 'ROS_LOG_FILENAME': '/root/.ros/log/06fe7264-b014-11ea-9265-0242ac110003/roslaunch-3ff6fdf48960-1398.log', 'LANG': 'C.UTF-8', 'TERM': 'xterm', 'LIBRARY_PATH': '/usr/local/cuda/lib64/stubs', 'CUDA_PKG_VERSION': '10-1=10.1.243-1', 'SHLVL': '1', 'NCCL_VERSION': '2.4.8', 'LD_LIBRARY_PATH': '/root/project/devel/lib:/opt/ros/melodic/lib:/usr/local/cuda/extras/CUPTI/lib64:/usr/local/nvidia/lib:/usr/local/nvidia/lib64:/usr/lib/x86_64-linux-gnu:/usr/lib/i386-linux-gnu:/usr/local/nvidia/lib:/usr/local/nvidia/lib64', 'NVIDIA_VISIBLE_DEVICES': 'all', 'ROS_ETC_DIR': '/opt/ros/melodic/etc/ros', 'CUDNN_VERSION': '7.6.5.32', 'ROS_PYTHON_VERSION': '2', 'LC_ALL': 'C.UTF-8', 'PYTHONPATH': '/opt/ros/melodic/lib/python2.7/dist-packages', 'ROS_ROOT': '/opt/ros/melodic/share/ros', 'PKG_CONFIG_PATH': '/root/project/devel/lib/pkgconfig:/opt/ros/melodic/lib/pkgconfig', 'ROS_PACKAGE_PATH': '/root/project/src:/opt/ros/melodic/share', 'NVIDIA_DRIVER_CAPABILITIES': 'compute,utility,graphics', '_': '/opt/ros/melodic/bin/roslaunch', 'DISPLAY': ':0', 'NVIDIA_REQUIRE_CUDA': 'cuda>=10.0 brand=tesla,driver>=384,driver<385', 'OLDPWD': '/root', 'HOSTNAME': '3ff6fdf48960', 'PWD': '/root/project', 'ROS_MASTER_URI': 'http://localhost:11311', 'ROS_VERSION': '1'}]
[roslaunch][INFO] 2020-06-16 20:57:47,502: process[racecar_simulator-4]: args[[u'/root/project/devel/lib/racecar_simulator/simulate', u'__name:=racecar_simulator']]
[roslaunch][INFO] 2020-06-16 20:57:47,502: ... created process [racecar_simulator-4]
[roslaunch.pmon][INFO] 2020-06-16 20:57:47,502: ProcessMonitor.register[racecar_simulator-4]
[roslaunch.pmon][INFO] 2020-06-16 20:57:47,502: ProcessMonitor.register[racecar_simulator-4] complete
[roslaunch][INFO] 2020-06-16 20:57:47,502: ... registered process [racecar_simulator-4]
[roslaunch][INFO] 2020-06-16 20:57:47,502: process[racecar_simulator-4]: starting os process
[roslaunch][INFO] 2020-06-16 20:57:47,502: process[racecar_simulator-4]: start w/ args [[u'/root/project/devel/lib/racecar_simulator/simulate', u'__name:=racecar_simulator', u'__log:=/root/.ros/log/06fe7264-b014-11ea-9265-0242ac110003/racecar_simulator-4.log']]
[roslaunch][INFO] 2020-06-16 20:57:47,502: process[racecar_simulator-4]: cwd will be [/root/.ros]
[roslaunch][INFO] 2020-06-16 20:57:47,953: process[racecar_simulator-4]: started with pid [1436]
[roslaunch][INFO] 2020-06-16 20:57:47,953: ... successfully launched [racecar_simulator-4]
[roslaunch][INFO] 2020-06-16 20:57:47,954: ... preparing to launch node of type [tf2_ros/static_transform_publisher]
[roslaunch][INFO] 2020-06-16 20:57:47,954: create_node_process: package[tf2_ros] type[static_transform_publisher] machine[Machine(name[] env_loader[None] address[localhost] ssh_port[22] user[None] assignable[True] timeout[10.0])] master_uri[http://localhost:11311]
[roslaunch][INFO] 2020-06-16 20:57:47,954: process[static_tf/base_to_laser_tf2-5]: env[{'ROS_DISTRO': 'melodic', 'ROSLISP_PACKAGE_DIRECTORIES': '/root/project/devel/share/common-lisp', 'CUDA_VERSION': '10.1.243', 'HOME': '/root', 'PATH': '/opt/ros/melodic/bin:/usr/local/nvidia/bin:/usr/local/cuda/bin:/usr/local/nvidia/bin:/usr/local/cuda/bin:/usr/local/sbin:/usr/local/bin:/usr/sbin:/usr/bin:/sbin:/bin', 'CMAKE_PREFIX_PATH': '/root/project/devel:/opt/ros/melodic', 'ROS_LOG_FILENAME': '/root/.ros/log/06fe7264-b014-11ea-9265-0242ac110003/roslaunch-3ff6fdf48960-1398.log', 'LANG': 'C.UTF-8', 'TERM': 'xterm', 'LIBRARY_PATH': '/usr/local/cuda/lib64/stubs', 'CUDA_PKG_VERSION': '10-1=10.1.243-1', 'SHLVL': '1', 'NCCL_VERSION': '2.4.8', 'LD_LIBRARY_PATH': '/root/project/devel/lib:/opt/ros/melodic/lib:/usr/local/cuda/extras/CUPTI/lib64:/usr/local/nvidia/lib:/usr/local/nvidia/lib64:/usr/lib/x86_64-linux-gnu:/usr/lib/i386-linux-gnu:/usr/local/nvidia/lib:/usr/local/nvidia/lib64', 'NVIDIA_VISIBLE_DEVICES': 'all', 'ROS_ETC_DIR': '/opt/ros/melodic/etc/ros', 'CUDNN_VERSION': '7.6.5.32', 'ROS_PYTHON_VERSION': '2', 'LC_ALL': 'C.UTF-8', 'PYTHONPATH': '/opt/ros/melodic/lib/python2.7/dist-packages', 'ROS_NAMESPACE': '/static_tf', 'ROS_ROOT': '/opt/ros/melodic/share/ros', 'PKG_CONFIG_PATH': '/root/project/devel/lib/pkgconfig:/opt/ros/melodic/lib/pkgconfig', 'ROS_PACKAGE_PATH': '/root/project/src:/opt/ros/melodic/share', 'NVIDIA_DRIVER_CAPABILITIES': 'compute,utility,graphics', '_': '/opt/ros/melodic/bin/roslaunch', 'DISPLAY': ':0', 'NVIDIA_REQUIRE_CUDA': 'cuda>=10.0 brand=tesla,driver>=384,driver<385', 'OLDPWD': '/root', 'HOSTNAME': '3ff6fdf48960', 'PWD': '/root/project', 'ROS_MASTER_URI': 'http://localhost:11311', 'ROS_VERSION': '1'}]
[roslaunch][INFO] 2020-06-16 20:57:47,955: process[static_tf/base_to_laser_tf2-5]: args[[u'/opt/ros/melodic/lib/tf2_ros/static_transform_publisher', '0.1', '0.0', '0.30', '0.0', '0.0', '0.0', 'base_link', 'laser', u'__name:=base_to_laser_tf2']]
[roslaunch][INFO] 2020-06-16 20:57:47,955: ... created process [static_tf/base_to_laser_tf2-5]
[roslaunch.pmon][INFO] 2020-06-16 20:57:47,955: ProcessMonitor.register[static_tf/base_to_laser_tf2-5]
[roslaunch.pmon][INFO] 2020-06-16 20:57:47,955: ProcessMonitor.register[static_tf/base_to_laser_tf2-5] complete
[roslaunch][INFO] 2020-06-16 20:57:47,955: ... registered process [static_tf/base_to_laser_tf2-5]
[roslaunch][INFO] 2020-06-16 20:57:47,955: process[static_tf/base_to_laser_tf2-5]: starting os process
[roslaunch][INFO] 2020-06-16 20:57:47,956: process[static_tf/base_to_laser_tf2-5]: start w/ args [[u'/opt/ros/melodic/lib/tf2_ros/static_transform_publisher', '0.1', '0.0', '0.30', '0.0', '0.0', '0.0', 'base_link', 'laser', u'__name:=base_to_laser_tf2', u'__log:=/root/.ros/log/06fe7264-b014-11ea-9265-0242ac110003/static_tf-base_to_laser_tf2-5.log']]
[roslaunch][INFO] 2020-06-16 20:57:47,956: process[static_tf/base_to_laser_tf2-5]: cwd will be [/root/.ros]
[roslaunch][INFO] 2020-06-16 20:57:48,417: process[static_tf/base_to_laser_tf2-5]: started with pid [1443]
[roslaunch][INFO] 2020-06-16 20:57:48,417: ... successfully launched [static_tf/base_to_laser_tf2-5]
[roslaunch][INFO] 2020-06-16 20:57:48,417: ... preparing to launch node of type [move_base/move_base]
[roslaunch][INFO] 2020-06-16 20:57:48,417: create_node_process: package[move_base] type[move_base] machine[Machine(name[] env_loader[None] address[localhost] ssh_port[22] user[None] assignable[True] timeout[10.0])] master_uri[http://localhost:11311]
[roslaunch][INFO] 2020-06-16 20:57:48,417: process[move_base-6]: env[{'ROS_DISTRO': 'melodic', 'ROSLISP_PACKAGE_DIRECTORIES': '/root/project/devel/share/common-lisp', 'CUDA_VERSION': '10.1.243', 'HOME': '/root', 'PATH': '/opt/ros/melodic/bin:/usr/local/nvidia/bin:/usr/local/cuda/bin:/usr/local/nvidia/bin:/usr/local/cuda/bin:/usr/local/sbin:/usr/local/bin:/usr/sbin:/usr/bin:/sbin:/bin', 'CMAKE_PREFIX_PATH': '/root/project/devel:/opt/ros/melodic', 'ROS_LOG_FILENAME': '/root/.ros/log/06fe7264-b014-11ea-9265-0242ac110003/roslaunch-3ff6fdf48960-1398.log', 'LANG': 'C.UTF-8', 'TERM': 'xterm', 'LIBRARY_PATH': '/usr/local/cuda/lib64/stubs', 'CUDA_PKG_VERSION': '10-1=10.1.243-1', 'SHLVL': '1', 'NCCL_VERSION': '2.4.8', 'LD_LIBRARY_PATH': '/root/project/devel/lib:/opt/ros/melodic/lib:/usr/local/cuda/extras/CUPTI/lib64:/usr/local/nvidia/lib:/usr/local/nvidia/lib64:/usr/lib/x86_64-linux-gnu:/usr/lib/i386-linux-gnu:/usr/local/nvidia/lib:/usr/local/nvidia/lib64', 'NVIDIA_VISIBLE_DEVICES': 'all', 'ROS_ETC_DIR': '/opt/ros/melodic/etc/ros', 'CUDNN_VERSION': '7.6.5.32', 'ROS_PYTHON_VERSION': '2', 'LC_ALL': 'C.UTF-8', 'PYTHONPATH': '/opt/ros/melodic/lib/python2.7/dist-packages', 'ROS_ROOT': '/opt/ros/melodic/share/ros', 'PKG_CONFIG_PATH': '/root/project/devel/lib/pkgconfig:/opt/ros/melodic/lib/pkgconfig', 'ROS_PACKAGE_PATH': '/root/project/src:/opt/ros/melodic/share', 'NVIDIA_DRIVER_CAPABILITIES': 'compute,utility,graphics', '_': '/opt/ros/melodic/bin/roslaunch', 'DISPLAY': ':0', 'NVIDIA_REQUIRE_CUDA': 'cuda>=10.0 brand=tesla,driver>=384,driver<385', 'OLDPWD': '/root', 'HOSTNAME': '3ff6fdf48960', 'PWD': '/root/project', 'ROS_MASTER_URI': 'http://localhost:11311', 'ROS_VERSION': '1'}]
[roslaunch][INFO] 2020-06-16 20:57:48,418: process[move_base-6]: args[[u'/opt/ros/melodic/lib/move_base/move_base', u'__name:=move_base']]
[roslaunch][INFO] 2020-06-16 20:57:48,418: ... created process [move_base-6]
[roslaunch.pmon][INFO] 2020-06-16 20:57:48,418: ProcessMonitor.register[move_base-6]
[roslaunch.pmon][INFO] 2020-06-16 20:57:48,419: ProcessMonitor.register[move_base-6] complete
[roslaunch][INFO] 2020-06-16 20:57:48,419: ... registered process [move_base-6]
[roslaunch][INFO] 2020-06-16 20:57:48,419: process[move_base-6]: starting os process
[roslaunch][INFO] 2020-06-16 20:57:48,419: process[move_base-6]: start w/ args [[u'/opt/ros/melodic/lib/move_base/move_base', u'__name:=move_base', u'__log:=/root/.ros/log/06fe7264-b014-11ea-9265-0242ac110003/move_base-6.log']]
[roslaunch][INFO] 2020-06-16 20:57:48,419: process[move_base-6]: cwd will be [/root/.ros]
[roslaunch][INFO] 2020-06-16 20:57:48,868: process[move_base-6]: started with pid [1450]
[roslaunch][INFO] 2020-06-16 20:57:48,868: ... successfully launched [move_base-6]
[roslaunch][INFO] 2020-06-16 20:57:48,868: ... preparing to launch node of type [rviz/rviz]
[roslaunch][INFO] 2020-06-16 20:57:48,868: create_node_process: package[rviz] type[rviz] machine[Machine(name[] env_loader[None] address[localhost] ssh_port[22] user[None] assignable[True] timeout[10.0])] master_uri[http://localhost:11311]
[roslaunch][INFO] 2020-06-16 20:57:48,868: process[rviz-7]: env[{'ROS_DISTRO': 'melodic', 'ROSLISP_PACKAGE_DIRECTORIES': '/root/project/devel/share/common-lisp', 'CUDA_VERSION': '10.1.243', 'HOME': '/root', 'PATH': '/opt/ros/melodic/bin:/usr/local/nvidia/bin:/usr/local/cuda/bin:/usr/local/nvidia/bin:/usr/local/cuda/bin:/usr/local/sbin:/usr/local/bin:/usr/sbin:/usr/bin:/sbin:/bin', 'CMAKE_PREFIX_PATH': '/root/project/devel:/opt/ros/melodic', 'ROS_LOG_FILENAME': '/root/.ros/log/06fe7264-b014-11ea-9265-0242ac110003/roslaunch-3ff6fdf48960-1398.log', 'LANG': 'C.UTF-8', 'TERM': 'xterm', 'LIBRARY_PATH': '/usr/local/cuda/lib64/stubs', 'CUDA_PKG_VERSION': '10-1=10.1.243-1', 'SHLVL': '1', 'NCCL_VERSION': '2.4.8', 'LD_LIBRARY_PATH': '/root/project/devel/lib:/opt/ros/melodic/lib:/usr/local/cuda/extras/CUPTI/lib64:/usr/local/nvidia/lib:/usr/local/nvidia/lib64:/usr/lib/x86_64-linux-gnu:/usr/lib/i386-linux-gnu:/usr/local/nvidia/lib:/usr/local/nvidia/lib64', 'NVIDIA_VISIBLE_DEVICES': 'all', 'ROS_ETC_DIR': '/opt/ros/melodic/etc/ros', 'CUDNN_VERSION': '7.6.5.32', 'ROS_PYTHON_VERSION': '2', 'LC_ALL': 'C.UTF-8', 'PYTHONPATH': '/opt/ros/melodic/lib/python2.7/dist-packages', 'ROS_ROOT': '/opt/ros/melodic/share/ros', 'PKG_CONFIG_PATH': '/root/project/devel/lib/pkgconfig:/opt/ros/melodic/lib/pkgconfig', 'ROS_PACKAGE_PATH': '/root/project/src:/opt/ros/melodic/share', 'NVIDIA_DRIVER_CAPABILITIES': 'compute,utility,graphics', '_': '/opt/ros/melodic/bin/roslaunch', 'DISPLAY': ':0', 'NVIDIA_REQUIRE_CUDA': 'cuda>=10.0 brand=tesla,driver>=384,driver<385', 'OLDPWD': '/root', 'HOSTNAME': '3ff6fdf48960', 'PWD': '/root/project', 'ROS_MASTER_URI': 'http://localhost:11311', 'ROS_VERSION': '1'}]
[roslaunch][INFO] 2020-06-16 20:57:48,873: process[rviz-7]: args[[u'/opt/ros/melodic/lib/rviz/rviz', '-d', '/root/project/src/mpnet_local_planner/launch/mpnet_launch.rviz', u'__name:=rviz']]
[roslaunch][INFO] 2020-06-16 20:57:48,873: ... created process [rviz-7]
[roslaunch.pmon][INFO] 2020-06-16 20:57:48,874: ProcessMonitor.register[rviz-7]
[roslaunch.pmon][INFO] 2020-06-16 20:57:48,874: ProcessMonitor.register[rviz-7] complete
[roslaunch][INFO] 2020-06-16 20:57:48,874: ... registered process [rviz-7]
[roslaunch][INFO] 2020-06-16 20:57:48,874: process[rviz-7]: starting os process
[roslaunch][INFO] 2020-06-16 20:57:48,874: process[rviz-7]: start w/ args [[u'/opt/ros/melodic/lib/rviz/rviz', '-d', '/root/project/src/mpnet_local_planner/launch/mpnet_launch.rviz', u'__name:=rviz', u'__log:=/root/.ros/log/06fe7264-b014-11ea-9265-0242ac110003/rviz-7.log']]
[roslaunch][INFO] 2020-06-16 20:57:48,874: process[rviz-7]: cwd will be [/root/.ros]
[roslaunch][INFO] 2020-06-16 20:57:49,389: process[rviz-7]: started with pid [1456]
[roslaunch][INFO] 2020-06-16 20:57:49,389: ... successfully launched [rviz-7]
[roslaunch][INFO] 2020-06-16 20:57:49,390: ... launch_nodes complete
[roslaunch.pmon][INFO] 2020-06-16 20:57:49,390: registrations completed <ProcessMonitor(ProcessMonitor-1, started daemon 140155679602432)>
[roslaunch.parent][INFO] 2020-06-16 20:57:49,390: ... roslaunch parent running, waiting for process exit
[roslaunch][INFO] 2020-06-16 20:57:49,390: spin
[roslaunch.pmon][INFO] 2020-06-16 20:57:55,528: ProcessMonitor.shutdown <ProcessMonitor(ProcessMonitor-1, started daemon 140155679602432)>
[roslaunch.pmon][INFO] 2020-06-16 20:57:55,552: ProcessMonitor._post_run <ProcessMonitor(ProcessMonitor-1, started daemon 140155679602432)>
[roslaunch.pmon][INFO] 2020-06-16 20:57:55,553: ProcessMonitor._post_run <ProcessMonitor(ProcessMonitor-1, started daemon 140155679602432)>: remaining procs are [<roslaunch.nodeprocess.LocalProcess object at 0x7f7889a1c990>, <roslaunch.nodeprocess.LocalProcess object at 0x7f7889a1c750>, <roslaunch.nodeprocess.LocalProcess object at 0x7f78887b31d0>, <roslaunch.nodeprocess.LocalProcess object at 0x7f78887b3550>, <roslaunch.nodeprocess.LocalProcess object at 0x7f78887b3450>, <roslaunch.nodeprocess.LocalProcess object at 0x7f78887b3050>, <roslaunch.nodeprocess.LocalProcess object at 0x7f78887b37d0>, <roslaunch.nodeprocess.LocalProcess object at 0x7f78887b9fd0>]
[roslaunch.pmon][INFO] 2020-06-16 20:57:55,555: ProcessMonitor exit: killing rviz-7
[roslaunch][INFO] 2020-06-16 20:57:55,556: [rviz-7] killing on exit
[roslaunch.pmon][INFO] 2020-06-16 20:57:55,556: ProcessMonitor exit: killing move_base-6
[roslaunch][INFO] 2020-06-16 20:57:55,557: [move_base-6] killing on exit
[roslaunch][INFO] 2020-06-16 20:57:55,558: process[rviz-7]: killing os process with pid[1456] pgid[1456]
[roslaunch][INFO] 2020-06-16 20:57:55,559: process[move_base-6]: killing os process with pid[1450] pgid[1450]
[roslaunch.pmon][INFO] 2020-06-16 20:57:55,559: ProcessMonitor exit: killing static_tf/base_to_laser_tf2-5
[roslaunch.pmon][INFO] 2020-06-16 20:57:55,560: ProcessMonitor exit: killing racecar_simulator-4
[roslaunch][INFO] 2020-06-16 20:57:55,560: [rviz-7] sending SIGINT to pgid [1456]
[roslaunch][INFO] 2020-06-16 20:57:55,561: [move_base-6] sending SIGINT to pgid [1450]
[roslaunch.pmon][INFO] 2020-06-16 20:57:55,562: ProcessMonitor exit: killing robot_state_publisher-3
[roslaunch.pmon][INFO] 2020-06-16 20:57:55,562: ProcessMonitor exit: killing map_server-2
[roslaunch][INFO] 2020-06-16 20:57:55,563: [static_tf/base_to_laser_tf2-5] killing on exit
[roslaunch][INFO] 2020-06-16 20:57:55,564: [racecar_simulator-4] killing on exit
[roslaunch][INFO] 2020-06-16 20:57:55,565: [rviz-7] sent SIGINT to pgid [1456]
[roslaunch][INFO] 2020-06-16 20:57:55,566: [move_base-6] sent SIGINT to pgid [1450]
[roslaunch][INFO] 2020-06-16 20:57:55,567: [robot_state_publisher-3] killing on exit
[roslaunch][INFO] 2020-06-16 20:57:55,567: [map_server-2] killing on exit
[roslaunch][INFO] 2020-06-16 20:57:55,568: process[static_tf/base_to_laser_tf2-5]: killing os process with pid[1443] pgid[1443]
[roslaunch][INFO] 2020-06-16 20:57:55,569: process[racecar_simulator-4]: killing os process with pid[1436] pgid[1436]
[roslaunch][INFO] 2020-06-16 20:57:55,570: process[robot_state_publisher-3]: killing os process with pid[1430] pgid[1430]
[roslaunch][INFO] 2020-06-16 20:57:55,570: process[map_server-2]: killing os process with pid[1429] pgid[1429]
[roslaunch][INFO] 2020-06-16 20:57:55,571: [static_tf/base_to_laser_tf2-5] sending SIGINT to pgid [1443]
[roslaunch][INFO] 2020-06-16 20:57:55,571: [racecar_simulator-4] sending SIGINT to pgid [1436]
[roslaunch][INFO] 2020-06-16 20:57:55,572: [robot_state_publisher-3] sending SIGINT to pgid [1430]
[roslaunch][INFO] 2020-06-16 20:57:55,572: [map_server-2] sending SIGINT to pgid [1429]
[roslaunch][INFO] 2020-06-16 20:57:55,573: [static_tf/base_to_laser_tf2-5] sent SIGINT to pgid [1443]
[roslaunch][INFO] 2020-06-16 20:57:55,573: [racecar_simulator-4] sent SIGINT to pgid [1436]
[roslaunch][INFO] 2020-06-16 20:57:55,574: [robot_state_publisher-3] sent SIGINT to pgid [1430]
[roslaunch][INFO] 2020-06-16 20:57:55,574: [map_server-2] sent SIGINT to pgid [1429]
[roslaunch][INFO] 2020-06-16 20:57:55,775: process[static_tf/base_to_laser_tf2-5]: SIGINT killed with return value 0
[roslaunch][INFO] 2020-06-16 20:57:55,876: process[robot_state_publisher-3]: SIGINT killed with return value 0
[roslaunch][INFO] 2020-06-16 20:57:55,876: process[map_server-2]: SIGINT killed with return value 0
[roslaunch][INFO] 2020-06-16 20:57:55,975: process[racecar_simulator-4]: SIGINT killed with return value 0
[roslaunch][INFO] 2020-06-16 20:57:56,170: process[rviz-7]: SIGINT killed with return value 0
[roslaunch][INFO] 2020-06-16 20:57:56,471: process[move_base-6]: SIGINT killed with return value -6
[roslaunch.pmon][INFO] 2020-06-16 20:57:56,471: ProcessMonitor exit: killing rosout-1
[roslaunch][INFO] 2020-06-16 20:57:56,471: [rosout-1] killing on exit
[roslaunch][INFO] 2020-06-16 20:57:56,472: process[rosout-1]: killing os process with pid[1422] pgid[1422]
[roslaunch][INFO] 2020-06-16 20:57:56,472: [rosout-1] sending SIGINT to pgid [1422]
[roslaunch][INFO] 2020-06-16 20:57:56,472: [rosout-1] sent SIGINT to pgid [1422]
[roslaunch][INFO] 2020-06-16 20:57:56,773: process[rosout-1]: SIGINT killed with return value 0
[roslaunch.pmon][INFO] 2020-06-16 20:57:56,773: ProcessMonitor exit: killing master
[roslaunch][INFO] 2020-06-16 20:57:56,773: [master] killing on exit
[roslaunch][INFO] 2020-06-16 20:57:56,774: process[master]: killing os process with pid[1411] pgid[1411]
[roslaunch][INFO] 2020-06-16 20:57:56,774: [master] sending SIGINT to pgid [1411]
[roslaunch][INFO] 2020-06-16 20:57:56,774: [master] sent SIGINT to pgid [1411]
[roslaunch][INFO] 2020-06-16 20:57:56,975: process[master]: SIGINT killed with return value 0
[roslaunch.pmon][INFO] 2020-06-16 20:57:56,976: ProcessMonitor exit: cleaning up data structures and signals
[roslaunch.pmon][INFO] 2020-06-16 20:57:56,976: ProcessMonitor exit: pmon has shutdown
[roslaunch][INFO] 2020-06-16 20:57:56,999: process monitor is done spinning, initiating full shutdown
[roslaunch][INFO] 2020-06-16 20:57:56,999: runner.stop()
[roslaunch][INFO] 2020-06-16 20:57:57,000: shutting down processing monitor...
[roslaunch][INFO] 2020-06-16 20:57:57,000: shutting down processing monitor <ProcessMonitor(ProcessMonitor-1, stopped daemon 140155679602432)>
[roslaunch.pmon][INFO] 2020-06-16 20:57:57,000: ProcessMonitor.shutdown <ProcessMonitor(ProcessMonitor-1, stopped daemon 140155679602432)>
[roslaunch][INFO] 2020-06-16 20:57:57,001: ... shutting down processing monitor complete
[roslaunch][INFO] 2020-06-16 20:57:57,001: done
[roslaunch.pmon][INFO] 2020-06-16 20:57:57,001: ProcessMonitor.shutdown <ProcessMonitor(ProcessMonitor-1, stopped daemon 140155679602432)>
[rospy.core][INFO] 2020-06-16 20:57:57,002: signal_shutdown [atexit]
