[roslaunch][INFO] 2020-07-05 19:19:26,786: Checking log directory for disk usage. This may take a while.
Press Ctrl-C to interrupt
[roslaunch][INFO] 2020-07-05 19:19:26,789: Done checking log file disk usage. Usage is <1GB.
[roslaunch][INFO] 2020-07-05 19:19:26,789: roslaunch starting with args ['/opt/ros/melodic/bin/roslaunch', 'mpnet_plan', 'simulate_mpnet.launch']
[roslaunch][INFO] 2020-07-05 19:19:26,789: roslaunch env is {'ROS_DISTRO': 'melodic', 'ROSLISP_PACKAGE_DIRECTORIES': '/root/project/devel/share/common-lisp', 'CUDA_VERSION': '10.1.243', 'ROS_PACKAGE_PATH': '/root/project/src:/opt/ros/melodic/share', 'HOME': '/root', 'CMAKE_PREFIX_PATH': '/root/project/devel:/opt/ros/melodic', 'DISPLAY': ':0', 'LANG': 'C.UTF-8', 'TERM': 'xterm', 'ROS_LOG_FILENAME': '/root/.ros/log/7120f81c-bef4-11ea-ab37-0242ac110003/roslaunch-3ff6fdf48960-202.log', 'LIBRARY_PATH': '/usr/local/cuda/lib64/stubs', 'CUDA_PKG_VERSION': '10-1=10.1.243-1', 'SHLVL': '1', 'NCCL_VERSION': '2.4.8', 'LD_LIBRARY_PATH': '/root/project/devel/lib:/opt/ros/melodic/lib:/usr/local/cuda/extras/CUPTI/lib64:/usr/local/nvidia/lib:/usr/local/nvidia/lib64:/usr/lib/x86_64-linux-gnu:/usr/lib/i386-linux-gnu:/usr/local/nvidia/lib:/usr/local/nvidia/lib64', 'NVIDIA_VISIBLE_DEVICES': 'all', 'ROS_MASTER_URI': 'http://localhost:11311', 'CUDNN_VERSION': '7.6.5.32', 'ROS_PYTHON_VERSION': '2', 'PYTHONPATH': '/opt/ros/melodic/lib/python2.7/dist-packages', 'ROS_ROOT': '/opt/ros/melodic/share/ros', 'PATH': '/opt/ros/melodic/bin:/usr/local/nvidia/bin:/usr/local/cuda/bin:/usr/local/nvidia/bin:/usr/local/cuda/bin:/usr/local/sbin:/usr/local/bin:/usr/sbin:/usr/bin:/sbin:/bin', 'PKG_CONFIG_PATH': '/root/project/devel/lib/pkgconfig:/opt/ros/melodic/lib/pkgconfig', 'LC_ALL': 'C.UTF-8', 'NVIDIA_DRIVER_CAPABILITIES': 'compute,utility,graphics', '_': '/opt/ros/melodic/bin/roslaunch', 'NVIDIA_REQUIRE_CUDA': 'cuda>=10.0 brand=tesla,driver>=384,driver<385', 'OLDPWD': '/root', 'HOSTNAME': '3ff6fdf48960', 'PWD': '/root/project', 'ROS_ETC_DIR': '/opt/ros/melodic/etc/ros', 'ROS_VERSION': '1'}
[roslaunch][INFO] 2020-07-05 19:19:26,789: starting in server mode
[roslaunch.parent][INFO] 2020-07-05 19:19:26,789: starting roslaunch parent run
[roslaunch][INFO] 2020-07-05 19:19:26,789: loading roscore config file /opt/ros/melodic/etc/ros/roscore.xml
[roslaunch][INFO] 2020-07-05 19:19:26,918: Added core node of type [rosout/rosout] in namespace [/]
[roslaunch.config][INFO] 2020-07-05 19:19:26,918: loading config file /root/project/src/mpnet_local_planner/launch/simulate_mpnet.launch
[roslaunch][INFO] 2020-07-05 19:19:26,952: Added node of type [map_server/map_server] in namespace [/]
[roslaunch][INFO] 2020-07-05 19:19:27,001: Added node of type [robot_state_publisher/state_publisher] in namespace [/]
[roslaunch][INFO] 2020-07-05 19:19:27,008: Added node of type [racecar_simulator/simulate] in namespace [/]
[roslaunch][INFO] 2020-07-05 19:19:27,009: Added node of type [tf2_ros/static_transform_publisher] in namespace [/static_tf/]
[roslaunch][INFO] 2020-07-05 19:19:27,019: Added node of type [move_base/move_base] in namespace [/]
[roslaunch][INFO] 2020-07-05 19:19:27,020: Added node of type [rviz/rviz] in namespace [/]
[roslaunch][INFO] 2020-07-05 19:19:27,020: ... selected machine [] for node of type [map_server/map_server]
[roslaunch][INFO] 2020-07-05 19:19:27,020: ... selected machine [] for node of type [robot_state_publisher/state_publisher]
[roslaunch][INFO] 2020-07-05 19:19:27,020: ... selected machine [] for node of type [racecar_simulator/simulate]
[roslaunch][INFO] 2020-07-05 19:19:27,020: ... selected machine [] for node of type [tf2_ros/static_transform_publisher]
[roslaunch][INFO] 2020-07-05 19:19:27,020: ... selected machine [] for node of type [move_base/move_base]
[roslaunch][INFO] 2020-07-05 19:19:27,020: ... selected machine [] for node of type [rviz/rviz]
[roslaunch.pmon][INFO] 2020-07-05 19:19:27,021: start_process_monitor: creating ProcessMonitor
[roslaunch.pmon][INFO] 2020-07-05 19:19:27,021: created process monitor <ProcessMonitor(ProcessMonitor-1, initial daemon)>
[roslaunch.pmon][INFO] 2020-07-05 19:19:27,021: start_process_monitor: ProcessMonitor started
[roslaunch.parent][INFO] 2020-07-05 19:19:27,021: starting parent XML-RPC server
[roslaunch.server][INFO] 2020-07-05 19:19:27,021: starting roslaunch XML-RPC server
[roslaunch.server][INFO] 2020-07-05 19:19:27,021: waiting for roslaunch XML-RPC server to initialize
[xmlrpc][INFO] 2020-07-05 19:19:27,021: XML-RPC server binding to 0.0.0.0:0
[xmlrpc][INFO] 2020-07-05 19:19:27,022: Started XML-RPC server [http://3ff6fdf48960:41487/]
[xmlrpc][INFO] 2020-07-05 19:19:27,022: xml rpc node: starting XML-RPC server
[roslaunch][INFO] 2020-07-05 19:19:27,035: started roslaunch server http://3ff6fdf48960:41487/
[roslaunch.parent][INFO] 2020-07-05 19:19:27,036: ... parent XML-RPC server started
[roslaunch][INFO] 2020-07-05 19:19:27,039: master.is_running[http://localhost:11311]
[roslaunch][INFO] 2020-07-05 19:19:27,040: auto-starting new master
[roslaunch][INFO] 2020-07-05 19:19:27,041: create_master_process: rosmaster, /opt/ros/melodic/share/ros, 11311, 3, None, False
[roslaunch][INFO] 2020-07-05 19:19:27,041: process[master]: launching with args [['rosmaster', '--core', '-p', '11311', '-w', '3']]
[roslaunch.pmon][INFO] 2020-07-05 19:19:27,041: ProcessMonitor.register[master]
[roslaunch.pmon][INFO] 2020-07-05 19:19:27,042: ProcessMonitor.register[master] complete
[roslaunch][INFO] 2020-07-05 19:19:27,042: process[master]: starting os process
[roslaunch][INFO] 2020-07-05 19:19:27,042: process[master]: start w/ args [['rosmaster', '--core', '-p', '11311', '-w', '3', '__log:=/root/.ros/log/7120f81c-bef4-11ea-ab37-0242ac110003/master.log']]
[roslaunch][INFO] 2020-07-05 19:19:27,043: process[master]: cwd will be [/root/.ros]
[roslaunch][INFO] 2020-07-05 19:19:27,510: process[master]: started with pid [215]
[roslaunch][INFO] 2020-07-05 19:19:27,511: master.is_running[http://localhost:11311]
[roslaunch][INFO] 2020-07-05 19:19:27,611: master.is_running[http://localhost:11311]
[roslaunch][INFO] 2020-07-05 19:19:27,712: master.is_running[http://localhost:11311]
[roslaunch][INFO] 2020-07-05 19:19:27,714: master.is_running[http://localhost:11311]
[roslaunch][INFO] 2020-07-05 19:19:27,715: ROS_MASTER_URI=http://localhost:11311
[roslaunch][INFO] 2020-07-05 19:19:27,716: setting /run_id to 7120f81c-bef4-11ea-ab37-0242ac110003
[roslaunch][INFO] 2020-07-05 19:19:27,716: setting /roslaunch/uris/host_3ff6fdf48960__41487' to http://3ff6fdf48960:41487/
[roslaunch][INFO] 2020-07-05 19:19:27,718: ... preparing to launch node of type [rosout/rosout]
[roslaunch][INFO] 2020-07-05 19:19:27,718: create_node_process: package[rosout] type[rosout] machine[Machine(name[] env_loader[None] address[localhost] ssh_port[22] user[None] assignable[True] timeout[10.0])] master_uri[http://localhost:11311]
[roslaunch][INFO] 2020-07-05 19:19:27,718: process[rosout-1]: env[{'ROS_DISTRO': 'melodic', 'ROSLISP_PACKAGE_DIRECTORIES': '/root/project/devel/share/common-lisp', 'CUDA_VERSION': '10.1.243', 'HOME': '/root', 'PATH': '/opt/ros/melodic/bin:/usr/local/nvidia/bin:/usr/local/cuda/bin:/usr/local/nvidia/bin:/usr/local/cuda/bin:/usr/local/sbin:/usr/local/bin:/usr/sbin:/usr/bin:/sbin:/bin', 'CMAKE_PREFIX_PATH': '/root/project/devel:/opt/ros/melodic', 'ROS_LOG_FILENAME': '/root/.ros/log/7120f81c-bef4-11ea-ab37-0242ac110003/roslaunch-3ff6fdf48960-202.log', 'LANG': 'C.UTF-8', 'TERM': 'xterm', 'LIBRARY_PATH': '/usr/local/cuda/lib64/stubs', 'CUDA_PKG_VERSION': '10-1=10.1.243-1', 'SHLVL': '1', 'NCCL_VERSION': '2.4.8', 'LD_LIBRARY_PATH': '/root/project/devel/lib:/opt/ros/melodic/lib:/usr/local/cuda/extras/CUPTI/lib64:/usr/local/nvidia/lib:/usr/local/nvidia/lib64:/usr/lib/x86_64-linux-gnu:/usr/lib/i386-linux-gnu:/usr/local/nvidia/lib:/usr/local/nvidia/lib64', 'NVIDIA_VISIBLE_DEVICES': 'all', 'ROS_ETC_DIR': '/opt/ros/melodic/etc/ros', 'CUDNN_VERSION': '7.6.5.32', 'ROS_PYTHON_VERSION': '2', 'LC_ALL': 'C.UTF-8', 'PYTHONPATH': '/opt/ros/melodic/lib/python2.7/dist-packages', 'ROS_ROOT': '/opt/ros/melodic/share/ros', 'PKG_CONFIG_PATH': '/root/project/devel/lib/pkgconfig:/opt/ros/melodic/lib/pkgconfig', 'ROS_PACKAGE_PATH': '/root/project/src:/opt/ros/melodic/share', 'NVIDIA_DRIVER_CAPABILITIES': 'compute,utility,graphics', '_': '/opt/ros/melodic/bin/roslaunch', 'DISPLAY': ':0', 'NVIDIA_REQUIRE_CUDA': 'cuda>=10.0 brand=tesla,driver>=384,driver<385', 'OLDPWD': '/root', 'HOSTNAME': '3ff6fdf48960', 'PWD': '/root/project', 'ROS_MASTER_URI': 'http://localhost:11311', 'ROS_VERSION': '1'}]
[roslaunch][INFO] 2020-07-05 19:19:27,751: process[rosout-1]: args[[u'/opt/ros/melodic/lib/rosout/rosout', u'__name:=rosout']]
[roslaunch][INFO] 2020-07-05 19:19:27,751: ... created process [rosout-1]
[roslaunch.pmon][INFO] 2020-07-05 19:19:27,751: ProcessMonitor.register[rosout-1]
[roslaunch.pmon][INFO] 2020-07-05 19:19:27,751: ProcessMonitor.register[rosout-1] complete
[roslaunch][INFO] 2020-07-05 19:19:27,751: ... registered process [rosout-1]
[roslaunch][INFO] 2020-07-05 19:19:27,751: process[rosout-1]: starting os process
[roslaunch][INFO] 2020-07-05 19:19:27,752: process[rosout-1]: start w/ args [[u'/opt/ros/melodic/lib/rosout/rosout', u'__name:=rosout', u'__log:=/root/.ros/log/7120f81c-bef4-11ea-ab37-0242ac110003/rosout-1.log']]
[roslaunch][INFO] 2020-07-05 19:19:27,752: process[rosout-1]: cwd will be [/root/.ros]
[roslaunch][INFO] 2020-07-05 19:19:28,185: process[rosout-1]: started with pid [226]
[roslaunch][INFO] 2020-07-05 19:19:28,185: ... successfully launched [rosout-1]
[roslaunch][INFO] 2020-07-05 19:19:28,185: load_parameters starting ...
[roslaunch][INFO] 2020-07-05 19:19:28,205: ... load_parameters complete
[roslaunch][INFO] 2020-07-05 19:19:28,205: launch_nodes: launching local nodes ...
[roslaunch][INFO] 2020-07-05 19:19:28,205: ... preparing to launch node of type [map_server/map_server]
[roslaunch][INFO] 2020-07-05 19:19:28,206: create_node_process: package[map_server] type[map_server] machine[Machine(name[] env_loader[None] address[localhost] ssh_port[22] user[None] assignable[True] timeout[10.0])] master_uri[http://localhost:11311]
[roslaunch][INFO] 2020-07-05 19:19:28,206: process[map_server-2]: env[{'ROS_DISTRO': 'melodic', 'ROSLISP_PACKAGE_DIRECTORIES': '/root/project/devel/share/common-lisp', 'CUDA_VERSION': '10.1.243', 'HOME': '/root', 'PATH': '/opt/ros/melodic/bin:/usr/local/nvidia/bin:/usr/local/cuda/bin:/usr/local/nvidia/bin:/usr/local/cuda/bin:/usr/local/sbin:/usr/local/bin:/usr/sbin:/usr/bin:/sbin:/bin', 'CMAKE_PREFIX_PATH': '/root/project/devel:/opt/ros/melodic', 'ROS_LOG_FILENAME': '/root/.ros/log/7120f81c-bef4-11ea-ab37-0242ac110003/roslaunch-3ff6fdf48960-202.log', 'LANG': 'C.UTF-8', 'TERM': 'xterm', 'LIBRARY_PATH': '/usr/local/cuda/lib64/stubs', 'CUDA_PKG_VERSION': '10-1=10.1.243-1', 'SHLVL': '1', 'NCCL_VERSION': '2.4.8', 'LD_LIBRARY_PATH': '/root/project/devel/lib:/opt/ros/melodic/lib:/usr/local/cuda/extras/CUPTI/lib64:/usr/local/nvidia/lib:/usr/local/nvidia/lib64:/usr/lib/x86_64-linux-gnu:/usr/lib/i386-linux-gnu:/usr/local/nvidia/lib:/usr/local/nvidia/lib64', 'NVIDIA_VISIBLE_DEVICES': 'all', 'ROS_ETC_DIR': '/opt/ros/melodic/etc/ros', 'CUDNN_VERSION': '7.6.5.32', 'ROS_PYTHON_VERSION': '2', 'LC_ALL': 'C.UTF-8', 'PYTHONPATH': '/opt/ros/melodic/lib/python2.7/dist-packages', 'ROS_ROOT': '/opt/ros/melodic/share/ros', 'PKG_CONFIG_PATH': '/root/project/devel/lib/pkgconfig:/opt/ros/melodic/lib/pkgconfig', 'ROS_PACKAGE_PATH': '/root/project/src:/opt/ros/melodic/share', 'NVIDIA_DRIVER_CAPABILITIES': 'compute,utility,graphics', '_': '/opt/ros/melodic/bin/roslaunch', 'DISPLAY': ':0', 'NVIDIA_REQUIRE_CUDA': 'cuda>=10.0 brand=tesla,driver>=384,driver<385', 'OLDPWD': '/root', 'HOSTNAME': '3ff6fdf48960', 'PWD': '/root/project', 'ROS_MASTER_URI': 'http://localhost:11311', 'ROS_VERSION': '1'}]
[roslaunch][INFO] 2020-07-05 19:19:28,206: process[map_server-2]: args[[u'/opt/ros/melodic/lib/map_server/map_server', '/root/project/src/racecar_simulator/maps/mymap.yaml', u'__name:=map_server']]
[roslaunch][INFO] 2020-07-05 19:19:28,206: ... created process [map_server-2]
[roslaunch.pmon][INFO] 2020-07-05 19:19:28,207: ProcessMonitor.register[map_server-2]
[roslaunch.pmon][INFO] 2020-07-05 19:19:28,207: ProcessMonitor.register[map_server-2] complete
[roslaunch][INFO] 2020-07-05 19:19:28,207: ... registered process [map_server-2]
[roslaunch][INFO] 2020-07-05 19:19:28,207: process[map_server-2]: starting os process
[roslaunch][INFO] 2020-07-05 19:19:28,207: process[map_server-2]: start w/ args [[u'/opt/ros/melodic/lib/map_server/map_server', '/root/project/src/racecar_simulator/maps/mymap.yaml', u'__name:=map_server', u'__log:=/root/.ros/log/7120f81c-bef4-11ea-ab37-0242ac110003/map_server-2.log']]
[roslaunch][INFO] 2020-07-05 19:19:28,207: process[map_server-2]: cwd will be [/root/.ros]
[roslaunch][INFO] 2020-07-05 19:19:28,634: process[map_server-2]: started with pid [233]
[roslaunch][INFO] 2020-07-05 19:19:28,635: ... successfully launched [map_server-2]
[roslaunch][INFO] 2020-07-05 19:19:28,635: ... preparing to launch node of type [robot_state_publisher/state_publisher]
[roslaunch][INFO] 2020-07-05 19:19:28,635: create_node_process: package[robot_state_publisher] type[state_publisher] machine[Machine(name[] env_loader[None] address[localhost] ssh_port[22] user[None] assignable[True] timeout[10.0])] master_uri[http://localhost:11311]
[roslaunch][INFO] 2020-07-05 19:19:28,635: process[robot_state_publisher-3]: env[{'ROS_DISTRO': 'melodic', 'ROSLISP_PACKAGE_DIRECTORIES': '/root/project/devel/share/common-lisp', 'CUDA_VERSION': '10.1.243', 'HOME': '/root', 'PATH': '/opt/ros/melodic/bin:/usr/local/nvidia/bin:/usr/local/cuda/bin:/usr/local/nvidia/bin:/usr/local/cuda/bin:/usr/local/sbin:/usr/local/bin:/usr/sbin:/usr/bin:/sbin:/bin', 'CMAKE_PREFIX_PATH': '/root/project/devel:/opt/ros/melodic', 'ROS_LOG_FILENAME': '/root/.ros/log/7120f81c-bef4-11ea-ab37-0242ac110003/roslaunch-3ff6fdf48960-202.log', 'LANG': 'C.UTF-8', 'TERM': 'xterm', 'LIBRARY_PATH': '/usr/local/cuda/lib64/stubs', 'CUDA_PKG_VERSION': '10-1=10.1.243-1', 'SHLVL': '1', 'NCCL_VERSION': '2.4.8', 'LD_LIBRARY_PATH': '/root/project/devel/lib:/opt/ros/melodic/lib:/usr/local/cuda/extras/CUPTI/lib64:/usr/local/nvidia/lib:/usr/local/nvidia/lib64:/usr/lib/x86_64-linux-gnu:/usr/lib/i386-linux-gnu:/usr/local/nvidia/lib:/usr/local/nvidia/lib64', 'NVIDIA_VISIBLE_DEVICES': 'all', 'ROS_ETC_DIR': '/opt/ros/melodic/etc/ros', 'CUDNN_VERSION': '7.6.5.32', 'ROS_PYTHON_VERSION': '2', 'LC_ALL': 'C.UTF-8', 'PYTHONPATH': '/opt/ros/melodic/lib/python2.7/dist-packages', 'ROS_ROOT': '/opt/ros/melodic/share/ros', 'PKG_CONFIG_PATH': '/root/project/devel/lib/pkgconfig:/opt/ros/melodic/lib/pkgconfig', 'ROS_PACKAGE_PATH': '/root/project/src:/opt/ros/melodic/share', 'NVIDIA_DRIVER_CAPABILITIES': 'compute,utility,graphics', '_': '/opt/ros/melodic/bin/roslaunch', 'DISPLAY': ':0', 'NVIDIA_REQUIRE_CUDA': 'cuda>=10.0 brand=tesla,driver>=384,driver<385', 'OLDPWD': '/root', 'HOSTNAME': '3ff6fdf48960', 'PWD': '/root/project', 'ROS_MASTER_URI': 'http://localhost:11311', 'ROS_VERSION': '1'}]
[roslaunch][INFO] 2020-07-05 19:19:28,636: process[robot_state_publisher-3]: args[[u'/opt/ros/melodic/lib/robot_state_publisher/state_publisher', u'__name:=robot_state_publisher']]
[roslaunch][INFO] 2020-07-05 19:19:28,636: ... created process [robot_state_publisher-3]
[roslaunch.pmon][INFO] 2020-07-05 19:19:28,636: ProcessMonitor.register[robot_state_publisher-3]
[roslaunch.pmon][INFO] 2020-07-05 19:19:28,636: ProcessMonitor.register[robot_state_publisher-3] complete
[roslaunch][INFO] 2020-07-05 19:19:28,636: ... registered process [robot_state_publisher-3]
[roslaunch][INFO] 2020-07-05 19:19:28,636: process[robot_state_publisher-3]: starting os process
[roslaunch][INFO] 2020-07-05 19:19:28,636: process[robot_state_publisher-3]: start w/ args [[u'/opt/ros/melodic/lib/robot_state_publisher/state_publisher', u'__name:=robot_state_publisher', u'__log:=/root/.ros/log/7120f81c-bef4-11ea-ab37-0242ac110003/robot_state_publisher-3.log']]
[roslaunch][INFO] 2020-07-05 19:19:28,636: process[robot_state_publisher-3]: cwd will be [/root/.ros]
[roslaunch][INFO] 2020-07-05 19:19:29,071: process[robot_state_publisher-3]: started with pid [234]
[roslaunch][INFO] 2020-07-05 19:19:29,071: ... successfully launched [robot_state_publisher-3]
[roslaunch][INFO] 2020-07-05 19:19:29,071: ... preparing to launch node of type [racecar_simulator/simulate]
[roslaunch][INFO] 2020-07-05 19:19:29,071: create_node_process: package[racecar_simulator] type[simulate] machine[Machine(name[] env_loader[None] address[localhost] ssh_port[22] user[None] assignable[True] timeout[10.0])] master_uri[http://localhost:11311]
[roslaunch][INFO] 2020-07-05 19:19:29,071: process[racecar_simulator-4]: env[{'ROS_DISTRO': 'melodic', 'ROSLISP_PACKAGE_DIRECTORIES': '/root/project/devel/share/common-lisp', 'CUDA_VERSION': '10.1.243', 'HOME': '/root', 'PATH': '/opt/ros/melodic/bin:/usr/local/nvidia/bin:/usr/local/cuda/bin:/usr/local/nvidia/bin:/usr/local/cuda/bin:/usr/local/sbin:/usr/local/bin:/usr/sbin:/usr/bin:/sbin:/bin', 'CMAKE_PREFIX_PATH': '/root/project/devel:/opt/ros/melodic', 'ROS_LOG_FILENAME': '/root/.ros/log/7120f81c-bef4-11ea-ab37-0242ac110003/roslaunch-3ff6fdf48960-202.log', 'LANG': 'C.UTF-8', 'TERM': 'xterm', 'LIBRARY_PATH': '/usr/local/cuda/lib64/stubs', 'CUDA_PKG_VERSION': '10-1=10.1.243-1', 'SHLVL': '1', 'NCCL_VERSION': '2.4.8', 'LD_LIBRARY_PATH': '/root/project/devel/lib:/opt/ros/melodic/lib:/usr/local/cuda/extras/CUPTI/lib64:/usr/local/nvidia/lib:/usr/local/nvidia/lib64:/usr/lib/x86_64-linux-gnu:/usr/lib/i386-linux-gnu:/usr/local/nvidia/lib:/usr/local/nvidia/lib64', 'NVIDIA_VISIBLE_DEVICES': 'all', 'ROS_ETC_DIR': '/opt/ros/melodic/etc/ros', 'CUDNN_VERSION': '7.6.5.32', 'ROS_PYTHON_VERSION': '2', 'LC_ALL': 'C.UTF-8', 'PYTHONPATH': '/opt/ros/melodic/lib/python2.7/dist-packages', 'ROS_ROOT': '/opt/ros/melodic/share/ros', 'PKG_CONFIG_PATH': '/root/project/devel/lib/pkgconfig:/opt/ros/melodic/lib/pkgconfig', 'ROS_PACKAGE_PATH': '/root/project/src:/opt/ros/melodic/share', 'NVIDIA_DRIVER_CAPABILITIES': 'compute,utility,graphics', '_': '/opt/ros/melodic/bin/roslaunch', 'DISPLAY': ':0', 'NVIDIA_REQUIRE_CUDA': 'cuda>=10.0 brand=tesla,driver>=384,driver<385', 'OLDPWD': '/root', 'HOSTNAME': '3ff6fdf48960', 'PWD': '/root/project', 'ROS_MASTER_URI': 'http://localhost:11311', 'ROS_VERSION': '1'}]
[roslaunch][INFO] 2020-07-05 19:19:29,073: process[racecar_simulator-4]: args[[u'/root/project/devel/lib/racecar_simulator/simulate', u'__name:=racecar_simulator']]
[roslaunch][INFO] 2020-07-05 19:19:29,073: ... created process [racecar_simulator-4]
[roslaunch.pmon][INFO] 2020-07-05 19:19:29,073: ProcessMonitor.register[racecar_simulator-4]
[roslaunch.pmon][INFO] 2020-07-05 19:19:29,073: ProcessMonitor.register[racecar_simulator-4] complete
[roslaunch][INFO] 2020-07-05 19:19:29,073: ... registered process [racecar_simulator-4]
[roslaunch][INFO] 2020-07-05 19:19:29,073: process[racecar_simulator-4]: starting os process
[roslaunch][INFO] 2020-07-05 19:19:29,073: process[racecar_simulator-4]: start w/ args [[u'/root/project/devel/lib/racecar_simulator/simulate', u'__name:=racecar_simulator', u'__log:=/root/.ros/log/7120f81c-bef4-11ea-ab37-0242ac110003/racecar_simulator-4.log']]
[roslaunch][INFO] 2020-07-05 19:19:29,073: process[racecar_simulator-4]: cwd will be [/root/.ros]
[roslaunch][INFO] 2020-07-05 19:19:29,503: process[racecar_simulator-4]: started with pid [240]
[roslaunch][INFO] 2020-07-05 19:19:29,504: ... successfully launched [racecar_simulator-4]
[roslaunch][INFO] 2020-07-05 19:19:29,513: ... preparing to launch node of type [tf2_ros/static_transform_publisher]
[roslaunch][INFO] 2020-07-05 19:19:29,513: create_node_process: package[tf2_ros] type[static_transform_publisher] machine[Machine(name[] env_loader[None] address[localhost] ssh_port[22] user[None] assignable[True] timeout[10.0])] master_uri[http://localhost:11311]
[roslaunch][INFO] 2020-07-05 19:19:29,513: process[static_tf/base_to_laser_tf2-5]: env[{'ROS_DISTRO': 'melodic', 'ROSLISP_PACKAGE_DIRECTORIES': '/root/project/devel/share/common-lisp', 'CUDA_VERSION': '10.1.243', 'HOME': '/root', 'PATH': '/opt/ros/melodic/bin:/usr/local/nvidia/bin:/usr/local/cuda/bin:/usr/local/nvidia/bin:/usr/local/cuda/bin:/usr/local/sbin:/usr/local/bin:/usr/sbin:/usr/bin:/sbin:/bin', 'CMAKE_PREFIX_PATH': '/root/project/devel:/opt/ros/melodic', 'ROS_LOG_FILENAME': '/root/.ros/log/7120f81c-bef4-11ea-ab37-0242ac110003/roslaunch-3ff6fdf48960-202.log', 'LANG': 'C.UTF-8', 'TERM': 'xterm', 'LIBRARY_PATH': '/usr/local/cuda/lib64/stubs', 'CUDA_PKG_VERSION': '10-1=10.1.243-1', 'SHLVL': '1', 'NCCL_VERSION': '2.4.8', 'LD_LIBRARY_PATH': '/root/project/devel/lib:/opt/ros/melodic/lib:/usr/local/cuda/extras/CUPTI/lib64:/usr/local/nvidia/lib:/usr/local/nvidia/lib64:/usr/lib/x86_64-linux-gnu:/usr/lib/i386-linux-gnu:/usr/local/nvidia/lib:/usr/local/nvidia/lib64', 'NVIDIA_VISIBLE_DEVICES': 'all', 'ROS_ETC_DIR': '/opt/ros/melodic/etc/ros', 'CUDNN_VERSION': '7.6.5.32', 'ROS_PYTHON_VERSION': '2', 'LC_ALL': 'C.UTF-8', 'PYTHONPATH': '/opt/ros/melodic/lib/python2.7/dist-packages', 'ROS_NAMESPACE': '/static_tf', 'ROS_ROOT': '/opt/ros/melodic/share/ros', 'PKG_CONFIG_PATH': '/root/project/devel/lib/pkgconfig:/opt/ros/melodic/lib/pkgconfig', 'ROS_PACKAGE_PATH': '/root/project/src:/opt/ros/melodic/share', 'NVIDIA_DRIVER_CAPABILITIES': 'compute,utility,graphics', '_': '/opt/ros/melodic/bin/roslaunch', 'DISPLAY': ':0', 'NVIDIA_REQUIRE_CUDA': 'cuda>=10.0 brand=tesla,driver>=384,driver<385', 'OLDPWD': '/root', 'HOSTNAME': '3ff6fdf48960', 'PWD': '/root/project', 'ROS_MASTER_URI': 'http://localhost:11311', 'ROS_VERSION': '1'}]
[roslaunch][INFO] 2020-07-05 19:19:29,514: process[static_tf/base_to_laser_tf2-5]: args[[u'/opt/ros/melodic/lib/tf2_ros/static_transform_publisher', '0.1', '0.0', '0.30', '0.0', '0.0', '0.0', 'base_link', 'laser', u'__name:=base_to_laser_tf2']]
[roslaunch][INFO] 2020-07-05 19:19:29,514: ... created process [static_tf/base_to_laser_tf2-5]
[roslaunch.pmon][INFO] 2020-07-05 19:19:29,514: ProcessMonitor.register[static_tf/base_to_laser_tf2-5]
[roslaunch.pmon][INFO] 2020-07-05 19:19:29,514: ProcessMonitor.register[static_tf/base_to_laser_tf2-5] complete
[roslaunch][INFO] 2020-07-05 19:19:29,515: ... registered process [static_tf/base_to_laser_tf2-5]
[roslaunch][INFO] 2020-07-05 19:19:29,515: process[static_tf/base_to_laser_tf2-5]: starting os process
[roslaunch][INFO] 2020-07-05 19:19:29,515: process[static_tf/base_to_laser_tf2-5]: start w/ args [[u'/opt/ros/melodic/lib/tf2_ros/static_transform_publisher', '0.1', '0.0', '0.30', '0.0', '0.0', '0.0', 'base_link', 'laser', u'__name:=base_to_laser_tf2', u'__log:=/root/.ros/log/7120f81c-bef4-11ea-ab37-0242ac110003/static_tf-base_to_laser_tf2-5.log']]
[roslaunch][INFO] 2020-07-05 19:19:29,515: process[static_tf/base_to_laser_tf2-5]: cwd will be [/root/.ros]
[roslaunch][INFO] 2020-07-05 19:19:29,954: process[static_tf/base_to_laser_tf2-5]: started with pid [252]
[roslaunch][INFO] 2020-07-05 19:19:29,954: ... successfully launched [static_tf/base_to_laser_tf2-5]
[roslaunch][INFO] 2020-07-05 19:19:29,954: ... preparing to launch node of type [move_base/move_base]
[roslaunch][INFO] 2020-07-05 19:19:29,955: create_node_process: package[move_base] type[move_base] machine[Machine(name[] env_loader[None] address[localhost] ssh_port[22] user[None] assignable[True] timeout[10.0])] master_uri[http://localhost:11311]
[roslaunch][INFO] 2020-07-05 19:19:29,955: process[move_base-6]: env[{'ROS_DISTRO': 'melodic', 'ROSLISP_PACKAGE_DIRECTORIES': '/root/project/devel/share/common-lisp', 'CUDA_VERSION': '10.1.243', 'HOME': '/root', 'PATH': '/opt/ros/melodic/bin:/usr/local/nvidia/bin:/usr/local/cuda/bin:/usr/local/nvidia/bin:/usr/local/cuda/bin:/usr/local/sbin:/usr/local/bin:/usr/sbin:/usr/bin:/sbin:/bin', 'CMAKE_PREFIX_PATH': '/root/project/devel:/opt/ros/melodic', 'ROS_LOG_FILENAME': '/root/.ros/log/7120f81c-bef4-11ea-ab37-0242ac110003/roslaunch-3ff6fdf48960-202.log', 'LANG': 'C.UTF-8', 'TERM': 'xterm', 'LIBRARY_PATH': '/usr/local/cuda/lib64/stubs', 'CUDA_PKG_VERSION': '10-1=10.1.243-1', 'SHLVL': '1', 'NCCL_VERSION': '2.4.8', 'LD_LIBRARY_PATH': '/root/project/devel/lib:/opt/ros/melodic/lib:/usr/local/cuda/extras/CUPTI/lib64:/usr/local/nvidia/lib:/usr/local/nvidia/lib64:/usr/lib/x86_64-linux-gnu:/usr/lib/i386-linux-gnu:/usr/local/nvidia/lib:/usr/local/nvidia/lib64', 'NVIDIA_VISIBLE_DEVICES': 'all', 'ROS_ETC_DIR': '/opt/ros/melodic/etc/ros', 'CUDNN_VERSION': '7.6.5.32', 'ROS_PYTHON_VERSION': '2', 'LC_ALL': 'C.UTF-8', 'PYTHONPATH': '/opt/ros/melodic/lib/python2.7/dist-packages', 'ROS_ROOT': '/opt/ros/melodic/share/ros', 'PKG_CONFIG_PATH': '/root/project/devel/lib/pkgconfig:/opt/ros/melodic/lib/pkgconfig', 'ROS_PACKAGE_PATH': '/root/project/src:/opt/ros/melodic/share', 'NVIDIA_DRIVER_CAPABILITIES': 'compute,utility,graphics', '_': '/opt/ros/melodic/bin/roslaunch', 'DISPLAY': ':0', 'NVIDIA_REQUIRE_CUDA': 'cuda>=10.0 brand=tesla,driver>=384,driver<385', 'OLDPWD': '/root', 'HOSTNAME': '3ff6fdf48960', 'PWD': '/root/project', 'ROS_MASTER_URI': 'http://localhost:11311', 'ROS_VERSION': '1'}]
[roslaunch][INFO] 2020-07-05 19:19:29,955: process[move_base-6]: args[[u'/opt/ros/melodic/lib/move_base/move_base', u'__name:=move_base']]
[roslaunch][INFO] 2020-07-05 19:19:29,955: ... created process [move_base-6]
[roslaunch.pmon][INFO] 2020-07-05 19:19:29,955: ProcessMonitor.register[move_base-6]
[roslaunch.pmon][INFO] 2020-07-05 19:19:29,956: ProcessMonitor.register[move_base-6] complete
[roslaunch][INFO] 2020-07-05 19:19:29,956: ... registered process [move_base-6]
[roslaunch][INFO] 2020-07-05 19:19:29,956: process[move_base-6]: starting os process
[roslaunch][INFO] 2020-07-05 19:19:29,956: process[move_base-6]: start w/ args [[u'/opt/ros/melodic/lib/move_base/move_base', u'__name:=move_base', u'__log:=/root/.ros/log/7120f81c-bef4-11ea-ab37-0242ac110003/move_base-6.log']]
[roslaunch][INFO] 2020-07-05 19:19:29,956: process[move_base-6]: cwd will be [/root/.ros]
[roslaunch][INFO] 2020-07-05 19:19:30,391: process[move_base-6]: started with pid [254]
[roslaunch][INFO] 2020-07-05 19:19:30,391: ... successfully launched [move_base-6]
[roslaunch][INFO] 2020-07-05 19:19:30,391: ... preparing to launch node of type [rviz/rviz]
[roslaunch][INFO] 2020-07-05 19:19:30,391: create_node_process: package[rviz] type[rviz] machine[Machine(name[] env_loader[None] address[localhost] ssh_port[22] user[None] assignable[True] timeout[10.0])] master_uri[http://localhost:11311]
[roslaunch][INFO] 2020-07-05 19:19:30,391: process[rviz-7]: env[{'ROS_DISTRO': 'melodic', 'ROSLISP_PACKAGE_DIRECTORIES': '/root/project/devel/share/common-lisp', 'CUDA_VERSION': '10.1.243', 'HOME': '/root', 'PATH': '/opt/ros/melodic/bin:/usr/local/nvidia/bin:/usr/local/cuda/bin:/usr/local/nvidia/bin:/usr/local/cuda/bin:/usr/local/sbin:/usr/local/bin:/usr/sbin:/usr/bin:/sbin:/bin', 'CMAKE_PREFIX_PATH': '/root/project/devel:/opt/ros/melodic', 'ROS_LOG_FILENAME': '/root/.ros/log/7120f81c-bef4-11ea-ab37-0242ac110003/roslaunch-3ff6fdf48960-202.log', 'LANG': 'C.UTF-8', 'TERM': 'xterm', 'LIBRARY_PATH': '/usr/local/cuda/lib64/stubs', 'CUDA_PKG_VERSION': '10-1=10.1.243-1', 'SHLVL': '1', 'NCCL_VERSION': '2.4.8', 'LD_LIBRARY_PATH': '/root/project/devel/lib:/opt/ros/melodic/lib:/usr/local/cuda/extras/CUPTI/lib64:/usr/local/nvidia/lib:/usr/local/nvidia/lib64:/usr/lib/x86_64-linux-gnu:/usr/lib/i386-linux-gnu:/usr/local/nvidia/lib:/usr/local/nvidia/lib64', 'NVIDIA_VISIBLE_DEVICES': 'all', 'ROS_ETC_DIR': '/opt/ros/melodic/etc/ros', 'CUDNN_VERSION': '7.6.5.32', 'ROS_PYTHON_VERSION': '2', 'LC_ALL': 'C.UTF-8', 'PYTHONPATH': '/opt/ros/melodic/lib/python2.7/dist-packages', 'ROS_ROOT': '/opt/ros/melodic/share/ros', 'PKG_CONFIG_PATH': '/root/project/devel/lib/pkgconfig:/opt/ros/melodic/lib/pkgconfig', 'ROS_PACKAGE_PATH': '/root/project/src:/opt/ros/melodic/share', 'NVIDIA_DRIVER_CAPABILITIES': 'compute,utility,graphics', '_': '/opt/ros/melodic/bin/roslaunch', 'DISPLAY': ':0', 'NVIDIA_REQUIRE_CUDA': 'cuda>=10.0 brand=tesla,driver>=384,driver<385', 'OLDPWD': '/root', 'HOSTNAME': '3ff6fdf48960', 'PWD': '/root/project', 'ROS_MASTER_URI': 'http://localhost:11311', 'ROS_VERSION': '1'}]
[roslaunch][INFO] 2020-07-05 19:19:30,395: process[rviz-7]: args[[u'/opt/ros/melodic/lib/rviz/rviz', '-d', '/root/project/src/mpnet_local_planner/launch/mpnet_launch.rviz', u'__name:=rviz']]
[roslaunch][INFO] 2020-07-05 19:19:30,395: ... created process [rviz-7]
[roslaunch.pmon][INFO] 2020-07-05 19:19:30,395: ProcessMonitor.register[rviz-7]
[roslaunch.pmon][INFO] 2020-07-05 19:19:30,395: ProcessMonitor.register[rviz-7] complete
[roslaunch][INFO] 2020-07-05 19:19:30,395: ... registered process [rviz-7]
[roslaunch][INFO] 2020-07-05 19:19:30,395: process[rviz-7]: starting os process
[roslaunch][INFO] 2020-07-05 19:19:30,395: process[rviz-7]: start w/ args [[u'/opt/ros/melodic/lib/rviz/rviz', '-d', '/root/project/src/mpnet_local_planner/launch/mpnet_launch.rviz', u'__name:=rviz', u'__log:=/root/.ros/log/7120f81c-bef4-11ea-ab37-0242ac110003/rviz-7.log']]
[roslaunch][INFO] 2020-07-05 19:19:30,395: process[rviz-7]: cwd will be [/root/.ros]
[roslaunch][INFO] 2020-07-05 19:19:30,838: process[rviz-7]: started with pid [260]
[roslaunch][INFO] 2020-07-05 19:19:30,838: ... successfully launched [rviz-7]
[roslaunch][INFO] 2020-07-05 19:19:30,838: ... launch_nodes complete
[roslaunch.pmon][INFO] 2020-07-05 19:19:30,839: registrations completed <ProcessMonitor(ProcessMonitor-1, started daemon 139844673627904)>
[roslaunch.parent][INFO] 2020-07-05 19:19:30,839: ... roslaunch parent running, waiting for process exit
[roslaunch][INFO] 2020-07-05 19:19:30,839: spin
[roslaunch.pmon][INFO] 2020-07-05 19:19:46,846: ProcessMonitor.shutdown <ProcessMonitor(ProcessMonitor-1, started daemon 139844673627904)>
[roslaunch.pmon][INFO] 2020-07-05 19:19:46,864: ProcessMonitor._post_run <ProcessMonitor(ProcessMonitor-1, started daemon 139844673627904)>
[roslaunch.pmon][INFO] 2020-07-05 19:19:46,864: ProcessMonitor._post_run <ProcessMonitor(ProcessMonitor-1, started daemon 139844673627904)>: remaining procs are [<roslaunch.nodeprocess.LocalProcess object at 0x7f30203b3410>, <roslaunch.nodeprocess.LocalProcess object at 0x7f30203b3690>, <roslaunch.nodeprocess.LocalProcess object at 0x7f301e94a1d0>, <roslaunch.nodeprocess.LocalProcess object at 0x7f301e94a550>, <roslaunch.nodeprocess.LocalProcess object at 0x7f301e94a450>, <roslaunch.nodeprocess.LocalProcess object at 0x7f301e94a050>, <roslaunch.nodeprocess.LocalProcess object at 0x7f301e94a7d0>, <roslaunch.nodeprocess.LocalProcess object at 0x7f301e950fd0>]
[roslaunch.pmon][INFO] 2020-07-05 19:19:46,864: ProcessMonitor exit: killing rviz-7
[roslaunch][INFO] 2020-07-05 19:19:46,865: [rviz-7] killing on exit
[roslaunch][INFO] 2020-07-05 19:19:46,865: process[rviz-7]: killing os process with pid[260] pgid[260]
[roslaunch.pmon][INFO] 2020-07-05 19:19:46,865: ProcessMonitor exit: killing move_base-6
[roslaunch][INFO] 2020-07-05 19:19:46,865: [rviz-7] sending SIGINT to pgid [260]
[roslaunch.pmon][INFO] 2020-07-05 19:19:46,865: ProcessMonitor exit: killing static_tf/base_to_laser_tf2-5
[roslaunch][INFO] 2020-07-05 19:19:46,865: [move_base-6] killing on exit
[roslaunch.pmon][INFO] 2020-07-05 19:19:46,865: ProcessMonitor exit: killing racecar_simulator-4
[roslaunch][INFO] 2020-07-05 19:19:46,866: [rviz-7] sent SIGINT to pgid [260]
[roslaunch.pmon][INFO] 2020-07-05 19:19:46,866: ProcessMonitor exit: killing robot_state_publisher-3
[roslaunch][INFO] 2020-07-05 19:19:46,866: [static_tf/base_to_laser_tf2-5] killing on exit
[roslaunch.pmon][INFO] 2020-07-05 19:19:46,866: ProcessMonitor exit: killing map_server-2
[roslaunch][INFO] 2020-07-05 19:19:46,866: [racecar_simulator-4] killing on exit
[roslaunch][INFO] 2020-07-05 19:19:46,866: process[move_base-6]: killing os process with pid[254] pgid[254]
[roslaunch][INFO] 2020-07-05 19:19:46,867: [robot_state_publisher-3] killing on exit
[roslaunch][INFO] 2020-07-05 19:19:46,867: process[static_tf/base_to_laser_tf2-5]: killing os process with pid[252] pgid[252]
[roslaunch][INFO] 2020-07-05 19:19:46,867: [map_server-2] killing on exit
[roslaunch][INFO] 2020-07-05 19:19:46,867: [move_base-6] sending SIGINT to pgid [254]
[roslaunch][INFO] 2020-07-05 19:19:46,867: process[racecar_simulator-4]: killing os process with pid[240] pgid[240]
[roslaunch][INFO] 2020-07-05 19:19:46,867: process[robot_state_publisher-3]: killing os process with pid[234] pgid[234]
[roslaunch][INFO] 2020-07-05 19:19:46,868: [static_tf/base_to_laser_tf2-5] sending SIGINT to pgid [252]
[roslaunch][INFO] 2020-07-05 19:19:46,868: [move_base-6] sent SIGINT to pgid [254]
[roslaunch][INFO] 2020-07-05 19:19:46,868: process[map_server-2]: killing os process with pid[233] pgid[233]
[roslaunch][INFO] 2020-07-05 19:19:46,868: [racecar_simulator-4] sending SIGINT to pgid [240]
[roslaunch][INFO] 2020-07-05 19:19:46,868: [robot_state_publisher-3] sending SIGINT to pgid [234]
[roslaunch][INFO] 2020-07-05 19:19:46,868: [static_tf/base_to_laser_tf2-5] sent SIGINT to pgid [252]
[roslaunch][INFO] 2020-07-05 19:19:46,868: [map_server-2] sending SIGINT to pgid [233]
[roslaunch][INFO] 2020-07-05 19:19:46,868: [racecar_simulator-4] sent SIGINT to pgid [240]
[roslaunch][INFO] 2020-07-05 19:19:46,868: [robot_state_publisher-3] sent SIGINT to pgid [234]
[roslaunch][INFO] 2020-07-05 19:19:46,869: [map_server-2] sent SIGINT to pgid [233]
[roslaunch][INFO] 2020-07-05 19:19:47,069: process[static_tf/base_to_laser_tf2-5]: SIGINT killed with return value 0
[roslaunch][INFO] 2020-07-05 19:19:47,069: process[robot_state_publisher-3]: SIGINT killed with return value 0
[roslaunch][INFO] 2020-07-05 19:19:47,069: process[map_server-2]: SIGINT killed with return value 0
[roslaunch][INFO] 2020-07-05 19:19:47,169: process[racecar_simulator-4]: SIGINT killed with return value 0
[roslaunch][INFO] 2020-07-05 19:19:47,367: process[rviz-7]: SIGINT killed with return value 0
[roslaunch][INFO] 2020-07-05 19:19:47,470: process[move_base-6]: SIGINT killed with return value -6
[roslaunch.pmon][INFO] 2020-07-05 19:19:47,470: ProcessMonitor exit: killing rosout-1
[roslaunch][INFO] 2020-07-05 19:19:47,470: [rosout-1] killing on exit
[roslaunch][INFO] 2020-07-05 19:19:47,470: process[rosout-1]: killing os process with pid[226] pgid[226]
[roslaunch][INFO] 2020-07-05 19:19:47,470: [rosout-1] sending SIGINT to pgid [226]
[roslaunch][INFO] 2020-07-05 19:19:47,470: [rosout-1] sent SIGINT to pgid [226]
[roslaunch][INFO] 2020-07-05 19:19:47,671: process[rosout-1]: SIGINT killed with return value 0
[roslaunch.pmon][INFO] 2020-07-05 19:19:47,671: ProcessMonitor exit: killing master
[roslaunch][INFO] 2020-07-05 19:19:47,671: [master] killing on exit
[roslaunch][INFO] 2020-07-05 19:19:47,671: process[master]: killing os process with pid[215] pgid[215]
[roslaunch][INFO] 2020-07-05 19:19:47,671: [master] sending SIGINT to pgid [215]
[roslaunch][INFO] 2020-07-05 19:19:47,671: [master] sent SIGINT to pgid [215]
[roslaunch][INFO] 2020-07-05 19:19:47,872: process[master]: SIGINT killed with return value 0
[roslaunch.pmon][INFO] 2020-07-05 19:19:47,873: ProcessMonitor exit: cleaning up data structures and signals
[roslaunch.pmon][INFO] 2020-07-05 19:19:47,873: ProcessMonitor exit: pmon has shutdown
[roslaunch][INFO] 2020-07-05 19:19:47,915: process monitor is done spinning, initiating full shutdown
[roslaunch][INFO] 2020-07-05 19:19:47,915: runner.stop()
[roslaunch][INFO] 2020-07-05 19:19:47,915: shutting down processing monitor...
[roslaunch][INFO] 2020-07-05 19:19:47,916: shutting down processing monitor <ProcessMonitor(ProcessMonitor-1, stopped daemon 139844673627904)>
[roslaunch.pmon][INFO] 2020-07-05 19:19:47,916: ProcessMonitor.shutdown <ProcessMonitor(ProcessMonitor-1, stopped daemon 139844673627904)>
[roslaunch][INFO] 2020-07-05 19:19:47,916: ... shutting down processing monitor complete
[roslaunch][INFO] 2020-07-05 19:19:47,917: done
[roslaunch.pmon][INFO] 2020-07-05 19:19:47,917: ProcessMonitor.shutdown <ProcessMonitor(ProcessMonitor-1, stopped daemon 139844673627904)>
[rospy.core][INFO] 2020-07-05 19:19:47,918: signal_shutdown [atexit]
