[roslaunch][INFO] 2020-06-16 20:55:12,377: Checking log directory for disk usage. This may take a while.
Press Ctrl-C to interrupt
[roslaunch][INFO] 2020-06-16 20:55:12,412: Done checking log file disk usage. Usage is <1GB.
[roslaunch][INFO] 2020-06-16 20:55:12,412: roslaunch starting with args ['/opt/ros/melodic/bin/roslaunch', 'mpnet_plan', 'simulate_mpnet.launch']
[roslaunch][INFO] 2020-06-16 20:55:12,412: roslaunch env is {'ROS_DISTRO': 'melodic', 'ROSLISP_PACKAGE_DIRECTORIES': '/root/project/devel/share/common-lisp', 'CUDA_VERSION': '10.1.243', 'ROS_PACKAGE_PATH': '/root/project/src:/opt/ros/melodic/share', 'HOME': '/root', 'CMAKE_PREFIX_PATH': '/root/project/devel:/opt/ros/melodic', 'DISPLAY': ':0', 'LANG': 'C.UTF-8', 'TERM': 'xterm', 'ROS_LOG_FILENAME': '/root/.ros/log/abdcab8a-b013-11ea-bf08-0242ac110003/roslaunch-3ff6fdf48960-831.log', 'LIBRARY_PATH': '/usr/local/cuda/lib64/stubs', 'CUDA_PKG_VERSION': '10-1=10.1.243-1', 'SHLVL': '1', 'NCCL_VERSION': '2.4.8', 'LD_LIBRARY_PATH': '/root/project/devel/lib:/opt/ros/melodic/lib:/usr/local/cuda/extras/CUPTI/lib64:/usr/local/nvidia/lib:/usr/local/nvidia/lib64:/usr/lib/x86_64-linux-gnu:/usr/lib/i386-linux-gnu:/usr/local/nvidia/lib:/usr/local/nvidia/lib64', 'NVIDIA_VISIBLE_DEVICES': 'all', 'ROS_MASTER_URI': 'http://localhost:11311', 'CUDNN_VERSION': '7.6.5.32', 'ROS_PYTHON_VERSION': '2', 'PYTHONPATH': '/opt/ros/melodic/lib/python2.7/dist-packages', 'ROS_ROOT': '/opt/ros/melodic/share/ros', 'PATH': '/opt/ros/melodic/bin:/usr/local/nvidia/bin:/usr/local/cuda/bin:/usr/local/nvidia/bin:/usr/local/cuda/bin:/usr/local/sbin:/usr/local/bin:/usr/sbin:/usr/bin:/sbin:/bin', 'PKG_CONFIG_PATH': '/root/project/devel/lib/pkgconfig:/opt/ros/melodic/lib/pkgconfig', 'LC_ALL': 'C.UTF-8', 'NVIDIA_DRIVER_CAPABILITIES': 'compute,utility,graphics', '_': '/opt/ros/melodic/bin/roslaunch', 'NVIDIA_REQUIRE_CUDA': 'cuda>=10.0 brand=tesla,driver>=384,driver<385', 'OLDPWD': '/root', 'HOSTNAME': '3ff6fdf48960', 'PWD': '/root/project', 'ROS_ETC_DIR': '/opt/ros/melodic/etc/ros', 'ROS_VERSION': '1'}
[roslaunch][INFO] 2020-06-16 20:55:12,412: starting in server mode
[roslaunch.parent][INFO] 2020-06-16 20:55:12,412: starting roslaunch parent run
[roslaunch][INFO] 2020-06-16 20:55:12,413: loading roscore config file /opt/ros/melodic/etc/ros/roscore.xml
[roslaunch][INFO] 2020-06-16 20:55:12,591: Added core node of type [rosout/rosout] in namespace [/]
[roslaunch.config][INFO] 2020-06-16 20:55:12,592: loading config file /root/project/src/mpnet_local_planner/launch/simulate_mpnet.launch
[roslaunch][INFO] 2020-06-16 20:55:12,679: Added node of type [map_server/map_server] in namespace [/]
[roslaunch][INFO] 2020-06-16 20:55:12,775: Added node of type [robot_state_publisher/state_publisher] in namespace [/]
[roslaunch][INFO] 2020-06-16 20:55:12,789: Added node of type [racecar_simulator/simulate] in namespace [/]
[roslaunch][INFO] 2020-06-16 20:55:12,789: Added node of type [tf2_ros/static_transform_publisher] in namespace [/static_tf/]
[roslaunch][INFO] 2020-06-16 20:55:12,817: Added node of type [move_base/move_base] in namespace [/]
[roslaunch][INFO] 2020-06-16 20:55:12,818: Added node of type [rviz/rviz] in namespace [/]
[roslaunch][INFO] 2020-06-16 20:55:12,818: ... selected machine [] for node of type [map_server/map_server]
[roslaunch][INFO] 2020-06-16 20:55:12,818: ... selected machine [] for node of type [robot_state_publisher/state_publisher]
[roslaunch][INFO] 2020-06-16 20:55:12,818: ... selected machine [] for node of type [racecar_simulator/simulate]
[roslaunch][INFO] 2020-06-16 20:55:12,818: ... selected machine [] for node of type [tf2_ros/static_transform_publisher]
[roslaunch][INFO] 2020-06-16 20:55:12,818: ... selected machine [] for node of type [move_base/move_base]
[roslaunch][INFO] 2020-06-16 20:55:12,818: ... selected machine [] for node of type [rviz/rviz]
[roslaunch.pmon][INFO] 2020-06-16 20:55:12,820: start_process_monitor: creating ProcessMonitor
[roslaunch.pmon][INFO] 2020-06-16 20:55:12,820: created process monitor <ProcessMonitor(ProcessMonitor-1, initial daemon)>
[roslaunch.pmon][INFO] 2020-06-16 20:55:12,820: start_process_monitor: ProcessMonitor started
[roslaunch.parent][INFO] 2020-06-16 20:55:12,820: starting parent XML-RPC server
[roslaunch.server][INFO] 2020-06-16 20:55:12,820: starting roslaunch XML-RPC server
[roslaunch.server][INFO] 2020-06-16 20:55:12,821: waiting for roslaunch XML-RPC server to initialize
[xmlrpc][INFO] 2020-06-16 20:55:12,821: XML-RPC server binding to 0.0.0.0:0
[xmlrpc][INFO] 2020-06-16 20:55:12,821: Started XML-RPC server [http://3ff6fdf48960:43455/]
[xmlrpc][INFO] 2020-06-16 20:55:12,821: xml rpc node: starting XML-RPC server
[roslaunch][INFO] 2020-06-16 20:55:12,835: started roslaunch server http://3ff6fdf48960:43455/
[roslaunch.parent][INFO] 2020-06-16 20:55:12,836: ... parent XML-RPC server started
[roslaunch][INFO] 2020-06-16 20:55:12,839: master.is_running[http://localhost:11311]
[roslaunch][INFO] 2020-06-16 20:55:12,840: auto-starting new master
[roslaunch][INFO] 2020-06-16 20:55:12,841: create_master_process: rosmaster, /opt/ros/melodic/share/ros, 11311, 3, None, False
[roslaunch][INFO] 2020-06-16 20:55:12,841: process[master]: launching with args [['rosmaster', '--core', '-p', '11311', '-w', '3']]
[roslaunch.pmon][INFO] 2020-06-16 20:55:12,841: ProcessMonitor.register[master]
[roslaunch.pmon][INFO] 2020-06-16 20:55:12,842: ProcessMonitor.register[master] complete
[roslaunch][INFO] 2020-06-16 20:55:12,842: process[master]: starting os process
[roslaunch][INFO] 2020-06-16 20:55:12,842: process[master]: start w/ args [['rosmaster', '--core', '-p', '11311', '-w', '3', '__log:=/root/.ros/log/abdcab8a-b013-11ea-bf08-0242ac110003/master.log']]
[roslaunch][INFO] 2020-06-16 20:55:12,843: process[master]: cwd will be [/root/.ros]
[roslaunch][INFO] 2020-06-16 20:55:13,296: process[master]: started with pid [844]
[roslaunch][INFO] 2020-06-16 20:55:13,296: master.is_running[http://localhost:11311]
[roslaunch][INFO] 2020-06-16 20:55:13,397: master.is_running[http://localhost:11311]
[roslaunch][INFO] 2020-06-16 20:55:13,498: master.is_running[http://localhost:11311]
[roslaunch][INFO] 2020-06-16 20:55:13,500: master.is_running[http://localhost:11311]
[roslaunch][INFO] 2020-06-16 20:55:13,501: ROS_MASTER_URI=http://localhost:11311
[roslaunch][INFO] 2020-06-16 20:55:13,502: setting /run_id to abdcab8a-b013-11ea-bf08-0242ac110003
[roslaunch][INFO] 2020-06-16 20:55:13,503: setting /roslaunch/uris/host_3ff6fdf48960__43455' to http://3ff6fdf48960:43455/
[roslaunch][INFO] 2020-06-16 20:55:13,505: ... preparing to launch node of type [rosout/rosout]
[roslaunch][INFO] 2020-06-16 20:55:13,505: create_node_process: package[rosout] type[rosout] machine[Machine(name[] env_loader[None] address[localhost] ssh_port[22] user[None] assignable[True] timeout[10.0])] master_uri[http://localhost:11311]
[roslaunch][INFO] 2020-06-16 20:55:13,505: process[rosout-1]: env[{'ROS_DISTRO': 'melodic', 'ROSLISP_PACKAGE_DIRECTORIES': '/root/project/devel/share/common-lisp', 'CUDA_VERSION': '10.1.243', 'HOME': '/root', 'PATH': '/opt/ros/melodic/bin:/usr/local/nvidia/bin:/usr/local/cuda/bin:/usr/local/nvidia/bin:/usr/local/cuda/bin:/usr/local/sbin:/usr/local/bin:/usr/sbin:/usr/bin:/sbin:/bin', 'CMAKE_PREFIX_PATH': '/root/project/devel:/opt/ros/melodic', 'ROS_LOG_FILENAME': '/root/.ros/log/abdcab8a-b013-11ea-bf08-0242ac110003/roslaunch-3ff6fdf48960-831.log', 'LANG': 'C.UTF-8', 'TERM': 'xterm', 'LIBRARY_PATH': '/usr/local/cuda/lib64/stubs', 'CUDA_PKG_VERSION': '10-1=10.1.243-1', 'SHLVL': '1', 'NCCL_VERSION': '2.4.8', 'LD_LIBRARY_PATH': '/root/project/devel/lib:/opt/ros/melodic/lib:/usr/local/cuda/extras/CUPTI/lib64:/usr/local/nvidia/lib:/usr/local/nvidia/lib64:/usr/lib/x86_64-linux-gnu:/usr/lib/i386-linux-gnu:/usr/local/nvidia/lib:/usr/local/nvidia/lib64', 'NVIDIA_VISIBLE_DEVICES': 'all', 'ROS_ETC_DIR': '/opt/ros/melodic/etc/ros', 'CUDNN_VERSION': '7.6.5.32', 'ROS_PYTHON_VERSION': '2', 'LC_ALL': 'C.UTF-8', 'PYTHONPATH': '/opt/ros/melodic/lib/python2.7/dist-packages', 'ROS_ROOT': '/opt/ros/melodic/share/ros', 'PKG_CONFIG_PATH': '/root/project/devel/lib/pkgconfig:/opt/ros/melodic/lib/pkgconfig', 'ROS_PACKAGE_PATH': '/root/project/src:/opt/ros/melodic/share', 'NVIDIA_DRIVER_CAPABILITIES': 'compute,utility,graphics', '_': '/opt/ros/melodic/bin/roslaunch', 'DISPLAY': ':0', 'NVIDIA_REQUIRE_CUDA': 'cuda>=10.0 brand=tesla,driver>=384,driver<385', 'OLDPWD': '/root', 'HOSTNAME': '3ff6fdf48960', 'PWD': '/root/project', 'ROS_MASTER_URI': 'http://localhost:11311', 'ROS_VERSION': '1'}]
[roslaunch][INFO] 2020-06-16 20:55:13,546: process[rosout-1]: args[[u'/opt/ros/melodic/lib/rosout/rosout', u'__name:=rosout']]
[roslaunch][INFO] 2020-06-16 20:55:13,546: ... created process [rosout-1]
[roslaunch.pmon][INFO] 2020-06-16 20:55:13,546: ProcessMonitor.register[rosout-1]
[roslaunch.pmon][INFO] 2020-06-16 20:55:13,546: ProcessMonitor.register[rosout-1] complete
[roslaunch][INFO] 2020-06-16 20:55:13,546: ... registered process [rosout-1]
[roslaunch][INFO] 2020-06-16 20:55:13,547: process[rosout-1]: starting os process
[roslaunch][INFO] 2020-06-16 20:55:13,547: process[rosout-1]: start w/ args [[u'/opt/ros/melodic/lib/rosout/rosout', u'__name:=rosout', u'__log:=/root/.ros/log/abdcab8a-b013-11ea-bf08-0242ac110003/rosout-1.log']]
[roslaunch][INFO] 2020-06-16 20:55:13,547: process[rosout-1]: cwd will be [/root/.ros]
[roslaunch][INFO] 2020-06-16 20:55:13,996: process[rosout-1]: started with pid [855]
[roslaunch][INFO] 2020-06-16 20:55:13,996: ... successfully launched [rosout-1]
[roslaunch][INFO] 2020-06-16 20:55:13,996: load_parameters starting ...
[roslaunch][INFO] 2020-06-16 20:55:14,019: ... load_parameters complete
[roslaunch][INFO] 2020-06-16 20:55:14,019: launch_nodes: launching local nodes ...
[roslaunch][INFO] 2020-06-16 20:55:14,020: ... preparing to launch node of type [map_server/map_server]
[roslaunch][INFO] 2020-06-16 20:55:14,020: create_node_process: package[map_server] type[map_server] machine[Machine(name[] env_loader[None] address[localhost] ssh_port[22] user[None] assignable[True] timeout[10.0])] master_uri[http://localhost:11311]
[roslaunch][INFO] 2020-06-16 20:55:14,020: process[map_server-2]: env[{'ROS_DISTRO': 'melodic', 'ROSLISP_PACKAGE_DIRECTORIES': '/root/project/devel/share/common-lisp', 'CUDA_VERSION': '10.1.243', 'HOME': '/root', 'PATH': '/opt/ros/melodic/bin:/usr/local/nvidia/bin:/usr/local/cuda/bin:/usr/local/nvidia/bin:/usr/local/cuda/bin:/usr/local/sbin:/usr/local/bin:/usr/sbin:/usr/bin:/sbin:/bin', 'CMAKE_PREFIX_PATH': '/root/project/devel:/opt/ros/melodic', 'ROS_LOG_FILENAME': '/root/.ros/log/abdcab8a-b013-11ea-bf08-0242ac110003/roslaunch-3ff6fdf48960-831.log', 'LANG': 'C.UTF-8', 'TERM': 'xterm', 'LIBRARY_PATH': '/usr/local/cuda/lib64/stubs', 'CUDA_PKG_VERSION': '10-1=10.1.243-1', 'SHLVL': '1', 'NCCL_VERSION': '2.4.8', 'LD_LIBRARY_PATH': '/root/project/devel/lib:/opt/ros/melodic/lib:/usr/local/cuda/extras/CUPTI/lib64:/usr/local/nvidia/lib:/usr/local/nvidia/lib64:/usr/lib/x86_64-linux-gnu:/usr/lib/i386-linux-gnu:/usr/local/nvidia/lib:/usr/local/nvidia/lib64', 'NVIDIA_VISIBLE_DEVICES': 'all', 'ROS_ETC_DIR': '/opt/ros/melodic/etc/ros', 'CUDNN_VERSION': '7.6.5.32', 'ROS_PYTHON_VERSION': '2', 'LC_ALL': 'C.UTF-8', 'PYTHONPATH': '/opt/ros/melodic/lib/python2.7/dist-packages', 'ROS_ROOT': '/opt/ros/melodic/share/ros', 'PKG_CONFIG_PATH': '/root/project/devel/lib/pkgconfig:/opt/ros/melodic/lib/pkgconfig', 'ROS_PACKAGE_PATH': '/root/project/src:/opt/ros/melodic/share', 'NVIDIA_DRIVER_CAPABILITIES': 'compute,utility,graphics', '_': '/opt/ros/melodic/bin/roslaunch', 'DISPLAY': ':0', 'NVIDIA_REQUIRE_CUDA': 'cuda>=10.0 brand=tesla,driver>=384,driver<385', 'OLDPWD': '/root', 'HOSTNAME': '3ff6fdf48960', 'PWD': '/root/project', 'ROS_MASTER_URI': 'http://localhost:11311', 'ROS_VERSION': '1'}]
[roslaunch][INFO] 2020-06-16 20:55:14,021: process[map_server-2]: args[[u'/opt/ros/melodic/lib/map_server/map_server', '/root/project/src/racecar_simulator/maps/mymap.yaml', u'__name:=map_server']]
[roslaunch][INFO] 2020-06-16 20:55:14,021: ... created process [map_server-2]
[roslaunch.pmon][INFO] 2020-06-16 20:55:14,021: ProcessMonitor.register[map_server-2]
[roslaunch.pmon][INFO] 2020-06-16 20:55:14,021: ProcessMonitor.register[map_server-2] complete
[roslaunch][INFO] 2020-06-16 20:55:14,021: ... registered process [map_server-2]
[roslaunch][INFO] 2020-06-16 20:55:14,021: process[map_server-2]: starting os process
[roslaunch][INFO] 2020-06-16 20:55:14,021: process[map_server-2]: start w/ args [[u'/opt/ros/melodic/lib/map_server/map_server', '/root/project/src/racecar_simulator/maps/mymap.yaml', u'__name:=map_server', u'__log:=/root/.ros/log/abdcab8a-b013-11ea-bf08-0242ac110003/map_server-2.log']]
[roslaunch][INFO] 2020-06-16 20:55:14,021: process[map_server-2]: cwd will be [/root/.ros]
[roslaunch][INFO] 2020-06-16 20:55:14,475: process[map_server-2]: started with pid [862]
[roslaunch][INFO] 2020-06-16 20:55:14,475: ... successfully launched [map_server-2]
[roslaunch][INFO] 2020-06-16 20:55:14,475: ... preparing to launch node of type [robot_state_publisher/state_publisher]
[roslaunch][INFO] 2020-06-16 20:55:14,476: create_node_process: package[robot_state_publisher] type[state_publisher] machine[Machine(name[] env_loader[None] address[localhost] ssh_port[22] user[None] assignable[True] timeout[10.0])] master_uri[http://localhost:11311]
[roslaunch][INFO] 2020-06-16 20:55:14,476: process[robot_state_publisher-3]: env[{'ROS_DISTRO': 'melodic', 'ROSLISP_PACKAGE_DIRECTORIES': '/root/project/devel/share/common-lisp', 'CUDA_VERSION': '10.1.243', 'HOME': '/root', 'PATH': '/opt/ros/melodic/bin:/usr/local/nvidia/bin:/usr/local/cuda/bin:/usr/local/nvidia/bin:/usr/local/cuda/bin:/usr/local/sbin:/usr/local/bin:/usr/sbin:/usr/bin:/sbin:/bin', 'CMAKE_PREFIX_PATH': '/root/project/devel:/opt/ros/melodic', 'ROS_LOG_FILENAME': '/root/.ros/log/abdcab8a-b013-11ea-bf08-0242ac110003/roslaunch-3ff6fdf48960-831.log', 'LANG': 'C.UTF-8', 'TERM': 'xterm', 'LIBRARY_PATH': '/usr/local/cuda/lib64/stubs', 'CUDA_PKG_VERSION': '10-1=10.1.243-1', 'SHLVL': '1', 'NCCL_VERSION': '2.4.8', 'LD_LIBRARY_PATH': '/root/project/devel/lib:/opt/ros/melodic/lib:/usr/local/cuda/extras/CUPTI/lib64:/usr/local/nvidia/lib:/usr/local/nvidia/lib64:/usr/lib/x86_64-linux-gnu:/usr/lib/i386-linux-gnu:/usr/local/nvidia/lib:/usr/local/nvidia/lib64', 'NVIDIA_VISIBLE_DEVICES': 'all', 'ROS_ETC_DIR': '/opt/ros/melodic/etc/ros', 'CUDNN_VERSION': '7.6.5.32', 'ROS_PYTHON_VERSION': '2', 'LC_ALL': 'C.UTF-8', 'PYTHONPATH': '/opt/ros/melodic/lib/python2.7/dist-packages', 'ROS_ROOT': '/opt/ros/melodic/share/ros', 'PKG_CONFIG_PATH': '/root/project/devel/lib/pkgconfig:/opt/ros/melodic/lib/pkgconfig', 'ROS_PACKAGE_PATH': '/root/project/src:/opt/ros/melodic/share', 'NVIDIA_DRIVER_CAPABILITIES': 'compute,utility,graphics', '_': '/opt/ros/melodic/bin/roslaunch', 'DISPLAY': ':0', 'NVIDIA_REQUIRE_CUDA': 'cuda>=10.0 brand=tesla,driver>=384,driver<385', 'OLDPWD': '/root', 'HOSTNAME': '3ff6fdf48960', 'PWD': '/root/project', 'ROS_MASTER_URI': 'http://localhost:11311', 'ROS_VERSION': '1'}]
[roslaunch][INFO] 2020-06-16 20:55:14,477: process[robot_state_publisher-3]: args[[u'/opt/ros/melodic/lib/robot_state_publisher/state_publisher', u'__name:=robot_state_publisher']]
[roslaunch][INFO] 2020-06-16 20:55:14,477: ... created process [robot_state_publisher-3]
[roslaunch.pmon][INFO] 2020-06-16 20:55:14,477: ProcessMonitor.register[robot_state_publisher-3]
[roslaunch.pmon][INFO] 2020-06-16 20:55:14,477: ProcessMonitor.register[robot_state_publisher-3] complete
[roslaunch][INFO] 2020-06-16 20:55:14,477: ... registered process [robot_state_publisher-3]
[roslaunch][INFO] 2020-06-16 20:55:14,477: process[robot_state_publisher-3]: starting os process
[roslaunch][INFO] 2020-06-16 20:55:14,477: process[robot_state_publisher-3]: start w/ args [[u'/opt/ros/melodic/lib/robot_state_publisher/state_publisher', u'__name:=robot_state_publisher', u'__log:=/root/.ros/log/abdcab8a-b013-11ea-bf08-0242ac110003/robot_state_publisher-3.log']]
[roslaunch][INFO] 2020-06-16 20:55:14,477: process[robot_state_publisher-3]: cwd will be [/root/.ros]
[roslaunch][INFO] 2020-06-16 20:55:14,943: process[robot_state_publisher-3]: started with pid [863]
[roslaunch][INFO] 2020-06-16 20:55:14,944: ... successfully launched [robot_state_publisher-3]
[roslaunch][INFO] 2020-06-16 20:55:14,944: ... preparing to launch node of type [racecar_simulator/simulate]
[roslaunch][INFO] 2020-06-16 20:55:14,944: create_node_process: package[racecar_simulator] type[simulate] machine[Machine(name[] env_loader[None] address[localhost] ssh_port[22] user[None] assignable[True] timeout[10.0])] master_uri[http://localhost:11311]
[roslaunch][INFO] 2020-06-16 20:55:14,944: process[racecar_simulator-4]: env[{'ROS_DISTRO': 'melodic', 'ROSLISP_PACKAGE_DIRECTORIES': '/root/project/devel/share/common-lisp', 'CUDA_VERSION': '10.1.243', 'HOME': '/root', 'PATH': '/opt/ros/melodic/bin:/usr/local/nvidia/bin:/usr/local/cuda/bin:/usr/local/nvidia/bin:/usr/local/cuda/bin:/usr/local/sbin:/usr/local/bin:/usr/sbin:/usr/bin:/sbin:/bin', 'CMAKE_PREFIX_PATH': '/root/project/devel:/opt/ros/melodic', 'ROS_LOG_FILENAME': '/root/.ros/log/abdcab8a-b013-11ea-bf08-0242ac110003/roslaunch-3ff6fdf48960-831.log', 'LANG': 'C.UTF-8', 'TERM': 'xterm', 'LIBRARY_PATH': '/usr/local/cuda/lib64/stubs', 'CUDA_PKG_VERSION': '10-1=10.1.243-1', 'SHLVL': '1', 'NCCL_VERSION': '2.4.8', 'LD_LIBRARY_PATH': '/root/project/devel/lib:/opt/ros/melodic/lib:/usr/local/cuda/extras/CUPTI/lib64:/usr/local/nvidia/lib:/usr/local/nvidia/lib64:/usr/lib/x86_64-linux-gnu:/usr/lib/i386-linux-gnu:/usr/local/nvidia/lib:/usr/local/nvidia/lib64', 'NVIDIA_VISIBLE_DEVICES': 'all', 'ROS_ETC_DIR': '/opt/ros/melodic/etc/ros', 'CUDNN_VERSION': '7.6.5.32', 'ROS_PYTHON_VERSION': '2', 'LC_ALL': 'C.UTF-8', 'PYTHONPATH': '/opt/ros/melodic/lib/python2.7/dist-packages', 'ROS_ROOT': '/opt/ros/melodic/share/ros', 'PKG_CONFIG_PATH': '/root/project/devel/lib/pkgconfig:/opt/ros/melodic/lib/pkgconfig', 'ROS_PACKAGE_PATH': '/root/project/src:/opt/ros/melodic/share', 'NVIDIA_DRIVER_CAPABILITIES': 'compute,utility,graphics', '_': '/opt/ros/melodic/bin/roslaunch', 'DISPLAY': ':0', 'NVIDIA_REQUIRE_CUDA': 'cuda>=10.0 brand=tesla,driver>=384,driver<385', 'OLDPWD': '/root', 'HOSTNAME': '3ff6fdf48960', 'PWD': '/root/project', 'ROS_MASTER_URI': 'http://localhost:11311', 'ROS_VERSION': '1'}]
[roslaunch][INFO] 2020-06-16 20:55:14,946: process[racecar_simulator-4]: args[[u'/root/project/devel/lib/racecar_simulator/simulate', u'__name:=racecar_simulator']]
[roslaunch][INFO] 2020-06-16 20:55:14,946: ... created process [racecar_simulator-4]
[roslaunch.pmon][INFO] 2020-06-16 20:55:14,946: ProcessMonitor.register[racecar_simulator-4]
[roslaunch.pmon][INFO] 2020-06-16 20:55:14,946: ProcessMonitor.register[racecar_simulator-4] complete
[roslaunch][INFO] 2020-06-16 20:55:14,946: ... registered process [racecar_simulator-4]
[roslaunch][INFO] 2020-06-16 20:55:14,946: process[racecar_simulator-4]: starting os process
[roslaunch][INFO] 2020-06-16 20:55:14,946: process[racecar_simulator-4]: start w/ args [[u'/root/project/devel/lib/racecar_simulator/simulate', u'__name:=racecar_simulator', u'__log:=/root/.ros/log/abdcab8a-b013-11ea-bf08-0242ac110003/racecar_simulator-4.log']]
[roslaunch][INFO] 2020-06-16 20:55:14,947: process[racecar_simulator-4]: cwd will be [/root/.ros]
[roslaunch][INFO] 2020-06-16 20:55:15,983: process[racecar_simulator-4]: started with pid [869]
[roslaunch][INFO] 2020-06-16 20:55:15,983: ... successfully launched [racecar_simulator-4]
[roslaunch][INFO] 2020-06-16 20:55:15,984: ... preparing to launch node of type [tf2_ros/static_transform_publisher]
[roslaunch][INFO] 2020-06-16 20:55:15,984: create_node_process: package[tf2_ros] type[static_transform_publisher] machine[Machine(name[] env_loader[None] address[localhost] ssh_port[22] user[None] assignable[True] timeout[10.0])] master_uri[http://localhost:11311]
[roslaunch][INFO] 2020-06-16 20:55:15,985: process[static_tf/base_to_laser_tf2-5]: env[{'ROS_DISTRO': 'melodic', 'ROSLISP_PACKAGE_DIRECTORIES': '/root/project/devel/share/common-lisp', 'CUDA_VERSION': '10.1.243', 'HOME': '/root', 'PATH': '/opt/ros/melodic/bin:/usr/local/nvidia/bin:/usr/local/cuda/bin:/usr/local/nvidia/bin:/usr/local/cuda/bin:/usr/local/sbin:/usr/local/bin:/usr/sbin:/usr/bin:/sbin:/bin', 'CMAKE_PREFIX_PATH': '/root/project/devel:/opt/ros/melodic', 'ROS_LOG_FILENAME': '/root/.ros/log/abdcab8a-b013-11ea-bf08-0242ac110003/roslaunch-3ff6fdf48960-831.log', 'LANG': 'C.UTF-8', 'TERM': 'xterm', 'LIBRARY_PATH': '/usr/local/cuda/lib64/stubs', 'CUDA_PKG_VERSION': '10-1=10.1.243-1', 'SHLVL': '1', 'NCCL_VERSION': '2.4.8', 'LD_LIBRARY_PATH': '/root/project/devel/lib:/opt/ros/melodic/lib:/usr/local/cuda/extras/CUPTI/lib64:/usr/local/nvidia/lib:/usr/local/nvidia/lib64:/usr/lib/x86_64-linux-gnu:/usr/lib/i386-linux-gnu:/usr/local/nvidia/lib:/usr/local/nvidia/lib64', 'NVIDIA_VISIBLE_DEVICES': 'all', 'ROS_ETC_DIR': '/opt/ros/melodic/etc/ros', 'CUDNN_VERSION': '7.6.5.32', 'ROS_PYTHON_VERSION': '2', 'LC_ALL': 'C.UTF-8', 'PYTHONPATH': '/opt/ros/melodic/lib/python2.7/dist-packages', 'ROS_NAMESPACE': '/static_tf', 'ROS_ROOT': '/opt/ros/melodic/share/ros', 'PKG_CONFIG_PATH': '/root/project/devel/lib/pkgconfig:/opt/ros/melodic/lib/pkgconfig', 'ROS_PACKAGE_PATH': '/root/project/src:/opt/ros/melodic/share', 'NVIDIA_DRIVER_CAPABILITIES': 'compute,utility,graphics', '_': '/opt/ros/melodic/bin/roslaunch', 'DISPLAY': ':0', 'NVIDIA_REQUIRE_CUDA': 'cuda>=10.0 brand=tesla,driver>=384,driver<385', 'OLDPWD': '/root', 'HOSTNAME': '3ff6fdf48960', 'PWD': '/root/project', 'ROS_MASTER_URI': 'http://localhost:11311', 'ROS_VERSION': '1'}]
[roslaunch][INFO] 2020-06-16 20:55:15,988: process[static_tf/base_to_laser_tf2-5]: args[[u'/opt/ros/melodic/lib/tf2_ros/static_transform_publisher', '0.1', '0.0', '0.30', '0.0', '0.0', '0.0', 'base_link', 'laser', u'__name:=base_to_laser_tf2']]
[roslaunch][INFO] 2020-06-16 20:55:15,988: ... created process [static_tf/base_to_laser_tf2-5]
[roslaunch.pmon][INFO] 2020-06-16 20:55:15,988: ProcessMonitor.register[static_tf/base_to_laser_tf2-5]
[roslaunch.pmon][INFO] 2020-06-16 20:55:15,988: ProcessMonitor.register[static_tf/base_to_laser_tf2-5] complete
[roslaunch][INFO] 2020-06-16 20:55:15,988: ... registered process [static_tf/base_to_laser_tf2-5]
[roslaunch][INFO] 2020-06-16 20:55:15,988: process[static_tf/base_to_laser_tf2-5]: starting os process
[roslaunch][INFO] 2020-06-16 20:55:15,989: process[static_tf/base_to_laser_tf2-5]: start w/ args [[u'/opt/ros/melodic/lib/tf2_ros/static_transform_publisher', '0.1', '0.0', '0.30', '0.0', '0.0', '0.0', 'base_link', 'laser', u'__name:=base_to_laser_tf2', u'__log:=/root/.ros/log/abdcab8a-b013-11ea-bf08-0242ac110003/static_tf-base_to_laser_tf2-5.log']]
[roslaunch][INFO] 2020-06-16 20:55:15,989: process[static_tf/base_to_laser_tf2-5]: cwd will be [/root/.ros]
[roslaunch][INFO] 2020-06-16 20:55:16,465: process[static_tf/base_to_laser_tf2-5]: started with pid [876]
[roslaunch][INFO] 2020-06-16 20:55:16,465: ... successfully launched [static_tf/base_to_laser_tf2-5]
[roslaunch][INFO] 2020-06-16 20:55:16,465: ... preparing to launch node of type [move_base/move_base]
[roslaunch][INFO] 2020-06-16 20:55:16,465: create_node_process: package[move_base] type[move_base] machine[Machine(name[] env_loader[None] address[localhost] ssh_port[22] user[None] assignable[True] timeout[10.0])] master_uri[http://localhost:11311]
[roslaunch][INFO] 2020-06-16 20:55:16,466: process[move_base-6]: env[{'ROS_DISTRO': 'melodic', 'ROSLISP_PACKAGE_DIRECTORIES': '/root/project/devel/share/common-lisp', 'CUDA_VERSION': '10.1.243', 'HOME': '/root', 'PATH': '/opt/ros/melodic/bin:/usr/local/nvidia/bin:/usr/local/cuda/bin:/usr/local/nvidia/bin:/usr/local/cuda/bin:/usr/local/sbin:/usr/local/bin:/usr/sbin:/usr/bin:/sbin:/bin', 'CMAKE_PREFIX_PATH': '/root/project/devel:/opt/ros/melodic', 'ROS_LOG_FILENAME': '/root/.ros/log/abdcab8a-b013-11ea-bf08-0242ac110003/roslaunch-3ff6fdf48960-831.log', 'LANG': 'C.UTF-8', 'TERM': 'xterm', 'LIBRARY_PATH': '/usr/local/cuda/lib64/stubs', 'CUDA_PKG_VERSION': '10-1=10.1.243-1', 'SHLVL': '1', 'NCCL_VERSION': '2.4.8', 'LD_LIBRARY_PATH': '/root/project/devel/lib:/opt/ros/melodic/lib:/usr/local/cuda/extras/CUPTI/lib64:/usr/local/nvidia/lib:/usr/local/nvidia/lib64:/usr/lib/x86_64-linux-gnu:/usr/lib/i386-linux-gnu:/usr/local/nvidia/lib:/usr/local/nvidia/lib64', 'NVIDIA_VISIBLE_DEVICES': 'all', 'ROS_ETC_DIR': '/opt/ros/melodic/etc/ros', 'CUDNN_VERSION': '7.6.5.32', 'ROS_PYTHON_VERSION': '2', 'LC_ALL': 'C.UTF-8', 'PYTHONPATH': '/opt/ros/melodic/lib/python2.7/dist-packages', 'ROS_ROOT': '/opt/ros/melodic/share/ros', 'PKG_CONFIG_PATH': '/root/project/devel/lib/pkgconfig:/opt/ros/melodic/lib/pkgconfig', 'ROS_PACKAGE_PATH': '/root/project/src:/opt/ros/melodic/share', 'NVIDIA_DRIVER_CAPABILITIES': 'compute,utility,graphics', '_': '/opt/ros/melodic/bin/roslaunch', 'DISPLAY': ':0', 'NVIDIA_REQUIRE_CUDA': 'cuda>=10.0 brand=tesla,driver>=384,driver<385', 'OLDPWD': '/root', 'HOSTNAME': '3ff6fdf48960', 'PWD': '/root/project', 'ROS_MASTER_URI': 'http://localhost:11311', 'ROS_VERSION': '1'}]
[roslaunch][INFO] 2020-06-16 20:55:16,466: process[move_base-6]: args[[u'/opt/ros/melodic/lib/move_base/move_base', u'__name:=move_base']]
[roslaunch][INFO] 2020-06-16 20:55:16,466: ... created process [move_base-6]
[roslaunch.pmon][INFO] 2020-06-16 20:55:16,467: ProcessMonitor.register[move_base-6]
[roslaunch.pmon][INFO] 2020-06-16 20:55:16,467: ProcessMonitor.register[move_base-6] complete
[roslaunch][INFO] 2020-06-16 20:55:16,467: ... registered process [move_base-6]
[roslaunch][INFO] 2020-06-16 20:55:16,467: process[move_base-6]: starting os process
[roslaunch][INFO] 2020-06-16 20:55:16,467: process[move_base-6]: start w/ args [[u'/opt/ros/melodic/lib/move_base/move_base', u'__name:=move_base', u'__log:=/root/.ros/log/abdcab8a-b013-11ea-bf08-0242ac110003/move_base-6.log']]
[roslaunch][INFO] 2020-06-16 20:55:16,467: process[move_base-6]: cwd will be [/root/.ros]
[roslaunch][INFO] 2020-06-16 20:55:16,931: process[move_base-6]: started with pid [883]
[roslaunch][INFO] 2020-06-16 20:55:16,931: ... successfully launched [move_base-6]
[roslaunch][INFO] 2020-06-16 20:55:16,932: ... preparing to launch node of type [rviz/rviz]
[roslaunch][INFO] 2020-06-16 20:55:16,932: create_node_process: package[rviz] type[rviz] machine[Machine(name[] env_loader[None] address[localhost] ssh_port[22] user[None] assignable[True] timeout[10.0])] master_uri[http://localhost:11311]
[roslaunch][INFO] 2020-06-16 20:55:16,932: process[rviz-7]: env[{'ROS_DISTRO': 'melodic', 'ROSLISP_PACKAGE_DIRECTORIES': '/root/project/devel/share/common-lisp', 'CUDA_VERSION': '10.1.243', 'HOME': '/root', 'PATH': '/opt/ros/melodic/bin:/usr/local/nvidia/bin:/usr/local/cuda/bin:/usr/local/nvidia/bin:/usr/local/cuda/bin:/usr/local/sbin:/usr/local/bin:/usr/sbin:/usr/bin:/sbin:/bin', 'CMAKE_PREFIX_PATH': '/root/project/devel:/opt/ros/melodic', 'ROS_LOG_FILENAME': '/root/.ros/log/abdcab8a-b013-11ea-bf08-0242ac110003/roslaunch-3ff6fdf48960-831.log', 'LANG': 'C.UTF-8', 'TERM': 'xterm', 'LIBRARY_PATH': '/usr/local/cuda/lib64/stubs', 'CUDA_PKG_VERSION': '10-1=10.1.243-1', 'SHLVL': '1', 'NCCL_VERSION': '2.4.8', 'LD_LIBRARY_PATH': '/root/project/devel/lib:/opt/ros/melodic/lib:/usr/local/cuda/extras/CUPTI/lib64:/usr/local/nvidia/lib:/usr/local/nvidia/lib64:/usr/lib/x86_64-linux-gnu:/usr/lib/i386-linux-gnu:/usr/local/nvidia/lib:/usr/local/nvidia/lib64', 'NVIDIA_VISIBLE_DEVICES': 'all', 'ROS_ETC_DIR': '/opt/ros/melodic/etc/ros', 'CUDNN_VERSION': '7.6.5.32', 'ROS_PYTHON_VERSION': '2', 'LC_ALL': 'C.UTF-8', 'PYTHONPATH': '/opt/ros/melodic/lib/python2.7/dist-packages', 'ROS_ROOT': '/opt/ros/melodic/share/ros', 'PKG_CONFIG_PATH': '/root/project/devel/lib/pkgconfig:/opt/ros/melodic/lib/pkgconfig', 'ROS_PACKAGE_PATH': '/root/project/src:/opt/ros/melodic/share', 'NVIDIA_DRIVER_CAPABILITIES': 'compute,utility,graphics', '_': '/opt/ros/melodic/bin/roslaunch', 'DISPLAY': ':0', 'NVIDIA_REQUIRE_CUDA': 'cuda>=10.0 brand=tesla,driver>=384,driver<385', 'OLDPWD': '/root', 'HOSTNAME': '3ff6fdf48960', 'PWD': '/root/project', 'ROS_MASTER_URI': 'http://localhost:11311', 'ROS_VERSION': '1'}]
[roslaunch][INFO] 2020-06-16 20:55:16,939: process[rviz-7]: args[[u'/opt/ros/melodic/lib/rviz/rviz', '-d', '/root/project/src/mpnet_local_planner/launch/mpnet_launch.rviz', u'__name:=rviz']]
[roslaunch][INFO] 2020-06-16 20:55:16,939: ... created process [rviz-7]
[roslaunch.pmon][INFO] 2020-06-16 20:55:16,939: ProcessMonitor.register[rviz-7]
[roslaunch.pmon][INFO] 2020-06-16 20:55:16,940: ProcessMonitor.register[rviz-7] complete
[roslaunch][INFO] 2020-06-16 20:55:16,940: ... registered process [rviz-7]
[roslaunch][INFO] 2020-06-16 20:55:16,940: process[rviz-7]: starting os process
[roslaunch][INFO] 2020-06-16 20:55:16,940: process[rviz-7]: start w/ args [[u'/opt/ros/melodic/lib/rviz/rviz', '-d', '/root/project/src/mpnet_local_planner/launch/mpnet_launch.rviz', u'__name:=rviz', u'__log:=/root/.ros/log/abdcab8a-b013-11ea-bf08-0242ac110003/rviz-7.log']]
[roslaunch][INFO] 2020-06-16 20:55:16,940: process[rviz-7]: cwd will be [/root/.ros]
[roslaunch][INFO] 2020-06-16 20:55:17,441: process[rviz-7]: started with pid [889]
[roslaunch][INFO] 2020-06-16 20:55:17,441: ... successfully launched [rviz-7]
[roslaunch][INFO] 2020-06-16 20:55:17,442: ... launch_nodes complete
[roslaunch.pmon][INFO] 2020-06-16 20:55:17,442: registrations completed <ProcessMonitor(ProcessMonitor-1, started daemon 140088051853056)>
[roslaunch.parent][INFO] 2020-06-16 20:55:17,442: ... roslaunch parent running, waiting for process exit
[roslaunch][INFO] 2020-06-16 20:55:17,442: spin
[roslaunch.pmon][INFO] 2020-06-16 20:55:26,220: ProcessMonitor.shutdown <ProcessMonitor(ProcessMonitor-1, started daemon 140088051853056)>
[roslaunch.pmon][INFO] 2020-06-16 20:55:26,255: ProcessMonitor._post_run <ProcessMonitor(ProcessMonitor-1, started daemon 140088051853056)>
[roslaunch.pmon][INFO] 2020-06-16 20:55:26,256: ProcessMonitor._post_run <ProcessMonitor(ProcessMonitor-1, started daemon 140088051853056)>: remaining procs are [<roslaunch.nodeprocess.LocalProcess object at 0x7f68cab43890>, <roslaunch.nodeprocess.LocalProcess object at 0x7f68cab43690>, <roslaunch.nodeprocess.LocalProcess object at 0x7f68c90da1d0>, <roslaunch.nodeprocess.LocalProcess object at 0x7f68c90da550>, <roslaunch.nodeprocess.LocalProcess object at 0x7f68c90da450>, <roslaunch.nodeprocess.LocalProcess object at 0x7f68c90da050>, <roslaunch.nodeprocess.LocalProcess object at 0x7f68c90da7d0>, <roslaunch.nodeprocess.LocalProcess object at 0x7f68c90e0fd0>]
[roslaunch.pmon][INFO] 2020-06-16 20:55:26,256: ProcessMonitor exit: killing rviz-7
[roslaunch][INFO] 2020-06-16 20:55:26,256: [rviz-7] killing on exit
[roslaunch.pmon][INFO] 2020-06-16 20:55:26,257: ProcessMonitor exit: killing move_base-6
[roslaunch][INFO] 2020-06-16 20:55:26,257: process[rviz-7]: killing os process with pid[889] pgid[889]
[roslaunch][INFO] 2020-06-16 20:55:26,257: [move_base-6] killing on exit
[roslaunch.pmon][INFO] 2020-06-16 20:55:26,257: ProcessMonitor exit: killing static_tf/base_to_laser_tf2-5
[roslaunch][INFO] 2020-06-16 20:55:26,258: [rviz-7] sending SIGINT to pgid [889]
[roslaunch.pmon][INFO] 2020-06-16 20:55:26,258: ProcessMonitor exit: killing racecar_simulator-4
[roslaunch][INFO] 2020-06-16 20:55:26,258: process[move_base-6]: killing os process with pid[883] pgid[883]
[roslaunch.pmon][INFO] 2020-06-16 20:55:26,258: ProcessMonitor exit: killing robot_state_publisher-3
[roslaunch][INFO] 2020-06-16 20:55:26,259: [static_tf/base_to_laser_tf2-5] killing on exit
[roslaunch.pmon][INFO] 2020-06-16 20:55:26,259: ProcessMonitor exit: killing map_server-2
[roslaunch][INFO] 2020-06-16 20:55:26,259: [rviz-7] sent SIGINT to pgid [889]
[roslaunch][INFO] 2020-06-16 20:55:26,259: [racecar_simulator-4] killing on exit
[roslaunch][INFO] 2020-06-16 20:55:26,260: [move_base-6] sending SIGINT to pgid [883]
[roslaunch][INFO] 2020-06-16 20:55:26,260: [robot_state_publisher-3] killing on exit
[roslaunch][INFO] 2020-06-16 20:55:26,260: [map_server-2] killing on exit
[roslaunch][INFO] 2020-06-16 20:55:26,260: process[static_tf/base_to_laser_tf2-5]: killing os process with pid[876] pgid[876]
[roslaunch][INFO] 2020-06-16 20:55:26,261: [move_base-6] sent SIGINT to pgid [883]
[roslaunch][INFO] 2020-06-16 20:55:26,261: process[robot_state_publisher-3]: killing os process with pid[863] pgid[863]
[roslaunch][INFO] 2020-06-16 20:55:26,261: [static_tf/base_to_laser_tf2-5] sending SIGINT to pgid [876]
[roslaunch][INFO] 2020-06-16 20:55:26,261: process[map_server-2]: killing os process with pid[862] pgid[862]
[roslaunch][INFO] 2020-06-16 20:55:26,261: [robot_state_publisher-3] sending SIGINT to pgid [863]
[roslaunch][INFO] 2020-06-16 20:55:26,262: [static_tf/base_to_laser_tf2-5] sent SIGINT to pgid [876]
[roslaunch][INFO] 2020-06-16 20:55:26,262: process[racecar_simulator-4]: killing os process with pid[869] pgid[869]
[roslaunch][INFO] 2020-06-16 20:55:26,262: [map_server-2] sending SIGINT to pgid [862]
[roslaunch][INFO] 2020-06-16 20:55:26,262: [robot_state_publisher-3] sent SIGINT to pgid [863]
[roslaunch][INFO] 2020-06-16 20:55:26,262: [racecar_simulator-4] sending SIGINT to pgid [869]
[roslaunch][INFO] 2020-06-16 20:55:26,262: [map_server-2] sent SIGINT to pgid [862]
[roslaunch][INFO] 2020-06-16 20:55:26,263: [racecar_simulator-4] sent SIGINT to pgid [869]
[roslaunch][INFO] 2020-06-16 20:55:26,363: process[map_server-2]: SIGINT killed with return value 0
[roslaunch][INFO] 2020-06-16 20:55:26,363: process[racecar_simulator-4]: SIGINT killed with return value 0
[roslaunch][INFO] 2020-06-16 20:55:26,563: process[static_tf/base_to_laser_tf2-5]: SIGINT killed with return value 0
[roslaunch][INFO] 2020-06-16 20:55:26,563: process[robot_state_publisher-3]: SIGINT killed with return value 0
[roslaunch][INFO] 2020-06-16 20:55:26,761: process[rviz-7]: SIGINT killed with return value 0
[roslaunch][INFO] 2020-06-16 20:55:30,870: process[move_base-6]: SIGINT killed with return value -6
[roslaunch.pmon][INFO] 2020-06-16 20:55:30,870: ProcessMonitor exit: killing rosout-1
[roslaunch][INFO] 2020-06-16 20:55:30,870: [rosout-1] killing on exit
[roslaunch][INFO] 2020-06-16 20:55:30,871: process[rosout-1]: killing os process with pid[855] pgid[855]
[roslaunch][INFO] 2020-06-16 20:55:30,871: [rosout-1] sending SIGINT to pgid [855]
[roslaunch][INFO] 2020-06-16 20:55:30,871: [rosout-1] sent SIGINT to pgid [855]
[roslaunch][INFO] 2020-06-16 20:55:31,071: process[rosout-1]: SIGINT killed with return value 0
[roslaunch.pmon][INFO] 2020-06-16 20:55:31,072: ProcessMonitor exit: killing master
[roslaunch][INFO] 2020-06-16 20:55:31,072: [master] killing on exit
[roslaunch][INFO] 2020-06-16 20:55:31,072: process[master]: killing os process with pid[844] pgid[844]
[roslaunch][INFO] 2020-06-16 20:55:31,073: [master] sending SIGINT to pgid [844]
[roslaunch][INFO] 2020-06-16 20:55:31,073: [master] sent SIGINT to pgid [844]
[roslaunch][INFO] 2020-06-16 20:55:31,274: process[master]: SIGINT killed with return value 0
[roslaunch.pmon][INFO] 2020-06-16 20:55:31,275: ProcessMonitor exit: cleaning up data structures and signals
[roslaunch.pmon][INFO] 2020-06-16 20:55:31,276: ProcessMonitor exit: pmon has shutdown
[roslaunch][INFO] 2020-06-16 20:55:31,303: process monitor is done spinning, initiating full shutdown
[roslaunch][INFO] 2020-06-16 20:55:31,303: runner.stop()
[roslaunch][INFO] 2020-06-16 20:55:31,303: shutting down processing monitor...
[roslaunch][INFO] 2020-06-16 20:55:31,304: shutting down processing monitor <ProcessMonitor(ProcessMonitor-1, stopped daemon 140088051853056)>
[roslaunch.pmon][INFO] 2020-06-16 20:55:31,304: ProcessMonitor.shutdown <ProcessMonitor(ProcessMonitor-1, stopped daemon 140088051853056)>
[roslaunch][INFO] 2020-06-16 20:55:31,304: ... shutting down processing monitor complete
[roslaunch][INFO] 2020-06-16 20:55:31,304: done
[roslaunch.pmon][INFO] 2020-06-16 20:55:31,305: ProcessMonitor.shutdown <ProcessMonitor(ProcessMonitor-1, stopped daemon 140088051853056)>
[rospy.core][INFO] 2020-06-16 20:55:31,306: signal_shutdown [atexit]
