[roslaunch][INFO] 2020-06-16 20:38:02,649: Checking log directory for disk usage. This may take a while.
Press Ctrl-C to interrupt
[roslaunch][INFO] 2020-06-16 20:38:02,653: Done checking log file disk usage. Usage is <1GB.
[roslaunch][INFO] 2020-06-16 20:38:02,653: roslaunch starting with args ['/opt/ros/melodic/bin/roslaunch', 'mpnet_plan', 'simulate_mpnet.launch']
[roslaunch][INFO] 2020-06-16 20:38:02,654: roslaunch env is {'ROS_DISTRO': 'melodic', 'ROSLISP_PACKAGE_DIRECTORIES': '/root/project/devel/share/common-lisp', 'CUDA_VERSION': '10.1.243', 'ROS_PACKAGE_PATH': '/root/project/src:/opt/ros/melodic/share', 'HOME': '/root', 'CMAKE_PREFIX_PATH': '/root/project/devel:/opt/ros/melodic', 'DISPLAY': ':0', 'LANG': 'C.UTF-8', 'TERM': 'xterm', 'ROS_LOG_FILENAME': '/root/.ros/log/462720c4-b011-11ea-a667-0242ac110003/roslaunch-3ff6fdf48960-29185.log', 'LIBRARY_PATH': '/usr/local/cuda/lib64/stubs', 'CUDA_PKG_VERSION': '10-1=10.1.243-1', 'SHLVL': '1', 'NCCL_VERSION': '2.4.8', 'LD_LIBRARY_PATH': '/root/project/devel/lib:/opt/ros/melodic/lib:/usr/local/cuda/extras/CUPTI/lib64:/usr/local/nvidia/lib:/usr/local/nvidia/lib64:/usr/lib/x86_64-linux-gnu:/usr/lib/i386-linux-gnu:/usr/local/nvidia/lib:/usr/local/nvidia/lib64', 'NVIDIA_VISIBLE_DEVICES': 'all', 'ROS_MASTER_URI': 'http://localhost:11311', 'CUDNN_VERSION': '7.6.5.32', 'ROS_PYTHON_VERSION': '2', 'PYTHONPATH': '/opt/ros/melodic/lib/python2.7/dist-packages', 'ROS_ROOT': '/opt/ros/melodic/share/ros', 'PATH': '/opt/ros/melodic/bin:/usr/local/nvidia/bin:/usr/local/cuda/bin:/usr/local/nvidia/bin:/usr/local/cuda/bin:/usr/local/sbin:/usr/local/bin:/usr/sbin:/usr/bin:/sbin:/bin', 'PKG_CONFIG_PATH': '/root/project/devel/lib/pkgconfig:/opt/ros/melodic/lib/pkgconfig', 'LC_ALL': 'C.UTF-8', 'NVIDIA_DRIVER_CAPABILITIES': 'compute,utility,graphics', '_': '/opt/ros/melodic/bin/roslaunch', 'NVIDIA_REQUIRE_CUDA': 'cuda>=10.0 brand=tesla,driver>=384,driver<385', 'OLDPWD': '/root/project/src', 'HOSTNAME': '3ff6fdf48960', 'PWD': '/root/project', 'ROS_ETC_DIR': '/opt/ros/melodic/etc/ros', 'ROS_VERSION': '1'}
[roslaunch][INFO] 2020-06-16 20:38:02,654: starting in server mode
[roslaunch.parent][INFO] 2020-06-16 20:38:02,654: starting roslaunch parent run
[roslaunch][INFO] 2020-06-16 20:38:02,654: loading roscore config file /opt/ros/melodic/etc/ros/roscore.xml
[roslaunch][INFO] 2020-06-16 20:38:02,793: Added core node of type [rosout/rosout] in namespace [/]
[roslaunch.config][INFO] 2020-06-16 20:38:02,793: loading config file /root/project/src/mpnet_local_planner/launch/simulate_mpnet.launch
[roslaunch][INFO] 2020-06-16 20:38:02,829: Added node of type [map_server/map_server] in namespace [/]
[roslaunch][INFO] 2020-06-16 20:38:02,883: Added node of type [robot_state_publisher/state_publisher] in namespace [/]
[roslaunch][INFO] 2020-06-16 20:38:02,891: Added node of type [racecar_simulator/simulate] in namespace [/]
[roslaunch][INFO] 2020-06-16 20:38:02,891: Added node of type [tf2_ros/static_transform_publisher] in namespace [/static_tf/]
[roslaunch][INFO] 2020-06-16 20:38:02,903: Added node of type [move_base/move_base] in namespace [/]
[roslaunch][INFO] 2020-06-16 20:38:02,904: Added node of type [rviz/rviz] in namespace [/]
[roslaunch][INFO] 2020-06-16 20:38:02,904: ... selected machine [] for node of type [map_server/map_server]
[roslaunch][INFO] 2020-06-16 20:38:02,904: ... selected machine [] for node of type [robot_state_publisher/state_publisher]
[roslaunch][INFO] 2020-06-16 20:38:02,904: ... selected machine [] for node of type [racecar_simulator/simulate]
[roslaunch][INFO] 2020-06-16 20:38:02,904: ... selected machine [] for node of type [tf2_ros/static_transform_publisher]
[roslaunch][INFO] 2020-06-16 20:38:02,904: ... selected machine [] for node of type [move_base/move_base]
[roslaunch][INFO] 2020-06-16 20:38:02,904: ... selected machine [] for node of type [rviz/rviz]
[roslaunch.pmon][INFO] 2020-06-16 20:38:02,905: start_process_monitor: creating ProcessMonitor
[roslaunch.pmon][INFO] 2020-06-16 20:38:02,905: created process monitor <ProcessMonitor(ProcessMonitor-1, initial daemon)>
[roslaunch.pmon][INFO] 2020-06-16 20:38:02,905: start_process_monitor: ProcessMonitor started
[roslaunch.parent][INFO] 2020-06-16 20:38:02,905: starting parent XML-RPC server
[roslaunch.server][INFO] 2020-06-16 20:38:02,905: starting roslaunch XML-RPC server
[roslaunch.server][INFO] 2020-06-16 20:38:02,906: waiting for roslaunch XML-RPC server to initialize
[xmlrpc][INFO] 2020-06-16 20:38:02,906: XML-RPC server binding to 0.0.0.0:0
[xmlrpc][INFO] 2020-06-16 20:38:02,906: Started XML-RPC server [http://3ff6fdf48960:44997/]
[xmlrpc][INFO] 2020-06-16 20:38:02,906: xml rpc node: starting XML-RPC server
[roslaunch][INFO] 2020-06-16 20:38:02,917: started roslaunch server http://3ff6fdf48960:44997/
[roslaunch.parent][INFO] 2020-06-16 20:38:02,917: ... parent XML-RPC server started
[roslaunch][INFO] 2020-06-16 20:38:02,919: master.is_running[http://localhost:11311]
[roslaunch][INFO] 2020-06-16 20:38:02,919: auto-starting new master
[roslaunch][INFO] 2020-06-16 20:38:02,919: create_master_process: rosmaster, /opt/ros/melodic/share/ros, 11311, 3, None, False
[roslaunch][INFO] 2020-06-16 20:38:02,919: process[master]: launching with args [['rosmaster', '--core', '-p', '11311', '-w', '3']]
[roslaunch.pmon][INFO] 2020-06-16 20:38:02,919: ProcessMonitor.register[master]
[roslaunch.pmon][INFO] 2020-06-16 20:38:02,920: ProcessMonitor.register[master] complete
[roslaunch][INFO] 2020-06-16 20:38:02,920: process[master]: starting os process
[roslaunch][INFO] 2020-06-16 20:38:02,920: process[master]: start w/ args [['rosmaster', '--core', '-p', '11311', '-w', '3', '__log:=/root/.ros/log/462720c4-b011-11ea-a667-0242ac110003/master.log']]
[roslaunch][INFO] 2020-06-16 20:38:02,920: process[master]: cwd will be [/root/.ros]
[roslaunch][INFO] 2020-06-16 20:38:03,359: process[master]: started with pid [29198]
[roslaunch][INFO] 2020-06-16 20:38:03,359: master.is_running[http://localhost:11311]
[roslaunch][INFO] 2020-06-16 20:38:03,460: master.is_running[http://localhost:11311]
[roslaunch][INFO] 2020-06-16 20:38:03,561: master.is_running[http://localhost:11311]
[roslaunch][INFO] 2020-06-16 20:38:03,563: master.is_running[http://localhost:11311]
[roslaunch][INFO] 2020-06-16 20:38:03,564: ROS_MASTER_URI=http://localhost:11311
[roslaunch][INFO] 2020-06-16 20:38:03,565: setting /run_id to 462720c4-b011-11ea-a667-0242ac110003
[roslaunch][INFO] 2020-06-16 20:38:03,566: setting /roslaunch/uris/host_3ff6fdf48960__44997' to http://3ff6fdf48960:44997/
[roslaunch][INFO] 2020-06-16 20:38:03,567: ... preparing to launch node of type [rosout/rosout]
[roslaunch][INFO] 2020-06-16 20:38:03,567: create_node_process: package[rosout] type[rosout] machine[Machine(name[] env_loader[None] address[localhost] ssh_port[22] user[None] assignable[True] timeout[10.0])] master_uri[http://localhost:11311]
[roslaunch][INFO] 2020-06-16 20:38:03,568: process[rosout-1]: env[{'ROS_DISTRO': 'melodic', 'ROSLISP_PACKAGE_DIRECTORIES': '/root/project/devel/share/common-lisp', 'CUDA_VERSION': '10.1.243', 'HOME': '/root', 'PATH': '/opt/ros/melodic/bin:/usr/local/nvidia/bin:/usr/local/cuda/bin:/usr/local/nvidia/bin:/usr/local/cuda/bin:/usr/local/sbin:/usr/local/bin:/usr/sbin:/usr/bin:/sbin:/bin', 'CMAKE_PREFIX_PATH': '/root/project/devel:/opt/ros/melodic', 'ROS_LOG_FILENAME': '/root/.ros/log/462720c4-b011-11ea-a667-0242ac110003/roslaunch-3ff6fdf48960-29185.log', 'LANG': 'C.UTF-8', 'TERM': 'xterm', 'LIBRARY_PATH': '/usr/local/cuda/lib64/stubs', 'CUDA_PKG_VERSION': '10-1=10.1.243-1', 'SHLVL': '1', 'NCCL_VERSION': '2.4.8', 'LD_LIBRARY_PATH': '/root/project/devel/lib:/opt/ros/melodic/lib:/usr/local/cuda/extras/CUPTI/lib64:/usr/local/nvidia/lib:/usr/local/nvidia/lib64:/usr/lib/x86_64-linux-gnu:/usr/lib/i386-linux-gnu:/usr/local/nvidia/lib:/usr/local/nvidia/lib64', 'NVIDIA_VISIBLE_DEVICES': 'all', 'ROS_ETC_DIR': '/opt/ros/melodic/etc/ros', 'CUDNN_VERSION': '7.6.5.32', 'ROS_PYTHON_VERSION': '2', 'LC_ALL': 'C.UTF-8', 'PYTHONPATH': '/opt/ros/melodic/lib/python2.7/dist-packages', 'ROS_ROOT': '/opt/ros/melodic/share/ros', 'PKG_CONFIG_PATH': '/root/project/devel/lib/pkgconfig:/opt/ros/melodic/lib/pkgconfig', 'ROS_PACKAGE_PATH': '/root/project/src:/opt/ros/melodic/share', 'NVIDIA_DRIVER_CAPABILITIES': 'compute,utility,graphics', '_': '/opt/ros/melodic/bin/roslaunch', 'DISPLAY': ':0', 'NVIDIA_REQUIRE_CUDA': 'cuda>=10.0 brand=tesla,driver>=384,driver<385', 'OLDPWD': '/root/project/src', 'HOSTNAME': '3ff6fdf48960', 'PWD': '/root/project', 'ROS_MASTER_URI': 'http://localhost:11311', 'ROS_VERSION': '1'}]
[roslaunch][INFO] 2020-06-16 20:38:03,606: process[rosout-1]: args[[u'/opt/ros/melodic/lib/rosout/rosout', u'__name:=rosout']]
[roslaunch][INFO] 2020-06-16 20:38:03,606: ... created process [rosout-1]
[roslaunch.pmon][INFO] 2020-06-16 20:38:03,606: ProcessMonitor.register[rosout-1]
[roslaunch.pmon][INFO] 2020-06-16 20:38:03,607: ProcessMonitor.register[rosout-1] complete
[roslaunch][INFO] 2020-06-16 20:38:03,607: ... registered process [rosout-1]
[roslaunch][INFO] 2020-06-16 20:38:03,607: process[rosout-1]: starting os process
[roslaunch][INFO] 2020-06-16 20:38:03,607: process[rosout-1]: start w/ args [[u'/opt/ros/melodic/lib/rosout/rosout', u'__name:=rosout', u'__log:=/root/.ros/log/462720c4-b011-11ea-a667-0242ac110003/rosout-1.log']]
[roslaunch][INFO] 2020-06-16 20:38:03,607: process[rosout-1]: cwd will be [/root/.ros]
[roslaunch][INFO] 2020-06-16 20:38:04,049: process[rosout-1]: started with pid [29209]
[roslaunch][INFO] 2020-06-16 20:38:04,049: ... successfully launched [rosout-1]
[roslaunch][INFO] 2020-06-16 20:38:04,050: load_parameters starting ...
[roslaunch][INFO] 2020-06-16 20:38:04,075: ... load_parameters complete
[roslaunch][INFO] 2020-06-16 20:38:04,075: launch_nodes: launching local nodes ...
[roslaunch][INFO] 2020-06-16 20:38:04,075: ... preparing to launch node of type [map_server/map_server]
[roslaunch][INFO] 2020-06-16 20:38:04,075: create_node_process: package[map_server] type[map_server] machine[Machine(name[] env_loader[None] address[localhost] ssh_port[22] user[None] assignable[True] timeout[10.0])] master_uri[http://localhost:11311]
[roslaunch][INFO] 2020-06-16 20:38:04,076: process[map_server-2]: env[{'ROS_DISTRO': 'melodic', 'ROSLISP_PACKAGE_DIRECTORIES': '/root/project/devel/share/common-lisp', 'CUDA_VERSION': '10.1.243', 'HOME': '/root', 'PATH': '/opt/ros/melodic/bin:/usr/local/nvidia/bin:/usr/local/cuda/bin:/usr/local/nvidia/bin:/usr/local/cuda/bin:/usr/local/sbin:/usr/local/bin:/usr/sbin:/usr/bin:/sbin:/bin', 'CMAKE_PREFIX_PATH': '/root/project/devel:/opt/ros/melodic', 'ROS_LOG_FILENAME': '/root/.ros/log/462720c4-b011-11ea-a667-0242ac110003/roslaunch-3ff6fdf48960-29185.log', 'LANG': 'C.UTF-8', 'TERM': 'xterm', 'LIBRARY_PATH': '/usr/local/cuda/lib64/stubs', 'CUDA_PKG_VERSION': '10-1=10.1.243-1', 'SHLVL': '1', 'NCCL_VERSION': '2.4.8', 'LD_LIBRARY_PATH': '/root/project/devel/lib:/opt/ros/melodic/lib:/usr/local/cuda/extras/CUPTI/lib64:/usr/local/nvidia/lib:/usr/local/nvidia/lib64:/usr/lib/x86_64-linux-gnu:/usr/lib/i386-linux-gnu:/usr/local/nvidia/lib:/usr/local/nvidia/lib64', 'NVIDIA_VISIBLE_DEVICES': 'all', 'ROS_ETC_DIR': '/opt/ros/melodic/etc/ros', 'CUDNN_VERSION': '7.6.5.32', 'ROS_PYTHON_VERSION': '2', 'LC_ALL': 'C.UTF-8', 'PYTHONPATH': '/opt/ros/melodic/lib/python2.7/dist-packages', 'ROS_ROOT': '/opt/ros/melodic/share/ros', 'PKG_CONFIG_PATH': '/root/project/devel/lib/pkgconfig:/opt/ros/melodic/lib/pkgconfig', 'ROS_PACKAGE_PATH': '/root/project/src:/opt/ros/melodic/share', 'NVIDIA_DRIVER_CAPABILITIES': 'compute,utility,graphics', '_': '/opt/ros/melodic/bin/roslaunch', 'DISPLAY': ':0', 'NVIDIA_REQUIRE_CUDA': 'cuda>=10.0 brand=tesla,driver>=384,driver<385', 'OLDPWD': '/root/project/src', 'HOSTNAME': '3ff6fdf48960', 'PWD': '/root/project', 'ROS_MASTER_URI': 'http://localhost:11311', 'ROS_VERSION': '1'}]
[roslaunch][INFO] 2020-06-16 20:38:04,076: process[map_server-2]: args[[u'/opt/ros/melodic/lib/map_server/map_server', '/root/project/src/racecar_simulator/maps/mymap.yaml', u'__name:=map_server']]
[roslaunch][INFO] 2020-06-16 20:38:04,076: ... created process [map_server-2]
[roslaunch.pmon][INFO] 2020-06-16 20:38:04,077: ProcessMonitor.register[map_server-2]
[roslaunch.pmon][INFO] 2020-06-16 20:38:04,077: ProcessMonitor.register[map_server-2] complete
[roslaunch][INFO] 2020-06-16 20:38:04,077: ... registered process [map_server-2]
[roslaunch][INFO] 2020-06-16 20:38:04,077: process[map_server-2]: starting os process
[roslaunch][INFO] 2020-06-16 20:38:04,077: process[map_server-2]: start w/ args [[u'/opt/ros/melodic/lib/map_server/map_server', '/root/project/src/racecar_simulator/maps/mymap.yaml', u'__name:=map_server', u'__log:=/root/.ros/log/462720c4-b011-11ea-a667-0242ac110003/map_server-2.log']]
[roslaunch][INFO] 2020-06-16 20:38:04,077: process[map_server-2]: cwd will be [/root/.ros]
[roslaunch][INFO] 2020-06-16 20:38:04,517: process[map_server-2]: started with pid [29216]
[roslaunch][INFO] 2020-06-16 20:38:04,517: ... successfully launched [map_server-2]
[roslaunch][INFO] 2020-06-16 20:38:04,517: ... preparing to launch node of type [robot_state_publisher/state_publisher]
[roslaunch][INFO] 2020-06-16 20:38:04,517: create_node_process: package[robot_state_publisher] type[state_publisher] machine[Machine(name[] env_loader[None] address[localhost] ssh_port[22] user[None] assignable[True] timeout[10.0])] master_uri[http://localhost:11311]
[roslaunch][INFO] 2020-06-16 20:38:04,518: process[robot_state_publisher-3]: env[{'ROS_DISTRO': 'melodic', 'ROSLISP_PACKAGE_DIRECTORIES': '/root/project/devel/share/common-lisp', 'CUDA_VERSION': '10.1.243', 'HOME': '/root', 'PATH': '/opt/ros/melodic/bin:/usr/local/nvidia/bin:/usr/local/cuda/bin:/usr/local/nvidia/bin:/usr/local/cuda/bin:/usr/local/sbin:/usr/local/bin:/usr/sbin:/usr/bin:/sbin:/bin', 'CMAKE_PREFIX_PATH': '/root/project/devel:/opt/ros/melodic', 'ROS_LOG_FILENAME': '/root/.ros/log/462720c4-b011-11ea-a667-0242ac110003/roslaunch-3ff6fdf48960-29185.log', 'LANG': 'C.UTF-8', 'TERM': 'xterm', 'LIBRARY_PATH': '/usr/local/cuda/lib64/stubs', 'CUDA_PKG_VERSION': '10-1=10.1.243-1', 'SHLVL': '1', 'NCCL_VERSION': '2.4.8', 'LD_LIBRARY_PATH': '/root/project/devel/lib:/opt/ros/melodic/lib:/usr/local/cuda/extras/CUPTI/lib64:/usr/local/nvidia/lib:/usr/local/nvidia/lib64:/usr/lib/x86_64-linux-gnu:/usr/lib/i386-linux-gnu:/usr/local/nvidia/lib:/usr/local/nvidia/lib64', 'NVIDIA_VISIBLE_DEVICES': 'all', 'ROS_ETC_DIR': '/opt/ros/melodic/etc/ros', 'CUDNN_VERSION': '7.6.5.32', 'ROS_PYTHON_VERSION': '2', 'LC_ALL': 'C.UTF-8', 'PYTHONPATH': '/opt/ros/melodic/lib/python2.7/dist-packages', 'ROS_ROOT': '/opt/ros/melodic/share/ros', 'PKG_CONFIG_PATH': '/root/project/devel/lib/pkgconfig:/opt/ros/melodic/lib/pkgconfig', 'ROS_PACKAGE_PATH': '/root/project/src:/opt/ros/melodic/share', 'NVIDIA_DRIVER_CAPABILITIES': 'compute,utility,graphics', '_': '/opt/ros/melodic/bin/roslaunch', 'DISPLAY': ':0', 'NVIDIA_REQUIRE_CUDA': 'cuda>=10.0 brand=tesla,driver>=384,driver<385', 'OLDPWD': '/root/project/src', 'HOSTNAME': '3ff6fdf48960', 'PWD': '/root/project', 'ROS_MASTER_URI': 'http://localhost:11311', 'ROS_VERSION': '1'}]
[roslaunch][INFO] 2020-06-16 20:38:04,518: process[robot_state_publisher-3]: args[[u'/opt/ros/melodic/lib/robot_state_publisher/state_publisher', u'__name:=robot_state_publisher']]
[roslaunch][INFO] 2020-06-16 20:38:04,519: ... created process [robot_state_publisher-3]
[roslaunch.pmon][INFO] 2020-06-16 20:38:04,519: ProcessMonitor.register[robot_state_publisher-3]
[roslaunch.pmon][INFO] 2020-06-16 20:38:04,519: ProcessMonitor.register[robot_state_publisher-3] complete
[roslaunch][INFO] 2020-06-16 20:38:04,519: ... registered process [robot_state_publisher-3]
[roslaunch][INFO] 2020-06-16 20:38:04,519: process[robot_state_publisher-3]: starting os process
[roslaunch][INFO] 2020-06-16 20:38:04,519: process[robot_state_publisher-3]: start w/ args [[u'/opt/ros/melodic/lib/robot_state_publisher/state_publisher', u'__name:=robot_state_publisher', u'__log:=/root/.ros/log/462720c4-b011-11ea-a667-0242ac110003/robot_state_publisher-3.log']]
[roslaunch][INFO] 2020-06-16 20:38:04,519: process[robot_state_publisher-3]: cwd will be [/root/.ros]
[roslaunch][INFO] 2020-06-16 20:38:04,971: process[robot_state_publisher-3]: started with pid [29217]
[roslaunch][INFO] 2020-06-16 20:38:04,971: ... successfully launched [robot_state_publisher-3]
[roslaunch][INFO] 2020-06-16 20:38:04,972: ... preparing to launch node of type [racecar_simulator/simulate]
[roslaunch][INFO] 2020-06-16 20:38:04,972: create_node_process: package[racecar_simulator] type[simulate] machine[Machine(name[] env_loader[None] address[localhost] ssh_port[22] user[None] assignable[True] timeout[10.0])] master_uri[http://localhost:11311]
[roslaunch][INFO] 2020-06-16 20:38:04,972: process[racecar_simulator-4]: env[{'ROS_DISTRO': 'melodic', 'ROSLISP_PACKAGE_DIRECTORIES': '/root/project/devel/share/common-lisp', 'CUDA_VERSION': '10.1.243', 'HOME': '/root', 'PATH': '/opt/ros/melodic/bin:/usr/local/nvidia/bin:/usr/local/cuda/bin:/usr/local/nvidia/bin:/usr/local/cuda/bin:/usr/local/sbin:/usr/local/bin:/usr/sbin:/usr/bin:/sbin:/bin', 'CMAKE_PREFIX_PATH': '/root/project/devel:/opt/ros/melodic', 'ROS_LOG_FILENAME': '/root/.ros/log/462720c4-b011-11ea-a667-0242ac110003/roslaunch-3ff6fdf48960-29185.log', 'LANG': 'C.UTF-8', 'TERM': 'xterm', 'LIBRARY_PATH': '/usr/local/cuda/lib64/stubs', 'CUDA_PKG_VERSION': '10-1=10.1.243-1', 'SHLVL': '1', 'NCCL_VERSION': '2.4.8', 'LD_LIBRARY_PATH': '/root/project/devel/lib:/opt/ros/melodic/lib:/usr/local/cuda/extras/CUPTI/lib64:/usr/local/nvidia/lib:/usr/local/nvidia/lib64:/usr/lib/x86_64-linux-gnu:/usr/lib/i386-linux-gnu:/usr/local/nvidia/lib:/usr/local/nvidia/lib64', 'NVIDIA_VISIBLE_DEVICES': 'all', 'ROS_ETC_DIR': '/opt/ros/melodic/etc/ros', 'CUDNN_VERSION': '7.6.5.32', 'ROS_PYTHON_VERSION': '2', 'LC_ALL': 'C.UTF-8', 'PYTHONPATH': '/opt/ros/melodic/lib/python2.7/dist-packages', 'ROS_ROOT': '/opt/ros/melodic/share/ros', 'PKG_CONFIG_PATH': '/root/project/devel/lib/pkgconfig:/opt/ros/melodic/lib/pkgconfig', 'ROS_PACKAGE_PATH': '/root/project/src:/opt/ros/melodic/share', 'NVIDIA_DRIVER_CAPABILITIES': 'compute,utility,graphics', '_': '/opt/ros/melodic/bin/roslaunch', 'DISPLAY': ':0', 'NVIDIA_REQUIRE_CUDA': 'cuda>=10.0 brand=tesla,driver>=384,driver<385', 'OLDPWD': '/root/project/src', 'HOSTNAME': '3ff6fdf48960', 'PWD': '/root/project', 'ROS_MASTER_URI': 'http://localhost:11311', 'ROS_VERSION': '1'}]
[roslaunch][INFO] 2020-06-16 20:38:04,973: process[racecar_simulator-4]: args[[u'/root/project/devel/lib/racecar_simulator/simulate', u'__name:=racecar_simulator']]
[roslaunch][INFO] 2020-06-16 20:38:04,973: ... created process [racecar_simulator-4]
[roslaunch.pmon][INFO] 2020-06-16 20:38:04,974: ProcessMonitor.register[racecar_simulator-4]
[roslaunch.pmon][INFO] 2020-06-16 20:38:04,974: ProcessMonitor.register[racecar_simulator-4] complete
[roslaunch][INFO] 2020-06-16 20:38:04,974: ... registered process [racecar_simulator-4]
[roslaunch][INFO] 2020-06-16 20:38:04,974: process[racecar_simulator-4]: starting os process
[roslaunch][INFO] 2020-06-16 20:38:04,974: process[racecar_simulator-4]: start w/ args [[u'/root/project/devel/lib/racecar_simulator/simulate', u'__name:=racecar_simulator', u'__log:=/root/.ros/log/462720c4-b011-11ea-a667-0242ac110003/racecar_simulator-4.log']]
[roslaunch][INFO] 2020-06-16 20:38:04,974: process[racecar_simulator-4]: cwd will be [/root/.ros]
[roslaunch][INFO] 2020-06-16 20:38:05,435: process[racecar_simulator-4]: started with pid [29223]
[roslaunch][INFO] 2020-06-16 20:38:05,435: ... successfully launched [racecar_simulator-4]
[roslaunch][INFO] 2020-06-16 20:38:05,435: ... preparing to launch node of type [tf2_ros/static_transform_publisher]
[roslaunch][INFO] 2020-06-16 20:38:05,436: create_node_process: package[tf2_ros] type[static_transform_publisher] machine[Machine(name[] env_loader[None] address[localhost] ssh_port[22] user[None] assignable[True] timeout[10.0])] master_uri[http://localhost:11311]
[roslaunch][INFO] 2020-06-16 20:38:05,436: process[static_tf/base_to_laser_tf2-5]: env[{'ROS_DISTRO': 'melodic', 'ROSLISP_PACKAGE_DIRECTORIES': '/root/project/devel/share/common-lisp', 'CUDA_VERSION': '10.1.243', 'HOME': '/root', 'PATH': '/opt/ros/melodic/bin:/usr/local/nvidia/bin:/usr/local/cuda/bin:/usr/local/nvidia/bin:/usr/local/cuda/bin:/usr/local/sbin:/usr/local/bin:/usr/sbin:/usr/bin:/sbin:/bin', 'CMAKE_PREFIX_PATH': '/root/project/devel:/opt/ros/melodic', 'ROS_LOG_FILENAME': '/root/.ros/log/462720c4-b011-11ea-a667-0242ac110003/roslaunch-3ff6fdf48960-29185.log', 'LANG': 'C.UTF-8', 'TERM': 'xterm', 'LIBRARY_PATH': '/usr/local/cuda/lib64/stubs', 'CUDA_PKG_VERSION': '10-1=10.1.243-1', 'SHLVL': '1', 'NCCL_VERSION': '2.4.8', 'LD_LIBRARY_PATH': '/root/project/devel/lib:/opt/ros/melodic/lib:/usr/local/cuda/extras/CUPTI/lib64:/usr/local/nvidia/lib:/usr/local/nvidia/lib64:/usr/lib/x86_64-linux-gnu:/usr/lib/i386-linux-gnu:/usr/local/nvidia/lib:/usr/local/nvidia/lib64', 'NVIDIA_VISIBLE_DEVICES': 'all', 'ROS_ETC_DIR': '/opt/ros/melodic/etc/ros', 'CUDNN_VERSION': '7.6.5.32', 'ROS_PYTHON_VERSION': '2', 'LC_ALL': 'C.UTF-8', 'PYTHONPATH': '/opt/ros/melodic/lib/python2.7/dist-packages', 'ROS_NAMESPACE': '/static_tf', 'ROS_ROOT': '/opt/ros/melodic/share/ros', 'PKG_CONFIG_PATH': '/root/project/devel/lib/pkgconfig:/opt/ros/melodic/lib/pkgconfig', 'ROS_PACKAGE_PATH': '/root/project/src:/opt/ros/melodic/share', 'NVIDIA_DRIVER_CAPABILITIES': 'compute,utility,graphics', '_': '/opt/ros/melodic/bin/roslaunch', 'DISPLAY': ':0', 'NVIDIA_REQUIRE_CUDA': 'cuda>=10.0 brand=tesla,driver>=384,driver<385', 'OLDPWD': '/root/project/src', 'HOSTNAME': '3ff6fdf48960', 'PWD': '/root/project', 'ROS_MASTER_URI': 'http://localhost:11311', 'ROS_VERSION': '1'}]
[roslaunch][INFO] 2020-06-16 20:38:05,437: process[static_tf/base_to_laser_tf2-5]: args[[u'/opt/ros/melodic/lib/tf2_ros/static_transform_publisher', '0.1', '0.0', '0.30', '0.0', '0.0', '0.0', 'base_link', 'laser', u'__name:=base_to_laser_tf2']]
[roslaunch][INFO] 2020-06-16 20:38:05,437: ... created process [static_tf/base_to_laser_tf2-5]
[roslaunch.pmon][INFO] 2020-06-16 20:38:05,437: ProcessMonitor.register[static_tf/base_to_laser_tf2-5]
[roslaunch.pmon][INFO] 2020-06-16 20:38:05,437: ProcessMonitor.register[static_tf/base_to_laser_tf2-5] complete
[roslaunch][INFO] 2020-06-16 20:38:05,437: ... registered process [static_tf/base_to_laser_tf2-5]
[roslaunch][INFO] 2020-06-16 20:38:05,437: process[static_tf/base_to_laser_tf2-5]: starting os process
[roslaunch][INFO] 2020-06-16 20:38:05,437: process[static_tf/base_to_laser_tf2-5]: start w/ args [[u'/opt/ros/melodic/lib/tf2_ros/static_transform_publisher', '0.1', '0.0', '0.30', '0.0', '0.0', '0.0', 'base_link', 'laser', u'__name:=base_to_laser_tf2', u'__log:=/root/.ros/log/462720c4-b011-11ea-a667-0242ac110003/static_tf-base_to_laser_tf2-5.log']]
[roslaunch][INFO] 2020-06-16 20:38:05,438: process[static_tf/base_to_laser_tf2-5]: cwd will be [/root/.ros]
[roslaunch][INFO] 2020-06-16 20:38:05,895: process[static_tf/base_to_laser_tf2-5]: started with pid [29230]
[roslaunch][INFO] 2020-06-16 20:38:05,895: ... successfully launched [static_tf/base_to_laser_tf2-5]
[roslaunch][INFO] 2020-06-16 20:38:05,896: ... preparing to launch node of type [move_base/move_base]
[roslaunch][INFO] 2020-06-16 20:38:05,896: create_node_process: package[move_base] type[move_base] machine[Machine(name[] env_loader[None] address[localhost] ssh_port[22] user[None] assignable[True] timeout[10.0])] master_uri[http://localhost:11311]
[roslaunch][INFO] 2020-06-16 20:38:05,896: process[move_base-6]: env[{'ROS_DISTRO': 'melodic', 'ROSLISP_PACKAGE_DIRECTORIES': '/root/project/devel/share/common-lisp', 'CUDA_VERSION': '10.1.243', 'HOME': '/root', 'PATH': '/opt/ros/melodic/bin:/usr/local/nvidia/bin:/usr/local/cuda/bin:/usr/local/nvidia/bin:/usr/local/cuda/bin:/usr/local/sbin:/usr/local/bin:/usr/sbin:/usr/bin:/sbin:/bin', 'CMAKE_PREFIX_PATH': '/root/project/devel:/opt/ros/melodic', 'ROS_LOG_FILENAME': '/root/.ros/log/462720c4-b011-11ea-a667-0242ac110003/roslaunch-3ff6fdf48960-29185.log', 'LANG': 'C.UTF-8', 'TERM': 'xterm', 'LIBRARY_PATH': '/usr/local/cuda/lib64/stubs', 'CUDA_PKG_VERSION': '10-1=10.1.243-1', 'SHLVL': '1', 'NCCL_VERSION': '2.4.8', 'LD_LIBRARY_PATH': '/root/project/devel/lib:/opt/ros/melodic/lib:/usr/local/cuda/extras/CUPTI/lib64:/usr/local/nvidia/lib:/usr/local/nvidia/lib64:/usr/lib/x86_64-linux-gnu:/usr/lib/i386-linux-gnu:/usr/local/nvidia/lib:/usr/local/nvidia/lib64', 'NVIDIA_VISIBLE_DEVICES': 'all', 'ROS_ETC_DIR': '/opt/ros/melodic/etc/ros', 'CUDNN_VERSION': '7.6.5.32', 'ROS_PYTHON_VERSION': '2', 'LC_ALL': 'C.UTF-8', 'PYTHONPATH': '/opt/ros/melodic/lib/python2.7/dist-packages', 'ROS_ROOT': '/opt/ros/melodic/share/ros', 'PKG_CONFIG_PATH': '/root/project/devel/lib/pkgconfig:/opt/ros/melodic/lib/pkgconfig', 'ROS_PACKAGE_PATH': '/root/project/src:/opt/ros/melodic/share', 'NVIDIA_DRIVER_CAPABILITIES': 'compute,utility,graphics', '_': '/opt/ros/melodic/bin/roslaunch', 'DISPLAY': ':0', 'NVIDIA_REQUIRE_CUDA': 'cuda>=10.0 brand=tesla,driver>=384,driver<385', 'OLDPWD': '/root/project/src', 'HOSTNAME': '3ff6fdf48960', 'PWD': '/root/project', 'ROS_MASTER_URI': 'http://localhost:11311', 'ROS_VERSION': '1'}]
[roslaunch][INFO] 2020-06-16 20:38:05,897: process[move_base-6]: args[[u'/opt/ros/melodic/lib/move_base/move_base', u'__name:=move_base']]
[roslaunch][INFO] 2020-06-16 20:38:05,897: ... created process [move_base-6]
[roslaunch.pmon][INFO] 2020-06-16 20:38:05,897: ProcessMonitor.register[move_base-6]
[roslaunch.pmon][INFO] 2020-06-16 20:38:05,897: ProcessMonitor.register[move_base-6] complete
[roslaunch][INFO] 2020-06-16 20:38:05,897: ... registered process [move_base-6]
[roslaunch][INFO] 2020-06-16 20:38:05,897: process[move_base-6]: starting os process
[roslaunch][INFO] 2020-06-16 20:38:05,897: process[move_base-6]: start w/ args [[u'/opt/ros/melodic/lib/move_base/move_base', u'__name:=move_base', u'__log:=/root/.ros/log/462720c4-b011-11ea-a667-0242ac110003/move_base-6.log']]
[roslaunch][INFO] 2020-06-16 20:38:05,897: process[move_base-6]: cwd will be [/root/.ros]
[roslaunch][INFO] 2020-06-16 20:38:06,356: process[move_base-6]: started with pid [29237]
[roslaunch][INFO] 2020-06-16 20:38:06,356: ... successfully launched [move_base-6]
[roslaunch][INFO] 2020-06-16 20:38:06,356: ... preparing to launch node of type [rviz/rviz]
[roslaunch][INFO] 2020-06-16 20:38:06,356: create_node_process: package[rviz] type[rviz] machine[Machine(name[] env_loader[None] address[localhost] ssh_port[22] user[None] assignable[True] timeout[10.0])] master_uri[http://localhost:11311]
[roslaunch][INFO] 2020-06-16 20:38:06,356: process[rviz-7]: env[{'ROS_DISTRO': 'melodic', 'ROSLISP_PACKAGE_DIRECTORIES': '/root/project/devel/share/common-lisp', 'CUDA_VERSION': '10.1.243', 'HOME': '/root', 'PATH': '/opt/ros/melodic/bin:/usr/local/nvidia/bin:/usr/local/cuda/bin:/usr/local/nvidia/bin:/usr/local/cuda/bin:/usr/local/sbin:/usr/local/bin:/usr/sbin:/usr/bin:/sbin:/bin', 'CMAKE_PREFIX_PATH': '/root/project/devel:/opt/ros/melodic', 'ROS_LOG_FILENAME': '/root/.ros/log/462720c4-b011-11ea-a667-0242ac110003/roslaunch-3ff6fdf48960-29185.log', 'LANG': 'C.UTF-8', 'TERM': 'xterm', 'LIBRARY_PATH': '/usr/local/cuda/lib64/stubs', 'CUDA_PKG_VERSION': '10-1=10.1.243-1', 'SHLVL': '1', 'NCCL_VERSION': '2.4.8', 'LD_LIBRARY_PATH': '/root/project/devel/lib:/opt/ros/melodic/lib:/usr/local/cuda/extras/CUPTI/lib64:/usr/local/nvidia/lib:/usr/local/nvidia/lib64:/usr/lib/x86_64-linux-gnu:/usr/lib/i386-linux-gnu:/usr/local/nvidia/lib:/usr/local/nvidia/lib64', 'NVIDIA_VISIBLE_DEVICES': 'all', 'ROS_ETC_DIR': '/opt/ros/melodic/etc/ros', 'CUDNN_VERSION': '7.6.5.32', 'ROS_PYTHON_VERSION': '2', 'LC_ALL': 'C.UTF-8', 'PYTHONPATH': '/opt/ros/melodic/lib/python2.7/dist-packages', 'ROS_ROOT': '/opt/ros/melodic/share/ros', 'PKG_CONFIG_PATH': '/root/project/devel/lib/pkgconfig:/opt/ros/melodic/lib/pkgconfig', 'ROS_PACKAGE_PATH': '/root/project/src:/opt/ros/melodic/share', 'NVIDIA_DRIVER_CAPABILITIES': 'compute,utility,graphics', '_': '/opt/ros/melodic/bin/roslaunch', 'DISPLAY': ':0', 'NVIDIA_REQUIRE_CUDA': 'cuda>=10.0 brand=tesla,driver>=384,driver<385', 'OLDPWD': '/root/project/src', 'HOSTNAME': '3ff6fdf48960', 'PWD': '/root/project', 'ROS_MASTER_URI': 'http://localhost:11311', 'ROS_VERSION': '1'}]
[roslaunch][INFO] 2020-06-16 20:38:06,361: process[rviz-7]: args[[u'/opt/ros/melodic/lib/rviz/rviz', '-d', '/root/project/src/mpnet_local_planner/launch/mpnet_launch.rviz', u'__name:=rviz']]
[roslaunch][INFO] 2020-06-16 20:38:06,361: ... created process [rviz-7]
[roslaunch.pmon][INFO] 2020-06-16 20:38:06,361: ProcessMonitor.register[rviz-7]
[roslaunch.pmon][INFO] 2020-06-16 20:38:06,361: ProcessMonitor.register[rviz-7] complete
[roslaunch][INFO] 2020-06-16 20:38:06,361: ... registered process [rviz-7]
[roslaunch][INFO] 2020-06-16 20:38:06,361: process[rviz-7]: starting os process
[roslaunch][INFO] 2020-06-16 20:38:06,361: process[rviz-7]: start w/ args [[u'/opt/ros/melodic/lib/rviz/rviz', '-d', '/root/project/src/mpnet_local_planner/launch/mpnet_launch.rviz', u'__name:=rviz', u'__log:=/root/.ros/log/462720c4-b011-11ea-a667-0242ac110003/rviz-7.log']]
[roslaunch][INFO] 2020-06-16 20:38:06,362: process[rviz-7]: cwd will be [/root/.ros]
[roslaunch][INFO] 2020-06-16 20:38:06,851: process[rviz-7]: started with pid [29243]
[roslaunch][INFO] 2020-06-16 20:38:06,851: ... successfully launched [rviz-7]
[roslaunch][INFO] 2020-06-16 20:38:06,852: ... launch_nodes complete
[roslaunch.pmon][INFO] 2020-06-16 20:38:06,852: registrations completed <ProcessMonitor(ProcessMonitor-1, started daemon 140075849201408)>
[roslaunch.parent][INFO] 2020-06-16 20:38:06,852: ... roslaunch parent running, waiting for process exit
[roslaunch][INFO] 2020-06-16 20:38:06,852: spin
[roslaunch.pmon][INFO] 2020-06-16 20:39:00,473: ProcessMonitor.shutdown <ProcessMonitor(ProcessMonitor-1, started daemon 140075849201408)>
[roslaunch.pmon][INFO] 2020-06-16 20:39:00,559: ProcessMonitor._post_run <ProcessMonitor(ProcessMonitor-1, started daemon 140075849201408)>
[roslaunch.pmon][INFO] 2020-06-16 20:39:00,560: ProcessMonitor._post_run <ProcessMonitor(ProcessMonitor-1, started daemon 140075849201408)>: remaining procs are [<roslaunch.nodeprocess.LocalProcess object at 0x7f65f35e89d0>, <roslaunch.nodeprocess.LocalProcess object at 0x7f65f35e8d90>, <roslaunch.nodeprocess.LocalProcess object at 0x7f65f1b84c90>, <roslaunch.nodeprocess.LocalProcess object at 0x7f65f1b89710>, <roslaunch.nodeprocess.LocalProcess object at 0x7f65f1b89a50>, <roslaunch.nodeprocess.LocalProcess object at 0x7f65f1b89a10>, <roslaunch.nodeprocess.LocalProcess object at 0x7f65f1b89cd0>, <roslaunch.nodeprocess.LocalProcess object at 0x7f65f1b89c90>]
[roslaunch.pmon][INFO] 2020-06-16 20:39:00,560: ProcessMonitor exit: killing rviz-7
[roslaunch][INFO] 2020-06-16 20:39:00,560: [rviz-7] killing on exit
[roslaunch.pmon][INFO] 2020-06-16 20:39:00,561: ProcessMonitor exit: killing move_base-6
[roslaunch][INFO] 2020-06-16 20:39:00,561: process[rviz-7]: killing os process with pid[29243] pgid[29243]
[roslaunch][INFO] 2020-06-16 20:39:00,561: [move_base-6] killing on exit
[roslaunch][INFO] 2020-06-16 20:39:00,561: [rviz-7] sending SIGINT to pgid [29243]
[roslaunch.pmon][INFO] 2020-06-16 20:39:00,562: ProcessMonitor exit: killing static_tf/base_to_laser_tf2-5
[roslaunch.pmon][INFO] 2020-06-16 20:39:00,562: ProcessMonitor exit: killing racecar_simulator-4
[roslaunch.pmon][INFO] 2020-06-16 20:39:00,562: ProcessMonitor exit: killing robot_state_publisher-3
[roslaunch][INFO] 2020-06-16 20:39:00,562: [rviz-7] sent SIGINT to pgid [29243]
[roslaunch][INFO] 2020-06-16 20:39:00,562: process[move_base-6]: killing os process with pid[29237] pgid[29237]
[roslaunch.pmon][INFO] 2020-06-16 20:39:00,563: ProcessMonitor exit: killing map_server-2
[roslaunch][INFO] 2020-06-16 20:39:00,563: [static_tf/base_to_laser_tf2-5] killing on exit
[roslaunch][INFO] 2020-06-16 20:39:00,563: [racecar_simulator-4] killing on exit
[roslaunch][INFO] 2020-06-16 20:39:00,563: [robot_state_publisher-3] killing on exit
[roslaunch][INFO] 2020-06-16 20:39:00,564: [map_server-2] killing on exit
[roslaunch][INFO] 2020-06-16 20:39:00,564: [move_base-6] sending SIGINT to pgid [29237]
[roslaunch][INFO] 2020-06-16 20:39:00,564: process[static_tf/base_to_laser_tf2-5]: killing os process with pid[29230] pgid[29230]
[roslaunch][INFO] 2020-06-16 20:39:00,564: process[racecar_simulator-4]: killing os process with pid[29223] pgid[29223]
[roslaunch][INFO] 2020-06-16 20:39:00,564: process[robot_state_publisher-3]: killing os process with pid[29217] pgid[29217]
[roslaunch][INFO] 2020-06-16 20:39:00,565: process[map_server-2]: killing os process with pid[29216] pgid[29216]
[roslaunch][INFO] 2020-06-16 20:39:00,565: [move_base-6] sent SIGINT to pgid [29237]
[roslaunch][INFO] 2020-06-16 20:39:00,565: [static_tf/base_to_laser_tf2-5] sending SIGINT to pgid [29230]
[roslaunch][INFO] 2020-06-16 20:39:00,565: [racecar_simulator-4] sending SIGINT to pgid [29223]
[roslaunch][INFO] 2020-06-16 20:39:00,565: [robot_state_publisher-3] sending SIGINT to pgid [29217]
[roslaunch][INFO] 2020-06-16 20:39:00,565: [map_server-2] sending SIGINT to pgid [29216]
[roslaunch][INFO] 2020-06-16 20:39:00,565: [static_tf/base_to_laser_tf2-5] sent SIGINT to pgid [29230]
[roslaunch][INFO] 2020-06-16 20:39:00,565: [racecar_simulator-4] sent SIGINT to pgid [29223]
[roslaunch][INFO] 2020-06-16 20:39:00,566: [robot_state_publisher-3] sent SIGINT to pgid [29217]
[roslaunch][INFO] 2020-06-16 20:39:00,566: [map_server-2] sent SIGINT to pgid [29216]
[roslaunch][INFO] 2020-06-16 20:39:00,666: process[racecar_simulator-4]: SIGINT killed with return value 0
[roslaunch][INFO] 2020-06-16 20:39:00,766: process[static_tf/base_to_laser_tf2-5]: SIGINT killed with return value 0
[roslaunch][INFO] 2020-06-16 20:39:00,867: process[map_server-2]: SIGINT killed with return value 0
[roslaunch][INFO] 2020-06-16 20:39:00,867: process[robot_state_publisher-3]: SIGINT killed with return value 0
[roslaunch][INFO] 2020-06-16 20:39:01,064: process[rviz-7]: SIGINT killed with return value 0
[roslaunch][INFO] 2020-06-16 20:39:01,367: process[move_base-6]: SIGINT killed with return value -6
[roslaunch.pmon][INFO] 2020-06-16 20:39:01,367: ProcessMonitor exit: killing rosout-1
[roslaunch][INFO] 2020-06-16 20:39:01,367: [rosout-1] killing on exit
[roslaunch][INFO] 2020-06-16 20:39:01,367: process[rosout-1]: killing os process with pid[29209] pgid[29209]
[roslaunch][INFO] 2020-06-16 20:39:01,367: [rosout-1] sending SIGINT to pgid [29209]
[roslaunch][INFO] 2020-06-16 20:39:01,368: [rosout-1] sent SIGINT to pgid [29209]
[roslaunch][INFO] 2020-06-16 20:39:01,669: process[rosout-1]: SIGINT killed with return value 0
[roslaunch.pmon][INFO] 2020-06-16 20:39:01,669: ProcessMonitor exit: killing master
[roslaunch][INFO] 2020-06-16 20:39:01,669: [master] killing on exit
[roslaunch][INFO] 2020-06-16 20:39:01,670: process[master]: killing os process with pid[29198] pgid[29198]
[roslaunch][INFO] 2020-06-16 20:39:01,670: [master] sending SIGINT to pgid [29198]
[roslaunch][INFO] 2020-06-16 20:39:01,671: [master] sent SIGINT to pgid [29198]
[roslaunch][INFO] 2020-06-16 20:39:01,871: process[master]: SIGINT killed with return value 0
[roslaunch.pmon][INFO] 2020-06-16 20:39:01,872: ProcessMonitor exit: cleaning up data structures and signals
[roslaunch.pmon][INFO] 2020-06-16 20:39:01,872: ProcessMonitor exit: pmon has shutdown
[roslaunch][INFO] 2020-06-16 20:39:01,892: process monitor is done spinning, initiating full shutdown
[roslaunch][INFO] 2020-06-16 20:39:01,892: runner.stop()
[roslaunch][INFO] 2020-06-16 20:39:01,893: shutting down processing monitor...
[roslaunch][INFO] 2020-06-16 20:39:01,893: shutting down processing monitor <ProcessMonitor(ProcessMonitor-1, stopped daemon 140075849201408)>
[roslaunch.pmon][INFO] 2020-06-16 20:39:01,893: ProcessMonitor.shutdown <ProcessMonitor(ProcessMonitor-1, stopped daemon 140075849201408)>
[roslaunch][INFO] 2020-06-16 20:39:01,894: ... shutting down processing monitor complete
[roslaunch][INFO] 2020-06-16 20:39:01,894: done
[roslaunch.pmon][INFO] 2020-06-16 20:39:01,894: ProcessMonitor.shutdown <ProcessMonitor(ProcessMonitor-1, stopped daemon 140075849201408)>
[rospy.core][INFO] 2020-06-16 20:39:01,895: signal_shutdown [atexit]
