[rosmaster.main][INFO] 2020-06-16 20:57:09,493: initialization complete, waiting for shutdown
[rosmaster.main][INFO] 2020-06-16 20:57:09,493: Starting ROS Master Node
[xmlrpc][INFO] 2020-06-16 20:57:09,494: XML-RPC server binding to 0.0.0.0:11311
[xmlrpc][INFO] 2020-06-16 20:57:09,494: Started XML-RPC server [http://3ff6fdf48960:11311/]
[xmlrpc][INFO] 2020-06-16 20:57:09,494: xml rpc node: starting XML-RPC server
[rosmaster.master][INFO] 2020-06-16 20:57:09,494: Master initialized: port[11311], uri[http://3ff6fdf48960:11311/]
[rosmaster.master][INFO] 2020-06-16 20:57:09,529: +PARAM [/run_id] by /roslaunch
[rosmaster.master][INFO] 2020-06-16 20:57:09,530: +PARAM [/roslaunch/uris/host_3ff6fdf48960__46853] by /roslaunch
[rosmaster.master][INFO] 2020-06-16 20:57:10,039: +PARAM [/move_base/global_costmap/robot_base_frame] by /roslaunch
[rosmaster.master][INFO] 2020-06-16 20:57:10,040: +PARAM [/racecar_simulator/scan_field_of_view] by /roslaunch
[rosmaster.master][INFO] 2020-06-16 20:57:10,040: +PARAM [/racecar_simulator/pose_rviz_topic] by /roslaunch
[rosmaster.master][INFO] 2020-06-16 20:57:10,040: +PARAM [/move_base/local_costmap/footprint] by /roslaunch
[rosmaster.master][INFO] 2020-06-16 20:57:10,040: +PARAM [/racecar_simulator/joy_angle_axis] by /roslaunch
[rosmaster.master][INFO] 2020-06-16 20:57:10,040: +PARAM [/move_base/controller_patience] by /roslaunch
[rosmaster.master][INFO] 2020-06-16 20:57:10,040: +PARAM [/racecar_simulator/scan_beams] by /roslaunch
[rosmaster.master][INFO] 2020-06-16 20:57:10,041: +PARAM [/racecar_simulator/map_frame] by /roslaunch
[rosmaster.master][INFO] 2020-06-16 20:57:10,041: +PARAM [/racecar_simulator/joy_topic] by /roslaunch
[rosmaster.master][INFO] 2020-06-16 20:57:10,041: +PARAM [/racecar_simulator/drive_topic] by /roslaunch
[rosmaster.master][INFO] 2020-06-16 20:57:10,041: +PARAM [/racecar_simulator/joy_speed_axis] by /roslaunch
[rosmaster.master][INFO] 2020-06-16 20:57:10,042: +SERVICE [/rosout/get_loggers] /rosout http://3ff6fdf48960:39709/
[rosmaster.master][INFO] 2020-06-16 20:57:10,042: +PARAM [/move_base/local_costmap/height] by /roslaunch
[rosmaster.master][INFO] 2020-06-16 20:57:10,042: +PARAM [/racecar_simulator/odom_frame] by /roslaunch
[rosmaster.master][INFO] 2020-06-16 20:57:10,042: +SERVICE [/rosout/set_logger_level] /rosout http://3ff6fdf48960:39709/
[rosmaster.master][INFO] 2020-06-16 20:57:10,042: +PARAM [/racecar_simulator/scan_distance_to_base_link] by /roslaunch
[rosmaster.master][INFO] 2020-06-16 20:57:10,043: +PARAM [/move_base/collision_costmap/global_frame] by /roslaunch
[rosmaster.master][INFO] 2020-06-16 20:57:10,043: +PARAM [/racecar_simulator/update_pose_rate] by /roslaunch
[rosmaster.master][INFO] 2020-06-16 20:57:10,043: +PARAM [/racecar_simulator/broadcast_transform] by /roslaunch
[rosmaster.master][INFO] 2020-06-16 20:57:10,043: +PUB [/rosout_agg] /rosout http://3ff6fdf48960:39709/
[rosmaster.master][INFO] 2020-06-16 20:57:10,044: +PARAM [/move_base/collision_costmap/raytrace_range] by /roslaunch
[rosmaster.master][INFO] 2020-06-16 20:57:10,044: +PARAM [/move_base/clearing_rotation_allowed] by /roslaunch
[rosmaster.master][INFO] 2020-06-16 20:57:10,044: +PARAM [/racecar_simulator/scan_frame] by /roslaunch
[rosmaster.master][INFO] 2020-06-16 20:57:10,044: +PARAM [/move_base/MpnetLocalPlanner/yaw_goal_tolerance] by /roslaunch
[rosmaster.master][INFO] 2020-06-16 20:57:10,045: +PARAM [/racecar_simulator/wheelbase] by /roslaunch
[rosmaster.master][INFO] 2020-06-16 20:57:10,045: +PARAM [/move_base/local_costmap/obstacle_range] by /roslaunch
[rosmaster.master][INFO] 2020-06-16 20:57:10,046: +PARAM [/move_base/local_costmap/update_frequency] by /roslaunch
[rosmaster.master][INFO] 2020-06-16 20:57:10,046: +SUB [/rosout] /rosout http://3ff6fdf48960:39709/
[rosmaster.master][INFO] 2020-06-16 20:57:10,046: +PARAM [/move_base/global_costmap/raytrace_range] by /roslaunch
[rosmaster.master][INFO] 2020-06-16 20:57:10,046: +PARAM [/move_base/local_costmap/raytrace_range] by /roslaunch
[rosmaster.master][INFO] 2020-06-16 20:57:10,046: +PARAM [/move_base/collision_costmap/obstacle_range] by /roslaunch
[rosmaster.master][INFO] 2020-06-16 20:57:10,046: +PARAM [/move_base/collision_costmap/update_frequency] by /roslaunch
[rosmaster.master][INFO] 2020-06-16 20:57:10,046: +PARAM [/move_base/global_costmap/obstacle_range] by /roslaunch
[rosmaster.master][INFO] 2020-06-16 20:57:10,046: +PARAM [/move_base/local_costmap/publish_frequency] by /roslaunch
[rosmaster.master][INFO] 2020-06-16 20:57:10,047: +PARAM [/racecar_simulator/joy] by /roslaunch
[rosmaster.master][INFO] 2020-06-16 20:57:10,047: +PARAM [/rosdistro] by /roslaunch
[rosmaster.master][INFO] 2020-06-16 20:57:10,047: +PARAM [/robot_description] by /roslaunch
[rosmaster.master][INFO] 2020-06-16 20:57:10,047: +PARAM [/move_base/global_costmap/footprint] by /roslaunch
[rosmaster.master][INFO] 2020-06-16 20:57:10,047: +PARAM [/racecar_simulator/max_steering_angle] by /roslaunch
[rosmaster.master][INFO] 2020-06-16 20:57:10,047: +PARAM [/racecar_simulator/distance_transform_topic] by /roslaunch
[rosmaster.master][INFO] 2020-06-16 20:57:10,047: +PARAM [/move_base/local_costmap/cost_scaling_factor] by /roslaunch
[rosmaster.master][INFO] 2020-06-16 20:57:10,047: +PARAM [/racecar_simulator/scan_topic] by /roslaunch
[rosmaster.master][INFO] 2020-06-16 20:57:10,047: +PARAM [/move_base/global_costmap/update_frequency] by /roslaunch
[rosmaster.master][INFO] 2020-06-16 20:57:10,047: +PARAM [/rosversion] by /roslaunch
[rosmaster.master][INFO] 2020-06-16 20:57:10,047: +PARAM [/move_base/local_costmap/global_frame] by /roslaunch
[rosmaster.master][INFO] 2020-06-16 20:57:10,048: +PARAM [/racecar_simulator/base_frame] by /roslaunch
[rosmaster.master][INFO] 2020-06-16 20:57:10,048: +PARAM [/racecar_simulator/map_free_threshold] by /roslaunch
[rosmaster.master][INFO] 2020-06-16 20:57:10,048: +PARAM [/move_base/global_costmap/global_frame] by /roslaunch
[rosmaster.master][INFO] 2020-06-16 20:57:10,048: +PARAM [/racecar_simulator/joy_max_speed] by /roslaunch
[rosmaster.master][INFO] 2020-06-16 20:57:10,048: +PARAM [/racecar_simulator/map_topic] by /roslaunch
[rosmaster.master][INFO] 2020-06-16 20:57:10,048: +PARAM [/move_base/local_costmap/static_map] by /roslaunch
[rosmaster.master][INFO] 2020-06-16 20:57:10,048: +PARAM [/move_base/local_costmap/resolution] by /roslaunch
[rosmaster.master][INFO] 2020-06-16 20:57:10,049: +PARAM [/move_base/global_costmap/static_map] by /roslaunch
[rosmaster.master][INFO] 2020-06-16 20:57:10,049: +PARAM [/racecar_simulator/odom_topic] by /roslaunch
[rosmaster.master][INFO] 2020-06-16 20:57:10,049: +PARAM [/move_base/base_local_planner] by /roslaunch
[rosmaster.master][INFO] 2020-06-16 20:57:10,049: +PARAM [/racecar_simulator/scan_std_dev] by /roslaunch
[rosmaster.master][INFO] 2020-06-16 20:57:10,049: +PARAM [/move_base/MpnetLocalPlanner/xy_goal_tolerance] by /roslaunch
[rosmaster.master][INFO] 2020-06-16 20:57:10,049: +PARAM [/racecar_simulator/pose_topic] by /roslaunch
[rosmaster.master][INFO] 2020-06-16 20:57:10,049: +PARAM [/move_base/local_costmap/robot_base_frame] by /roslaunch
[rosmaster.master][INFO] 2020-06-16 20:57:10,049: +PARAM [/move_base/collision_costmap/static_map] by /roslaunch
[rosmaster.master][INFO] 2020-06-16 20:57:10,049: +PARAM [/move_base/local_costmap/width] by /roslaunch
[rosmaster.master][INFO] 2020-06-16 20:57:10,049: +PARAM [/move_base/local_costmap/rolling_window] by /roslaunch
[rosmaster.master][INFO] 2020-06-16 20:57:10,049: +PARAM [/move_base/collision_costmap/robot_base_frame] by /roslaunch
[rosmaster.master][INFO] 2020-06-16 20:57:10,049: +PARAM [/racecar_simulator/max_speed] by /roslaunch
[rosmaster.master][INFO] 2020-06-16 20:57:10,050: +PARAM [/move_base/controller_frequency] by /roslaunch
[rosmaster.master][INFO] 2020-06-16 20:57:10,050: +PARAM [/move_base/collision_costmap/footprint] by /roslaunch
[rosmaster.master][INFO] 2020-06-16 20:57:10,050: +PARAM [/move_base/MpnetLocalPlanner/xy_replan_tolerance] by /roslaunch
[rosmaster.master][INFO] 2020-06-16 20:57:10,560: +PUB [/rosout] /map_server http://3ff6fdf48960:44385/
[rosmaster.master][INFO] 2020-06-16 20:57:10,560: +SERVICE [/map_server/get_loggers] /map_server http://3ff6fdf48960:44385/
[rosmaster.master][INFO] 2020-06-16 20:57:10,561: +SERVICE [/map_server/set_logger_level] /map_server http://3ff6fdf48960:44385/
[rosmaster.master][INFO] 2020-06-16 20:57:10,565: +SERVICE [/static_map] /map_server http://3ff6fdf48960:44385/
[rosmaster.master][INFO] 2020-06-16 20:57:10,565: +PUB [/map_metadata] /map_server http://3ff6fdf48960:44385/
[rosmaster.master][INFO] 2020-06-16 20:57:10,566: +PUB [/map] /map_server http://3ff6fdf48960:44385/
[rosmaster.master][INFO] 2020-06-16 20:57:10,595: publisherUpdate[/rosout] -> http://3ff6fdf48960:39709/ ['http://3ff6fdf48960:44385/']
[rosmaster.master][INFO] 2020-06-16 20:57:10,615: publisherUpdate[/rosout] -> http://3ff6fdf48960:39709/ ['http://3ff6fdf48960:44385/']: sec=0.02, result=[1, '', 0]
[rosmaster.master][INFO] 2020-06-16 20:57:11,015: +PUB [/rosout] /robot_state_publisher http://3ff6fdf48960:39611/
[rosmaster.master][INFO] 2020-06-16 20:57:11,015: +SERVICE [/robot_state_publisher/get_loggers] /robot_state_publisher http://3ff6fdf48960:39611/
[rosmaster.master][INFO] 2020-06-16 20:57:11,016: +SERVICE [/robot_state_publisher/set_logger_level] /robot_state_publisher http://3ff6fdf48960:39611/
[rosmaster.master][INFO] 2020-06-16 20:57:11,016: publisherUpdate[/rosout] -> http://3ff6fdf48960:39709/ ['http://3ff6fdf48960:44385/', 'http://3ff6fdf48960:39611/']
[rosmaster.master][INFO] 2020-06-16 20:57:11,018: publisherUpdate[/rosout] -> http://3ff6fdf48960:39709/ ['http://3ff6fdf48960:44385/', 'http://3ff6fdf48960:39611/']: sec=0.00, result=[1, '', 0]
[rosmaster.master][INFO] 2020-06-16 20:57:11,020: +PUB [/tf] /robot_state_publisher http://3ff6fdf48960:39611/
[rosmaster.master][INFO] 2020-06-16 20:57:11,020: +PUB [/tf_static] /robot_state_publisher http://3ff6fdf48960:39611/
[rosmaster.master][INFO] 2020-06-16 20:57:11,023: +SUB [/joint_states] /robot_state_publisher http://3ff6fdf48960:39611/
[rosmaster.master][INFO] 2020-06-16 20:57:11,471: +PUB [/rosout] /racecar_simulator http://3ff6fdf48960:43111/
[rosmaster.master][INFO] 2020-06-16 20:57:11,472: +SERVICE [/racecar_simulator/get_loggers] /racecar_simulator http://3ff6fdf48960:43111/
[rosmaster.master][INFO] 2020-06-16 20:57:11,472: +SERVICE [/racecar_simulator/set_logger_level] /racecar_simulator http://3ff6fdf48960:43111/
[rosmaster.master][INFO] 2020-06-16 20:57:11,473: +PUB [/tf] /racecar_simulator http://3ff6fdf48960:43111/
[rosmaster.master][INFO] 2020-06-16 20:57:11,480: +PUB [/scan] /racecar_simulator http://3ff6fdf48960:43111/
[rosmaster.master][INFO] 2020-06-16 20:57:11,481: +PUB [/odom] /racecar_simulator http://3ff6fdf48960:43111/
[rosmaster.master][INFO] 2020-06-16 20:57:11,482: +SUB [/joy] /racecar_simulator http://3ff6fdf48960:43111/
[rosmaster.master][INFO] 2020-06-16 20:57:11,484: +SUB [/drive] /racecar_simulator http://3ff6fdf48960:43111/
[rosmaster.master][INFO] 2020-06-16 20:57:11,486: +SUB [/map] /racecar_simulator http://3ff6fdf48960:43111/
[rosmaster.master][INFO] 2020-06-16 20:57:11,489: +SUB [/pose] /racecar_simulator http://3ff6fdf48960:43111/
[rosmaster.master][INFO] 2020-06-16 20:57:11,491: +SUB [/initialpose] /racecar_simulator http://3ff6fdf48960:43111/
[rosmaster.master][INFO] 2020-06-16 20:57:11,496: publisherUpdate[/rosout] -> http://3ff6fdf48960:39709/ ['http://3ff6fdf48960:44385/', 'http://3ff6fdf48960:39611/', 'http://3ff6fdf48960:43111/']
[rosmaster.master][INFO] 2020-06-16 20:57:11,519: publisherUpdate[/rosout] -> http://3ff6fdf48960:39709/ ['http://3ff6fdf48960:44385/', 'http://3ff6fdf48960:39611/', 'http://3ff6fdf48960:43111/']: sec=0.02, result=[1, '', 0]
[rosmaster.master][INFO] 2020-06-16 20:57:11,931: +PUB [/rosout] /static_tf/base_to_laser_tf2 http://3ff6fdf48960:42267/
[rosmaster.master][INFO] 2020-06-16 20:57:11,932: +SERVICE [/static_tf/base_to_laser_tf2/get_loggers] /static_tf/base_to_laser_tf2 http://3ff6fdf48960:42267/
[rosmaster.master][INFO] 2020-06-16 20:57:11,932: +SERVICE [/static_tf/base_to_laser_tf2/set_logger_level] /static_tf/base_to_laser_tf2 http://3ff6fdf48960:42267/
[rosmaster.master][INFO] 2020-06-16 20:57:11,933: +PUB [/tf_static] /static_tf/base_to_laser_tf2 http://3ff6fdf48960:42267/
[rosmaster.master][INFO] 2020-06-16 20:57:11,997: publisherUpdate[/rosout] -> http://3ff6fdf48960:39709/ ['http://3ff6fdf48960:44385/', 'http://3ff6fdf48960:39611/', 'http://3ff6fdf48960:43111/', 'http://3ff6fdf48960:42267/']
[rosmaster.master][INFO] 2020-06-16 20:57:12,017: publisherUpdate[/rosout] -> http://3ff6fdf48960:39709/ ['http://3ff6fdf48960:44385/', 'http://3ff6fdf48960:39611/', 'http://3ff6fdf48960:43111/', 'http://3ff6fdf48960:42267/']: sec=0.02, result=[1, '', 0]
[rosmaster.master][INFO] 2020-06-16 20:57:12,400: +PUB [/rosout] /move_base http://3ff6fdf48960:35351/
[rosmaster.master][INFO] 2020-06-16 20:57:12,401: +SERVICE [/move_base/get_loggers] /move_base http://3ff6fdf48960:35351/
[rosmaster.master][INFO] 2020-06-16 20:57:12,401: +SERVICE [/move_base/set_logger_level] /move_base http://3ff6fdf48960:35351/
[rosmaster.master][INFO] 2020-06-16 20:57:12,404: +SUB [/tf] /move_base http://3ff6fdf48960:35351/
[rosmaster.master][INFO] 2020-06-16 20:57:12,406: +SUB [/tf_static] /move_base http://3ff6fdf48960:35351/
[rosmaster.master][INFO] 2020-06-16 20:57:12,418: publisherUpdate[/rosout] -> http://3ff6fdf48960:39709/ ['http://3ff6fdf48960:44385/', 'http://3ff6fdf48960:39611/', 'http://3ff6fdf48960:43111/', 'http://3ff6fdf48960:42267/', 'http://3ff6fdf48960:35351/']
[rosmaster.master][INFO] 2020-06-16 20:57:12,419: publisherUpdate[/rosout] -> http://3ff6fdf48960:39709/ ['http://3ff6fdf48960:44385/', 'http://3ff6fdf48960:39611/', 'http://3ff6fdf48960:43111/', 'http://3ff6fdf48960:42267/', 'http://3ff6fdf48960:35351/']: sec=0.00, result=[1, '', 0]
[rosmaster.master][INFO] 2020-06-16 20:57:12,453: +PUB [/cmd_vel] /move_base http://3ff6fdf48960:35351/
[rosmaster.master][INFO] 2020-06-16 20:57:12,454: +PUB [/move_base/current_goal] /move_base http://3ff6fdf48960:35351/
[rosmaster.master][INFO] 2020-06-16 20:57:12,454: +PUB [/move_base/goal] /move_base http://3ff6fdf48960:35351/
[rosmaster.master][INFO] 2020-06-16 20:57:12,456: +SUB [/move_base_simple/goal] /move_base http://3ff6fdf48960:35351/
[rosmaster.master][INFO] 2020-06-16 20:57:12,628: +PARAM [/move_base/global_costmap/obstacle_layer/raytrace_range] by /move_base
[rosmaster.master][INFO] 2020-06-16 20:57:12,628: -PARAM [/move_base/global_costmap/raytrace_range] by /move_base
[rosmaster.master][INFO] 2020-06-16 20:57:12,629: +PARAM [/move_base/global_costmap/obstacle_layer/obstacle_range] by /move_base
[rosmaster.master][INFO] 2020-06-16 20:57:12,629: -PARAM [/move_base/global_costmap/obstacle_range] by /move_base
[rosmaster.master][INFO] 2020-06-16 20:57:12,631: +PARAM [/move_base/global_costmap/plugins] by /move_base
[rosmaster.master][INFO] 2020-06-16 20:57:12,639: +SUB [/map] /move_base http://3ff6fdf48960:35351/
[rosmaster.master][INFO] 2020-06-16 20:57:12,940: +SERVICE [/move_base/global_costmap/static_layer/set_parameters] /move_base http://3ff6fdf48960:35351/
[rosmaster.master][INFO] 2020-06-16 20:57:12,941: +PUB [/move_base/global_costmap/static_layer/parameter_descriptions] /move_base http://3ff6fdf48960:35351/
[rosmaster.master][INFO] 2020-06-16 20:57:12,941: +PUB [/move_base/global_costmap/static_layer/parameter_updates] /move_base http://3ff6fdf48960:35351/
[rosmaster.master][INFO] 2020-06-16 20:57:12,942: +PARAM [/move_base/global_costmap/static_layer/enabled] by /move_base
[rosmaster.master][INFO] 2020-06-16 20:57:12,943: +PARAM [/move_base/global_costmap/static_layer/enabled] by /move_base
[rosmaster.master][INFO] 2020-06-16 20:57:12,945: +PUB [/rosout] /rviz http://3ff6fdf48960:40787/
[rosmaster.master][INFO] 2020-06-16 20:57:12,946: +SERVICE [/rviz/get_loggers] /rviz http://3ff6fdf48960:40787/
[rosmaster.master][INFO] 2020-06-16 20:57:12,947: +SERVICE [/rviz/set_logger_level] /rviz http://3ff6fdf48960:40787/
[rosmaster.master][INFO] 2020-06-16 20:57:12,948: +SERVICE [/move_base/global_costmap/obstacle_layer/set_parameters] /move_base http://3ff6fdf48960:35351/
[rosmaster.master][INFO] 2020-06-16 20:57:12,949: +PUB [/move_base/global_costmap/obstacle_layer/parameter_descriptions] /move_base http://3ff6fdf48960:35351/
[rosmaster.master][INFO] 2020-06-16 20:57:12,950: +PUB [/move_base/global_costmap/obstacle_layer/parameter_updates] /move_base http://3ff6fdf48960:35351/
[rosmaster.master][INFO] 2020-06-16 20:57:12,952: +PARAM [/move_base/global_costmap/obstacle_layer/enabled] by /move_base
[rosmaster.master][INFO] 2020-06-16 20:57:12,952: +PARAM [/move_base/global_costmap/obstacle_layer/footprint_clearing_enabled] by /move_base
[rosmaster.master][INFO] 2020-06-16 20:57:12,952: +PARAM [/move_base/global_costmap/obstacle_layer/max_obstacle_height] by /move_base
[rosmaster.master][INFO] 2020-06-16 20:57:12,953: +PARAM [/move_base/global_costmap/obstacle_layer/combination_method] by /move_base
[rosmaster.master][INFO] 2020-06-16 20:57:12,953: +PARAM [/move_base/global_costmap/obstacle_layer/enabled] by /move_base
[rosmaster.master][INFO] 2020-06-16 20:57:12,953: +PARAM [/move_base/global_costmap/obstacle_layer/footprint_clearing_enabled] by /move_base
[rosmaster.master][INFO] 2020-06-16 20:57:12,954: +PARAM [/move_base/global_costmap/obstacle_layer/max_obstacle_height] by /move_base
[rosmaster.master][INFO] 2020-06-16 20:57:12,954: +PARAM [/move_base/global_costmap/obstacle_layer/combination_method] by /move_base
[rosmaster.master][INFO] 2020-06-16 20:57:12,955: +SERVICE [/move_base/global_costmap/inflation_layer/set_parameters] /move_base http://3ff6fdf48960:35351/
[rosmaster.master][INFO] 2020-06-16 20:57:12,956: +PUB [/move_base/global_costmap/inflation_layer/parameter_descriptions] /move_base http://3ff6fdf48960:35351/
[rosmaster.master][INFO] 2020-06-16 20:57:12,956: +PUB [/move_base/global_costmap/inflation_layer/parameter_updates] /move_base http://3ff6fdf48960:35351/
[rosmaster.master][INFO] 2020-06-16 20:57:12,958: +PARAM [/move_base/global_costmap/inflation_layer/enabled] by /move_base
[rosmaster.master][INFO] 2020-06-16 20:57:12,958: +PARAM [/move_base/global_costmap/inflation_layer/cost_scaling_factor] by /move_base
[rosmaster.master][INFO] 2020-06-16 20:57:12,958: +PARAM [/move_base/global_costmap/inflation_layer/inflation_radius] by /move_base
[rosmaster.master][INFO] 2020-06-16 20:57:12,959: +PARAM [/move_base/global_costmap/inflation_layer/inflate_unknown] by /move_base
[rosmaster.master][INFO] 2020-06-16 20:57:12,959: +PARAM [/move_base/global_costmap/inflation_layer/enabled] by /move_base
[rosmaster.master][INFO] 2020-06-16 20:57:12,959: +PARAM [/move_base/global_costmap/inflation_layer/cost_scaling_factor] by /move_base
[rosmaster.master][INFO] 2020-06-16 20:57:12,960: +PARAM [/move_base/global_costmap/inflation_layer/inflation_radius] by /move_base
[rosmaster.master][INFO] 2020-06-16 20:57:12,960: +PARAM [/move_base/global_costmap/inflation_layer/inflate_unknown] by /move_base
[rosmaster.master][INFO] 2020-06-16 20:57:12,962: +SUB [/move_base/global_costmap/footprint] /move_base http://3ff6fdf48960:35351/
[rosmaster.master][INFO] 2020-06-16 20:57:12,963: +PUB [/move_base/global_costmap/footprint] /move_base http://3ff6fdf48960:35351/
[rosmaster.master][INFO] 2020-06-16 20:57:12,964: +PARAM [/move_base/global_costmap/footprint] by /move_base
[rosmaster.master][INFO] 2020-06-16 20:57:12,965: +PUB [/move_base/global_costmap/costmap] /move_base http://3ff6fdf48960:35351/
[rosmaster.master][INFO] 2020-06-16 20:57:12,965: +PUB [/move_base/global_costmap/costmap_updates] /move_base http://3ff6fdf48960:35351/
[rosmaster.master][INFO] 2020-06-16 20:57:12,966: +SERVICE [/move_base/global_costmap/set_parameters] /move_base http://3ff6fdf48960:35351/
[rosmaster.master][INFO] 2020-06-16 20:57:12,966: +PUB [/move_base/global_costmap/parameter_descriptions] /move_base http://3ff6fdf48960:35351/
[rosmaster.master][INFO] 2020-06-16 20:57:12,966: +PUB [/move_base/global_costmap/parameter_updates] /move_base http://3ff6fdf48960:35351/
[rosmaster.master][INFO] 2020-06-16 20:57:12,969: +PARAM [/move_base/global_costmap/transform_tolerance] by /move_base
[rosmaster.master][INFO] 2020-06-16 20:57:12,969: +PARAM [/move_base/global_costmap/update_frequency] by /move_base
[rosmaster.master][INFO] 2020-06-16 20:57:12,970: +PARAM [/move_base/global_costmap/publish_frequency] by /move_base
[rosmaster.master][INFO] 2020-06-16 20:57:12,970: +PARAM [/move_base/global_costmap/width] by /move_base
[rosmaster.master][INFO] 2020-06-16 20:57:12,970: +PARAM [/move_base/global_costmap/height] by /move_base
[rosmaster.master][INFO] 2020-06-16 20:57:12,971: +PARAM [/move_base/global_costmap/resolution] by /move_base
[rosmaster.master][INFO] 2020-06-16 20:57:12,971: +PARAM [/move_base/global_costmap/origin_x] by /move_base
[rosmaster.master][INFO] 2020-06-16 20:57:12,971: +PARAM [/move_base/global_costmap/origin_y] by /move_base
[rosmaster.master][INFO] 2020-06-16 20:57:12,972: +PARAM [/move_base/global_costmap/footprint] by /move_base
[rosmaster.master][INFO] 2020-06-16 20:57:12,972: +PARAM [/move_base/global_costmap/robot_radius] by /move_base
[rosmaster.master][INFO] 2020-06-16 20:57:12,972: +PARAM [/move_base/global_costmap/footprint_padding] by /move_base
[rosmaster.master][INFO] 2020-06-16 20:57:12,973: +PARAM [/move_base/global_costmap/transform_tolerance] by /move_base
[rosmaster.master][INFO] 2020-06-16 20:57:12,973: +PARAM [/move_base/global_costmap/update_frequency] by /move_base
[rosmaster.master][INFO] 2020-06-16 20:57:12,974: +PARAM [/move_base/global_costmap/publish_frequency] by /move_base
[rosmaster.master][INFO] 2020-06-16 20:57:12,974: +PARAM [/move_base/global_costmap/width] by /move_base
[rosmaster.master][INFO] 2020-06-16 20:57:12,974: +PARAM [/move_base/global_costmap/height] by /move_base
[rosmaster.master][INFO] 2020-06-16 20:57:12,975: +PARAM [/move_base/global_costmap/resolution] by /move_base
[rosmaster.master][INFO] 2020-06-16 20:57:12,975: +PARAM [/move_base/global_costmap/origin_x] by /move_base
[rosmaster.master][INFO] 2020-06-16 20:57:12,976: +PARAM [/move_base/global_costmap/origin_y] by /move_base
[rosmaster.master][INFO] 2020-06-16 20:57:12,976: +PARAM [/move_base/global_costmap/footprint] by /move_base
[rosmaster.master][INFO] 2020-06-16 20:57:12,976: +PARAM [/move_base/global_costmap/robot_radius] by /move_base
[rosmaster.master][INFO] 2020-06-16 20:57:12,976: +PARAM [/move_base/global_costmap/footprint_padding] by /move_base
[rosmaster.master][INFO] 2020-06-16 20:57:12,978: +PUB [/move_base/NavfnROS/plan] /move_base http://3ff6fdf48960:35351/
[rosmaster.master][INFO] 2020-06-16 20:57:12,980: +SERVICE [/move_base/NavfnROS/make_plan] /move_base http://3ff6fdf48960:35351/
[rosmaster.master][INFO] 2020-06-16 20:57:12,987: +PARAM [/move_base/local_costmap/obstacle_layer/raytrace_range] by /move_base
[rosmaster.master][INFO] 2020-06-16 20:57:12,987: -PARAM [/move_base/local_costmap/raytrace_range] by /move_base
[rosmaster.master][INFO] 2020-06-16 20:57:12,989: +PARAM [/move_base/local_costmap/obstacle_layer/obstacle_range] by /move_base
[rosmaster.master][INFO] 2020-06-16 20:57:12,989: -PARAM [/move_base/local_costmap/obstacle_range] by /move_base
[rosmaster.master][INFO] 2020-06-16 20:57:12,991: +PARAM [/move_base/local_costmap/inflation_layer/cost_scaling_factor] by /move_base
[rosmaster.master][INFO] 2020-06-16 20:57:12,992: -PARAM [/move_base/local_costmap/cost_scaling_factor] by /move_base
[rosmaster.master][INFO] 2020-06-16 20:57:12,993: +PARAM [/move_base/local_costmap/plugins] by /move_base
[rosmaster.master][INFO] 2020-06-16 20:57:13,021: publisherUpdate[/rosout] -> http://3ff6fdf48960:39709/ ['http://3ff6fdf48960:44385/', 'http://3ff6fdf48960:39611/', 'http://3ff6fdf48960:43111/', 'http://3ff6fdf48960:42267/', 'http://3ff6fdf48960:35351/', 'http://3ff6fdf48960:40787/']
[rosmaster.master][INFO] 2020-06-16 20:57:13,021: publisherUpdate[/move_base/global_costmap/footprint] -> http://3ff6fdf48960:35351/ ['http://3ff6fdf48960:35351/']
[rosmaster.master][INFO] 2020-06-16 20:57:13,022: publisherUpdate[/rosout] -> http://3ff6fdf48960:39709/ ['http://3ff6fdf48960:44385/', 'http://3ff6fdf48960:39611/', 'http://3ff6fdf48960:43111/', 'http://3ff6fdf48960:42267/', 'http://3ff6fdf48960:35351/', 'http://3ff6fdf48960:40787/']: sec=0.00, result=[1, '', 0]
[rosmaster.master][INFO] 2020-06-16 20:57:13,054: publisherUpdate[/move_base/global_costmap/footprint] -> http://3ff6fdf48960:35351/ ['http://3ff6fdf48960:35351/']: sec=0.03, result=[1, '', 0]
[rosmaster.master][INFO] 2020-06-16 20:57:13,100: +SERVICE [/move_base/local_costmap/static_layer/set_parameters] /move_base http://3ff6fdf48960:35351/
[rosmaster.master][INFO] 2020-06-16 20:57:13,100: +PUB [/move_base/local_costmap/static_layer/parameter_descriptions] /move_base http://3ff6fdf48960:35351/
[rosmaster.master][INFO] 2020-06-16 20:57:13,101: +PUB [/move_base/local_costmap/static_layer/parameter_updates] /move_base http://3ff6fdf48960:35351/
[rosmaster.master][INFO] 2020-06-16 20:57:13,102: +PARAM [/move_base/local_costmap/static_layer/enabled] by /move_base
[rosmaster.master][INFO] 2020-06-16 20:57:13,102: +PARAM [/move_base/local_costmap/static_layer/enabled] by /move_base
[rosmaster.master][INFO] 2020-06-16 20:57:13,105: +SERVICE [/move_base/local_costmap/obstacle_layer/set_parameters] /move_base http://3ff6fdf48960:35351/
[rosmaster.master][INFO] 2020-06-16 20:57:13,105: +PUB [/move_base/local_costmap/obstacle_layer/parameter_descriptions] /move_base http://3ff6fdf48960:35351/
[rosmaster.master][INFO] 2020-06-16 20:57:13,106: +PUB [/move_base/local_costmap/obstacle_layer/parameter_updates] /move_base http://3ff6fdf48960:35351/
[rosmaster.master][INFO] 2020-06-16 20:57:13,108: +PARAM [/move_base/local_costmap/obstacle_layer/enabled] by /move_base
[rosmaster.master][INFO] 2020-06-16 20:57:13,108: +PARAM [/move_base/local_costmap/obstacle_layer/footprint_clearing_enabled] by /move_base
[rosmaster.master][INFO] 2020-06-16 20:57:13,109: +PARAM [/move_base/local_costmap/obstacle_layer/max_obstacle_height] by /move_base
[rosmaster.master][INFO] 2020-06-16 20:57:13,109: +PARAM [/move_base/local_costmap/obstacle_layer/combination_method] by /move_base
[rosmaster.master][INFO] 2020-06-16 20:57:13,110: +PARAM [/move_base/local_costmap/obstacle_layer/enabled] by /move_base
[rosmaster.master][INFO] 2020-06-16 20:57:13,110: +PARAM [/move_base/local_costmap/obstacle_layer/footprint_clearing_enabled] by /move_base
[rosmaster.master][INFO] 2020-06-16 20:57:13,110: +PARAM [/move_base/local_costmap/obstacle_layer/max_obstacle_height] by /move_base
[rosmaster.master][INFO] 2020-06-16 20:57:13,111: +PARAM [/move_base/local_costmap/obstacle_layer/combination_method] by /move_base
[rosmaster.master][INFO] 2020-06-16 20:57:13,112: +SERVICE [/move_base/local_costmap/inflation_layer/set_parameters] /move_base http://3ff6fdf48960:35351/
[rosmaster.master][INFO] 2020-06-16 20:57:13,113: +PUB [/move_base/local_costmap/inflation_layer/parameter_descriptions] /move_base http://3ff6fdf48960:35351/
[rosmaster.master][INFO] 2020-06-16 20:57:13,113: +PUB [/move_base/local_costmap/inflation_layer/parameter_updates] /move_base http://3ff6fdf48960:35351/
[rosmaster.master][INFO] 2020-06-16 20:57:13,114: +PARAM [/move_base/local_costmap/inflation_layer/enabled] by /move_base
[rosmaster.master][INFO] 2020-06-16 20:57:13,115: +PARAM [/move_base/local_costmap/inflation_layer/cost_scaling_factor] by /move_base
[rosmaster.master][INFO] 2020-06-16 20:57:13,115: +PARAM [/move_base/local_costmap/inflation_layer/inflation_radius] by /move_base
[rosmaster.master][INFO] 2020-06-16 20:57:13,115: +PARAM [/move_base/local_costmap/inflation_layer/inflate_unknown] by /move_base
[rosmaster.master][INFO] 2020-06-16 20:57:13,116: +PARAM [/move_base/local_costmap/inflation_layer/enabled] by /move_base
[rosmaster.master][INFO] 2020-06-16 20:57:13,116: +PARAM [/move_base/local_costmap/inflation_layer/cost_scaling_factor] by /move_base
[rosmaster.master][INFO] 2020-06-16 20:57:13,116: +PARAM [/move_base/local_costmap/inflation_layer/inflation_radius] by /move_base
[rosmaster.master][INFO] 2020-06-16 20:57:13,117: +PARAM [/move_base/local_costmap/inflation_layer/inflate_unknown] by /move_base
[rosmaster.master][INFO] 2020-06-16 20:57:13,119: +SUB [/move_base/local_costmap/footprint] /move_base http://3ff6fdf48960:35351/
[rosmaster.master][INFO] 2020-06-16 20:57:13,119: +PUB [/move_base/local_costmap/footprint] /move_base http://3ff6fdf48960:35351/
[rosmaster.master][INFO] 2020-06-16 20:57:13,120: +PARAM [/move_base/local_costmap/footprint] by /move_base
[rosmaster.master][INFO] 2020-06-16 20:57:13,120: +PUB [/move_base/local_costmap/costmap] /move_base http://3ff6fdf48960:35351/
[rosmaster.master][INFO] 2020-06-16 20:57:13,121: +PUB [/move_base/local_costmap/costmap_updates] /move_base http://3ff6fdf48960:35351/
[rosmaster.master][INFO] 2020-06-16 20:57:13,121: +SERVICE [/move_base/local_costmap/set_parameters] /move_base http://3ff6fdf48960:35351/
[rosmaster.master][INFO] 2020-06-16 20:57:13,122: +PUB [/move_base/local_costmap/parameter_descriptions] /move_base http://3ff6fdf48960:35351/
[rosmaster.master][INFO] 2020-06-16 20:57:13,122: +PUB [/move_base/local_costmap/parameter_updates] /move_base http://3ff6fdf48960:35351/
[rosmaster.master][INFO] 2020-06-16 20:57:13,122: publisherUpdate[/move_base/local_costmap/footprint] -> http://3ff6fdf48960:35351/ ['http://3ff6fdf48960:35351/']
[rosmaster.master][INFO] 2020-06-16 20:57:13,127: +PARAM [/move_base/local_costmap/transform_tolerance] by /move_base
[rosmaster.master][INFO] 2020-06-16 20:57:13,127: +PARAM [/move_base/local_costmap/update_frequency] by /move_base
[rosmaster.master][INFO] 2020-06-16 20:57:13,127: +PARAM [/move_base/local_costmap/publish_frequency] by /move_base
[rosmaster.master][INFO] 2020-06-16 20:57:13,128: +PARAM [/move_base/local_costmap/width] by /move_base
[rosmaster.master][INFO] 2020-06-16 20:57:13,128: +PARAM [/move_base/local_costmap/height] by /move_base
[rosmaster.master][INFO] 2020-06-16 20:57:13,128: +PARAM [/move_base/local_costmap/resolution] by /move_base
[rosmaster.master][INFO] 2020-06-16 20:57:13,129: +PARAM [/move_base/local_costmap/origin_x] by /move_base
[rosmaster.master][INFO] 2020-06-16 20:57:13,129: +PARAM [/move_base/local_costmap/origin_y] by /move_base
[rosmaster.master][INFO] 2020-06-16 20:57:13,130: +PARAM [/move_base/local_costmap/footprint] by /move_base
[rosmaster.master][INFO] 2020-06-16 20:57:13,130: +PARAM [/move_base/local_costmap/robot_radius] by /move_base
[rosmaster.master][INFO] 2020-06-16 20:57:13,130: +PARAM [/move_base/local_costmap/footprint_padding] by /move_base
[rosmaster.master][INFO] 2020-06-16 20:57:13,131: +PARAM [/move_base/local_costmap/transform_tolerance] by /move_base
[rosmaster.master][INFO] 2020-06-16 20:57:13,131: +PARAM [/move_base/local_costmap/update_frequency] by /move_base
[rosmaster.master][INFO] 2020-06-16 20:57:13,132: +PARAM [/move_base/local_costmap/publish_frequency] by /move_base
[rosmaster.master][INFO] 2020-06-16 20:57:13,132: +PARAM [/move_base/local_costmap/width] by /move_base
[rosmaster.master][INFO] 2020-06-16 20:57:13,132: +PARAM [/move_base/local_costmap/height] by /move_base
[rosmaster.master][INFO] 2020-06-16 20:57:13,133: +PARAM [/move_base/local_costmap/resolution] by /move_base
[rosmaster.master][INFO] 2020-06-16 20:57:13,133: +PARAM [/move_base/local_costmap/origin_x] by /move_base
[rosmaster.master][INFO] 2020-06-16 20:57:13,133: +PARAM [/move_base/local_costmap/origin_y] by /move_base
[rosmaster.master][INFO] 2020-06-16 20:57:13,134: +PARAM [/move_base/local_costmap/footprint] by /move_base
[rosmaster.master][INFO] 2020-06-16 20:57:13,134: +PARAM [/move_base/local_costmap/robot_radius] by /move_base
[rosmaster.master][INFO] 2020-06-16 20:57:13,134: +PARAM [/move_base/local_costmap/footprint_padding] by /move_base
[rosmaster.master][INFO] 2020-06-16 20:57:13,153: publisherUpdate[/move_base/local_costmap/footprint] -> http://3ff6fdf48960:35351/ ['http://3ff6fdf48960:35351/']: sec=0.03, result=[1, '', 0]
[rosmaster.master][INFO] 2020-06-16 20:57:13,304: +SUB [/odom] /move_base http://3ff6fdf48960:35351/
[rosmaster.master][INFO] 2020-06-16 20:57:13,304: +PUB [/move_base/MpnetLocalPlanner/local_plan] /move_base http://3ff6fdf48960:35351/
[rosmaster.master][INFO] 2020-06-16 20:57:13,305: +PUB [/move_base/MpnetLocalPlanner/global_plan] /move_base http://3ff6fdf48960:35351/
[rosmaster.master][INFO] 2020-06-16 20:57:13,313: +PARAM [/move_base/collision_costmap/obstacle_layer/raytrace_range] by /move_base
[rosmaster.master][INFO] 2020-06-16 20:57:13,313: -PARAM [/move_base/collision_costmap/raytrace_range] by /move_base
[rosmaster.master][INFO] 2020-06-16 20:57:13,314: +PARAM [/move_base/collision_costmap/obstacle_layer/obstacle_range] by /move_base
[rosmaster.master][INFO] 2020-06-16 20:57:13,315: -PARAM [/move_base/collision_costmap/obstacle_range] by /move_base
[rosmaster.master][INFO] 2020-06-16 20:57:13,317: +PARAM [/move_base/collision_costmap/plugins] by /move_base
[rosmaster.master][INFO] 2020-06-16 20:57:13,426: +SERVICE [/move_base/collision_costmap/static_layer/set_parameters] /move_base http://3ff6fdf48960:35351/
[rosmaster.master][INFO] 2020-06-16 20:57:13,426: +PUB [/move_base/collision_costmap/static_layer/parameter_descriptions] /move_base http://3ff6fdf48960:35351/
[rosmaster.master][INFO] 2020-06-16 20:57:13,427: +PUB [/move_base/collision_costmap/static_layer/parameter_updates] /move_base http://3ff6fdf48960:35351/
[rosmaster.master][INFO] 2020-06-16 20:57:13,428: +PARAM [/move_base/collision_costmap/static_layer/enabled] by /move_base
[rosmaster.master][INFO] 2020-06-16 20:57:13,428: +PARAM [/move_base/collision_costmap/static_layer/enabled] by /move_base
[rosmaster.master][INFO] 2020-06-16 20:57:13,432: +SERVICE [/move_base/collision_costmap/obstacle_layer/set_parameters] /move_base http://3ff6fdf48960:35351/
[rosmaster.master][INFO] 2020-06-16 20:57:13,432: +PUB [/move_base/collision_costmap/obstacle_layer/parameter_descriptions] /move_base http://3ff6fdf48960:35351/
[rosmaster.master][INFO] 2020-06-16 20:57:13,433: +PUB [/move_base/collision_costmap/obstacle_layer/parameter_updates] /move_base http://3ff6fdf48960:35351/
[rosmaster.master][INFO] 2020-06-16 20:57:13,435: +PARAM [/move_base/collision_costmap/obstacle_layer/enabled] by /move_base
[rosmaster.master][INFO] 2020-06-16 20:57:13,435: +PARAM [/move_base/collision_costmap/obstacle_layer/footprint_clearing_enabled] by /move_base
[rosmaster.master][INFO] 2020-06-16 20:57:13,435: +PARAM [/move_base/collision_costmap/obstacle_layer/max_obstacle_height] by /move_base
[rosmaster.master][INFO] 2020-06-16 20:57:13,436: +PARAM [/move_base/collision_costmap/obstacle_layer/combination_method] by /move_base
[rosmaster.master][INFO] 2020-06-16 20:57:13,436: +PARAM [/move_base/collision_costmap/obstacle_layer/enabled] by /move_base
[rosmaster.master][INFO] 2020-06-16 20:57:13,437: +PARAM [/move_base/collision_costmap/obstacle_layer/footprint_clearing_enabled] by /move_base
[rosmaster.master][INFO] 2020-06-16 20:57:13,437: +PARAM [/move_base/collision_costmap/obstacle_layer/max_obstacle_height] by /move_base
[rosmaster.master][INFO] 2020-06-16 20:57:13,438: +PARAM [/move_base/collision_costmap/obstacle_layer/combination_method] by /move_base
[rosmaster.master][INFO] 2020-06-16 20:57:13,439: +SERVICE [/move_base/collision_costmap/inflation_layer/set_parameters] /move_base http://3ff6fdf48960:35351/
[rosmaster.master][INFO] 2020-06-16 20:57:13,440: +PUB [/move_base/collision_costmap/inflation_layer/parameter_descriptions] /move_base http://3ff6fdf48960:35351/
[rosmaster.master][INFO] 2020-06-16 20:57:13,440: +PUB [/move_base/collision_costmap/inflation_layer/parameter_updates] /move_base http://3ff6fdf48960:35351/
[rosmaster.master][INFO] 2020-06-16 20:57:13,442: +PARAM [/move_base/collision_costmap/inflation_layer/enabled] by /move_base
[rosmaster.master][INFO] 2020-06-16 20:57:13,443: +PARAM [/move_base/collision_costmap/inflation_layer/cost_scaling_factor] by /move_base
[rosmaster.master][INFO] 2020-06-16 20:57:13,443: +PARAM [/move_base/collision_costmap/inflation_layer/inflation_radius] by /move_base
[rosmaster.master][INFO] 2020-06-16 20:57:13,443: +PARAM [/move_base/collision_costmap/inflation_layer/inflate_unknown] by /move_base
[rosmaster.master][INFO] 2020-06-16 20:57:13,444: +PARAM [/move_base/collision_costmap/inflation_layer/enabled] by /move_base
[rosmaster.master][INFO] 2020-06-16 20:57:13,444: +PARAM [/move_base/collision_costmap/inflation_layer/cost_scaling_factor] by /move_base
[rosmaster.master][INFO] 2020-06-16 20:57:13,445: +PARAM [/move_base/collision_costmap/inflation_layer/inflation_radius] by /move_base
[rosmaster.master][INFO] 2020-06-16 20:57:13,445: +PARAM [/move_base/collision_costmap/inflation_layer/inflate_unknown] by /move_base
[rosmaster.master][INFO] 2020-06-16 20:57:13,448: +SUB [/move_base/collision_costmap/footprint] /move_base http://3ff6fdf48960:35351/
[rosmaster.master][INFO] 2020-06-16 20:57:13,450: +PUB [/move_base/collision_costmap/footprint] /move_base http://3ff6fdf48960:35351/
[rosmaster.master][INFO] 2020-06-16 20:57:13,451: +PARAM [/move_base/collision_costmap/footprint] by /move_base
[rosmaster.master][INFO] 2020-06-16 20:57:13,452: +PUB [/move_base/collision_costmap/costmap] /move_base http://3ff6fdf48960:35351/
[rosmaster.master][INFO] 2020-06-16 20:57:13,453: +PUB [/move_base/collision_costmap/costmap_updates] /move_base http://3ff6fdf48960:35351/
[rosmaster.master][INFO] 2020-06-16 20:57:13,453: publisherUpdate[/move_base/collision_costmap/footprint] -> http://3ff6fdf48960:35351/ ['http://3ff6fdf48960:35351/']
[rosmaster.master][INFO] 2020-06-16 20:57:13,453: +SERVICE [/move_base/collision_costmap/set_parameters] /move_base http://3ff6fdf48960:35351/
[rosmaster.master][INFO] 2020-06-16 20:57:13,454: publisherUpdate[/move_base/collision_costmap/footprint] -> http://3ff6fdf48960:35351/ ['http://3ff6fdf48960:35351/']: sec=0.00, result=[1, '', 0]
[rosmaster.master][INFO] 2020-06-16 20:57:13,455: +PUB [/move_base/collision_costmap/parameter_descriptions] /move_base http://3ff6fdf48960:35351/
[rosmaster.master][INFO] 2020-06-16 20:57:13,455: +PUB [/move_base/collision_costmap/parameter_updates] /move_base http://3ff6fdf48960:35351/
[rosmaster.master][INFO] 2020-06-16 20:57:13,460: +PARAM [/move_base/collision_costmap/transform_tolerance] by /move_base
[rosmaster.master][INFO] 2020-06-16 20:57:13,460: +PARAM [/move_base/collision_costmap/update_frequency] by /move_base
[rosmaster.master][INFO] 2020-06-16 20:57:13,461: +PARAM [/move_base/collision_costmap/publish_frequency] by /move_base
[rosmaster.master][INFO] 2020-06-16 20:57:13,461: +PARAM [/move_base/collision_costmap/width] by /move_base
[rosmaster.master][INFO] 2020-06-16 20:57:13,462: +PARAM [/move_base/collision_costmap/height] by /move_base
[rosmaster.master][INFO] 2020-06-16 20:57:13,462: +PARAM [/move_base/collision_costmap/resolution] by /move_base
[rosmaster.master][INFO] 2020-06-16 20:57:13,463: +PARAM [/move_base/collision_costmap/origin_x] by /move_base
[rosmaster.master][INFO] 2020-06-16 20:57:13,463: +PARAM [/move_base/collision_costmap/origin_y] by /move_base
[rosmaster.master][INFO] 2020-06-16 20:57:13,463: +PARAM [/move_base/collision_costmap/footprint] by /move_base
[rosmaster.master][INFO] 2020-06-16 20:57:13,464: +PARAM [/move_base/collision_costmap/robot_radius] by /move_base
[rosmaster.master][INFO] 2020-06-16 20:57:13,464: +PARAM [/move_base/collision_costmap/footprint_padding] by /move_base
[rosmaster.master][INFO] 2020-06-16 20:57:13,465: +PARAM [/move_base/collision_costmap/transform_tolerance] by /move_base
[rosmaster.master][INFO] 2020-06-16 20:57:13,465: +PARAM [/move_base/collision_costmap/update_frequency] by /move_base
[rosmaster.master][INFO] 2020-06-16 20:57:13,465: +PARAM [/move_base/collision_costmap/publish_frequency] by /move_base
[rosmaster.master][INFO] 2020-06-16 20:57:13,466: +PARAM [/move_base/collision_costmap/width] by /move_base
[rosmaster.master][INFO] 2020-06-16 20:57:13,466: +PARAM [/move_base/collision_costmap/height] by /move_base
[rosmaster.master][INFO] 2020-06-16 20:57:13,467: +PARAM [/move_base/collision_costmap/resolution] by /move_base
[rosmaster.master][INFO] 2020-06-16 20:57:13,467: +PARAM [/move_base/collision_costmap/origin_x] by /move_base
[rosmaster.master][INFO] 2020-06-16 20:57:13,468: +PARAM [/move_base/collision_costmap/origin_y] by /move_base
[rosmaster.master][INFO] 2020-06-16 20:57:13,468: +PARAM [/move_base/collision_costmap/footprint] by /move_base
[rosmaster.master][INFO] 2020-06-16 20:57:13,468: +PARAM [/move_base/collision_costmap/robot_radius] by /move_base
[rosmaster.master][INFO] 2020-06-16 20:57:13,469: +PARAM [/move_base/collision_costmap/footprint_padding] by /move_base
[rosmaster.master][INFO] 2020-06-16 20:57:13,478: +SUB [/tf] /rviz http://3ff6fdf48960:40787/
[rosmaster.master][INFO] 2020-06-16 20:57:13,481: +SUB [/tf_static] /rviz http://3ff6fdf48960:40787/
[rosmaster.master][INFO] 2020-06-16 20:57:13,511: +PUB [/initialpose] /rviz http://3ff6fdf48960:40787/
[rosmaster.master][INFO] 2020-06-16 20:57:13,512: +PUB [/goal] /rviz http://3ff6fdf48960:40787/
[rosmaster.master][INFO] 2020-06-16 20:57:13,518: +SUB [/move_base/local_costmap/costmap] /rviz http://3ff6fdf48960:40787/
[rosmaster.master][INFO] 2020-06-16 20:57:13,520: +SUB [/move_base/local_costmap/costmap_updates] /rviz http://3ff6fdf48960:40787/
[rosmaster.master][INFO] 2020-06-16 20:57:13,523: +SUB [/map] /rviz http://3ff6fdf48960:40787/
[rosmaster.master][INFO] 2020-06-16 20:57:13,525: +SUB [/map_updates] /rviz http://3ff6fdf48960:40787/
[rosmaster.master][INFO] 2020-06-16 20:57:13,531: +SUB [/move_base/MpnetLocalPlanner/global_plan] /rviz http://3ff6fdf48960:40787/
[rosmaster.master][INFO] 2020-06-16 20:57:13,532: publisherUpdate[/initialpose] -> http://3ff6fdf48960:43111/ ['http://3ff6fdf48960:40787/']
[rosmaster.master][INFO] 2020-06-16 20:57:13,534: +SUB [/move_base_simple/goal] /rviz http://3ff6fdf48960:40787/
[rosmaster.master][INFO] 2020-06-16 20:57:13,537: +SUB [/move_base/MpnetLocalPlanner/local_plan] /rviz http://3ff6fdf48960:40787/
[rosmaster.master][INFO] 2020-06-16 20:57:13,537: -PUB [/goal] /rviz http://3ff6fdf48960:40787/
[rosmaster.master][INFO] 2020-06-16 20:57:13,538: -PUB [/initialpose] /rviz http://3ff6fdf48960:40787/
[rosmaster.master][INFO] 2020-06-16 20:57:13,542: +PUB [/initialpose] /rviz http://3ff6fdf48960:40787/
[rosmaster.master][INFO] 2020-06-16 20:57:13,543: +PUB [/goal] /rviz http://3ff6fdf48960:40787/
[rosmaster.master][INFO] 2020-06-16 20:57:13,543: +PUB [/move_base_simple/goal] /rviz http://3ff6fdf48960:40787/
[rosmaster.master][INFO] 2020-06-16 20:57:13,544: -PUB [/goal] /rviz http://3ff6fdf48960:40787/
[rosmaster.master][INFO] 2020-06-16 20:57:13,544: +PUB [/clicked_point] /rviz http://3ff6fdf48960:40787/
[rosmaster.master][INFO] 2020-06-16 20:57:13,554: publisherUpdate[/move_base_simple/goal] -> http://3ff6fdf48960:35351/ ['http://3ff6fdf48960:40787/']
[rosmaster.master][INFO] 2020-06-16 20:57:13,555: publisherUpdate[/move_base_simple/goal] -> http://3ff6fdf48960:40787/ ['http://3ff6fdf48960:40787/']
[rosmaster.master][INFO] 2020-06-16 20:57:13,560: publisherUpdate[/initialpose] -> http://3ff6fdf48960:43111/ ['http://3ff6fdf48960:40787/']: sec=0.03, result=[1, '', 0]
[rosmaster.master][INFO] 2020-06-16 20:57:13,561: publisherUpdate[/initialpose] -> http://3ff6fdf48960:43111/ []
[rosmaster.master][INFO] 2020-06-16 20:57:13,561: publisherUpdate[/initialpose] -> http://3ff6fdf48960:43111/ []: sec=0.00, result=[1, '', 0]
[rosmaster.master][INFO] 2020-06-16 20:57:13,561: publisherUpdate[/initialpose] -> http://3ff6fdf48960:43111/ ['http://3ff6fdf48960:40787/']
[rosmaster.master][INFO] 2020-06-16 20:57:13,562: publisherUpdate[/initialpose] -> http://3ff6fdf48960:43111/ ['http://3ff6fdf48960:40787/']: sec=0.00, result=[1, '', 0]
[rosmaster.master][INFO] 2020-06-16 20:57:13,575: +SERVICE [/rviz/reload_shaders] /rviz http://3ff6fdf48960:40787/
[rosmaster.master][INFO] 2020-06-16 20:57:13,575: +SERVICE [/rviz/load_config] /rviz http://3ff6fdf48960:40787/
[rosmaster.master][INFO] 2020-06-16 20:57:13,576: +SERVICE [/rviz/save_config] /rviz http://3ff6fdf48960:40787/
[rosmaster.master][INFO] 2020-06-16 20:57:13,603: publisherUpdate[/move_base_simple/goal] -> http://3ff6fdf48960:35351/ ['http://3ff6fdf48960:40787/']: sec=0.05, result=[1, '', 0]
[rosmaster.master][INFO] 2020-06-16 20:57:13,616: publisherUpdate[/move_base_simple/goal] -> http://3ff6fdf48960:40787/ ['http://3ff6fdf48960:40787/']: sec=0.06, result=[1, '', 0]
[rosmaster.master][INFO] 2020-06-16 20:57:15,742: +SERVICE [/move_base/make_plan] /move_base http://3ff6fdf48960:35351/
[rosmaster.master][INFO] 2020-06-16 20:57:15,744: +SERVICE [/move_base/clear_costmaps] /move_base http://3ff6fdf48960:35351/
[rosmaster.master][INFO] 2020-06-16 20:57:15,747: +PARAM [/move_base/conservative_reset/reset_distance] by /move_base
[rosmaster.master][INFO] 2020-06-16 20:57:15,748: +PARAM [/move_base/aggressive_reset/reset_distance] by /move_base
[rosmaster.master][INFO] 2020-06-16 20:57:15,765: +PUB [/move_base/result] /move_base http://3ff6fdf48960:35351/
[rosmaster.master][INFO] 2020-06-16 20:57:15,766: +PUB [/move_base/feedback] /move_base http://3ff6fdf48960:35351/
[rosmaster.master][INFO] 2020-06-16 20:57:15,768: +PUB [/move_base/status] /move_base http://3ff6fdf48960:35351/
[rosmaster.master][INFO] 2020-06-16 20:57:15,776: +SUB [/move_base/goal] /move_base http://3ff6fdf48960:35351/
[rosmaster.master][INFO] 2020-06-16 20:57:15,782: +SUB [/move_base/cancel] /move_base http://3ff6fdf48960:35351/
[rosmaster.master][INFO] 2020-06-16 20:57:15,783: +SERVICE [/move_base/set_parameters] /move_base http://3ff6fdf48960:35351/
[rosmaster.master][INFO] 2020-06-16 20:57:15,784: +PUB [/move_base/parameter_descriptions] /move_base http://3ff6fdf48960:35351/
[rosmaster.master][INFO] 2020-06-16 20:57:15,785: +PUB [/move_base/parameter_updates] /move_base http://3ff6fdf48960:35351/
[rosmaster.master][INFO] 2020-06-16 20:57:15,793: +PARAM [/move_base/base_global_planner] by /move_base
[rosmaster.master][INFO] 2020-06-16 20:57:15,793: +PARAM [/move_base/base_local_planner] by /move_base
[rosmaster.master][INFO] 2020-06-16 20:57:15,794: +PARAM [/move_base/planner_frequency] by /move_base
[rosmaster.master][INFO] 2020-06-16 20:57:15,794: +PARAM [/move_base/controller_frequency] by /move_base
[rosmaster.master][INFO] 2020-06-16 20:57:15,795: +PARAM [/move_base/planner_patience] by /move_base
[rosmaster.master][INFO] 2020-06-16 20:57:15,795: +PARAM [/move_base/controller_patience] by /move_base
[rosmaster.master][INFO] 2020-06-16 20:57:15,796: +PARAM [/move_base/max_planning_retries] by /move_base
[rosmaster.master][INFO] 2020-06-16 20:57:15,797: +PARAM [/move_base/conservative_reset_dist] by /move_base
[rosmaster.master][INFO] 2020-06-16 20:57:15,797: +PARAM [/move_base/recovery_behavior_enabled] by /move_base
[rosmaster.master][INFO] 2020-06-16 20:57:15,798: +PARAM [/move_base/clearing_rotation_allowed] by /move_base
[rosmaster.master][INFO] 2020-06-16 20:57:15,798: +PARAM [/move_base/shutdown_costmaps] by /move_base
[rosmaster.master][INFO] 2020-06-16 20:57:15,799: +PARAM [/move_base/oscillation_timeout] by /move_base
[rosmaster.master][INFO] 2020-06-16 20:57:15,799: +PARAM [/move_base/oscillation_distance] by /move_base
[rosmaster.master][INFO] 2020-06-16 20:57:15,800: +PARAM [/move_base/restore_defaults] by /move_base
[rosmaster.master][INFO] 2020-06-16 20:57:15,800: +PARAM [/move_base/base_global_planner] by /move_base
[rosmaster.master][INFO] 2020-06-16 20:57:15,801: +PARAM [/move_base/base_local_planner] by /move_base
[rosmaster.master][INFO] 2020-06-16 20:57:15,801: +PARAM [/move_base/planner_frequency] by /move_base
[rosmaster.master][INFO] 2020-06-16 20:57:15,802: +PARAM [/move_base/controller_frequency] by /move_base
[rosmaster.master][INFO] 2020-06-16 20:57:15,802: +PARAM [/move_base/planner_patience] by /move_base
[rosmaster.master][INFO] 2020-06-16 20:57:15,802: +PARAM [/move_base/controller_patience] by /move_base
[rosmaster.master][INFO] 2020-06-16 20:57:15,803: +PARAM [/move_base/max_planning_retries] by /move_base
[rosmaster.master][INFO] 2020-06-16 20:57:15,803: +PARAM [/move_base/conservative_reset_dist] by /move_base
[rosmaster.master][INFO] 2020-06-16 20:57:15,804: +PARAM [/move_base/recovery_behavior_enabled] by /move_base
[rosmaster.master][INFO] 2020-06-16 20:57:15,804: +PARAM [/move_base/clearing_rotation_allowed] by /move_base
[rosmaster.master][INFO] 2020-06-16 20:57:15,804: +PARAM [/move_base/shutdown_costmaps] by /move_base
[rosmaster.master][INFO] 2020-06-16 20:57:15,805: +PARAM [/move_base/oscillation_timeout] by /move_base
[rosmaster.master][INFO] 2020-06-16 20:57:15,805: +PARAM [/move_base/oscillation_distance] by /move_base
[rosmaster.master][INFO] 2020-06-16 20:57:15,806: +PARAM [/move_base/restore_defaults] by /move_base
[rosmaster.master][INFO] 2020-06-16 20:57:37,187: -PUB [/rosout] /static_tf/base_to_laser_tf2 http://3ff6fdf48960:42267/
[rosmaster.master][INFO] 2020-06-16 20:57:37,187: -PUB [/rosout] /racecar_simulator http://3ff6fdf48960:43111/
[rosmaster.master][INFO] 2020-06-16 20:57:37,188: -PUB [/tf_static] /static_tf/base_to_laser_tf2 http://3ff6fdf48960:42267/
[rosmaster.master][INFO] 2020-06-16 20:57:37,188: -PUB [/tf] /racecar_simulator http://3ff6fdf48960:43111/
[rosmaster.master][INFO] 2020-06-16 20:57:37,189: -SERVICE [/static_tf/base_to_laser_tf2/get_loggers] /static_tf/base_to_laser_tf2 rosrpc://3ff6fdf48960:60763
[rosmaster.master][INFO] 2020-06-16 20:57:37,189: -PUB [/scan] /racecar_simulator http://3ff6fdf48960:43111/
[rosmaster.master][INFO] 2020-06-16 20:57:37,190: -SERVICE [/static_tf/base_to_laser_tf2/set_logger_level] /static_tf/base_to_laser_tf2 rosrpc://3ff6fdf48960:60763
[rosmaster.master][INFO] 2020-06-16 20:57:37,190: -PUB [/odom] /racecar_simulator http://3ff6fdf48960:43111/
[rosmaster.master][INFO] 2020-06-16 20:57:37,191: -SUB [/joy] /racecar_simulator http://3ff6fdf48960:43111/
[rosmaster.master][INFO] 2020-06-16 20:57:37,191: -SUB [/drive] /racecar_simulator http://3ff6fdf48960:43111/
[rosmaster.master][INFO] 2020-06-16 20:57:37,192: -SUB [/map] /racecar_simulator http://3ff6fdf48960:43111/
[rosmaster.master][INFO] 2020-06-16 20:57:37,192: -SUB [/pose] /racecar_simulator http://3ff6fdf48960:43111/
[rosmaster.master][INFO] 2020-06-16 20:57:37,193: -SUB [/initialpose] /racecar_simulator http://3ff6fdf48960:43111/
[rosmaster.master][INFO] 2020-06-16 20:57:37,193: -SERVICE [/racecar_simulator/get_loggers] /racecar_simulator rosrpc://3ff6fdf48960:49955
[rosmaster.master][INFO] 2020-06-16 20:57:37,193: -SERVICE [/racecar_simulator/set_logger_level] /racecar_simulator rosrpc://3ff6fdf48960:49955
[rosmaster.master][INFO] 2020-06-16 20:57:37,217: publisherUpdate[/rosout] -> http://3ff6fdf48960:39709/ ['http://3ff6fdf48960:44385/', 'http://3ff6fdf48960:39611/', 'http://3ff6fdf48960:43111/', 'http://3ff6fdf48960:35351/', 'http://3ff6fdf48960:40787/']
[rosmaster.master][INFO] 2020-06-16 20:57:37,218: publisherUpdate[/rosout] -> http://3ff6fdf48960:39709/ ['http://3ff6fdf48960:44385/', 'http://3ff6fdf48960:39611/', 'http://3ff6fdf48960:43111/', 'http://3ff6fdf48960:35351/', 'http://3ff6fdf48960:40787/']: sec=0.00, result=[1, '', 0]
[rosmaster.master][INFO] 2020-06-16 20:57:37,218: publisherUpdate[/rosout] -> http://3ff6fdf48960:39709/ ['http://3ff6fdf48960:44385/', 'http://3ff6fdf48960:39611/', 'http://3ff6fdf48960:35351/', 'http://3ff6fdf48960:40787/']
[rosmaster.master][INFO] 2020-06-16 20:57:37,219: publisherUpdate[/rosout] -> http://3ff6fdf48960:39709/ ['http://3ff6fdf48960:44385/', 'http://3ff6fdf48960:39611/', 'http://3ff6fdf48960:35351/', 'http://3ff6fdf48960:40787/']: sec=0.00, result=[1, '', 0]
[rosmaster.master][INFO] 2020-06-16 20:57:37,219: publisherUpdate[/tf_static] -> http://3ff6fdf48960:35351/ ['http://3ff6fdf48960:39611/']
[rosmaster.master][INFO] 2020-06-16 20:57:37,219: publisherUpdate[/tf_static] -> http://3ff6fdf48960:35351/ ['http://3ff6fdf48960:39611/']: sec=0.00, exception=[Errno 111] Connection refused
[rosmaster.threadpool][ERROR] 2020-06-16 20:57:37,220: Traceback (most recent call last):
  File "/opt/ros/melodic/lib/python2.7/dist-packages/rosmaster/threadpool.py", line 218, in run
    result = cmd(*args)
  File "/opt/ros/melodic/lib/python2.7/dist-packages/rosmaster/master_api.py", line 210, in publisher_update_task
    ret = xmlrpcapi(api).publisherUpdate('/master', topic, pub_uris)
  File "/usr/lib/python2.7/xmlrpclib.py", line 1243, in __call__
    return self.__send(self.__name, args)
  File "/usr/lib/python2.7/xmlrpclib.py", line 1602, in __request
    verbose=self.__verbose
  File "/usr/lib/python2.7/xmlrpclib.py", line 1283, in request
    return self.single_request(host, handler, request_body, verbose)
  File "/usr/lib/python2.7/xmlrpclib.py", line 1311, in single_request
    self.send_content(h, request_body)
  File "/usr/lib/python2.7/xmlrpclib.py", line 1459, in send_content
    connection.endheaders(request_body)
  File "/usr/lib/python2.7/httplib.py", line 1065, in endheaders
    self._send_output(message_body)
  File "/usr/lib/python2.7/httplib.py", line 892, in _send_output
    self.send(msg)
  File "/usr/lib/python2.7/httplib.py", line 854, in send
    self.connect()
  File "/usr/lib/python2.7/httplib.py", line 831, in connect
    self.timeout, self.source_address)
  File "/usr/lib/python2.7/socket.py", line 575, in create_connection
    raise err
error: [Errno 111] Connection refused

[rosmaster.master][INFO] 2020-06-16 20:57:37,220: publisherUpdate[/tf_static] -> http://3ff6fdf48960:40787/ ['http://3ff6fdf48960:39611/']
[rosmaster.master][INFO] 2020-06-16 20:57:37,241: publisherUpdate[/tf_static] -> http://3ff6fdf48960:40787/ ['http://3ff6fdf48960:39611/']: sec=0.02, result=[0, 'Unknown Error', 0]
[rosmaster.master][INFO] 2020-06-16 20:57:37,241: publisherUpdate[/tf] -> http://3ff6fdf48960:35351/ ['http://3ff6fdf48960:39611/']
[rosmaster.master][INFO] 2020-06-16 20:57:37,241: publisherUpdate[/tf] -> http://3ff6fdf48960:35351/ ['http://3ff6fdf48960:39611/']: sec=0.00, exception=[Errno 111] Connection refused
[rosmaster.threadpool][ERROR] 2020-06-16 20:57:37,241: Traceback (most recent call last):
  File "/opt/ros/melodic/lib/python2.7/dist-packages/rosmaster/threadpool.py", line 218, in run
    result = cmd(*args)
  File "/opt/ros/melodic/lib/python2.7/dist-packages/rosmaster/master_api.py", line 210, in publisher_update_task
    ret = xmlrpcapi(api).publisherUpdate('/master', topic, pub_uris)
  File "/usr/lib/python2.7/xmlrpclib.py", line 1243, in __call__
    return self.__send(self.__name, args)
  File "/usr/lib/python2.7/xmlrpclib.py", line 1602, in __request
    verbose=self.__verbose
  File "/usr/lib/python2.7/xmlrpclib.py", line 1283, in request
    return self.single_request(host, handler, request_body, verbose)
  File "/usr/lib/python2.7/xmlrpclib.py", line 1311, in single_request
    self.send_content(h, request_body)
  File "/usr/lib/python2.7/xmlrpclib.py", line 1459, in send_content
    connection.endheaders(request_body)
  File "/usr/lib/python2.7/httplib.py", line 1065, in endheaders
    self._send_output(message_body)
  File "/usr/lib/python2.7/httplib.py", line 892, in _send_output
    self.send(msg)
  File "/usr/lib/python2.7/httplib.py", line 854, in send
    self.connect()
  File "/usr/lib/python2.7/httplib.py", line 831, in connect
    self.timeout, self.source_address)
  File "/usr/lib/python2.7/socket.py", line 575, in create_connection
    raise err
error: [Errno 111] Connection refused

[rosmaster.master][INFO] 2020-06-16 20:57:37,242: publisherUpdate[/tf] -> http://3ff6fdf48960:40787/ ['http://3ff6fdf48960:39611/']
[rosmaster.master][INFO] 2020-06-16 20:57:37,242: publisherUpdate[/tf] -> http://3ff6fdf48960:40787/ ['http://3ff6fdf48960:39611/']: sec=0.00, result=[0, 'Unknown Error', 0]
[rosmaster.master][INFO] 2020-06-16 20:57:37,242: publisherUpdate[/odom] -> http://3ff6fdf48960:35351/ []
[rosmaster.master][INFO] 2020-06-16 20:57:37,242: publisherUpdate[/odom] -> http://3ff6fdf48960:35351/ []: sec=0.00, exception=[Errno 111] Connection refused
[rosmaster.threadpool][ERROR] 2020-06-16 20:57:37,242: Traceback (most recent call last):
  File "/opt/ros/melodic/lib/python2.7/dist-packages/rosmaster/threadpool.py", line 218, in run
    result = cmd(*args)
  File "/opt/ros/melodic/lib/python2.7/dist-packages/rosmaster/master_api.py", line 210, in publisher_update_task
    ret = xmlrpcapi(api).publisherUpdate('/master', topic, pub_uris)
  File "/usr/lib/python2.7/xmlrpclib.py", line 1243, in __call__
    return self.__send(self.__name, args)
  File "/usr/lib/python2.7/xmlrpclib.py", line 1602, in __request
    verbose=self.__verbose
  File "/usr/lib/python2.7/xmlrpclib.py", line 1283, in request
    return self.single_request(host, handler, request_body, verbose)
  File "/usr/lib/python2.7/xmlrpclib.py", line 1311, in single_request
    self.send_content(h, request_body)
  File "/usr/lib/python2.7/xmlrpclib.py", line 1459, in send_content
    connection.endheaders(request_body)
  File "/usr/lib/python2.7/httplib.py", line 1065, in endheaders
    self._send_output(message_body)
  File "/usr/lib/python2.7/httplib.py", line 892, in _send_output
    self.send(msg)
  File "/usr/lib/python2.7/httplib.py", line 854, in send
    self.connect()
  File "/usr/lib/python2.7/httplib.py", line 831, in connect
    self.timeout, self.source_address)
  File "/usr/lib/python2.7/socket.py", line 575, in create_connection
    raise err
error: [Errno 111] Connection refused

[rosmaster.master][INFO] 2020-06-16 20:57:37,287: -PUB [/rosout] /map_server http://3ff6fdf48960:44385/
[rosmaster.master][INFO] 2020-06-16 20:57:37,287: -PUB [/rosout] /robot_state_publisher http://3ff6fdf48960:39611/
[rosmaster.master][INFO] 2020-06-16 20:57:37,288: -PUB [/map_metadata] /map_server http://3ff6fdf48960:44385/
[rosmaster.master][INFO] 2020-06-16 20:57:37,288: -PUB [/tf] /robot_state_publisher http://3ff6fdf48960:39611/
[rosmaster.master][INFO] 2020-06-16 20:57:37,289: -PUB [/map] /map_server http://3ff6fdf48960:44385/
[rosmaster.master][INFO] 2020-06-16 20:57:37,289: -PUB [/tf_static] /robot_state_publisher http://3ff6fdf48960:39611/
[rosmaster.master][INFO] 2020-06-16 20:57:37,290: -SERVICE [/map_server/get_loggers] /map_server rosrpc://3ff6fdf48960:33683
[rosmaster.master][INFO] 2020-06-16 20:57:37,290: -SUB [/joint_states] /robot_state_publisher http://3ff6fdf48960:39611/
[rosmaster.master][INFO] 2020-06-16 20:57:37,291: -SERVICE [/map_server/set_logger_level] /map_server rosrpc://3ff6fdf48960:33683
[rosmaster.master][INFO] 2020-06-16 20:57:37,291: -SERVICE [/robot_state_publisher/get_loggers] /robot_state_publisher rosrpc://3ff6fdf48960:49805
[rosmaster.master][INFO] 2020-06-16 20:57:37,292: -SERVICE [/static_map] /map_server rosrpc://3ff6fdf48960:33683
[rosmaster.master][INFO] 2020-06-16 20:57:37,292: -SERVICE [/robot_state_publisher/set_logger_level] /robot_state_publisher rosrpc://3ff6fdf48960:49805
[rosmaster.master][INFO] 2020-06-16 20:57:37,343: -PUB [/rosout] /rviz http://3ff6fdf48960:40787/
[rosmaster.master][INFO] 2020-06-16 20:57:37,343: publisherUpdate[/rosout] -> http://3ff6fdf48960:39709/ ['http://3ff6fdf48960:39611/', 'http://3ff6fdf48960:35351/', 'http://3ff6fdf48960:40787/']
[rosmaster.master][INFO] 2020-06-16 20:57:37,344: -PUB [/initialpose] /rviz http://3ff6fdf48960:40787/
[rosmaster.master][INFO] 2020-06-16 20:57:37,344: publisherUpdate[/rosout] -> http://3ff6fdf48960:39709/ ['http://3ff6fdf48960:39611/', 'http://3ff6fdf48960:35351/', 'http://3ff6fdf48960:40787/']: sec=0.00, result=[1, '', 0]
[rosmaster.master][INFO] 2020-06-16 20:57:37,344: publisherUpdate[/rosout] -> http://3ff6fdf48960:39709/ ['http://3ff6fdf48960:35351/', 'http://3ff6fdf48960:40787/']
[rosmaster.master][INFO] 2020-06-16 20:57:37,344: -PUB [/move_base_simple/goal] /rviz http://3ff6fdf48960:40787/
[rosmaster.master][INFO] 2020-06-16 20:57:37,345: publisherUpdate[/rosout] -> http://3ff6fdf48960:39709/ ['http://3ff6fdf48960:35351/', 'http://3ff6fdf48960:40787/']: sec=0.00, result=[1, '', 0]
[rosmaster.master][INFO] 2020-06-16 20:57:37,345: -PUB [/clicked_point] /rviz http://3ff6fdf48960:40787/
[rosmaster.master][INFO] 2020-06-16 20:57:37,345: publisherUpdate[/tf] -> http://3ff6fdf48960:35351/ []
[rosmaster.master][INFO] 2020-06-16 20:57:37,346: -SUB [/tf] /rviz http://3ff6fdf48960:40787/
[rosmaster.master][INFO] 2020-06-16 20:57:37,346: publisherUpdate[/tf] -> http://3ff6fdf48960:35351/ []: sec=0.00, exception=[Errno 111] Connection refused
[rosmaster.master][INFO] 2020-06-16 20:57:37,347: -SUB [/tf_static] /rviz http://3ff6fdf48960:40787/
[rosmaster.threadpool][ERROR] 2020-06-16 20:57:37,347: Traceback (most recent call last):
  File "/opt/ros/melodic/lib/python2.7/dist-packages/rosmaster/threadpool.py", line 218, in run
    result = cmd(*args)
  File "/opt/ros/melodic/lib/python2.7/dist-packages/rosmaster/master_api.py", line 210, in publisher_update_task
    ret = xmlrpcapi(api).publisherUpdate('/master', topic, pub_uris)
  File "/usr/lib/python2.7/xmlrpclib.py", line 1243, in __call__
    return self.__send(self.__name, args)
  File "/usr/lib/python2.7/xmlrpclib.py", line 1602, in __request
    verbose=self.__verbose
  File "/usr/lib/python2.7/xmlrpclib.py", line 1283, in request
    return self.single_request(host, handler, request_body, verbose)
  File "/usr/lib/python2.7/xmlrpclib.py", line 1311, in single_request
    self.send_content(h, request_body)
  File "/usr/lib/python2.7/xmlrpclib.py", line 1459, in send_content
    connection.endheaders(request_body)
  File "/usr/lib/python2.7/httplib.py", line 1065, in endheaders
    self._send_output(message_body)
  File "/usr/lib/python2.7/httplib.py", line 892, in _send_output
    self.send(msg)
  File "/usr/lib/python2.7/httplib.py", line 854, in send
    self.connect()
  File "/usr/lib/python2.7/httplib.py", line 831, in connect
    self.timeout, self.source_address)
  File "/usr/lib/python2.7/socket.py", line 575, in create_connection
    raise err
error: [Errno 111] Connection refused

[rosmaster.master][INFO] 2020-06-16 20:57:37,347: -SUB [/move_base/local_costmap/costmap] /rviz http://3ff6fdf48960:40787/
[rosmaster.master][INFO] 2020-06-16 20:57:37,347: publisherUpdate[/tf] -> http://3ff6fdf48960:40787/ []
[rosmaster.master][INFO] 2020-06-16 20:57:37,348: -SUB [/move_base/local_costmap/costmap_updates] /rviz http://3ff6fdf48960:40787/
[rosmaster.master][INFO] 2020-06-16 20:57:37,348: -SUB [/map] /rviz http://3ff6fdf48960:40787/
[rosmaster.master][INFO] 2020-06-16 20:57:37,349: -SUB [/map_updates] /rviz http://3ff6fdf48960:40787/
[rosmaster.master][INFO] 2020-06-16 20:57:37,349: -SUB [/move_base/MpnetLocalPlanner/global_plan] /rviz http://3ff6fdf48960:40787/
[rosmaster.master][INFO] 2020-06-16 20:57:37,349: -SUB [/move_base_simple/goal] /rviz http://3ff6fdf48960:40787/
[rosmaster.master][INFO] 2020-06-16 20:57:37,350: -SUB [/move_base/MpnetLocalPlanner/local_plan] /rviz http://3ff6fdf48960:40787/
[rosmaster.master][INFO] 2020-06-16 20:57:37,350: -SERVICE [/rviz/get_loggers] /rviz rosrpc://3ff6fdf48960:54823
[rosmaster.master][INFO] 2020-06-16 20:57:37,350: -SERVICE [/rviz/set_logger_level] /rviz rosrpc://3ff6fdf48960:54823
[rosmaster.master][INFO] 2020-06-16 20:57:37,351: -SERVICE [/rviz/reload_shaders] /rviz rosrpc://3ff6fdf48960:54823
[rosmaster.master][INFO] 2020-06-16 20:57:37,351: -SERVICE [/rviz/load_config] /rviz rosrpc://3ff6fdf48960:54823
[rosmaster.master][INFO] 2020-06-16 20:57:37,351: -SERVICE [/rviz/save_config] /rviz rosrpc://3ff6fdf48960:54823
[rosmaster.master][INFO] 2020-06-16 20:57:37,359: publisherUpdate[/map] -> http://3ff6fdf48960:35351/ []
[rosmaster.master][INFO] 2020-06-16 20:57:37,359: publisherUpdate[/map] -> http://3ff6fdf48960:35351/ []: sec=0.00, exception=[Errno 111] Connection refused
[rosmaster.threadpool][ERROR] 2020-06-16 20:57:37,359: Traceback (most recent call last):
  File "/opt/ros/melodic/lib/python2.7/dist-packages/rosmaster/threadpool.py", line 218, in run
    result = cmd(*args)
  File "/opt/ros/melodic/lib/python2.7/dist-packages/rosmaster/master_api.py", line 210, in publisher_update_task
    ret = xmlrpcapi(api).publisherUpdate('/master', topic, pub_uris)
  File "/usr/lib/python2.7/xmlrpclib.py", line 1243, in __call__
    return self.__send(self.__name, args)
  File "/usr/lib/python2.7/xmlrpclib.py", line 1602, in __request
    verbose=self.__verbose
  File "/usr/lib/python2.7/xmlrpclib.py", line 1283, in request
    return self.single_request(host, handler, request_body, verbose)
  File "/usr/lib/python2.7/xmlrpclib.py", line 1311, in single_request
    self.send_content(h, request_body)
  File "/usr/lib/python2.7/xmlrpclib.py", line 1459, in send_content
    connection.endheaders(request_body)
  File "/usr/lib/python2.7/httplib.py", line 1065, in endheaders
    self._send_output(message_body)
  File "/usr/lib/python2.7/httplib.py", line 892, in _send_output
    self.send(msg)
  File "/usr/lib/python2.7/httplib.py", line 854, in send
    self.connect()
  File "/usr/lib/python2.7/httplib.py", line 831, in connect
    self.timeout, self.source_address)
  File "/usr/lib/python2.7/socket.py", line 575, in create_connection
    raise err
error: [Errno 111] Connection refused

[rosmaster.master][INFO] 2020-06-16 20:57:37,359: publisherUpdate[/tf_static] -> http://3ff6fdf48960:35351/ []
[rosmaster.master][INFO] 2020-06-16 20:57:37,360: publisherUpdate[/tf_static] -> http://3ff6fdf48960:35351/ []: sec=0.00, exception=[Errno 111] Connection refused
[rosmaster.threadpool][ERROR] 2020-06-16 20:57:37,360: Traceback (most recent call last):
  File "/opt/ros/melodic/lib/python2.7/dist-packages/rosmaster/threadpool.py", line 218, in run
    result = cmd(*args)
  File "/opt/ros/melodic/lib/python2.7/dist-packages/rosmaster/master_api.py", line 210, in publisher_update_task
    ret = xmlrpcapi(api).publisherUpdate('/master', topic, pub_uris)
  File "/usr/lib/python2.7/xmlrpclib.py", line 1243, in __call__
    return self.__send(self.__name, args)
  File "/usr/lib/python2.7/xmlrpclib.py", line 1602, in __request
    verbose=self.__verbose
  File "/usr/lib/python2.7/xmlrpclib.py", line 1283, in request
    return self.single_request(host, handler, request_body, verbose)
  File "/usr/lib/python2.7/xmlrpclib.py", line 1311, in single_request
    self.send_content(h, request_body)
  File "/usr/lib/python2.7/xmlrpclib.py", line 1459, in send_content
    connection.endheaders(request_body)
  File "/usr/lib/python2.7/httplib.py", line 1065, in endheaders
    self._send_output(message_body)
  File "/usr/lib/python2.7/httplib.py", line 892, in _send_output
    self.send(msg)
  File "/usr/lib/python2.7/httplib.py", line 854, in send
    self.connect()
  File "/usr/lib/python2.7/httplib.py", line 831, in connect
    self.timeout, self.source_address)
  File "/usr/lib/python2.7/socket.py", line 575, in create_connection
    raise err
error: [Errno 111] Connection refused

[rosmaster.master][INFO] 2020-06-16 20:57:37,360: publisherUpdate[/rosout] -> http://3ff6fdf48960:39709/ ['http://3ff6fdf48960:35351/']
[rosmaster.master][INFO] 2020-06-16 20:57:37,361: publisherUpdate[/rosout] -> http://3ff6fdf48960:39709/ ['http://3ff6fdf48960:35351/']: sec=0.00, result=[1, '', 0]
[rosmaster.master][INFO] 2020-06-16 20:57:37,361: publisherUpdate[/move_base_simple/goal] -> http://3ff6fdf48960:35351/ []
[rosmaster.master][INFO] 2020-06-16 20:57:37,361: publisherUpdate[/move_base_simple/goal] -> http://3ff6fdf48960:35351/ []: sec=0.00, exception=[Errno 111] Connection refused
[rosmaster.threadpool][ERROR] 2020-06-16 20:57:37,361: Traceback (most recent call last):
  File "/opt/ros/melodic/lib/python2.7/dist-packages/rosmaster/threadpool.py", line 218, in run
    result = cmd(*args)
  File "/opt/ros/melodic/lib/python2.7/dist-packages/rosmaster/master_api.py", line 210, in publisher_update_task
    ret = xmlrpcapi(api).publisherUpdate('/master', topic, pub_uris)
  File "/usr/lib/python2.7/xmlrpclib.py", line 1243, in __call__
    return self.__send(self.__name, args)
  File "/usr/lib/python2.7/xmlrpclib.py", line 1602, in __request
    verbose=self.__verbose
  File "/usr/lib/python2.7/xmlrpclib.py", line 1283, in request
    return self.single_request(host, handler, request_body, verbose)
  File "/usr/lib/python2.7/xmlrpclib.py", line 1311, in single_request
    self.send_content(h, request_body)
  File "/usr/lib/python2.7/xmlrpclib.py", line 1459, in send_content
    connection.endheaders(request_body)
  File "/usr/lib/python2.7/httplib.py", line 1065, in endheaders
    self._send_output(message_body)
  File "/usr/lib/python2.7/httplib.py", line 892, in _send_output
    self.send(msg)
  File "/usr/lib/python2.7/httplib.py", line 854, in send
    self.connect()
  File "/usr/lib/python2.7/httplib.py", line 831, in connect
    self.timeout, self.source_address)
  File "/usr/lib/python2.7/socket.py", line 575, in create_connection
    raise err
error: [Errno 111] Connection refused

[rosmaster.master][INFO] 2020-06-16 20:57:37,448: publisherUpdate[/tf] -> http://3ff6fdf48960:40787/ []: sec=0.10, exception=[Errno 111] Connection refused
[rosmaster.threadpool][ERROR] 2020-06-16 20:57:37,449: Traceback (most recent call last):
  File "/opt/ros/melodic/lib/python2.7/dist-packages/rosmaster/threadpool.py", line 218, in run
    result = cmd(*args)
  File "/opt/ros/melodic/lib/python2.7/dist-packages/rosmaster/master_api.py", line 210, in publisher_update_task
    ret = xmlrpcapi(api).publisherUpdate('/master', topic, pub_uris)
  File "/usr/lib/python2.7/xmlrpclib.py", line 1243, in __call__
    return self.__send(self.__name, args)
  File "/usr/lib/python2.7/xmlrpclib.py", line 1602, in __request
    verbose=self.__verbose
  File "/usr/lib/python2.7/xmlrpclib.py", line 1283, in request
    return self.single_request(host, handler, request_body, verbose)
  File "/usr/lib/python2.7/xmlrpclib.py", line 1311, in single_request
    self.send_content(h, request_body)
  File "/usr/lib/python2.7/xmlrpclib.py", line 1459, in send_content
    connection.endheaders(request_body)
  File "/usr/lib/python2.7/httplib.py", line 1065, in endheaders
    self._send_output(message_body)
  File "/usr/lib/python2.7/httplib.py", line 892, in _send_output
    self.send(msg)
  File "/usr/lib/python2.7/httplib.py", line 854, in send
    self.connect()
  File "/usr/lib/python2.7/httplib.py", line 831, in connect
    self.timeout, self.source_address)
  File "/usr/lib/python2.7/socket.py", line 575, in create_connection
    raise err
error: [Errno 111] Connection refused

[rosmaster.master][INFO] 2020-06-16 20:57:37,449: publisherUpdate[/map] -> http://3ff6fdf48960:40787/ []
[rosmaster.master][INFO] 2020-06-16 20:57:37,449: publisherUpdate[/map] -> http://3ff6fdf48960:40787/ []: sec=0.00, exception=[Errno 111] Connection refused
[rosmaster.threadpool][ERROR] 2020-06-16 20:57:37,450: Traceback (most recent call last):
  File "/opt/ros/melodic/lib/python2.7/dist-packages/rosmaster/threadpool.py", line 218, in run
    result = cmd(*args)
  File "/opt/ros/melodic/lib/python2.7/dist-packages/rosmaster/master_api.py", line 210, in publisher_update_task
    ret = xmlrpcapi(api).publisherUpdate('/master', topic, pub_uris)
  File "/usr/lib/python2.7/xmlrpclib.py", line 1243, in __call__
    return self.__send(self.__name, args)
  File "/usr/lib/python2.7/xmlrpclib.py", line 1602, in __request
    verbose=self.__verbose
  File "/usr/lib/python2.7/xmlrpclib.py", line 1283, in request
    return self.single_request(host, handler, request_body, verbose)
  File "/usr/lib/python2.7/xmlrpclib.py", line 1311, in single_request
    self.send_content(h, request_body)
  File "/usr/lib/python2.7/xmlrpclib.py", line 1459, in send_content
    connection.endheaders(request_body)
  File "/usr/lib/python2.7/httplib.py", line 1065, in endheaders
    self._send_output(message_body)
  File "/usr/lib/python2.7/httplib.py", line 892, in _send_output
    self.send(msg)
  File "/usr/lib/python2.7/httplib.py", line 854, in send
    self.connect()
  File "/usr/lib/python2.7/httplib.py", line 831, in connect
    self.timeout, self.source_address)
  File "/usr/lib/python2.7/socket.py", line 575, in create_connection
    raise err
error: [Errno 111] Connection refused

[rosmaster.master][INFO] 2020-06-16 20:57:37,450: publisherUpdate[/tf_static] -> http://3ff6fdf48960:40787/ []
[rosmaster.master][INFO] 2020-06-16 20:57:37,450: publisherUpdate[/tf_static] -> http://3ff6fdf48960:40787/ []: sec=0.00, exception=[Errno 111] Connection refused
[rosmaster.threadpool][ERROR] 2020-06-16 20:57:37,451: Traceback (most recent call last):
  File "/opt/ros/melodic/lib/python2.7/dist-packages/rosmaster/threadpool.py", line 218, in run
    result = cmd(*args)
  File "/opt/ros/melodic/lib/python2.7/dist-packages/rosmaster/master_api.py", line 210, in publisher_update_task
    ret = xmlrpcapi(api).publisherUpdate('/master', topic, pub_uris)
  File "/usr/lib/python2.7/xmlrpclib.py", line 1243, in __call__
    return self.__send(self.__name, args)
  File "/usr/lib/python2.7/xmlrpclib.py", line 1602, in __request
    verbose=self.__verbose
  File "/usr/lib/python2.7/xmlrpclib.py", line 1283, in request
    return self.single_request(host, handler, request_body, verbose)
  File "/usr/lib/python2.7/xmlrpclib.py", line 1311, in single_request
    self.send_content(h, request_body)
  File "/usr/lib/python2.7/xmlrpclib.py", line 1459, in send_content
    connection.endheaders(request_body)
  File "/usr/lib/python2.7/httplib.py", line 1065, in endheaders
    self._send_output(message_body)
  File "/usr/lib/python2.7/httplib.py", line 892, in _send_output
    self.send(msg)
  File "/usr/lib/python2.7/httplib.py", line 854, in send
    self.connect()
  File "/usr/lib/python2.7/httplib.py", line 831, in connect
    self.timeout, self.source_address)
  File "/usr/lib/python2.7/socket.py", line 575, in create_connection
    raise err
error: [Errno 111] Connection refused

[rosmaster.master][INFO] 2020-06-16 20:57:37,451: publisherUpdate[/move_base_simple/goal] -> http://3ff6fdf48960:40787/ []
[rosmaster.master][INFO] 2020-06-16 20:57:37,451: publisherUpdate[/move_base_simple/goal] -> http://3ff6fdf48960:40787/ []: sec=0.00, exception=[Errno 111] Connection refused
[rosmaster.threadpool][ERROR] 2020-06-16 20:57:37,452: Traceback (most recent call last):
  File "/opt/ros/melodic/lib/python2.7/dist-packages/rosmaster/threadpool.py", line 218, in run
    result = cmd(*args)
  File "/opt/ros/melodic/lib/python2.7/dist-packages/rosmaster/master_api.py", line 210, in publisher_update_task
    ret = xmlrpcapi(api).publisherUpdate('/master', topic, pub_uris)
  File "/usr/lib/python2.7/xmlrpclib.py", line 1243, in __call__
    return self.__send(self.__name, args)
  File "/usr/lib/python2.7/xmlrpclib.py", line 1602, in __request
    verbose=self.__verbose
  File "/usr/lib/python2.7/xmlrpclib.py", line 1283, in request
    return self.single_request(host, handler, request_body, verbose)
  File "/usr/lib/python2.7/xmlrpclib.py", line 1311, in single_request
    self.send_content(h, request_body)
  File "/usr/lib/python2.7/xmlrpclib.py", line 1459, in send_content
    connection.endheaders(request_body)
  File "/usr/lib/python2.7/httplib.py", line 1065, in endheaders
    self._send_output(message_body)
  File "/usr/lib/python2.7/httplib.py", line 892, in _send_output
    self.send(msg)
  File "/usr/lib/python2.7/httplib.py", line 854, in send
    self.connect()
  File "/usr/lib/python2.7/httplib.py", line 831, in connect
    self.timeout, self.source_address)
  File "/usr/lib/python2.7/socket.py", line 575, in create_connection
    raise err
error: [Errno 111] Connection refused

[rosmaster.master][INFO] 2020-06-16 20:57:37,661: -PUB [/rosout_agg] /rosout http://3ff6fdf48960:39709/
[rosmaster.master][INFO] 2020-06-16 20:57:37,662: -SUB [/rosout] /rosout http://3ff6fdf48960:39709/
[rosmaster.master][INFO] 2020-06-16 20:57:37,662: -SERVICE [/rosout/get_loggers] /rosout rosrpc://3ff6fdf48960:46185
[rosmaster.master][INFO] 2020-06-16 20:57:37,662: -SERVICE [/rosout/set_logger_level] /rosout rosrpc://3ff6fdf48960:46185
[rosmaster.main][INFO] 2020-06-16 20:57:37,773: keyboard interrupt, will exit
[rosmaster.main][INFO] 2020-06-16 20:57:37,774: stopping master...
[rospy.core][INFO] 2020-06-16 20:57:37,774: signal_shutdown [atexit]
