[roslaunch][INFO] 2020-06-16 21:04:12,941: Checking log directory for disk usage. This may take a while.
Press Ctrl-C to interrupt
[roslaunch][INFO] 2020-06-16 21:04:12,945: Done checking log file disk usage. Usage is <1GB.
[roslaunch][INFO] 2020-06-16 21:04:12,945: roslaunch starting with args ['/opt/ros/melodic/bin/roslaunch', 'mpnet_plan', 'simulate_mpnet.launch']
[roslaunch][INFO] 2020-06-16 21:04:12,946: roslaunch env is {'ROS_DISTRO': 'melodic', 'ROSLISP_PACKAGE_DIRECTORIES': '/root/project/devel/share/common-lisp', 'CUDA_VERSION': '10.1.243', 'QT_LOGGING_RULES': '*.debug=false;qt.qpa.*=false', 'ROS_PACKAGE_PATH': '/root/project/src:/opt/ros/melodic/share', 'HOME': '/root', 'CMAKE_PREFIX_PATH': '/root/project/devel:/opt/ros/melodic', 'DISPLAY': ':0', 'LANG': 'C.UTF-8', 'TERM': 'xterm', 'ROS_LOG_FILENAME': '/root/.ros/log/ee1ed8f0-b014-11ea-be57-0242ac110003/roslaunch-3ff6fdf48960-2192.log', 'LIBRARY_PATH': '/usr/local/cuda/lib64/stubs', 'CUDA_PKG_VERSION': '10-1=10.1.243-1', 'SHLVL': '1', 'NCCL_VERSION': '2.4.8', 'LD_LIBRARY_PATH': '/root/project/devel/lib:/opt/ros/melodic/lib:/usr/local/cuda/extras/CUPTI/lib64:/usr/local/nvidia/lib:/usr/local/nvidia/lib64:/usr/lib/x86_64-linux-gnu:/usr/lib/i386-linux-gnu:/usr/local/nvidia/lib:/usr/local/nvidia/lib64', 'NVIDIA_VISIBLE_DEVICES': 'all', 'ROS_MASTER_URI': 'http://localhost:11311', 'CUDNN_VERSION': '7.6.5.32', 'ROS_PYTHON_VERSION': '2', 'PYTHONPATH': '/opt/ros/melodic/lib/python2.7/dist-packages', 'ROS_ROOT': '/opt/ros/melodic/share/ros', 'PATH': '/opt/ros/melodic/bin:/usr/local/nvidia/bin:/usr/local/cuda/bin:/usr/local/nvidia/bin:/usr/local/cuda/bin:/usr/local/sbin:/usr/local/bin:/usr/sbin:/usr/bin:/sbin:/bin', 'PKG_CONFIG_PATH': '/root/project/devel/lib/pkgconfig:/opt/ros/melodic/lib/pkgconfig', 'LC_ALL': 'C.UTF-8', 'NVIDIA_DRIVER_CAPABILITIES': 'compute,utility,graphics', '_': '/opt/ros/melodic/bin/roslaunch', 'NVIDIA_REQUIRE_CUDA': 'cuda>=10.0 brand=tesla,driver>=384,driver<385', 'OLDPWD': '/root', 'HOSTNAME': '3ff6fdf48960', 'PWD': '/root/project', 'ROS_ETC_DIR': '/opt/ros/melodic/etc/ros', 'ROS_VERSION': '1'}
[roslaunch][INFO] 2020-06-16 21:04:12,946: starting in server mode
[roslaunch.parent][INFO] 2020-06-16 21:04:12,946: starting roslaunch parent run
[roslaunch][INFO] 2020-06-16 21:04:12,946: loading roscore config file /opt/ros/melodic/etc/ros/roscore.xml
[roslaunch][INFO] 2020-06-16 21:04:13,084: Added core node of type [rosout/rosout] in namespace [/]
[roslaunch.config][INFO] 2020-06-16 21:04:13,084: loading config file /root/project/src/mpnet_local_planner/launch/simulate_mpnet.launch
[roslaunch][INFO] 2020-06-16 21:04:13,119: Added node of type [map_server/map_server] in namespace [/]
[roslaunch][INFO] 2020-06-16 21:04:13,172: Added node of type [robot_state_publisher/state_publisher] in namespace [/]
[roslaunch][INFO] 2020-06-16 21:04:13,179: Added node of type [racecar_simulator/simulate] in namespace [/]
[roslaunch][INFO] 2020-06-16 21:04:13,179: Added node of type [tf2_ros/static_transform_publisher] in namespace [/static_tf/]
[roslaunch][INFO] 2020-06-16 21:04:13,191: Added node of type [move_base/move_base] in namespace [/]
[roslaunch][INFO] 2020-06-16 21:04:13,192: Added node of type [rviz/rviz] in namespace [/]
[roslaunch][INFO] 2020-06-16 21:04:13,192: ... selected machine [] for node of type [map_server/map_server]
[roslaunch][INFO] 2020-06-16 21:04:13,192: ... selected machine [] for node of type [robot_state_publisher/state_publisher]
[roslaunch][INFO] 2020-06-16 21:04:13,193: ... selected machine [] for node of type [racecar_simulator/simulate]
[roslaunch][INFO] 2020-06-16 21:04:13,193: ... selected machine [] for node of type [tf2_ros/static_transform_publisher]
[roslaunch][INFO] 2020-06-16 21:04:13,193: ... selected machine [] for node of type [move_base/move_base]
[roslaunch][INFO] 2020-06-16 21:04:13,193: ... selected machine [] for node of type [rviz/rviz]
[roslaunch.pmon][INFO] 2020-06-16 21:04:13,193: start_process_monitor: creating ProcessMonitor
[roslaunch.pmon][INFO] 2020-06-16 21:04:13,193: created process monitor <ProcessMonitor(ProcessMonitor-1, initial daemon)>
[roslaunch.pmon][INFO] 2020-06-16 21:04:13,194: start_process_monitor: ProcessMonitor started
[roslaunch.parent][INFO] 2020-06-16 21:04:13,194: starting parent XML-RPC server
[roslaunch.server][INFO] 2020-06-16 21:04:13,194: starting roslaunch XML-RPC server
[roslaunch.server][INFO] 2020-06-16 21:04:13,194: waiting for roslaunch XML-RPC server to initialize
[xmlrpc][INFO] 2020-06-16 21:04:13,194: XML-RPC server binding to 0.0.0.0:0
[xmlrpc][INFO] 2020-06-16 21:04:13,195: Started XML-RPC server [http://3ff6fdf48960:35243/]
[xmlrpc][INFO] 2020-06-16 21:04:13,195: xml rpc node: starting XML-RPC server
[roslaunch][INFO] 2020-06-16 21:04:13,206: started roslaunch server http://3ff6fdf48960:35243/
[roslaunch.parent][INFO] 2020-06-16 21:04:13,206: ... parent XML-RPC server started
[roslaunch][INFO] 2020-06-16 21:04:13,208: master.is_running[http://localhost:11311]
[roslaunch][INFO] 2020-06-16 21:04:13,208: auto-starting new master
[roslaunch][INFO] 2020-06-16 21:04:13,208: create_master_process: rosmaster, /opt/ros/melodic/share/ros, 11311, 3, None, False
[roslaunch][INFO] 2020-06-16 21:04:13,208: process[master]: launching with args [['rosmaster', '--core', '-p', '11311', '-w', '3']]
[roslaunch.pmon][INFO] 2020-06-16 21:04:13,208: ProcessMonitor.register[master]
[roslaunch.pmon][INFO] 2020-06-16 21:04:13,208: ProcessMonitor.register[master] complete
[roslaunch][INFO] 2020-06-16 21:04:13,209: process[master]: starting os process
[roslaunch][INFO] 2020-06-16 21:04:13,209: process[master]: start w/ args [['rosmaster', '--core', '-p', '11311', '-w', '3', '__log:=/root/.ros/log/ee1ed8f0-b014-11ea-be57-0242ac110003/master.log']]
[roslaunch][INFO] 2020-06-16 21:04:13,209: process[master]: cwd will be [/root/.ros]
[roslaunch][INFO] 2020-06-16 21:04:13,650: process[master]: started with pid [2205]
[roslaunch][INFO] 2020-06-16 21:04:13,651: master.is_running[http://localhost:11311]
[roslaunch][INFO] 2020-06-16 21:04:13,752: master.is_running[http://localhost:11311]
[roslaunch][INFO] 2020-06-16 21:04:13,852: master.is_running[http://localhost:11311]
[roslaunch][INFO] 2020-06-16 21:04:13,854: master.is_running[http://localhost:11311]
[roslaunch][INFO] 2020-06-16 21:04:13,855: ROS_MASTER_URI=http://localhost:11311
[roslaunch][INFO] 2020-06-16 21:04:13,856: setting /run_id to ee1ed8f0-b014-11ea-be57-0242ac110003
[roslaunch][INFO] 2020-06-16 21:04:13,857: setting /roslaunch/uris/host_3ff6fdf48960__35243' to http://3ff6fdf48960:35243/
[roslaunch][INFO] 2020-06-16 21:04:13,859: ... preparing to launch node of type [rosout/rosout]
[roslaunch][INFO] 2020-06-16 21:04:13,859: create_node_process: package[rosout] type[rosout] machine[Machine(name[] env_loader[None] address[localhost] ssh_port[22] user[None] assignable[True] timeout[10.0])] master_uri[http://localhost:11311]
[roslaunch][INFO] 2020-06-16 21:04:13,859: process[rosout-1]: env[{'ROS_DISTRO': 'melodic', 'ROSLISP_PACKAGE_DIRECTORIES': '/root/project/devel/share/common-lisp', 'CUDA_VERSION': '10.1.243', 'QT_LOGGING_RULES': '*.debug=false;qt.qpa.*=false', 'PATH': '/opt/ros/melodic/bin:/usr/local/nvidia/bin:/usr/local/cuda/bin:/usr/local/nvidia/bin:/usr/local/cuda/bin:/usr/local/sbin:/usr/local/bin:/usr/sbin:/usr/bin:/sbin:/bin', 'HOME': '/root', 'CMAKE_PREFIX_PATH': '/root/project/devel:/opt/ros/melodic', 'ROS_LOG_FILENAME': '/root/.ros/log/ee1ed8f0-b014-11ea-be57-0242ac110003/roslaunch-3ff6fdf48960-2192.log', 'LANG': 'C.UTF-8', 'TERM': 'xterm', 'LIBRARY_PATH': '/usr/local/cuda/lib64/stubs', 'CUDA_PKG_VERSION': '10-1=10.1.243-1', 'SHLVL': '1', 'NCCL_VERSION': '2.4.8', 'LD_LIBRARY_PATH': '/root/project/devel/lib:/opt/ros/melodic/lib:/usr/local/cuda/extras/CUPTI/lib64:/usr/local/nvidia/lib:/usr/local/nvidia/lib64:/usr/lib/x86_64-linux-gnu:/usr/lib/i386-linux-gnu:/usr/local/nvidia/lib:/usr/local/nvidia/lib64', 'NVIDIA_VISIBLE_DEVICES': 'all', 'ROS_ETC_DIR': '/opt/ros/melodic/etc/ros', 'CUDNN_VERSION': '7.6.5.32', 'ROS_PYTHON_VERSION': '2', 'LC_ALL': 'C.UTF-8', 'PYTHONPATH': '/opt/ros/melodic/lib/python2.7/dist-packages', 'ROS_ROOT': '/opt/ros/melodic/share/ros', 'PKG_CONFIG_PATH': '/root/project/devel/lib/pkgconfig:/opt/ros/melodic/lib/pkgconfig', 'ROS_PACKAGE_PATH': '/root/project/src:/opt/ros/melodic/share', 'NVIDIA_DRIVER_CAPABILITIES': 'compute,utility,graphics', '_': '/opt/ros/melodic/bin/roslaunch', 'DISPLAY': ':0', 'NVIDIA_REQUIRE_CUDA': 'cuda>=10.0 brand=tesla,driver>=384,driver<385', 'OLDPWD': '/root', 'HOSTNAME': '3ff6fdf48960', 'PWD': '/root/project', 'ROS_MASTER_URI': 'http://localhost:11311', 'ROS_VERSION': '1'}]
[roslaunch][INFO] 2020-06-16 21:04:13,897: process[rosout-1]: args[[u'/opt/ros/melodic/lib/rosout/rosout', u'__name:=rosout']]
[roslaunch][INFO] 2020-06-16 21:04:13,898: ... created process [rosout-1]
[roslaunch.pmon][INFO] 2020-06-16 21:04:13,898: ProcessMonitor.register[rosout-1]
[roslaunch.pmon][INFO] 2020-06-16 21:04:13,898: ProcessMonitor.register[rosout-1] complete
[roslaunch][INFO] 2020-06-16 21:04:13,898: ... registered process [rosout-1]
[roslaunch][INFO] 2020-06-16 21:04:13,898: process[rosout-1]: starting os process
[roslaunch][INFO] 2020-06-16 21:04:13,898: process[rosout-1]: start w/ args [[u'/opt/ros/melodic/lib/rosout/rosout', u'__name:=rosout', u'__log:=/root/.ros/log/ee1ed8f0-b014-11ea-be57-0242ac110003/rosout-1.log']]
[roslaunch][INFO] 2020-06-16 21:04:13,898: process[rosout-1]: cwd will be [/root/.ros]
[roslaunch][INFO] 2020-06-16 21:04:14,341: process[rosout-1]: started with pid [2216]
[roslaunch][INFO] 2020-06-16 21:04:14,341: ... successfully launched [rosout-1]
[roslaunch][INFO] 2020-06-16 21:04:14,341: load_parameters starting ...
[roslaunch][INFO] 2020-06-16 21:04:14,365: ... load_parameters complete
[roslaunch][INFO] 2020-06-16 21:04:14,365: launch_nodes: launching local nodes ...
[roslaunch][INFO] 2020-06-16 21:04:14,365: ... preparing to launch node of type [map_server/map_server]
[roslaunch][INFO] 2020-06-16 21:04:14,365: create_node_process: package[map_server] type[map_server] machine[Machine(name[] env_loader[None] address[localhost] ssh_port[22] user[None] assignable[True] timeout[10.0])] master_uri[http://localhost:11311]
[roslaunch][INFO] 2020-06-16 21:04:14,365: process[map_server-2]: env[{'ROS_DISTRO': 'melodic', 'ROSLISP_PACKAGE_DIRECTORIES': '/root/project/devel/share/common-lisp', 'CUDA_VERSION': '10.1.243', 'QT_LOGGING_RULES': '*.debug=false;qt.qpa.*=false', 'PATH': '/opt/ros/melodic/bin:/usr/local/nvidia/bin:/usr/local/cuda/bin:/usr/local/nvidia/bin:/usr/local/cuda/bin:/usr/local/sbin:/usr/local/bin:/usr/sbin:/usr/bin:/sbin:/bin', 'HOME': '/root', 'CMAKE_PREFIX_PATH': '/root/project/devel:/opt/ros/melodic', 'ROS_LOG_FILENAME': '/root/.ros/log/ee1ed8f0-b014-11ea-be57-0242ac110003/roslaunch-3ff6fdf48960-2192.log', 'LANG': 'C.UTF-8', 'TERM': 'xterm', 'LIBRARY_PATH': '/usr/local/cuda/lib64/stubs', 'CUDA_PKG_VERSION': '10-1=10.1.243-1', 'SHLVL': '1', 'NCCL_VERSION': '2.4.8', 'LD_LIBRARY_PATH': '/root/project/devel/lib:/opt/ros/melodic/lib:/usr/local/cuda/extras/CUPTI/lib64:/usr/local/nvidia/lib:/usr/local/nvidia/lib64:/usr/lib/x86_64-linux-gnu:/usr/lib/i386-linux-gnu:/usr/local/nvidia/lib:/usr/local/nvidia/lib64', 'NVIDIA_VISIBLE_DEVICES': 'all', 'ROS_ETC_DIR': '/opt/ros/melodic/etc/ros', 'CUDNN_VERSION': '7.6.5.32', 'ROS_PYTHON_VERSION': '2', 'LC_ALL': 'C.UTF-8', 'PYTHONPATH': '/opt/ros/melodic/lib/python2.7/dist-packages', 'ROS_ROOT': '/opt/ros/melodic/share/ros', 'PKG_CONFIG_PATH': '/root/project/devel/lib/pkgconfig:/opt/ros/melodic/lib/pkgconfig', 'ROS_PACKAGE_PATH': '/root/project/src:/opt/ros/melodic/share', 'NVIDIA_DRIVER_CAPABILITIES': 'compute,utility,graphics', '_': '/opt/ros/melodic/bin/roslaunch', 'DISPLAY': ':0', 'NVIDIA_REQUIRE_CUDA': 'cuda>=10.0 brand=tesla,driver>=384,driver<385', 'OLDPWD': '/root', 'HOSTNAME': '3ff6fdf48960', 'PWD': '/root/project', 'ROS_MASTER_URI': 'http://localhost:11311', 'ROS_VERSION': '1'}]
[roslaunch][INFO] 2020-06-16 21:04:14,366: process[map_server-2]: args[[u'/opt/ros/melodic/lib/map_server/map_server', '/root/project/src/racecar_simulator/maps/mymap.yaml', u'__name:=map_server']]
[roslaunch][INFO] 2020-06-16 21:04:14,366: ... created process [map_server-2]
[roslaunch.pmon][INFO] 2020-06-16 21:04:14,366: ProcessMonitor.register[map_server-2]
[roslaunch.pmon][INFO] 2020-06-16 21:04:14,366: ProcessMonitor.register[map_server-2] complete
[roslaunch][INFO] 2020-06-16 21:04:14,366: ... registered process [map_server-2]
[roslaunch][INFO] 2020-06-16 21:04:14,366: process[map_server-2]: starting os process
[roslaunch][INFO] 2020-06-16 21:04:14,367: process[map_server-2]: start w/ args [[u'/opt/ros/melodic/lib/map_server/map_server', '/root/project/src/racecar_simulator/maps/mymap.yaml', u'__name:=map_server', u'__log:=/root/.ros/log/ee1ed8f0-b014-11ea-be57-0242ac110003/map_server-2.log']]
[roslaunch][INFO] 2020-06-16 21:04:14,367: process[map_server-2]: cwd will be [/root/.ros]
[roslaunch][INFO] 2020-06-16 21:04:14,814: process[map_server-2]: started with pid [2223]
[roslaunch][INFO] 2020-06-16 21:04:14,815: ... successfully launched [map_server-2]
[roslaunch][INFO] 2020-06-16 21:04:14,815: ... preparing to launch node of type [robot_state_publisher/state_publisher]
[roslaunch][INFO] 2020-06-16 21:04:14,815: create_node_process: package[robot_state_publisher] type[state_publisher] machine[Machine(name[] env_loader[None] address[localhost] ssh_port[22] user[None] assignable[True] timeout[10.0])] master_uri[http://localhost:11311]
[roslaunch][INFO] 2020-06-16 21:04:14,815: process[robot_state_publisher-3]: env[{'ROS_DISTRO': 'melodic', 'ROSLISP_PACKAGE_DIRECTORIES': '/root/project/devel/share/common-lisp', 'CUDA_VERSION': '10.1.243', 'QT_LOGGING_RULES': '*.debug=false;qt.qpa.*=false', 'PATH': '/opt/ros/melodic/bin:/usr/local/nvidia/bin:/usr/local/cuda/bin:/usr/local/nvidia/bin:/usr/local/cuda/bin:/usr/local/sbin:/usr/local/bin:/usr/sbin:/usr/bin:/sbin:/bin', 'HOME': '/root', 'CMAKE_PREFIX_PATH': '/root/project/devel:/opt/ros/melodic', 'ROS_LOG_FILENAME': '/root/.ros/log/ee1ed8f0-b014-11ea-be57-0242ac110003/roslaunch-3ff6fdf48960-2192.log', 'LANG': 'C.UTF-8', 'TERM': 'xterm', 'LIBRARY_PATH': '/usr/local/cuda/lib64/stubs', 'CUDA_PKG_VERSION': '10-1=10.1.243-1', 'SHLVL': '1', 'NCCL_VERSION': '2.4.8', 'LD_LIBRARY_PATH': '/root/project/devel/lib:/opt/ros/melodic/lib:/usr/local/cuda/extras/CUPTI/lib64:/usr/local/nvidia/lib:/usr/local/nvidia/lib64:/usr/lib/x86_64-linux-gnu:/usr/lib/i386-linux-gnu:/usr/local/nvidia/lib:/usr/local/nvidia/lib64', 'NVIDIA_VISIBLE_DEVICES': 'all', 'ROS_ETC_DIR': '/opt/ros/melodic/etc/ros', 'CUDNN_VERSION': '7.6.5.32', 'ROS_PYTHON_VERSION': '2', 'LC_ALL': 'C.UTF-8', 'PYTHONPATH': '/opt/ros/melodic/lib/python2.7/dist-packages', 'ROS_ROOT': '/opt/ros/melodic/share/ros', 'PKG_CONFIG_PATH': '/root/project/devel/lib/pkgconfig:/opt/ros/melodic/lib/pkgconfig', 'ROS_PACKAGE_PATH': '/root/project/src:/opt/ros/melodic/share', 'NVIDIA_DRIVER_CAPABILITIES': 'compute,utility,graphics', '_': '/opt/ros/melodic/bin/roslaunch', 'DISPLAY': ':0', 'NVIDIA_REQUIRE_CUDA': 'cuda>=10.0 brand=tesla,driver>=384,driver<385', 'OLDPWD': '/root', 'HOSTNAME': '3ff6fdf48960', 'PWD': '/root/project', 'ROS_MASTER_URI': 'http://localhost:11311', 'ROS_VERSION': '1'}]
[roslaunch][INFO] 2020-06-16 21:04:14,816: process[robot_state_publisher-3]: args[[u'/opt/ros/melodic/lib/robot_state_publisher/state_publisher', u'__name:=robot_state_publisher']]
[roslaunch][INFO] 2020-06-16 21:04:14,816: ... created process [robot_state_publisher-3]
[roslaunch.pmon][INFO] 2020-06-16 21:04:14,816: ProcessMonitor.register[robot_state_publisher-3]
[roslaunch.pmon][INFO] 2020-06-16 21:04:14,816: ProcessMonitor.register[robot_state_publisher-3] complete
[roslaunch][INFO] 2020-06-16 21:04:14,817: ... registered process [robot_state_publisher-3]
[roslaunch][INFO] 2020-06-16 21:04:14,817: process[robot_state_publisher-3]: starting os process
[roslaunch][INFO] 2020-06-16 21:04:14,817: process[robot_state_publisher-3]: start w/ args [[u'/opt/ros/melodic/lib/robot_state_publisher/state_publisher', u'__name:=robot_state_publisher', u'__log:=/root/.ros/log/ee1ed8f0-b014-11ea-be57-0242ac110003/robot_state_publisher-3.log']]
[roslaunch][INFO] 2020-06-16 21:04:14,817: process[robot_state_publisher-3]: cwd will be [/root/.ros]
[roslaunch][INFO] 2020-06-16 21:04:15,267: process[robot_state_publisher-3]: started with pid [2224]
[roslaunch][INFO] 2020-06-16 21:04:15,267: ... successfully launched [robot_state_publisher-3]
[roslaunch][INFO] 2020-06-16 21:04:15,268: ... preparing to launch node of type [racecar_simulator/simulate]
[roslaunch][INFO] 2020-06-16 21:04:15,268: create_node_process: package[racecar_simulator] type[simulate] machine[Machine(name[] env_loader[None] address[localhost] ssh_port[22] user[None] assignable[True] timeout[10.0])] master_uri[http://localhost:11311]
[roslaunch][INFO] 2020-06-16 21:04:15,268: process[racecar_simulator-4]: env[{'ROS_DISTRO': 'melodic', 'ROSLISP_PACKAGE_DIRECTORIES': '/root/project/devel/share/common-lisp', 'CUDA_VERSION': '10.1.243', 'QT_LOGGING_RULES': '*.debug=false;qt.qpa.*=false', 'PATH': '/opt/ros/melodic/bin:/usr/local/nvidia/bin:/usr/local/cuda/bin:/usr/local/nvidia/bin:/usr/local/cuda/bin:/usr/local/sbin:/usr/local/bin:/usr/sbin:/usr/bin:/sbin:/bin', 'HOME': '/root', 'CMAKE_PREFIX_PATH': '/root/project/devel:/opt/ros/melodic', 'ROS_LOG_FILENAME': '/root/.ros/log/ee1ed8f0-b014-11ea-be57-0242ac110003/roslaunch-3ff6fdf48960-2192.log', 'LANG': 'C.UTF-8', 'TERM': 'xterm', 'LIBRARY_PATH': '/usr/local/cuda/lib64/stubs', 'CUDA_PKG_VERSION': '10-1=10.1.243-1', 'SHLVL': '1', 'NCCL_VERSION': '2.4.8', 'LD_LIBRARY_PATH': '/root/project/devel/lib:/opt/ros/melodic/lib:/usr/local/cuda/extras/CUPTI/lib64:/usr/local/nvidia/lib:/usr/local/nvidia/lib64:/usr/lib/x86_64-linux-gnu:/usr/lib/i386-linux-gnu:/usr/local/nvidia/lib:/usr/local/nvidia/lib64', 'NVIDIA_VISIBLE_DEVICES': 'all', 'ROS_ETC_DIR': '/opt/ros/melodic/etc/ros', 'CUDNN_VERSION': '7.6.5.32', 'ROS_PYTHON_VERSION': '2', 'LC_ALL': 'C.UTF-8', 'PYTHONPATH': '/opt/ros/melodic/lib/python2.7/dist-packages', 'ROS_ROOT': '/opt/ros/melodic/share/ros', 'PKG_CONFIG_PATH': '/root/project/devel/lib/pkgconfig:/opt/ros/melodic/lib/pkgconfig', 'ROS_PACKAGE_PATH': '/root/project/src:/opt/ros/melodic/share', 'NVIDIA_DRIVER_CAPABILITIES': 'compute,utility,graphics', '_': '/opt/ros/melodic/bin/roslaunch', 'DISPLAY': ':0', 'NVIDIA_REQUIRE_CUDA': 'cuda>=10.0 brand=tesla,driver>=384,driver<385', 'OLDPWD': '/root', 'HOSTNAME': '3ff6fdf48960', 'PWD': '/root/project', 'ROS_MASTER_URI': 'http://localhost:11311', 'ROS_VERSION': '1'}]
[roslaunch][INFO] 2020-06-16 21:04:15,269: process[racecar_simulator-4]: args[[u'/root/project/devel/lib/racecar_simulator/simulate', u'__name:=racecar_simulator']]
[roslaunch][INFO] 2020-06-16 21:04:15,270: ... created process [racecar_simulator-4]
[roslaunch.pmon][INFO] 2020-06-16 21:04:15,270: ProcessMonitor.register[racecar_simulator-4]
[roslaunch.pmon][INFO] 2020-06-16 21:04:15,270: ProcessMonitor.register[racecar_simulator-4] complete
[roslaunch][INFO] 2020-06-16 21:04:15,270: ... registered process [racecar_simulator-4]
[roslaunch][INFO] 2020-06-16 21:04:15,270: process[racecar_simulator-4]: starting os process
[roslaunch][INFO] 2020-06-16 21:04:15,270: process[racecar_simulator-4]: start w/ args [[u'/root/project/devel/lib/racecar_simulator/simulate', u'__name:=racecar_simulator', u'__log:=/root/.ros/log/ee1ed8f0-b014-11ea-be57-0242ac110003/racecar_simulator-4.log']]
[roslaunch][INFO] 2020-06-16 21:04:15,270: process[racecar_simulator-4]: cwd will be [/root/.ros]
[roslaunch][INFO] 2020-06-16 21:04:15,719: process[racecar_simulator-4]: started with pid [2230]
[roslaunch][INFO] 2020-06-16 21:04:15,720: ... successfully launched [racecar_simulator-4]
[roslaunch][INFO] 2020-06-16 21:04:15,720: ... preparing to launch node of type [tf2_ros/static_transform_publisher]
[roslaunch][INFO] 2020-06-16 21:04:15,720: create_node_process: package[tf2_ros] type[static_transform_publisher] machine[Machine(name[] env_loader[None] address[localhost] ssh_port[22] user[None] assignable[True] timeout[10.0])] master_uri[http://localhost:11311]
[roslaunch][INFO] 2020-06-16 21:04:15,720: process[static_tf/base_to_laser_tf2-5]: env[{'ROS_DISTRO': 'melodic', 'ROSLISP_PACKAGE_DIRECTORIES': '/root/project/devel/share/common-lisp', 'CUDA_VERSION': '10.1.243', 'QT_LOGGING_RULES': '*.debug=false;qt.qpa.*=false', 'PATH': '/opt/ros/melodic/bin:/usr/local/nvidia/bin:/usr/local/cuda/bin:/usr/local/nvidia/bin:/usr/local/cuda/bin:/usr/local/sbin:/usr/local/bin:/usr/sbin:/usr/bin:/sbin:/bin', 'HOME': '/root', 'CMAKE_PREFIX_PATH': '/root/project/devel:/opt/ros/melodic', 'ROS_LOG_FILENAME': '/root/.ros/log/ee1ed8f0-b014-11ea-be57-0242ac110003/roslaunch-3ff6fdf48960-2192.log', 'LANG': 'C.UTF-8', 'TERM': 'xterm', 'LIBRARY_PATH': '/usr/local/cuda/lib64/stubs', 'CUDA_PKG_VERSION': '10-1=10.1.243-1', 'SHLVL': '1', 'NCCL_VERSION': '2.4.8', 'LD_LIBRARY_PATH': '/root/project/devel/lib:/opt/ros/melodic/lib:/usr/local/cuda/extras/CUPTI/lib64:/usr/local/nvidia/lib:/usr/local/nvidia/lib64:/usr/lib/x86_64-linux-gnu:/usr/lib/i386-linux-gnu:/usr/local/nvidia/lib:/usr/local/nvidia/lib64', 'NVIDIA_VISIBLE_DEVICES': 'all', 'ROS_ETC_DIR': '/opt/ros/melodic/etc/ros', 'CUDNN_VERSION': '7.6.5.32', 'ROS_PYTHON_VERSION': '2', 'LC_ALL': 'C.UTF-8', 'PYTHONPATH': '/opt/ros/melodic/lib/python2.7/dist-packages', 'ROS_NAMESPACE': '/static_tf', 'ROS_ROOT': '/opt/ros/melodic/share/ros', 'PKG_CONFIG_PATH': '/root/project/devel/lib/pkgconfig:/opt/ros/melodic/lib/pkgconfig', 'ROS_PACKAGE_PATH': '/root/project/src:/opt/ros/melodic/share', 'NVIDIA_DRIVER_CAPABILITIES': 'compute,utility,graphics', '_': '/opt/ros/melodic/bin/roslaunch', 'DISPLAY': ':0', 'NVIDIA_REQUIRE_CUDA': 'cuda>=10.0 brand=tesla,driver>=384,driver<385', 'OLDPWD': '/root', 'HOSTNAME': '3ff6fdf48960', 'PWD': '/root/project', 'ROS_MASTER_URI': 'http://localhost:11311', 'ROS_VERSION': '1'}]
[roslaunch][INFO] 2020-06-16 21:04:15,721: process[static_tf/base_to_laser_tf2-5]: args[[u'/opt/ros/melodic/lib/tf2_ros/static_transform_publisher', '0.1', '0.0', '0.30', '0.0', '0.0', '0.0', 'base_link', 'laser', u'__name:=base_to_laser_tf2']]
[roslaunch][INFO] 2020-06-16 21:04:15,721: ... created process [static_tf/base_to_laser_tf2-5]
[roslaunch.pmon][INFO] 2020-06-16 21:04:15,721: ProcessMonitor.register[static_tf/base_to_laser_tf2-5]
[roslaunch.pmon][INFO] 2020-06-16 21:04:15,721: ProcessMonitor.register[static_tf/base_to_laser_tf2-5] complete
[roslaunch][INFO] 2020-06-16 21:04:15,721: ... registered process [static_tf/base_to_laser_tf2-5]
[roslaunch][INFO] 2020-06-16 21:04:15,722: process[static_tf/base_to_laser_tf2-5]: starting os process
[roslaunch][INFO] 2020-06-16 21:04:15,722: process[static_tf/base_to_laser_tf2-5]: start w/ args [[u'/opt/ros/melodic/lib/tf2_ros/static_transform_publisher', '0.1', '0.0', '0.30', '0.0', '0.0', '0.0', 'base_link', 'laser', u'__name:=base_to_laser_tf2', u'__log:=/root/.ros/log/ee1ed8f0-b014-11ea-be57-0242ac110003/static_tf-base_to_laser_tf2-5.log']]
[roslaunch][INFO] 2020-06-16 21:04:15,722: process[static_tf/base_to_laser_tf2-5]: cwd will be [/root/.ros]
[roslaunch][INFO] 2020-06-16 21:04:16,183: process[static_tf/base_to_laser_tf2-5]: started with pid [2237]
[roslaunch][INFO] 2020-06-16 21:04:16,183: ... successfully launched [static_tf/base_to_laser_tf2-5]
[roslaunch][INFO] 2020-06-16 21:04:16,183: ... preparing to launch node of type [move_base/move_base]
[roslaunch][INFO] 2020-06-16 21:04:16,184: create_node_process: package[move_base] type[move_base] machine[Machine(name[] env_loader[None] address[localhost] ssh_port[22] user[None] assignable[True] timeout[10.0])] master_uri[http://localhost:11311]
[roslaunch][INFO] 2020-06-16 21:04:16,184: process[move_base-6]: env[{'ROS_DISTRO': 'melodic', 'ROSLISP_PACKAGE_DIRECTORIES': '/root/project/devel/share/common-lisp', 'CUDA_VERSION': '10.1.243', 'QT_LOGGING_RULES': '*.debug=false;qt.qpa.*=false', 'PATH': '/opt/ros/melodic/bin:/usr/local/nvidia/bin:/usr/local/cuda/bin:/usr/local/nvidia/bin:/usr/local/cuda/bin:/usr/local/sbin:/usr/local/bin:/usr/sbin:/usr/bin:/sbin:/bin', 'HOME': '/root', 'CMAKE_PREFIX_PATH': '/root/project/devel:/opt/ros/melodic', 'ROS_LOG_FILENAME': '/root/.ros/log/ee1ed8f0-b014-11ea-be57-0242ac110003/roslaunch-3ff6fdf48960-2192.log', 'LANG': 'C.UTF-8', 'TERM': 'xterm', 'LIBRARY_PATH': '/usr/local/cuda/lib64/stubs', 'CUDA_PKG_VERSION': '10-1=10.1.243-1', 'SHLVL': '1', 'NCCL_VERSION': '2.4.8', 'LD_LIBRARY_PATH': '/root/project/devel/lib:/opt/ros/melodic/lib:/usr/local/cuda/extras/CUPTI/lib64:/usr/local/nvidia/lib:/usr/local/nvidia/lib64:/usr/lib/x86_64-linux-gnu:/usr/lib/i386-linux-gnu:/usr/local/nvidia/lib:/usr/local/nvidia/lib64', 'NVIDIA_VISIBLE_DEVICES': 'all', 'ROS_ETC_DIR': '/opt/ros/melodic/etc/ros', 'CUDNN_VERSION': '7.6.5.32', 'ROS_PYTHON_VERSION': '2', 'LC_ALL': 'C.UTF-8', 'PYTHONPATH': '/opt/ros/melodic/lib/python2.7/dist-packages', 'ROS_ROOT': '/opt/ros/melodic/share/ros', 'PKG_CONFIG_PATH': '/root/project/devel/lib/pkgconfig:/opt/ros/melodic/lib/pkgconfig', 'ROS_PACKAGE_PATH': '/root/project/src:/opt/ros/melodic/share', 'NVIDIA_DRIVER_CAPABILITIES': 'compute,utility,graphics', '_': '/opt/ros/melodic/bin/roslaunch', 'DISPLAY': ':0', 'NVIDIA_REQUIRE_CUDA': 'cuda>=10.0 brand=tesla,driver>=384,driver<385', 'OLDPWD': '/root', 'HOSTNAME': '3ff6fdf48960', 'PWD': '/root/project', 'ROS_MASTER_URI': 'http://localhost:11311', 'ROS_VERSION': '1'}]
[roslaunch][INFO] 2020-06-16 21:04:16,184: process[move_base-6]: args[[u'/opt/ros/melodic/lib/move_base/move_base', u'__name:=move_base']]
[roslaunch][INFO] 2020-06-16 21:04:16,185: ... created process [move_base-6]
[roslaunch.pmon][INFO] 2020-06-16 21:04:16,185: ProcessMonitor.register[move_base-6]
[roslaunch.pmon][INFO] 2020-06-16 21:04:16,185: ProcessMonitor.register[move_base-6] complete
[roslaunch][INFO] 2020-06-16 21:04:16,185: ... registered process [move_base-6]
[roslaunch][INFO] 2020-06-16 21:04:16,185: process[move_base-6]: starting os process
[roslaunch][INFO] 2020-06-16 21:04:16,185: process[move_base-6]: start w/ args [[u'/opt/ros/melodic/lib/move_base/move_base', u'__name:=move_base', u'__log:=/root/.ros/log/ee1ed8f0-b014-11ea-be57-0242ac110003/move_base-6.log']]
[roslaunch][INFO] 2020-06-16 21:04:16,185: process[move_base-6]: cwd will be [/root/.ros]
[roslaunch][INFO] 2020-06-16 21:04:16,641: process[move_base-6]: started with pid [2244]
[roslaunch][INFO] 2020-06-16 21:04:16,641: ... successfully launched [move_base-6]
[roslaunch][INFO] 2020-06-16 21:04:16,641: ... preparing to launch node of type [rviz/rviz]
[roslaunch][INFO] 2020-06-16 21:04:16,642: create_node_process: package[rviz] type[rviz] machine[Machine(name[] env_loader[None] address[localhost] ssh_port[22] user[None] assignable[True] timeout[10.0])] master_uri[http://localhost:11311]
[roslaunch][INFO] 2020-06-16 21:04:16,642: process[rviz-7]: env[{'ROS_DISTRO': 'melodic', 'ROSLISP_PACKAGE_DIRECTORIES': '/root/project/devel/share/common-lisp', 'CUDA_VERSION': '10.1.243', 'QT_LOGGING_RULES': '*.debug=false;qt.qpa.*=false', 'PATH': '/opt/ros/melodic/bin:/usr/local/nvidia/bin:/usr/local/cuda/bin:/usr/local/nvidia/bin:/usr/local/cuda/bin:/usr/local/sbin:/usr/local/bin:/usr/sbin:/usr/bin:/sbin:/bin', 'HOME': '/root', 'CMAKE_PREFIX_PATH': '/root/project/devel:/opt/ros/melodic', 'ROS_LOG_FILENAME': '/root/.ros/log/ee1ed8f0-b014-11ea-be57-0242ac110003/roslaunch-3ff6fdf48960-2192.log', 'LANG': 'C.UTF-8', 'TERM': 'xterm', 'LIBRARY_PATH': '/usr/local/cuda/lib64/stubs', 'CUDA_PKG_VERSION': '10-1=10.1.243-1', 'SHLVL': '1', 'NCCL_VERSION': '2.4.8', 'LD_LIBRARY_PATH': '/root/project/devel/lib:/opt/ros/melodic/lib:/usr/local/cuda/extras/CUPTI/lib64:/usr/local/nvidia/lib:/usr/local/nvidia/lib64:/usr/lib/x86_64-linux-gnu:/usr/lib/i386-linux-gnu:/usr/local/nvidia/lib:/usr/local/nvidia/lib64', 'NVIDIA_VISIBLE_DEVICES': 'all', 'ROS_ETC_DIR': '/opt/ros/melodic/etc/ros', 'CUDNN_VERSION': '7.6.5.32', 'ROS_PYTHON_VERSION': '2', 'LC_ALL': 'C.UTF-8', 'PYTHONPATH': '/opt/ros/melodic/lib/python2.7/dist-packages', 'ROS_ROOT': '/opt/ros/melodic/share/ros', 'PKG_CONFIG_PATH': '/root/project/devel/lib/pkgconfig:/opt/ros/melodic/lib/pkgconfig', 'ROS_PACKAGE_PATH': '/root/project/src:/opt/ros/melodic/share', 'NVIDIA_DRIVER_CAPABILITIES': 'compute,utility,graphics', '_': '/opt/ros/melodic/bin/roslaunch', 'DISPLAY': ':0', 'NVIDIA_REQUIRE_CUDA': 'cuda>=10.0 brand=tesla,driver>=384,driver<385', 'OLDPWD': '/root', 'HOSTNAME': '3ff6fdf48960', 'PWD': '/root/project', 'ROS_MASTER_URI': 'http://localhost:11311', 'ROS_VERSION': '1'}]
[roslaunch][INFO] 2020-06-16 21:04:16,646: process[rviz-7]: args[[u'/opt/ros/melodic/lib/rviz/rviz', '-d', '/root/project/src/mpnet_local_planner/launch/mpnet_launch.rviz', u'__name:=rviz']]
[roslaunch][INFO] 2020-06-16 21:04:16,646: ... created process [rviz-7]
[roslaunch.pmon][INFO] 2020-06-16 21:04:16,646: ProcessMonitor.register[rviz-7]
[roslaunch.pmon][INFO] 2020-06-16 21:04:16,646: ProcessMonitor.register[rviz-7] complete
[roslaunch][INFO] 2020-06-16 21:04:16,646: ... registered process [rviz-7]
[roslaunch][INFO] 2020-06-16 21:04:16,646: process[rviz-7]: starting os process
[roslaunch][INFO] 2020-06-16 21:04:16,646: process[rviz-7]: start w/ args [[u'/opt/ros/melodic/lib/rviz/rviz', '-d', '/root/project/src/mpnet_local_planner/launch/mpnet_launch.rviz', u'__name:=rviz', u'__log:=/root/.ros/log/ee1ed8f0-b014-11ea-be57-0242ac110003/rviz-7.log']]
[roslaunch][INFO] 2020-06-16 21:04:16,646: process[rviz-7]: cwd will be [/root/.ros]
[roslaunch][INFO] 2020-06-16 21:04:17,156: process[rviz-7]: started with pid [2250]
[roslaunch][INFO] 2020-06-16 21:04:17,156: ... successfully launched [rviz-7]
[roslaunch][INFO] 2020-06-16 21:04:17,156: ... launch_nodes complete
[roslaunch.pmon][INFO] 2020-06-16 21:04:17,156: registrations completed <ProcessMonitor(ProcessMonitor-1, started daemon 139637656729344)>
[roslaunch.parent][INFO] 2020-06-16 21:04:17,157: ... roslaunch parent running, waiting for process exit
[roslaunch][INFO] 2020-06-16 21:04:17,157: spin
[roslaunch.pmon][INFO] 2020-06-16 21:04:39,258: ProcessMonitor.shutdown <ProcessMonitor(ProcessMonitor-1, started daemon 139637656729344)>
[roslaunch.pmon][INFO] 2020-06-16 21:04:39,261: ProcessMonitor._post_run <ProcessMonitor(ProcessMonitor-1, started daemon 139637656729344)>
[roslaunch.pmon][INFO] 2020-06-16 21:04:39,261: ProcessMonitor._post_run <ProcessMonitor(ProcessMonitor-1, started daemon 139637656729344)>: remaining procs are [<roslaunch.nodeprocess.LocalProcess object at 0x7effed100e50>, <roslaunch.nodeprocess.LocalProcess object at 0x7effed100790>, <roslaunch.nodeprocess.LocalProcess object at 0x7effec69ec90>, <roslaunch.nodeprocess.LocalProcess object at 0x7effec6a3c50>, <roslaunch.nodeprocess.LocalProcess object at 0x7effec6a3c10>, <roslaunch.nodeprocess.LocalProcess object at 0x7effec6a3a10>, <roslaunch.nodeprocess.LocalProcess object at 0x7effec6a3c90>, <roslaunch.nodeprocess.LocalProcess object at 0x7effec6a3150>]
[roslaunch.pmon][INFO] 2020-06-16 21:04:39,261: ProcessMonitor exit: killing rviz-7
[roslaunch][INFO] 2020-06-16 21:04:39,262: [rviz-7] killing on exit
[roslaunch.pmon][INFO] 2020-06-16 21:04:39,262: ProcessMonitor exit: killing move_base-6
[roslaunch][INFO] 2020-06-16 21:04:39,262: [move_base-6] killing on exit
[roslaunch][INFO] 2020-06-16 21:04:39,262: process[rviz-7]: killing os process with pid[2250] pgid[2250]
[roslaunch][INFO] 2020-06-16 21:04:39,263: process[move_base-6]: killing os process with pid[2244] pgid[2244]
[roslaunch.pmon][INFO] 2020-06-16 21:04:39,263: ProcessMonitor exit: killing static_tf/base_to_laser_tf2-5
[roslaunch.pmon][INFO] 2020-06-16 21:04:39,263: ProcessMonitor exit: killing racecar_simulator-4
[roslaunch][INFO] 2020-06-16 21:04:39,263: [rviz-7] sending SIGINT to pgid [2250]
[roslaunch][INFO] 2020-06-16 21:04:39,263: [move_base-6] sending SIGINT to pgid [2244]
[roslaunch][INFO] 2020-06-16 21:04:39,264: [static_tf/base_to_laser_tf2-5] killing on exit
[roslaunch.pmon][INFO] 2020-06-16 21:04:39,264: ProcessMonitor exit: killing robot_state_publisher-3
[roslaunch.pmon][INFO] 2020-06-16 21:04:39,264: ProcessMonitor exit: killing map_server-2
[roslaunch][INFO] 2020-06-16 21:04:39,264: [racecar_simulator-4] killing on exit
[roslaunch][INFO] 2020-06-16 21:04:39,264: [rviz-7] sent SIGINT to pgid [2250]
[roslaunch][INFO] 2020-06-16 21:04:39,265: [move_base-6] sent SIGINT to pgid [2244]
[roslaunch][INFO] 2020-06-16 21:04:39,265: [robot_state_publisher-3] killing on exit
[roslaunch][INFO] 2020-06-16 21:04:39,265: process[static_tf/base_to_laser_tf2-5]: killing os process with pid[2237] pgid[2237]
[roslaunch][INFO] 2020-06-16 21:04:39,265: [map_server-2] killing on exit
[roslaunch][INFO] 2020-06-16 21:04:39,266: process[racecar_simulator-4]: killing os process with pid[2230] pgid[2230]
[roslaunch][INFO] 2020-06-16 21:04:39,266: process[robot_state_publisher-3]: killing os process with pid[2224] pgid[2224]
[roslaunch][INFO] 2020-06-16 21:04:39,266: [static_tf/base_to_laser_tf2-5] sending SIGINT to pgid [2237]
[roslaunch][INFO] 2020-06-16 21:04:39,266: [racecar_simulator-4] sending SIGINT to pgid [2230]
[roslaunch][INFO] 2020-06-16 21:04:39,266: [robot_state_publisher-3] sending SIGINT to pgid [2224]
[roslaunch][INFO] 2020-06-16 21:04:39,267: process[map_server-2]: killing os process with pid[2223] pgid[2223]
[roslaunch][INFO] 2020-06-16 21:04:39,267: [static_tf/base_to_laser_tf2-5] sent SIGINT to pgid [2237]
[roslaunch][INFO] 2020-06-16 21:04:39,267: [racecar_simulator-4] sent SIGINT to pgid [2230]
[roslaunch][INFO] 2020-06-16 21:04:39,267: [robot_state_publisher-3] sent SIGINT to pgid [2224]
[roslaunch][INFO] 2020-06-16 21:04:39,267: [map_server-2] sending SIGINT to pgid [2223]
[roslaunch][INFO] 2020-06-16 21:04:39,267: [map_server-2] sent SIGINT to pgid [2223]
[roslaunch][INFO] 2020-06-16 21:04:39,467: process[static_tf/base_to_laser_tf2-5]: SIGINT killed with return value 0
[roslaunch][INFO] 2020-06-16 21:04:39,568: process[map_server-2]: SIGINT killed with return value 0
[roslaunch][INFO] 2020-06-16 21:04:39,568: process[robot_state_publisher-3]: SIGINT killed with return value 0
[roslaunch][INFO] 2020-06-16 21:04:39,668: process[racecar_simulator-4]: SIGINT killed with return value 0
[roslaunch][INFO] 2020-06-16 21:04:39,867: process[rviz-7]: SIGINT killed with return value 0
[roslaunch][ERROR] 2020-06-16 21:04:54,312: [move_base-6] escalating to SIGTERM
[roslaunch][INFO] 2020-06-16 21:04:54,313: [move_base-6] sent SIGTERM to pgid [2244]
[roslaunch][INFO] 2020-06-16 21:04:54,514: process[move_base-6]: SIGTERM killed with return value -15
[roslaunch.pmon][INFO] 2020-06-16 21:04:54,515: ProcessMonitor exit: killing rosout-1
[roslaunch][INFO] 2020-06-16 21:04:54,515: [rosout-1] killing on exit
[roslaunch][INFO] 2020-06-16 21:04:54,515: process[rosout-1]: killing os process with pid[2216] pgid[2216]
[roslaunch][INFO] 2020-06-16 21:04:54,516: [rosout-1] sending SIGINT to pgid [2216]
[roslaunch][INFO] 2020-06-16 21:04:54,516: [rosout-1] sent SIGINT to pgid [2216]
[roslaunch][INFO] 2020-06-16 21:04:54,717: process[rosout-1]: SIGINT killed with return value 0
[roslaunch.pmon][INFO] 2020-06-16 21:04:54,717: ProcessMonitor exit: killing master
[roslaunch][INFO] 2020-06-16 21:04:54,717: [master] killing on exit
[roslaunch][INFO] 2020-06-16 21:04:54,717: process[master]: killing os process with pid[2205] pgid[2205]
[roslaunch][INFO] 2020-06-16 21:04:54,717: [master] sending SIGINT to pgid [2205]
[roslaunch][INFO] 2020-06-16 21:04:54,717: [master] sent SIGINT to pgid [2205]
[roslaunch][INFO] 2020-06-16 21:04:54,918: process[master]: SIGINT killed with return value 0
[roslaunch.pmon][INFO] 2020-06-16 21:04:54,919: ProcessMonitor exit: cleaning up data structures and signals
[roslaunch.pmon][INFO] 2020-06-16 21:04:54,919: ProcessMonitor exit: pmon has shutdown
[roslaunch][INFO] 2020-06-16 21:04:54,954: process monitor is done spinning, initiating full shutdown
[roslaunch][INFO] 2020-06-16 21:04:54,954: runner.stop()
[roslaunch][INFO] 2020-06-16 21:04:54,954: shutting down processing monitor...
[roslaunch][INFO] 2020-06-16 21:04:54,955: shutting down processing monitor <ProcessMonitor(ProcessMonitor-1, stopped daemon 139637656729344)>
[roslaunch.pmon][INFO] 2020-06-16 21:04:54,955: ProcessMonitor.shutdown <ProcessMonitor(ProcessMonitor-1, stopped daemon 139637656729344)>
[roslaunch][INFO] 2020-06-16 21:04:54,955: ... shutting down processing monitor complete
[roslaunch][INFO] 2020-06-16 21:04:54,955: done
[roslaunch.pmon][INFO] 2020-06-16 21:04:54,956: ProcessMonitor.shutdown <ProcessMonitor(ProcessMonitor-1, stopped daemon 139637656729344)>
[rospy.core][INFO] 2020-06-16 21:04:54,956: signal_shutdown [atexit]
