[rosmaster.main][INFO] 2020-06-16 20:56:57,620: initialization complete, waiting for shutdown
[rosmaster.main][INFO] 2020-06-16 20:56:57,620: Starting ROS Master Node
[xmlrpc][INFO] 2020-06-16 20:56:57,621: XML-RPC server binding to 0.0.0.0:11311
[xmlrpc][INFO] 2020-06-16 20:56:57,621: Started XML-RPC server [http://3ff6fdf48960:11311/]
[xmlrpc][INFO] 2020-06-16 20:56:57,622: xml rpc node: starting XML-RPC server
[rosmaster.master][INFO] 2020-06-16 20:56:57,622: Master initialized: port[11311], uri[http://3ff6fdf48960:11311/]
[rosmaster.master][INFO] 2020-06-16 20:56:57,655: +PARAM [/run_id] by /roslaunch
[rosmaster.master][INFO] 2020-06-16 20:56:57,656: +PARAM [/roslaunch/uris/host_3ff6fdf48960__39027] by /roslaunch
[rosmaster.master][INFO] 2020-06-16 20:56:58,139: +PARAM [/move_base/global_costmap/robot_base_frame] by /roslaunch
[rosmaster.master][INFO] 2020-06-16 20:56:58,139: +PARAM [/racecar_simulator/scan_field_of_view] by /roslaunch
[rosmaster.master][INFO] 2020-06-16 20:56:58,139: +PARAM [/racecar_simulator/pose_rviz_topic] by /roslaunch
[rosmaster.master][INFO] 2020-06-16 20:56:58,139: +PARAM [/move_base/local_costmap/footprint] by /roslaunch
[rosmaster.master][INFO] 2020-06-16 20:56:58,139: +PARAM [/racecar_simulator/joy_angle_axis] by /roslaunch
[rosmaster.master][INFO] 2020-06-16 20:56:58,140: +PARAM [/move_base/controller_patience] by /roslaunch
[rosmaster.master][INFO] 2020-06-16 20:56:58,140: +PARAM [/racecar_simulator/scan_beams] by /roslaunch
[rosmaster.master][INFO] 2020-06-16 20:56:58,141: +PARAM [/racecar_simulator/map_frame] by /roslaunch
[rosmaster.master][INFO] 2020-06-16 20:56:58,141: +PARAM [/racecar_simulator/joy_topic] by /roslaunch
[rosmaster.master][INFO] 2020-06-16 20:56:58,141: +PARAM [/racecar_simulator/drive_topic] by /roslaunch
[rosmaster.master][INFO] 2020-06-16 20:56:58,141: +SERVICE [/rosout/get_loggers] /rosout http://3ff6fdf48960:44353/
[rosmaster.master][INFO] 2020-06-16 20:56:58,141: +PARAM [/racecar_simulator/joy_speed_axis] by /roslaunch
[rosmaster.master][INFO] 2020-06-16 20:56:58,142: +PARAM [/move_base/local_costmap/height] by /roslaunch
[rosmaster.master][INFO] 2020-06-16 20:56:58,142: +SERVICE [/rosout/set_logger_level] /rosout http://3ff6fdf48960:44353/
[rosmaster.master][INFO] 2020-06-16 20:56:58,142: +PARAM [/racecar_simulator/odom_frame] by /roslaunch
[rosmaster.master][INFO] 2020-06-16 20:56:58,143: +PARAM [/racecar_simulator/scan_distance_to_base_link] by /roslaunch
[rosmaster.master][INFO] 2020-06-16 20:56:58,143: +PARAM [/move_base/collision_costmap/global_frame] by /roslaunch
[rosmaster.master][INFO] 2020-06-16 20:56:58,143: +PUB [/rosout_agg] /rosout http://3ff6fdf48960:44353/
[rosmaster.master][INFO] 2020-06-16 20:56:58,143: +PARAM [/racecar_simulator/update_pose_rate] by /roslaunch
[rosmaster.master][INFO] 2020-06-16 20:56:58,143: +PARAM [/racecar_simulator/broadcast_transform] by /roslaunch
[rosmaster.master][INFO] 2020-06-16 20:56:58,144: +PARAM [/move_base/collision_costmap/raytrace_range] by /roslaunch
[rosmaster.master][INFO] 2020-06-16 20:56:58,144: +PARAM [/move_base/clearing_rotation_allowed] by /roslaunch
[rosmaster.master][INFO] 2020-06-16 20:56:58,145: +PARAM [/racecar_simulator/scan_frame] by /roslaunch
[rosmaster.master][INFO] 2020-06-16 20:56:58,145: +PARAM [/move_base/MpnetLocalPlanner/yaw_goal_tolerance] by /roslaunch
[rosmaster.master][INFO] 2020-06-16 20:56:58,145: +SUB [/rosout] /rosout http://3ff6fdf48960:44353/
[rosmaster.master][INFO] 2020-06-16 20:56:58,145: +PARAM [/racecar_simulator/wheelbase] by /roslaunch
[rosmaster.master][INFO] 2020-06-16 20:56:58,146: +PARAM [/move_base/local_costmap/obstacle_range] by /roslaunch
[rosmaster.master][INFO] 2020-06-16 20:56:58,146: +PARAM [/move_base/local_costmap/update_frequency] by /roslaunch
[rosmaster.master][INFO] 2020-06-16 20:56:58,146: +PARAM [/move_base/global_costmap/raytrace_range] by /roslaunch
[rosmaster.master][INFO] 2020-06-16 20:56:58,146: +PARAM [/move_base/local_costmap/raytrace_range] by /roslaunch
[rosmaster.master][INFO] 2020-06-16 20:56:58,146: +PARAM [/move_base/collision_costmap/obstacle_range] by /roslaunch
[rosmaster.master][INFO] 2020-06-16 20:56:58,146: +PARAM [/move_base/collision_costmap/update_frequency] by /roslaunch
[rosmaster.master][INFO] 2020-06-16 20:56:58,146: +PARAM [/move_base/global_costmap/obstacle_range] by /roslaunch
[rosmaster.master][INFO] 2020-06-16 20:56:58,146: +PARAM [/move_base/local_costmap/publish_frequency] by /roslaunch
[rosmaster.master][INFO] 2020-06-16 20:56:58,146: +PARAM [/racecar_simulator/joy] by /roslaunch
[rosmaster.master][INFO] 2020-06-16 20:56:58,147: +PARAM [/rosdistro] by /roslaunch
[rosmaster.master][INFO] 2020-06-16 20:56:58,147: +PARAM [/robot_description] by /roslaunch
[rosmaster.master][INFO] 2020-06-16 20:56:58,147: +PARAM [/move_base/global_costmap/footprint] by /roslaunch
[rosmaster.master][INFO] 2020-06-16 20:56:58,147: +PARAM [/racecar_simulator/max_steering_angle] by /roslaunch
[rosmaster.master][INFO] 2020-06-16 20:56:58,147: +PARAM [/racecar_simulator/distance_transform_topic] by /roslaunch
[rosmaster.master][INFO] 2020-06-16 20:56:58,147: +PARAM [/move_base/local_costmap/cost_scaling_factor] by /roslaunch
[rosmaster.master][INFO] 2020-06-16 20:56:58,147: +PARAM [/racecar_simulator/scan_topic] by /roslaunch
[rosmaster.master][INFO] 2020-06-16 20:56:58,147: +PARAM [/move_base/global_costmap/update_frequency] by /roslaunch
[rosmaster.master][INFO] 2020-06-16 20:56:58,147: +PARAM [/rosversion] by /roslaunch
[rosmaster.master][INFO] 2020-06-16 20:56:58,147: +PARAM [/move_base/local_costmap/global_frame] by /roslaunch
[rosmaster.master][INFO] 2020-06-16 20:56:58,147: +PARAM [/racecar_simulator/base_frame] by /roslaunch
[rosmaster.master][INFO] 2020-06-16 20:56:58,147: +PARAM [/racecar_simulator/map_free_threshold] by /roslaunch
[rosmaster.master][INFO] 2020-06-16 20:56:58,147: +PARAM [/move_base/global_costmap/global_frame] by /roslaunch
[rosmaster.master][INFO] 2020-06-16 20:56:58,148: +PARAM [/racecar_simulator/joy_max_speed] by /roslaunch
[rosmaster.master][INFO] 2020-06-16 20:56:58,148: +PARAM [/racecar_simulator/map_topic] by /roslaunch
[rosmaster.master][INFO] 2020-06-16 20:56:58,148: +PARAM [/move_base/local_costmap/static_map] by /roslaunch
[rosmaster.master][INFO] 2020-06-16 20:56:58,148: +PARAM [/move_base/local_costmap/resolution] by /roslaunch
[rosmaster.master][INFO] 2020-06-16 20:56:58,148: +PARAM [/move_base/global_costmap/static_map] by /roslaunch
[rosmaster.master][INFO] 2020-06-16 20:56:58,148: +PARAM [/racecar_simulator/odom_topic] by /roslaunch
[rosmaster.master][INFO] 2020-06-16 20:56:58,148: +PARAM [/move_base/base_local_planner] by /roslaunch
[rosmaster.master][INFO] 2020-06-16 20:56:58,148: +PARAM [/racecar_simulator/scan_std_dev] by /roslaunch
[rosmaster.master][INFO] 2020-06-16 20:56:58,148: +PARAM [/move_base/MpnetLocalPlanner/xy_goal_tolerance] by /roslaunch
[rosmaster.master][INFO] 2020-06-16 20:56:58,148: +PARAM [/racecar_simulator/pose_topic] by /roslaunch
[rosmaster.master][INFO] 2020-06-16 20:56:58,148: +PARAM [/move_base/local_costmap/robot_base_frame] by /roslaunch
[rosmaster.master][INFO] 2020-06-16 20:56:58,148: +PARAM [/move_base/collision_costmap/static_map] by /roslaunch
[rosmaster.master][INFO] 2020-06-16 20:56:58,149: +PARAM [/move_base/local_costmap/width] by /roslaunch
[rosmaster.master][INFO] 2020-06-16 20:56:58,149: +PARAM [/move_base/local_costmap/rolling_window] by /roslaunch
[rosmaster.master][INFO] 2020-06-16 20:56:58,149: +PARAM [/move_base/collision_costmap/robot_base_frame] by /roslaunch
[rosmaster.master][INFO] 2020-06-16 20:56:58,149: +PARAM [/racecar_simulator/max_speed] by /roslaunch
[rosmaster.master][INFO] 2020-06-16 20:56:58,149: +PARAM [/move_base/controller_frequency] by /roslaunch
[rosmaster.master][INFO] 2020-06-16 20:56:58,149: +PARAM [/move_base/collision_costmap/footprint] by /roslaunch
[rosmaster.master][INFO] 2020-06-16 20:56:58,149: +PARAM [/move_base/MpnetLocalPlanner/xy_replan_tolerance] by /roslaunch
[rosmaster.master][INFO] 2020-06-16 20:56:58,610: +PUB [/rosout] /map_server http://3ff6fdf48960:32913/
[rosmaster.master][INFO] 2020-06-16 20:56:58,610: +SERVICE [/map_server/get_loggers] /map_server http://3ff6fdf48960:32913/
[rosmaster.master][INFO] 2020-06-16 20:56:58,611: +SERVICE [/map_server/set_logger_level] /map_server http://3ff6fdf48960:32913/
[rosmaster.master][INFO] 2020-06-16 20:56:58,615: +SERVICE [/static_map] /map_server http://3ff6fdf48960:32913/
[rosmaster.master][INFO] 2020-06-16 20:56:58,615: +PUB [/map_metadata] /map_server http://3ff6fdf48960:32913/
[rosmaster.master][INFO] 2020-06-16 20:56:58,616: +PUB [/map] /map_server http://3ff6fdf48960:32913/
[rosmaster.master][INFO] 2020-06-16 20:56:58,622: publisherUpdate[/rosout] -> http://3ff6fdf48960:44353/ ['http://3ff6fdf48960:32913/']
[rosmaster.master][INFO] 2020-06-16 20:56:58,646: publisherUpdate[/rosout] -> http://3ff6fdf48960:44353/ ['http://3ff6fdf48960:32913/']: sec=0.02, result=[1, '', 0]
[rosmaster.master][INFO] 2020-06-16 20:56:59,064: +PUB [/rosout] /robot_state_publisher http://3ff6fdf48960:41213/
[rosmaster.master][INFO] 2020-06-16 20:56:59,065: +SERVICE [/robot_state_publisher/get_loggers] /robot_state_publisher http://3ff6fdf48960:41213/
[rosmaster.master][INFO] 2020-06-16 20:56:59,065: +SERVICE [/robot_state_publisher/set_logger_level] /robot_state_publisher http://3ff6fdf48960:41213/
[rosmaster.master][INFO] 2020-06-16 20:56:59,068: +PUB [/tf] /robot_state_publisher http://3ff6fdf48960:41213/
[rosmaster.master][INFO] 2020-06-16 20:56:59,069: +PUB [/tf_static] /robot_state_publisher http://3ff6fdf48960:41213/
[rosmaster.master][INFO] 2020-06-16 20:56:59,071: +SUB [/joint_states] /robot_state_publisher http://3ff6fdf48960:41213/
[rosmaster.master][INFO] 2020-06-16 20:56:59,123: publisherUpdate[/rosout] -> http://3ff6fdf48960:44353/ ['http://3ff6fdf48960:32913/', 'http://3ff6fdf48960:41213/']
[rosmaster.master][INFO] 2020-06-16 20:56:59,142: publisherUpdate[/rosout] -> http://3ff6fdf48960:44353/ ['http://3ff6fdf48960:32913/', 'http://3ff6fdf48960:41213/']: sec=0.02, result=[1, '', 0]
[rosmaster.master][INFO] 2020-06-16 20:56:59,517: +PUB [/rosout] /racecar_simulator http://3ff6fdf48960:40387/
[rosmaster.master][INFO] 2020-06-16 20:56:59,518: +SERVICE [/racecar_simulator/get_loggers] /racecar_simulator http://3ff6fdf48960:40387/
[rosmaster.master][INFO] 2020-06-16 20:56:59,518: +SERVICE [/racecar_simulator/set_logger_level] /racecar_simulator http://3ff6fdf48960:40387/
[rosmaster.master][INFO] 2020-06-16 20:56:59,519: +PUB [/tf] /racecar_simulator http://3ff6fdf48960:40387/
[rosmaster.master][INFO] 2020-06-16 20:56:59,524: publisherUpdate[/rosout] -> http://3ff6fdf48960:44353/ ['http://3ff6fdf48960:32913/', 'http://3ff6fdf48960:41213/', 'http://3ff6fdf48960:40387/']
[rosmaster.master][INFO] 2020-06-16 20:56:59,527: +PUB [/scan] /racecar_simulator http://3ff6fdf48960:40387/
[rosmaster.master][INFO] 2020-06-16 20:56:59,528: +PUB [/odom] /racecar_simulator http://3ff6fdf48960:40387/
[rosmaster.master][INFO] 2020-06-16 20:56:59,530: +SUB [/joy] /racecar_simulator http://3ff6fdf48960:40387/
[rosmaster.master][INFO] 2020-06-16 20:56:59,531: +SUB [/drive] /racecar_simulator http://3ff6fdf48960:40387/
[rosmaster.master][INFO] 2020-06-16 20:56:59,533: +SUB [/map] /racecar_simulator http://3ff6fdf48960:40387/
[rosmaster.master][INFO] 2020-06-16 20:56:59,535: +SUB [/pose] /racecar_simulator http://3ff6fdf48960:40387/
[rosmaster.master][INFO] 2020-06-16 20:56:59,538: +SUB [/initialpose] /racecar_simulator http://3ff6fdf48960:40387/
[rosmaster.master][INFO] 2020-06-16 20:56:59,579: publisherUpdate[/rosout] -> http://3ff6fdf48960:44353/ ['http://3ff6fdf48960:32913/', 'http://3ff6fdf48960:41213/', 'http://3ff6fdf48960:40387/']: sec=0.05, result=[1, '', 0]
[rosmaster.master][INFO] 2020-06-16 20:56:59,992: +PUB [/rosout] /static_tf/base_to_laser_tf2 http://3ff6fdf48960:44085/
[rosmaster.master][INFO] 2020-06-16 20:56:59,993: +SERVICE [/static_tf/base_to_laser_tf2/get_loggers] /static_tf/base_to_laser_tf2 http://3ff6fdf48960:44085/
[rosmaster.master][INFO] 2020-06-16 20:56:59,993: +SERVICE [/static_tf/base_to_laser_tf2/set_logger_level] /static_tf/base_to_laser_tf2 http://3ff6fdf48960:44085/
[rosmaster.master][INFO] 2020-06-16 20:56:59,994: +PUB [/tf_static] /static_tf/base_to_laser_tf2 http://3ff6fdf48960:44085/
[rosmaster.master][INFO] 2020-06-16 20:57:00,044: publisherUpdate[/rosout] -> http://3ff6fdf48960:44353/ ['http://3ff6fdf48960:32913/', 'http://3ff6fdf48960:41213/', 'http://3ff6fdf48960:40387/', 'http://3ff6fdf48960:44085/']
[rosmaster.master][INFO] 2020-06-16 20:57:00,045: publisherUpdate[/rosout] -> http://3ff6fdf48960:44353/ ['http://3ff6fdf48960:32913/', 'http://3ff6fdf48960:41213/', 'http://3ff6fdf48960:40387/', 'http://3ff6fdf48960:44085/']: sec=0.00, result=[1, '', 0]
[rosmaster.master][INFO] 2020-06-16 20:57:00,447: +PUB [/rosout] /move_base http://3ff6fdf48960:35655/
[rosmaster.master][INFO] 2020-06-16 20:57:00,447: +SERVICE [/move_base/get_loggers] /move_base http://3ff6fdf48960:35655/
[rosmaster.master][INFO] 2020-06-16 20:57:00,448: +SERVICE [/move_base/set_logger_level] /move_base http://3ff6fdf48960:35655/
[rosmaster.master][INFO] 2020-06-16 20:57:00,449: publisherUpdate[/rosout] -> http://3ff6fdf48960:44353/ ['http://3ff6fdf48960:32913/', 'http://3ff6fdf48960:41213/', 'http://3ff6fdf48960:40387/', 'http://3ff6fdf48960:44085/', 'http://3ff6fdf48960:35655/']
[rosmaster.master][INFO] 2020-06-16 20:57:00,450: publisherUpdate[/rosout] -> http://3ff6fdf48960:44353/ ['http://3ff6fdf48960:32913/', 'http://3ff6fdf48960:41213/', 'http://3ff6fdf48960:40387/', 'http://3ff6fdf48960:44085/', 'http://3ff6fdf48960:35655/']: sec=0.00, result=[1, '', 0]
[rosmaster.master][INFO] 2020-06-16 20:57:00,451: +SUB [/tf] /move_base http://3ff6fdf48960:35655/
[rosmaster.master][INFO] 2020-06-16 20:57:00,454: +SUB [/tf_static] /move_base http://3ff6fdf48960:35655/
[rosmaster.master][INFO] 2020-06-16 20:57:00,493: +PUB [/cmd_vel] /move_base http://3ff6fdf48960:35655/
[rosmaster.master][INFO] 2020-06-16 20:57:00,493: +PUB [/move_base/current_goal] /move_base http://3ff6fdf48960:35655/
[rosmaster.master][INFO] 2020-06-16 20:57:00,494: +PUB [/move_base/goal] /move_base http://3ff6fdf48960:35655/
[rosmaster.master][INFO] 2020-06-16 20:57:00,496: +SUB [/move_base_simple/goal] /move_base http://3ff6fdf48960:35655/
[rosmaster.master][INFO] 2020-06-16 20:57:00,675: +PARAM [/move_base/global_costmap/obstacle_layer/raytrace_range] by /move_base
[rosmaster.master][INFO] 2020-06-16 20:57:00,676: -PARAM [/move_base/global_costmap/raytrace_range] by /move_base
[rosmaster.master][INFO] 2020-06-16 20:57:00,677: +PARAM [/move_base/global_costmap/obstacle_layer/obstacle_range] by /move_base
[rosmaster.master][INFO] 2020-06-16 20:57:00,677: -PARAM [/move_base/global_costmap/obstacle_range] by /move_base
[rosmaster.master][INFO] 2020-06-16 20:57:00,679: +PARAM [/move_base/global_costmap/plugins] by /move_base
[rosmaster.master][INFO] 2020-06-16 20:57:00,687: +SUB [/map] /move_base http://3ff6fdf48960:35655/
[rosmaster.master][INFO] 2020-06-16 20:57:00,971: +PUB [/rosout] /rviz http://3ff6fdf48960:33695/
[rosmaster.master][INFO] 2020-06-16 20:57:00,972: +SERVICE [/rviz/get_loggers] /rviz http://3ff6fdf48960:33695/
[rosmaster.master][INFO] 2020-06-16 20:57:00,972: +SERVICE [/rviz/set_logger_level] /rviz http://3ff6fdf48960:33695/
[rosmaster.master][INFO] 2020-06-16 20:57:00,982: publisherUpdate[/rosout] -> http://3ff6fdf48960:44353/ ['http://3ff6fdf48960:32913/', 'http://3ff6fdf48960:41213/', 'http://3ff6fdf48960:40387/', 'http://3ff6fdf48960:44085/', 'http://3ff6fdf48960:35655/', 'http://3ff6fdf48960:33695/']
[rosmaster.master][INFO] 2020-06-16 20:57:00,982: publisherUpdate[/rosout] -> http://3ff6fdf48960:44353/ ['http://3ff6fdf48960:32913/', 'http://3ff6fdf48960:41213/', 'http://3ff6fdf48960:40387/', 'http://3ff6fdf48960:44085/', 'http://3ff6fdf48960:35655/', 'http://3ff6fdf48960:33695/']: sec=0.00, result=[1, '', 0]
[rosmaster.master][INFO] 2020-06-16 20:57:00,988: +SERVICE [/move_base/global_costmap/static_layer/set_parameters] /move_base http://3ff6fdf48960:35655/
[rosmaster.master][INFO] 2020-06-16 20:57:00,989: +PUB [/move_base/global_costmap/static_layer/parameter_descriptions] /move_base http://3ff6fdf48960:35655/
[rosmaster.master][INFO] 2020-06-16 20:57:00,989: +PUB [/move_base/global_costmap/static_layer/parameter_updates] /move_base http://3ff6fdf48960:35655/
[rosmaster.master][INFO] 2020-06-16 20:57:00,990: +PARAM [/move_base/global_costmap/static_layer/enabled] by /move_base
[rosmaster.master][INFO] 2020-06-16 20:57:00,991: +PARAM [/move_base/global_costmap/static_layer/enabled] by /move_base
[rosmaster.master][INFO] 2020-06-16 20:57:00,993: +SERVICE [/move_base/global_costmap/obstacle_layer/set_parameters] /move_base http://3ff6fdf48960:35655/
[rosmaster.master][INFO] 2020-06-16 20:57:00,994: +PUB [/move_base/global_costmap/obstacle_layer/parameter_descriptions] /move_base http://3ff6fdf48960:35655/
[rosmaster.master][INFO] 2020-06-16 20:57:00,995: +PUB [/move_base/global_costmap/obstacle_layer/parameter_updates] /move_base http://3ff6fdf48960:35655/
[rosmaster.master][INFO] 2020-06-16 20:57:00,996: +PARAM [/move_base/global_costmap/obstacle_layer/enabled] by /move_base
[rosmaster.master][INFO] 2020-06-16 20:57:00,997: +PARAM [/move_base/global_costmap/obstacle_layer/footprint_clearing_enabled] by /move_base
[rosmaster.master][INFO] 2020-06-16 20:57:00,997: +PARAM [/move_base/global_costmap/obstacle_layer/max_obstacle_height] by /move_base
[rosmaster.master][INFO] 2020-06-16 20:57:00,997: +PARAM [/move_base/global_costmap/obstacle_layer/combination_method] by /move_base
[rosmaster.master][INFO] 2020-06-16 20:57:00,998: +PARAM [/move_base/global_costmap/obstacle_layer/enabled] by /move_base
[rosmaster.master][INFO] 2020-06-16 20:57:00,998: +PARAM [/move_base/global_costmap/obstacle_layer/footprint_clearing_enabled] by /move_base
[rosmaster.master][INFO] 2020-06-16 20:57:00,999: +PARAM [/move_base/global_costmap/obstacle_layer/max_obstacle_height] by /move_base
[rosmaster.master][INFO] 2020-06-16 20:57:00,999: +PARAM [/move_base/global_costmap/obstacle_layer/combination_method] by /move_base
[rosmaster.master][INFO] 2020-06-16 20:57:01,000: +SERVICE [/move_base/global_costmap/inflation_layer/set_parameters] /move_base http://3ff6fdf48960:35655/
[rosmaster.master][INFO] 2020-06-16 20:57:01,001: +PUB [/move_base/global_costmap/inflation_layer/parameter_descriptions] /move_base http://3ff6fdf48960:35655/
[rosmaster.master][INFO] 2020-06-16 20:57:01,001: +PUB [/move_base/global_costmap/inflation_layer/parameter_updates] /move_base http://3ff6fdf48960:35655/
[rosmaster.master][INFO] 2020-06-16 20:57:01,003: +PARAM [/move_base/global_costmap/inflation_layer/enabled] by /move_base
[rosmaster.master][INFO] 2020-06-16 20:57:01,004: +PARAM [/move_base/global_costmap/inflation_layer/cost_scaling_factor] by /move_base
[rosmaster.master][INFO] 2020-06-16 20:57:01,004: +PARAM [/move_base/global_costmap/inflation_layer/inflation_radius] by /move_base
[rosmaster.master][INFO] 2020-06-16 20:57:01,005: +PARAM [/move_base/global_costmap/inflation_layer/inflate_unknown] by /move_base
[rosmaster.master][INFO] 2020-06-16 20:57:01,005: +PARAM [/move_base/global_costmap/inflation_layer/enabled] by /move_base
[rosmaster.master][INFO] 2020-06-16 20:57:01,006: +PARAM [/move_base/global_costmap/inflation_layer/cost_scaling_factor] by /move_base
[rosmaster.master][INFO] 2020-06-16 20:57:01,006: +PARAM [/move_base/global_costmap/inflation_layer/inflation_radius] by /move_base
[rosmaster.master][INFO] 2020-06-16 20:57:01,007: +PARAM [/move_base/global_costmap/inflation_layer/inflate_unknown] by /move_base
[rosmaster.master][INFO] 2020-06-16 20:57:01,010: +SUB [/move_base/global_costmap/footprint] /move_base http://3ff6fdf48960:35655/
[rosmaster.master][INFO] 2020-06-16 20:57:01,011: +PUB [/move_base/global_costmap/footprint] /move_base http://3ff6fdf48960:35655/
[rosmaster.master][INFO] 2020-06-16 20:57:01,013: +PARAM [/move_base/global_costmap/footprint] by /move_base
[rosmaster.master][INFO] 2020-06-16 20:57:01,013: +PUB [/move_base/global_costmap/costmap] /move_base http://3ff6fdf48960:35655/
[rosmaster.master][INFO] 2020-06-16 20:57:01,014: +PUB [/move_base/global_costmap/costmap_updates] /move_base http://3ff6fdf48960:35655/
[rosmaster.master][INFO] 2020-06-16 20:57:01,015: +SERVICE [/move_base/global_costmap/set_parameters] /move_base http://3ff6fdf48960:35655/
[rosmaster.master][INFO] 2020-06-16 20:57:01,015: +PUB [/move_base/global_costmap/parameter_descriptions] /move_base http://3ff6fdf48960:35655/
[rosmaster.master][INFO] 2020-06-16 20:57:01,016: +PUB [/move_base/global_costmap/parameter_updates] /move_base http://3ff6fdf48960:35655/
[rosmaster.master][INFO] 2020-06-16 20:57:01,019: +PARAM [/move_base/global_costmap/transform_tolerance] by /move_base
[rosmaster.master][INFO] 2020-06-16 20:57:01,020: +PARAM [/move_base/global_costmap/update_frequency] by /move_base
[rosmaster.master][INFO] 2020-06-16 20:57:01,020: +PARAM [/move_base/global_costmap/publish_frequency] by /move_base
[rosmaster.master][INFO] 2020-06-16 20:57:01,021: +PARAM [/move_base/global_costmap/width] by /move_base
[rosmaster.master][INFO] 2020-06-16 20:57:01,021: +PARAM [/move_base/global_costmap/height] by /move_base
[rosmaster.master][INFO] 2020-06-16 20:57:01,022: +PARAM [/move_base/global_costmap/resolution] by /move_base
[rosmaster.master][INFO] 2020-06-16 20:57:01,022: +PARAM [/move_base/global_costmap/origin_x] by /move_base
[rosmaster.master][INFO] 2020-06-16 20:57:01,023: +PARAM [/move_base/global_costmap/origin_y] by /move_base
[rosmaster.master][INFO] 2020-06-16 20:57:01,023: +PARAM [/move_base/global_costmap/footprint] by /move_base
[rosmaster.master][INFO] 2020-06-16 20:57:01,024: +PARAM [/move_base/global_costmap/robot_radius] by /move_base
[rosmaster.master][INFO] 2020-06-16 20:57:01,024: +PARAM [/move_base/global_costmap/footprint_padding] by /move_base
[rosmaster.master][INFO] 2020-06-16 20:57:01,025: +PARAM [/move_base/global_costmap/transform_tolerance] by /move_base
[rosmaster.master][INFO] 2020-06-16 20:57:01,025: +PARAM [/move_base/global_costmap/update_frequency] by /move_base
[rosmaster.master][INFO] 2020-06-16 20:57:01,026: +PARAM [/move_base/global_costmap/publish_frequency] by /move_base
[rosmaster.master][INFO] 2020-06-16 20:57:01,026: +PARAM [/move_base/global_costmap/width] by /move_base
[rosmaster.master][INFO] 2020-06-16 20:57:01,027: +PARAM [/move_base/global_costmap/height] by /move_base
[rosmaster.master][INFO] 2020-06-16 20:57:01,027: +PARAM [/move_base/global_costmap/resolution] by /move_base
[rosmaster.master][INFO] 2020-06-16 20:57:01,028: +PARAM [/move_base/global_costmap/origin_x] by /move_base
[rosmaster.master][INFO] 2020-06-16 20:57:01,028: +PARAM [/move_base/global_costmap/origin_y] by /move_base
[rosmaster.master][INFO] 2020-06-16 20:57:01,029: +PARAM [/move_base/global_costmap/footprint] by /move_base
[rosmaster.master][INFO] 2020-06-16 20:57:01,029: +PARAM [/move_base/global_costmap/robot_radius] by /move_base
[rosmaster.master][INFO] 2020-06-16 20:57:01,029: +PARAM [/move_base/global_costmap/footprint_padding] by /move_base
[rosmaster.master][INFO] 2020-06-16 20:57:01,031: +PUB [/move_base/NavfnROS/plan] /move_base http://3ff6fdf48960:35655/
[rosmaster.master][INFO] 2020-06-16 20:57:01,032: +SERVICE [/move_base/NavfnROS/make_plan] /move_base http://3ff6fdf48960:35655/
[rosmaster.master][INFO] 2020-06-16 20:57:01,038: +PARAM [/move_base/local_costmap/obstacle_layer/raytrace_range] by /move_base
[rosmaster.master][INFO] 2020-06-16 20:57:01,038: -PARAM [/move_base/local_costmap/raytrace_range] by /move_base
[rosmaster.master][INFO] 2020-06-16 20:57:01,039: +PARAM [/move_base/local_costmap/obstacle_layer/obstacle_range] by /move_base
[rosmaster.master][INFO] 2020-06-16 20:57:01,040: -PARAM [/move_base/local_costmap/obstacle_range] by /move_base
[rosmaster.master][INFO] 2020-06-16 20:57:01,042: +PARAM [/move_base/local_costmap/inflation_layer/cost_scaling_factor] by /move_base
[rosmaster.master][INFO] 2020-06-16 20:57:01,043: -PARAM [/move_base/local_costmap/cost_scaling_factor] by /move_base
[rosmaster.master][INFO] 2020-06-16 20:57:01,044: +PARAM [/move_base/local_costmap/plugins] by /move_base
[rosmaster.master][INFO] 2020-06-16 20:57:01,046: publisherUpdate[/move_base/global_costmap/footprint] -> http://3ff6fdf48960:35655/ ['http://3ff6fdf48960:35655/']
[rosmaster.master][INFO] 2020-06-16 20:57:01,074: publisherUpdate[/move_base/global_costmap/footprint] -> http://3ff6fdf48960:35655/ ['http://3ff6fdf48960:35655/']: sec=0.03, result=[1, '', 0]
[rosmaster.master][INFO] 2020-06-16 20:57:01,151: +SERVICE [/move_base/local_costmap/static_layer/set_parameters] /move_base http://3ff6fdf48960:35655/
[rosmaster.master][INFO] 2020-06-16 20:57:01,152: +PUB [/move_base/local_costmap/static_layer/parameter_descriptions] /move_base http://3ff6fdf48960:35655/
[rosmaster.master][INFO] 2020-06-16 20:57:01,152: +PUB [/move_base/local_costmap/static_layer/parameter_updates] /move_base http://3ff6fdf48960:35655/
[rosmaster.master][INFO] 2020-06-16 20:57:01,153: +PARAM [/move_base/local_costmap/static_layer/enabled] by /move_base
[rosmaster.master][INFO] 2020-06-16 20:57:01,153: +PARAM [/move_base/local_costmap/static_layer/enabled] by /move_base
[rosmaster.master][INFO] 2020-06-16 20:57:01,156: +SERVICE [/move_base/local_costmap/obstacle_layer/set_parameters] /move_base http://3ff6fdf48960:35655/
[rosmaster.master][INFO] 2020-06-16 20:57:01,156: +PUB [/move_base/local_costmap/obstacle_layer/parameter_descriptions] /move_base http://3ff6fdf48960:35655/
[rosmaster.master][INFO] 2020-06-16 20:57:01,157: +PUB [/move_base/local_costmap/obstacle_layer/parameter_updates] /move_base http://3ff6fdf48960:35655/
[rosmaster.master][INFO] 2020-06-16 20:57:01,158: +PARAM [/move_base/local_costmap/obstacle_layer/enabled] by /move_base
[rosmaster.master][INFO] 2020-06-16 20:57:01,158: +PARAM [/move_base/local_costmap/obstacle_layer/footprint_clearing_enabled] by /move_base
[rosmaster.master][INFO] 2020-06-16 20:57:01,159: +PARAM [/move_base/local_costmap/obstacle_layer/max_obstacle_height] by /move_base
[rosmaster.master][INFO] 2020-06-16 20:57:01,159: +PARAM [/move_base/local_costmap/obstacle_layer/combination_method] by /move_base
[rosmaster.master][INFO] 2020-06-16 20:57:01,159: +PARAM [/move_base/local_costmap/obstacle_layer/enabled] by /move_base
[rosmaster.master][INFO] 2020-06-16 20:57:01,160: +PARAM [/move_base/local_costmap/obstacle_layer/footprint_clearing_enabled] by /move_base
[rosmaster.master][INFO] 2020-06-16 20:57:01,160: +PARAM [/move_base/local_costmap/obstacle_layer/max_obstacle_height] by /move_base
[rosmaster.master][INFO] 2020-06-16 20:57:01,160: +PARAM [/move_base/local_costmap/obstacle_layer/combination_method] by /move_base
[rosmaster.master][INFO] 2020-06-16 20:57:01,162: +SERVICE [/move_base/local_costmap/inflation_layer/set_parameters] /move_base http://3ff6fdf48960:35655/
[rosmaster.master][INFO] 2020-06-16 20:57:01,162: +PUB [/move_base/local_costmap/inflation_layer/parameter_descriptions] /move_base http://3ff6fdf48960:35655/
[rosmaster.master][INFO] 2020-06-16 20:57:01,163: +PUB [/move_base/local_costmap/inflation_layer/parameter_updates] /move_base http://3ff6fdf48960:35655/
[rosmaster.master][INFO] 2020-06-16 20:57:01,164: +PARAM [/move_base/local_costmap/inflation_layer/enabled] by /move_base
[rosmaster.master][INFO] 2020-06-16 20:57:01,165: +PARAM [/move_base/local_costmap/inflation_layer/cost_scaling_factor] by /move_base
[rosmaster.master][INFO] 2020-06-16 20:57:01,165: +PARAM [/move_base/local_costmap/inflation_layer/inflation_radius] by /move_base
[rosmaster.master][INFO] 2020-06-16 20:57:01,166: +PARAM [/move_base/local_costmap/inflation_layer/inflate_unknown] by /move_base
[rosmaster.master][INFO] 2020-06-16 20:57:01,166: +PARAM [/move_base/local_costmap/inflation_layer/enabled] by /move_base
[rosmaster.master][INFO] 2020-06-16 20:57:01,166: +PARAM [/move_base/local_costmap/inflation_layer/cost_scaling_factor] by /move_base
[rosmaster.master][INFO] 2020-06-16 20:57:01,167: +PARAM [/move_base/local_costmap/inflation_layer/inflation_radius] by /move_base
[rosmaster.master][INFO] 2020-06-16 20:57:01,167: +PARAM [/move_base/local_costmap/inflation_layer/inflate_unknown] by /move_base
[rosmaster.master][INFO] 2020-06-16 20:57:01,170: +SUB [/move_base/local_costmap/footprint] /move_base http://3ff6fdf48960:35655/
[rosmaster.master][INFO] 2020-06-16 20:57:01,171: +PUB [/move_base/local_costmap/footprint] /move_base http://3ff6fdf48960:35655/
[rosmaster.master][INFO] 2020-06-16 20:57:01,171: +PARAM [/move_base/local_costmap/footprint] by /move_base
[rosmaster.master][INFO] 2020-06-16 20:57:01,172: +PUB [/move_base/local_costmap/costmap] /move_base http://3ff6fdf48960:35655/
[rosmaster.master][INFO] 2020-06-16 20:57:01,172: +PUB [/move_base/local_costmap/costmap_updates] /move_base http://3ff6fdf48960:35655/
[rosmaster.master][INFO] 2020-06-16 20:57:01,173: +SERVICE [/move_base/local_costmap/set_parameters] /move_base http://3ff6fdf48960:35655/
[rosmaster.master][INFO] 2020-06-16 20:57:01,173: +PUB [/move_base/local_costmap/parameter_descriptions] /move_base http://3ff6fdf48960:35655/
[rosmaster.master][INFO] 2020-06-16 20:57:01,174: +PUB [/move_base/local_costmap/parameter_updates] /move_base http://3ff6fdf48960:35655/
[rosmaster.master][INFO] 2020-06-16 20:57:01,175: publisherUpdate[/move_base/local_costmap/footprint] -> http://3ff6fdf48960:35655/ ['http://3ff6fdf48960:35655/']
[rosmaster.master][INFO] 2020-06-16 20:57:01,176: publisherUpdate[/move_base/local_costmap/footprint] -> http://3ff6fdf48960:35655/ ['http://3ff6fdf48960:35655/']: sec=0.00, result=[1, '', 0]
[rosmaster.master][INFO] 2020-06-16 20:57:01,178: +PARAM [/move_base/local_costmap/transform_tolerance] by /move_base
[rosmaster.master][INFO] 2020-06-16 20:57:01,179: +PARAM [/move_base/local_costmap/update_frequency] by /move_base
[rosmaster.master][INFO] 2020-06-16 20:57:01,179: +PARAM [/move_base/local_costmap/publish_frequency] by /move_base
[rosmaster.master][INFO] 2020-06-16 20:57:01,179: +PARAM [/move_base/local_costmap/width] by /move_base
[rosmaster.master][INFO] 2020-06-16 20:57:01,180: +PARAM [/move_base/local_costmap/height] by /move_base
[rosmaster.master][INFO] 2020-06-16 20:57:01,180: +PARAM [/move_base/local_costmap/resolution] by /move_base
[rosmaster.master][INFO] 2020-06-16 20:57:01,180: +PARAM [/move_base/local_costmap/origin_x] by /move_base
[rosmaster.master][INFO] 2020-06-16 20:57:01,181: +PARAM [/move_base/local_costmap/origin_y] by /move_base
[rosmaster.master][INFO] 2020-06-16 20:57:01,181: +PARAM [/move_base/local_costmap/footprint] by /move_base
[rosmaster.master][INFO] 2020-06-16 20:57:01,182: +PARAM [/move_base/local_costmap/robot_radius] by /move_base
[rosmaster.master][INFO] 2020-06-16 20:57:01,182: +PARAM [/move_base/local_costmap/footprint_padding] by /move_base
[rosmaster.master][INFO] 2020-06-16 20:57:01,183: +PARAM [/move_base/local_costmap/transform_tolerance] by /move_base
[rosmaster.master][INFO] 2020-06-16 20:57:01,183: +PARAM [/move_base/local_costmap/update_frequency] by /move_base
[rosmaster.master][INFO] 2020-06-16 20:57:01,184: +PARAM [/move_base/local_costmap/publish_frequency] by /move_base
[rosmaster.master][INFO] 2020-06-16 20:57:01,184: +PARAM [/move_base/local_costmap/width] by /move_base
[rosmaster.master][INFO] 2020-06-16 20:57:01,184: +PARAM [/move_base/local_costmap/height] by /move_base
[rosmaster.master][INFO] 2020-06-16 20:57:01,185: +PARAM [/move_base/local_costmap/resolution] by /move_base
[rosmaster.master][INFO] 2020-06-16 20:57:01,185: +PARAM [/move_base/local_costmap/origin_x] by /move_base
[rosmaster.master][INFO] 2020-06-16 20:57:01,186: +PARAM [/move_base/local_costmap/origin_y] by /move_base
[rosmaster.master][INFO] 2020-06-16 20:57:01,186: +PARAM [/move_base/local_costmap/footprint] by /move_base
[rosmaster.master][INFO] 2020-06-16 20:57:01,186: +PARAM [/move_base/local_costmap/robot_radius] by /move_base
[rosmaster.master][INFO] 2020-06-16 20:57:01,187: +PARAM [/move_base/local_costmap/footprint_padding] by /move_base
[rosmaster.master][INFO] 2020-06-16 20:57:01,355: +SUB [/odom] /move_base http://3ff6fdf48960:35655/
[rosmaster.master][INFO] 2020-06-16 20:57:01,356: +PUB [/move_base/MpnetLocalPlanner/local_plan] /move_base http://3ff6fdf48960:35655/
[rosmaster.master][INFO] 2020-06-16 20:57:01,357: +PUB [/move_base/MpnetLocalPlanner/global_plan] /move_base http://3ff6fdf48960:35655/
[rosmaster.master][INFO] 2020-06-16 20:57:01,363: +PARAM [/move_base/collision_costmap/obstacle_layer/raytrace_range] by /move_base
[rosmaster.master][INFO] 2020-06-16 20:57:01,364: -PARAM [/move_base/collision_costmap/raytrace_range] by /move_base
[rosmaster.master][INFO] 2020-06-16 20:57:01,364: +PARAM [/move_base/collision_costmap/obstacle_layer/obstacle_range] by /move_base
[rosmaster.master][INFO] 2020-06-16 20:57:01,365: -PARAM [/move_base/collision_costmap/obstacle_range] by /move_base
[rosmaster.master][INFO] 2020-06-16 20:57:01,367: +PARAM [/move_base/collision_costmap/plugins] by /move_base
[rosmaster.master][INFO] 2020-06-16 20:57:01,474: +SERVICE [/move_base/collision_costmap/static_layer/set_parameters] /move_base http://3ff6fdf48960:35655/
[rosmaster.master][INFO] 2020-06-16 20:57:01,475: +PUB [/move_base/collision_costmap/static_layer/parameter_descriptions] /move_base http://3ff6fdf48960:35655/
[rosmaster.master][INFO] 2020-06-16 20:57:01,475: +PUB [/move_base/collision_costmap/static_layer/parameter_updates] /move_base http://3ff6fdf48960:35655/
[rosmaster.master][INFO] 2020-06-16 20:57:01,476: +PARAM [/move_base/collision_costmap/static_layer/enabled] by /move_base
[rosmaster.master][INFO] 2020-06-16 20:57:01,477: +PARAM [/move_base/collision_costmap/static_layer/enabled] by /move_base
[rosmaster.master][INFO] 2020-06-16 20:57:01,480: +SERVICE [/move_base/collision_costmap/obstacle_layer/set_parameters] /move_base http://3ff6fdf48960:35655/
[rosmaster.master][INFO] 2020-06-16 20:57:01,481: +PUB [/move_base/collision_costmap/obstacle_layer/parameter_descriptions] /move_base http://3ff6fdf48960:35655/
[rosmaster.master][INFO] 2020-06-16 20:57:01,482: +PUB [/move_base/collision_costmap/obstacle_layer/parameter_updates] /move_base http://3ff6fdf48960:35655/
[rosmaster.master][INFO] 2020-06-16 20:57:01,483: +SUB [/tf] /rviz http://3ff6fdf48960:33695/
[rosmaster.master][INFO] 2020-06-16 20:57:01,486: +PARAM [/move_base/collision_costmap/obstacle_layer/enabled] by /move_base
[rosmaster.master][INFO] 2020-06-16 20:57:01,488: +PARAM [/move_base/collision_costmap/obstacle_layer/footprint_clearing_enabled] by /move_base
[rosmaster.master][INFO] 2020-06-16 20:57:01,488: +SUB [/tf_static] /rviz http://3ff6fdf48960:33695/
[rosmaster.master][INFO] 2020-06-16 20:57:01,488: +PARAM [/move_base/collision_costmap/obstacle_layer/max_obstacle_height] by /move_base
[rosmaster.master][INFO] 2020-06-16 20:57:01,489: +PARAM [/move_base/collision_costmap/obstacle_layer/combination_method] by /move_base
[rosmaster.master][INFO] 2020-06-16 20:57:01,490: +PARAM [/move_base/collision_costmap/obstacle_layer/enabled] by /move_base
[rosmaster.master][INFO] 2020-06-16 20:57:01,490: +PARAM [/move_base/collision_costmap/obstacle_layer/footprint_clearing_enabled] by /move_base
[rosmaster.master][INFO] 2020-06-16 20:57:01,491: +PARAM [/move_base/collision_costmap/obstacle_layer/max_obstacle_height] by /move_base
[rosmaster.master][INFO] 2020-06-16 20:57:01,491: +PARAM [/move_base/collision_costmap/obstacle_layer/combination_method] by /move_base
[rosmaster.master][INFO] 2020-06-16 20:57:01,493: +SERVICE [/move_base/collision_costmap/inflation_layer/set_parameters] /move_base http://3ff6fdf48960:35655/
[rosmaster.master][INFO] 2020-06-16 20:57:01,493: +PUB [/move_base/collision_costmap/inflation_layer/parameter_descriptions] /move_base http://3ff6fdf48960:35655/
[rosmaster.master][INFO] 2020-06-16 20:57:01,494: +PUB [/move_base/collision_costmap/inflation_layer/parameter_updates] /move_base http://3ff6fdf48960:35655/
[rosmaster.master][INFO] 2020-06-16 20:57:01,495: +PARAM [/move_base/collision_costmap/inflation_layer/enabled] by /move_base
[rosmaster.master][INFO] 2020-06-16 20:57:01,496: +PARAM [/move_base/collision_costmap/inflation_layer/cost_scaling_factor] by /move_base
[rosmaster.master][INFO] 2020-06-16 20:57:01,496: +PARAM [/move_base/collision_costmap/inflation_layer/inflation_radius] by /move_base
[rosmaster.master][INFO] 2020-06-16 20:57:01,497: +PARAM [/move_base/collision_costmap/inflation_layer/inflate_unknown] by /move_base
[rosmaster.master][INFO] 2020-06-16 20:57:01,497: +PARAM [/move_base/collision_costmap/inflation_layer/enabled] by /move_base
[rosmaster.master][INFO] 2020-06-16 20:57:01,498: +PARAM [/move_base/collision_costmap/inflation_layer/cost_scaling_factor] by /move_base
[rosmaster.master][INFO] 2020-06-16 20:57:01,498: +PARAM [/move_base/collision_costmap/inflation_layer/inflation_radius] by /move_base
[rosmaster.master][INFO] 2020-06-16 20:57:01,499: +PARAM [/move_base/collision_costmap/inflation_layer/inflate_unknown] by /move_base
[rosmaster.master][INFO] 2020-06-16 20:57:01,502: +SUB [/move_base/collision_costmap/footprint] /move_base http://3ff6fdf48960:35655/
[rosmaster.master][INFO] 2020-06-16 20:57:01,503: +PUB [/move_base/collision_costmap/footprint] /move_base http://3ff6fdf48960:35655/
[rosmaster.master][INFO] 2020-06-16 20:57:01,505: +PARAM [/move_base/collision_costmap/footprint] by /move_base
[rosmaster.master][INFO] 2020-06-16 20:57:01,505: +PUB [/move_base/collision_costmap/costmap] /move_base http://3ff6fdf48960:35655/
[rosmaster.master][INFO] 2020-06-16 20:57:01,506: +PUB [/move_base/collision_costmap/costmap_updates] /move_base http://3ff6fdf48960:35655/
[rosmaster.master][INFO] 2020-06-16 20:57:01,506: +SERVICE [/move_base/collision_costmap/set_parameters] /move_base http://3ff6fdf48960:35655/
[rosmaster.master][INFO] 2020-06-16 20:57:01,507: +PUB [/move_base/collision_costmap/parameter_descriptions] /move_base http://3ff6fdf48960:35655/
[rosmaster.master][INFO] 2020-06-16 20:57:01,507: +PUB [/move_base/collision_costmap/parameter_updates] /move_base http://3ff6fdf48960:35655/
[rosmaster.master][INFO] 2020-06-16 20:57:01,512: +PARAM [/move_base/collision_costmap/transform_tolerance] by /move_base
[rosmaster.master][INFO] 2020-06-16 20:57:01,512: +PARAM [/move_base/collision_costmap/update_frequency] by /move_base
[rosmaster.master][INFO] 2020-06-16 20:57:01,513: +PARAM [/move_base/collision_costmap/publish_frequency] by /move_base
[rosmaster.master][INFO] 2020-06-16 20:57:01,513: +PARAM [/move_base/collision_costmap/width] by /move_base
[rosmaster.master][INFO] 2020-06-16 20:57:01,513: +PARAM [/move_base/collision_costmap/height] by /move_base
[rosmaster.master][INFO] 2020-06-16 20:57:01,514: +PARAM [/move_base/collision_costmap/resolution] by /move_base
[rosmaster.master][INFO] 2020-06-16 20:57:01,514: +PARAM [/move_base/collision_costmap/origin_x] by /move_base
[rosmaster.master][INFO] 2020-06-16 20:57:01,515: +PARAM [/move_base/collision_costmap/origin_y] by /move_base
[rosmaster.master][INFO] 2020-06-16 20:57:01,515: +PARAM [/move_base/collision_costmap/footprint] by /move_base
[rosmaster.master][INFO] 2020-06-16 20:57:01,516: +PARAM [/move_base/collision_costmap/robot_radius] by /move_base
[rosmaster.master][INFO] 2020-06-16 20:57:01,516: +PARAM [/move_base/collision_costmap/footprint_padding] by /move_base
[rosmaster.master][INFO] 2020-06-16 20:57:01,517: +PARAM [/move_base/collision_costmap/transform_tolerance] by /move_base
[rosmaster.master][INFO] 2020-06-16 20:57:01,517: +PARAM [/move_base/collision_costmap/update_frequency] by /move_base
[rosmaster.master][INFO] 2020-06-16 20:57:01,518: +PARAM [/move_base/collision_costmap/publish_frequency] by /move_base
[rosmaster.master][INFO] 2020-06-16 20:57:01,519: +PARAM [/move_base/collision_costmap/width] by /move_base
[rosmaster.master][INFO] 2020-06-16 20:57:01,519: +PARAM [/move_base/collision_costmap/height] by /move_base
[rosmaster.master][INFO] 2020-06-16 20:57:01,520: +PARAM [/move_base/collision_costmap/resolution] by /move_base
[rosmaster.master][INFO] 2020-06-16 20:57:01,520: +PARAM [/move_base/collision_costmap/origin_x] by /move_base
[rosmaster.master][INFO] 2020-06-16 20:57:01,521: +PARAM [/move_base/collision_costmap/origin_y] by /move_base
[rosmaster.master][INFO] 2020-06-16 20:57:01,521: +PARAM [/move_base/collision_costmap/footprint] by /move_base
[rosmaster.master][INFO] 2020-06-16 20:57:01,521: +PARAM [/move_base/collision_costmap/robot_radius] by /move_base
[rosmaster.master][INFO] 2020-06-16 20:57:01,522: +PARAM [/move_base/collision_costmap/footprint_padding] by /move_base
[rosmaster.master][INFO] 2020-06-16 20:57:01,527: +PUB [/initialpose] /rviz http://3ff6fdf48960:33695/
[rosmaster.master][INFO] 2020-06-16 20:57:01,528: +PUB [/goal] /rviz http://3ff6fdf48960:33695/
[rosmaster.master][INFO] 2020-06-16 20:57:01,536: +SUB [/map] /rviz http://3ff6fdf48960:33695/
[rosmaster.master][INFO] 2020-06-16 20:57:01,538: +SUB [/map_updates] /rviz http://3ff6fdf48960:33695/
[rosmaster.master][INFO] 2020-06-16 20:57:01,540: +SUB [/move_base/MpnetLocalPlanner/global_plan] /rviz http://3ff6fdf48960:33695/
[rosmaster.master][INFO] 2020-06-16 20:57:01,547: +SUB [/move_base/MpnetLocalPlanner/local_plan] /rviz http://3ff6fdf48960:33695/
[rosmaster.master][INFO] 2020-06-16 20:57:01,550: +SUB [/move_base_simple/goal] /rviz http://3ff6fdf48960:33695/
[rosmaster.master][INFO] 2020-06-16 20:57:01,552: +SUB [/move_base/local_costmap/costmap] /rviz http://3ff6fdf48960:33695/
[rosmaster.master][INFO] 2020-06-16 20:57:01,552: publisherUpdate[/move_base/collision_costmap/footprint] -> http://3ff6fdf48960:35655/ ['http://3ff6fdf48960:35655/']
[rosmaster.master][INFO] 2020-06-16 20:57:01,555: +SUB [/move_base/local_costmap/costmap_updates] /rviz http://3ff6fdf48960:33695/
[rosmaster.master][INFO] 2020-06-16 20:57:01,555: -PUB [/goal] /rviz http://3ff6fdf48960:33695/
[rosmaster.master][INFO] 2020-06-16 20:57:01,556: -PUB [/initialpose] /rviz http://3ff6fdf48960:33695/
[rosmaster.master][INFO] 2020-06-16 20:57:01,559: +PUB [/initialpose] /rviz http://3ff6fdf48960:33695/
[rosmaster.master][INFO] 2020-06-16 20:57:01,560: +PUB [/goal] /rviz http://3ff6fdf48960:33695/
[rosmaster.master][INFO] 2020-06-16 20:57:01,560: +PUB [/move_base_simple/goal] /rviz http://3ff6fdf48960:33695/
[rosmaster.master][INFO] 2020-06-16 20:57:01,561: -PUB [/goal] /rviz http://3ff6fdf48960:33695/
[rosmaster.master][INFO] 2020-06-16 20:57:01,561: +PUB [/clicked_point] /rviz http://3ff6fdf48960:33695/
[rosmaster.master][INFO] 2020-06-16 20:57:01,577: publisherUpdate[/initialpose] -> http://3ff6fdf48960:40387/ ['http://3ff6fdf48960:33695/']
[rosmaster.master][INFO] 2020-06-16 20:57:01,584: publisherUpdate[/move_base_simple/goal] -> http://3ff6fdf48960:33695/ ['http://3ff6fdf48960:33695/']
[rosmaster.master][INFO] 2020-06-16 20:57:01,590: +SERVICE [/rviz/reload_shaders] /rviz http://3ff6fdf48960:33695/
[rosmaster.master][INFO] 2020-06-16 20:57:01,591: +SERVICE [/rviz/load_config] /rviz http://3ff6fdf48960:33695/
[rosmaster.master][INFO] 2020-06-16 20:57:01,591: +SERVICE [/rviz/save_config] /rviz http://3ff6fdf48960:33695/
[rosmaster.master][INFO] 2020-06-16 20:57:01,606: publisherUpdate[/initialpose] -> http://3ff6fdf48960:40387/ ['http://3ff6fdf48960:33695/']: sec=0.03, result=[1, '', 0]
[rosmaster.master][INFO] 2020-06-16 20:57:01,607: publisherUpdate[/initialpose] -> http://3ff6fdf48960:40387/ []
[rosmaster.master][INFO] 2020-06-16 20:57:01,607: publisherUpdate[/initialpose] -> http://3ff6fdf48960:40387/ []: sec=0.00, result=[1, '', 0]
[rosmaster.master][INFO] 2020-06-16 20:57:01,607: publisherUpdate[/initialpose] -> http://3ff6fdf48960:40387/ ['http://3ff6fdf48960:33695/']
[rosmaster.master][INFO] 2020-06-16 20:57:01,608: publisherUpdate[/initialpose] -> http://3ff6fdf48960:40387/ ['http://3ff6fdf48960:33695/']: sec=0.00, result=[1, '', 0]
[rosmaster.master][INFO] 2020-06-16 20:57:01,645: publisherUpdate[/move_base_simple/goal] -> http://3ff6fdf48960:33695/ ['http://3ff6fdf48960:33695/']: sec=0.06, result=[1, '', 0]
[rosmaster.master][INFO] 2020-06-16 20:57:01,673: publisherUpdate[/move_base/collision_costmap/footprint] -> http://3ff6fdf48960:35655/ ['http://3ff6fdf48960:35655/']: sec=0.12, result=[1, '', 0]
[rosmaster.master][INFO] 2020-06-16 20:57:01,673: publisherUpdate[/move_base_simple/goal] -> http://3ff6fdf48960:35655/ ['http://3ff6fdf48960:33695/']
[rosmaster.master][INFO] 2020-06-16 20:57:01,674: publisherUpdate[/move_base_simple/goal] -> http://3ff6fdf48960:35655/ ['http://3ff6fdf48960:33695/']: sec=0.00, result=[1, '', 0]
[rosmaster.master][INFO] 2020-06-16 20:57:03,790: +SERVICE [/move_base/make_plan] /move_base http://3ff6fdf48960:35655/
[rosmaster.master][INFO] 2020-06-16 20:57:03,792: +SERVICE [/move_base/clear_costmaps] /move_base http://3ff6fdf48960:35655/
[rosmaster.master][INFO] 2020-06-16 20:57:03,795: +PARAM [/move_base/conservative_reset/reset_distance] by /move_base
[rosmaster.master][INFO] 2020-06-16 20:57:03,796: +PARAM [/move_base/aggressive_reset/reset_distance] by /move_base
[rosmaster.master][INFO] 2020-06-16 20:57:03,815: +PUB [/move_base/result] /move_base http://3ff6fdf48960:35655/
[rosmaster.master][INFO] 2020-06-16 20:57:03,816: +PUB [/move_base/feedback] /move_base http://3ff6fdf48960:35655/
[rosmaster.master][INFO] 2020-06-16 20:57:03,818: +PUB [/move_base/status] /move_base http://3ff6fdf48960:35655/
[rosmaster.master][INFO] 2020-06-16 20:57:03,828: +SUB [/move_base/goal] /move_base http://3ff6fdf48960:35655/
[rosmaster.master][INFO] 2020-06-16 20:57:03,835: +SUB [/move_base/cancel] /move_base http://3ff6fdf48960:35655/
[rosmaster.master][INFO] 2020-06-16 20:57:03,837: +SERVICE [/move_base/set_parameters] /move_base http://3ff6fdf48960:35655/
[rosmaster.master][INFO] 2020-06-16 20:57:03,838: +PUB [/move_base/parameter_descriptions] /move_base http://3ff6fdf48960:35655/
[rosmaster.master][INFO] 2020-06-16 20:57:03,840: +PUB [/move_base/parameter_updates] /move_base http://3ff6fdf48960:35655/
[rosmaster.master][INFO] 2020-06-16 20:57:03,857: +PARAM [/move_base/base_global_planner] by /move_base
[rosmaster.master][INFO] 2020-06-16 20:57:03,859: +PARAM [/move_base/base_local_planner] by /move_base
[rosmaster.master][INFO] 2020-06-16 20:57:03,860: +PARAM [/move_base/planner_frequency] by /move_base
[rosmaster.master][INFO] 2020-06-16 20:57:03,861: +PARAM [/move_base/controller_frequency] by /move_base
[rosmaster.master][INFO] 2020-06-16 20:57:03,863: +PARAM [/move_base/planner_patience] by /move_base
[rosmaster.master][INFO] 2020-06-16 20:57:03,864: +PARAM [/move_base/controller_patience] by /move_base
[rosmaster.master][INFO] 2020-06-16 20:57:03,866: +PARAM [/move_base/max_planning_retries] by /move_base
[rosmaster.master][INFO] 2020-06-16 20:57:03,868: +PARAM [/move_base/conservative_reset_dist] by /move_base
[rosmaster.master][INFO] 2020-06-16 20:57:03,869: +PARAM [/move_base/recovery_behavior_enabled] by /move_base
[rosmaster.master][INFO] 2020-06-16 20:57:03,871: +PARAM [/move_base/clearing_rotation_allowed] by /move_base
[rosmaster.master][INFO] 2020-06-16 20:57:03,872: +PARAM [/move_base/shutdown_costmaps] by /move_base
[rosmaster.master][INFO] 2020-06-16 20:57:03,873: +PARAM [/move_base/oscillation_timeout] by /move_base
[rosmaster.master][INFO] 2020-06-16 20:57:03,874: +PARAM [/move_base/oscillation_distance] by /move_base
[rosmaster.master][INFO] 2020-06-16 20:57:03,875: +PARAM [/move_base/restore_defaults] by /move_base
[rosmaster.master][INFO] 2020-06-16 20:57:03,876: +PARAM [/move_base/base_global_planner] by /move_base
[rosmaster.master][INFO] 2020-06-16 20:57:03,877: +PARAM [/move_base/base_local_planner] by /move_base
[rosmaster.master][INFO] 2020-06-16 20:57:03,877: +PARAM [/move_base/planner_frequency] by /move_base
[rosmaster.master][INFO] 2020-06-16 20:57:03,878: +PARAM [/move_base/controller_frequency] by /move_base
[rosmaster.master][INFO] 2020-06-16 20:57:03,879: +PARAM [/move_base/planner_patience] by /move_base
[rosmaster.master][INFO] 2020-06-16 20:57:03,880: +PARAM [/move_base/controller_patience] by /move_base
[rosmaster.master][INFO] 2020-06-16 20:57:03,881: +PARAM [/move_base/max_planning_retries] by /move_base
[rosmaster.master][INFO] 2020-06-16 20:57:03,881: +PARAM [/move_base/conservative_reset_dist] by /move_base
[rosmaster.master][INFO] 2020-06-16 20:57:03,882: +PARAM [/move_base/recovery_behavior_enabled] by /move_base
[rosmaster.master][INFO] 2020-06-16 20:57:03,883: +PARAM [/move_base/clearing_rotation_allowed] by /move_base
[rosmaster.master][INFO] 2020-06-16 20:57:03,883: +PARAM [/move_base/shutdown_costmaps] by /move_base
[rosmaster.master][INFO] 2020-06-16 20:57:03,884: +PARAM [/move_base/oscillation_timeout] by /move_base
[rosmaster.master][INFO] 2020-06-16 20:57:03,884: +PARAM [/move_base/oscillation_distance] by /move_base
[rosmaster.master][INFO] 2020-06-16 20:57:03,885: +PARAM [/move_base/restore_defaults] by /move_base
[rosmaster.master][INFO] 2020-06-16 20:57:06,109: -PUB [/rosout] /move_base http://3ff6fdf48960:35655/
[rosmaster.master][INFO] 2020-06-16 20:57:06,109: -PUB [/cmd_vel] /move_base http://3ff6fdf48960:35655/
[rosmaster.master][INFO] 2020-06-16 20:57:06,110: -PUB [/move_base/current_goal] /move_base http://3ff6fdf48960:35655/
[rosmaster.master][INFO] 2020-06-16 20:57:06,110: -PUB [/move_base/goal] /move_base http://3ff6fdf48960:35655/
[rosmaster.master][INFO] 2020-06-16 20:57:06,110: -PUB [/move_base/global_costmap/static_layer/parameter_descriptions] /move_base http://3ff6fdf48960:35655/
[rosmaster.master][INFO] 2020-06-16 20:57:06,111: -PUB [/move_base/global_costmap/static_layer/parameter_updates] /move_base http://3ff6fdf48960:35655/
[rosmaster.master][INFO] 2020-06-16 20:57:06,111: -PUB [/move_base/global_costmap/obstacle_layer/parameter_descriptions] /move_base http://3ff6fdf48960:35655/
[rosmaster.master][INFO] 2020-06-16 20:57:06,111: -PUB [/move_base/global_costmap/obstacle_layer/parameter_updates] /move_base http://3ff6fdf48960:35655/
[rosmaster.master][INFO] 2020-06-16 20:57:06,112: -PUB [/move_base/global_costmap/inflation_layer/parameter_descriptions] /move_base http://3ff6fdf48960:35655/
[rosmaster.master][INFO] 2020-06-16 20:57:06,112: -PUB [/move_base/global_costmap/inflation_layer/parameter_updates] /move_base http://3ff6fdf48960:35655/
[rosmaster.master][INFO] 2020-06-16 20:57:06,112: -PUB [/move_base/global_costmap/footprint] /move_base http://3ff6fdf48960:35655/
[rosmaster.master][INFO] 2020-06-16 20:57:06,113: -PUB [/move_base/global_costmap/costmap] /move_base http://3ff6fdf48960:35655/
[rosmaster.master][INFO] 2020-06-16 20:57:06,113: -PUB [/move_base/global_costmap/costmap_updates] /move_base http://3ff6fdf48960:35655/
[rosmaster.master][INFO] 2020-06-16 20:57:06,113: -PUB [/move_base/global_costmap/parameter_descriptions] /move_base http://3ff6fdf48960:35655/
[rosmaster.master][INFO] 2020-06-16 20:57:06,114: -PUB [/move_base/global_costmap/parameter_updates] /move_base http://3ff6fdf48960:35655/
[rosmaster.master][INFO] 2020-06-16 20:57:06,114: -PUB [/move_base/NavfnROS/plan] /move_base http://3ff6fdf48960:35655/
[rosmaster.master][INFO] 2020-06-16 20:57:06,115: -PUB [/move_base/local_costmap/static_layer/parameter_descriptions] /move_base http://3ff6fdf48960:35655/
[rosmaster.master][INFO] 2020-06-16 20:57:06,115: -PUB [/move_base/local_costmap/static_layer/parameter_updates] /move_base http://3ff6fdf48960:35655/
[rosmaster.master][INFO] 2020-06-16 20:57:06,115: -PUB [/move_base/local_costmap/obstacle_layer/parameter_descriptions] /move_base http://3ff6fdf48960:35655/
[rosmaster.master][INFO] 2020-06-16 20:57:06,116: -PUB [/move_base/local_costmap/obstacle_layer/parameter_updates] /move_base http://3ff6fdf48960:35655/
[rosmaster.master][INFO] 2020-06-16 20:57:06,116: -PUB [/move_base/local_costmap/inflation_layer/parameter_descriptions] /move_base http://3ff6fdf48960:35655/
[rosmaster.master][INFO] 2020-06-16 20:57:06,116: -PUB [/move_base/local_costmap/inflation_layer/parameter_updates] /move_base http://3ff6fdf48960:35655/
[rosmaster.master][INFO] 2020-06-16 20:57:06,117: -PUB [/move_base/local_costmap/footprint] /move_base http://3ff6fdf48960:35655/
[rosmaster.master][INFO] 2020-06-16 20:57:06,117: -PUB [/move_base/local_costmap/costmap] /move_base http://3ff6fdf48960:35655/
[rosmaster.master][INFO] 2020-06-16 20:57:06,118: -PUB [/move_base/local_costmap/costmap_updates] /move_base http://3ff6fdf48960:35655/
[rosmaster.master][INFO] 2020-06-16 20:57:06,118: publisherUpdate[/rosout] -> http://3ff6fdf48960:44353/ ['http://3ff6fdf48960:32913/', 'http://3ff6fdf48960:41213/', 'http://3ff6fdf48960:40387/', 'http://3ff6fdf48960:44085/', 'http://3ff6fdf48960:33695/']
[rosmaster.master][INFO] 2020-06-16 20:57:06,118: -PUB [/move_base/local_costmap/parameter_descriptions] /move_base http://3ff6fdf48960:35655/
[rosmaster.master][INFO] 2020-06-16 20:57:06,119: publisherUpdate[/rosout] -> http://3ff6fdf48960:44353/ ['http://3ff6fdf48960:32913/', 'http://3ff6fdf48960:41213/', 'http://3ff6fdf48960:40387/', 'http://3ff6fdf48960:44085/', 'http://3ff6fdf48960:33695/']: sec=0.00, result=[1, '', 0]
[rosmaster.master][INFO] 2020-06-16 20:57:06,119: -PUB [/move_base/local_costmap/parameter_updates] /move_base http://3ff6fdf48960:35655/
[rosmaster.master][INFO] 2020-06-16 20:57:06,119: publisherUpdate[/move_base/goal] -> http://3ff6fdf48960:35655/ []
[rosmaster.master][INFO] 2020-06-16 20:57:06,120: -PUB [/move_base/MpnetLocalPlanner/local_plan] /move_base http://3ff6fdf48960:35655/
[rosmaster.master][INFO] 2020-06-16 20:57:06,120: publisherUpdate[/move_base/goal] -> http://3ff6fdf48960:35655/ []: sec=0.00, exception=<Fault -1: 'publisherUpdate: unknown method name'>
[rosmaster.master][INFO] 2020-06-16 20:57:06,121: -PUB [/move_base/MpnetLocalPlanner/global_plan] /move_base http://3ff6fdf48960:35655/
[rosmaster.master][INFO] 2020-06-16 20:57:06,121: -PUB [/move_base/collision_costmap/static_layer/parameter_descriptions] /move_base http://3ff6fdf48960:35655/
[rosmaster.master][INFO] 2020-06-16 20:57:06,122: -PUB [/move_base/collision_costmap/static_layer/parameter_updates] /move_base http://3ff6fdf48960:35655/
[rosmaster.master][INFO] 2020-06-16 20:57:06,123: -PUB [/move_base/collision_costmap/obstacle_layer/parameter_descriptions] /move_base http://3ff6fdf48960:35655/
[rosmaster.master][INFO] 2020-06-16 20:57:06,123: -PUB [/move_base/collision_costmap/obstacle_layer/parameter_updates] /move_base http://3ff6fdf48960:35655/
[rosmaster.master][INFO] 2020-06-16 20:57:06,123: -PUB [/move_base/collision_costmap/inflation_layer/parameter_descriptions] /move_base http://3ff6fdf48960:35655/
[rosmaster.master][INFO] 2020-06-16 20:57:06,124: -PUB [/move_base/collision_costmap/inflation_layer/parameter_updates] /move_base http://3ff6fdf48960:35655/
[rosmaster.threadpool][ERROR] 2020-06-16 20:57:06,124: Traceback (most recent call last):
  File "/opt/ros/melodic/lib/python2.7/dist-packages/rosmaster/threadpool.py", line 218, in run
    result = cmd(*args)
  File "/opt/ros/melodic/lib/python2.7/dist-packages/rosmaster/master_api.py", line 210, in publisher_update_task
    ret = xmlrpcapi(api).publisherUpdate('/master', topic, pub_uris)
  File "/usr/lib/python2.7/xmlrpclib.py", line 1243, in __call__
    return self.__send(self.__name, args)
  File "/usr/lib/python2.7/xmlrpclib.py", line 1602, in __request
    verbose=self.__verbose
  File "/usr/lib/python2.7/xmlrpclib.py", line 1283, in request
    return self.single_request(host, handler, request_body, verbose)
  File "/usr/lib/python2.7/xmlrpclib.py", line 1316, in single_request
    return self.parse_response(response)
  File "/usr/lib/python2.7/xmlrpclib.py", line 1493, in parse_response
    return u.close()
  File "/usr/lib/python2.7/xmlrpclib.py", line 800, in close
    raise Fault(**self._stack[0])
Fault: <Fault -1: 'publisherUpdate: unknown method name'>

[rosmaster.master][INFO] 2020-06-16 20:57:06,125: -PUB [/move_base/collision_costmap/footprint] /move_base http://3ff6fdf48960:35655/
[rosmaster.master][INFO] 2020-06-16 20:57:06,125: publisherUpdate[/move_base/global_costmap/footprint] -> http://3ff6fdf48960:35655/ []
[rosmaster.master][INFO] 2020-06-16 20:57:06,125: -PUB [/move_base/collision_costmap/costmap] /move_base http://3ff6fdf48960:35655/
[rosmaster.master][INFO] 2020-06-16 20:57:06,126: publisherUpdate[/move_base/global_costmap/footprint] -> http://3ff6fdf48960:35655/ []: sec=0.00, exception=<Fault -1: 'publisherUpdate: unknown method name'>
[rosmaster.master][INFO] 2020-06-16 20:57:06,126: -PUB [/move_base/collision_costmap/costmap_updates] /move_base http://3ff6fdf48960:35655/
[rosmaster.threadpool][ERROR] 2020-06-16 20:57:06,126: Traceback (most recent call last):
  File "/opt/ros/melodic/lib/python2.7/dist-packages/rosmaster/threadpool.py", line 218, in run
    result = cmd(*args)
  File "/opt/ros/melodic/lib/python2.7/dist-packages/rosmaster/master_api.py", line 210, in publisher_update_task
    ret = xmlrpcapi(api).publisherUpdate('/master', topic, pub_uris)
  File "/usr/lib/python2.7/xmlrpclib.py", line 1243, in __call__
    return self.__send(self.__name, args)
  File "/usr/lib/python2.7/xmlrpclib.py", line 1602, in __request
    verbose=self.__verbose
  File "/usr/lib/python2.7/xmlrpclib.py", line 1283, in request
    return self.single_request(host, handler, request_body, verbose)
  File "/usr/lib/python2.7/xmlrpclib.py", line 1316, in single_request
    return self.parse_response(response)
  File "/usr/lib/python2.7/xmlrpclib.py", line 1493, in parse_response
    return u.close()
  File "/usr/lib/python2.7/xmlrpclib.py", line 800, in close
    raise Fault(**self._stack[0])
Fault: <Fault -1: 'publisherUpdate: unknown method name'>

[rosmaster.master][INFO] 2020-06-16 20:57:06,127: -PUB [/move_base/collision_costmap/parameter_descriptions] /move_base http://3ff6fdf48960:35655/
[rosmaster.master][INFO] 2020-06-16 20:57:06,127: publisherUpdate[/move_base/local_costmap/footprint] -> http://3ff6fdf48960:35655/ []
[rosmaster.master][INFO] 2020-06-16 20:57:06,127: -PUB [/move_base/collision_costmap/parameter_updates] /move_base http://3ff6fdf48960:35655/
[rosmaster.master][INFO] 2020-06-16 20:57:06,128: publisherUpdate[/move_base/local_costmap/footprint] -> http://3ff6fdf48960:35655/ []: sec=0.00, exception=<Fault -1: 'publisherUpdate: unknown method name'>
[rosmaster.master][INFO] 2020-06-16 20:57:06,128: -PUB [/move_base/result] /move_base http://3ff6fdf48960:35655/
[rosmaster.threadpool][ERROR] 2020-06-16 20:57:06,129: Traceback (most recent call last):
  File "/opt/ros/melodic/lib/python2.7/dist-packages/rosmaster/threadpool.py", line 218, in run
    result = cmd(*args)
  File "/opt/ros/melodic/lib/python2.7/dist-packages/rosmaster/master_api.py", line 210, in publisher_update_task
    ret = xmlrpcapi(api).publisherUpdate('/master', topic, pub_uris)
  File "/usr/lib/python2.7/xmlrpclib.py", line 1243, in __call__
    return self.__send(self.__name, args)
  File "/usr/lib/python2.7/xmlrpclib.py", line 1602, in __request
    verbose=self.__verbose
  File "/usr/lib/python2.7/xmlrpclib.py", line 1283, in request
    return self.single_request(host, handler, request_body, verbose)
  File "/usr/lib/python2.7/xmlrpclib.py", line 1316, in single_request
    return self.parse_response(response)
  File "/usr/lib/python2.7/xmlrpclib.py", line 1493, in parse_response
    return u.close()
  File "/usr/lib/python2.7/xmlrpclib.py", line 800, in close
    raise Fault(**self._stack[0])
Fault: <Fault -1: 'publisherUpdate: unknown method name'>

[rosmaster.master][INFO] 2020-06-16 20:57:06,129: -PUB [/move_base/feedback] /move_base http://3ff6fdf48960:35655/
[rosmaster.master][INFO] 2020-06-16 20:57:06,129: publisherUpdate[/move_base/local_costmap/costmap] -> http://3ff6fdf48960:33695/ []
[rosmaster.master][INFO] 2020-06-16 20:57:06,130: -PUB [/move_base/status] /move_base http://3ff6fdf48960:35655/
[rosmaster.master][INFO] 2020-06-16 20:57:06,130: -PUB [/move_base/parameter_descriptions] /move_base http://3ff6fdf48960:35655/
[rosmaster.master][INFO] 2020-06-16 20:57:06,131: -PUB [/move_base/parameter_updates] /move_base http://3ff6fdf48960:35655/
[rosmaster.master][INFO] 2020-06-16 20:57:06,131: -SUB [/tf] /move_base http://3ff6fdf48960:35655/
[rosmaster.master][INFO] 2020-06-16 20:57:06,132: -SUB [/tf_static] /move_base http://3ff6fdf48960:35655/
[rosmaster.master][INFO] 2020-06-16 20:57:06,132: -SUB [/move_base_simple/goal] /move_base http://3ff6fdf48960:35655/
[rosmaster.master][INFO] 2020-06-16 20:57:06,133: -SUB [/map] /move_base http://3ff6fdf48960:35655/
[rosmaster.master][INFO] 2020-06-16 20:57:06,133: -SUB [/move_base/global_costmap/footprint] /move_base http://3ff6fdf48960:35655/
[rosmaster.master][INFO] 2020-06-16 20:57:06,133: -SUB [/move_base/local_costmap/footprint] /move_base http://3ff6fdf48960:35655/
[rosmaster.master][INFO] 2020-06-16 20:57:06,134: -SUB [/odom] /move_base http://3ff6fdf48960:35655/
[rosmaster.master][INFO] 2020-06-16 20:57:06,134: -SUB [/move_base/collision_costmap/footprint] /move_base http://3ff6fdf48960:35655/
[rosmaster.master][INFO] 2020-06-16 20:57:06,135: -SUB [/move_base/goal] /move_base http://3ff6fdf48960:35655/
[rosmaster.master][INFO] 2020-06-16 20:57:06,135: -SUB [/move_base/cancel] /move_base http://3ff6fdf48960:35655/
[rosmaster.master][INFO] 2020-06-16 20:57:06,135: -SERVICE [/move_base/get_loggers] /move_base rosrpc://3ff6fdf48960:47829
[rosmaster.master][INFO] 2020-06-16 20:57:06,136: -SERVICE [/move_base/set_logger_level] /move_base rosrpc://3ff6fdf48960:47829
[rosmaster.master][INFO] 2020-06-16 20:57:06,136: -SERVICE [/move_base/global_costmap/static_layer/set_parameters] /move_base rosrpc://3ff6fdf48960:47829
[rosmaster.master][INFO] 2020-06-16 20:57:06,137: -SERVICE [/move_base/global_costmap/obstacle_layer/set_parameters] /move_base rosrpc://3ff6fdf48960:47829
[rosmaster.master][INFO] 2020-06-16 20:57:06,137: -SERVICE [/move_base/global_costmap/inflation_layer/set_parameters] /move_base rosrpc://3ff6fdf48960:47829
[rosmaster.master][INFO] 2020-06-16 20:57:06,137: -SERVICE [/move_base/global_costmap/set_parameters] /move_base rosrpc://3ff6fdf48960:47829
[rosmaster.master][INFO] 2020-06-16 20:57:06,138: -SERVICE [/move_base/NavfnROS/make_plan] /move_base rosrpc://3ff6fdf48960:47829
[rosmaster.master][INFO] 2020-06-16 20:57:06,138: -SERVICE [/move_base/local_costmap/static_layer/set_parameters] /move_base rosrpc://3ff6fdf48960:47829
[rosmaster.master][INFO] 2020-06-16 20:57:06,138: -SERVICE [/move_base/local_costmap/obstacle_layer/set_parameters] /move_base rosrpc://3ff6fdf48960:47829
[rosmaster.master][INFO] 2020-06-16 20:57:06,139: -SERVICE [/move_base/local_costmap/inflation_layer/set_parameters] /move_base rosrpc://3ff6fdf48960:47829
[rosmaster.master][INFO] 2020-06-16 20:57:06,139: -SERVICE [/move_base/local_costmap/set_parameters] /move_base rosrpc://3ff6fdf48960:47829
[rosmaster.master][INFO] 2020-06-16 20:57:06,140: -SERVICE [/move_base/collision_costmap/static_layer/set_parameters] /move_base rosrpc://3ff6fdf48960:47829
[rosmaster.master][INFO] 2020-06-16 20:57:06,140: -SERVICE [/move_base/collision_costmap/obstacle_layer/set_parameters] /move_base rosrpc://3ff6fdf48960:47829
[rosmaster.master][INFO] 2020-06-16 20:57:06,140: -SERVICE [/move_base/collision_costmap/inflation_layer/set_parameters] /move_base rosrpc://3ff6fdf48960:47829
[rosmaster.master][INFO] 2020-06-16 20:57:06,141: -SERVICE [/move_base/collision_costmap/set_parameters] /move_base rosrpc://3ff6fdf48960:47829
[rosmaster.master][INFO] 2020-06-16 20:57:06,141: -SERVICE [/move_base/make_plan] /move_base rosrpc://3ff6fdf48960:47829
[rosmaster.master][INFO] 2020-06-16 20:57:06,142: -SERVICE [/move_base/clear_costmaps] /move_base rosrpc://3ff6fdf48960:47829
[rosmaster.master][INFO] 2020-06-16 20:57:06,142: -SERVICE [/move_base/set_parameters] /move_base rosrpc://3ff6fdf48960:47829
[rosmaster.master][INFO] 2020-06-16 20:57:06,154: publisherUpdate[/move_base/collision_costmap/footprint] -> http://3ff6fdf48960:35655/ []
[rosmaster.master][INFO] 2020-06-16 20:57:06,164: publisherUpdate[/move_base/local_costmap/costmap] -> http://3ff6fdf48960:33695/ []: sec=0.03, result=[1, '', 0]
[rosmaster.master][INFO] 2020-06-16 20:57:06,165: publisherUpdate[/move_base/local_costmap/costmap_updates] -> http://3ff6fdf48960:33695/ []
[rosmaster.master][INFO] 2020-06-16 20:57:06,165: publisherUpdate[/move_base/local_costmap/costmap_updates] -> http://3ff6fdf48960:33695/ []: sec=0.00, result=[1, '', 0]
[rosmaster.master][INFO] 2020-06-16 20:57:06,165: publisherUpdate[/move_base/MpnetLocalPlanner/local_plan] -> http://3ff6fdf48960:33695/ []
[rosmaster.master][INFO] 2020-06-16 20:57:06,166: publisherUpdate[/move_base/MpnetLocalPlanner/local_plan] -> http://3ff6fdf48960:33695/ []: sec=0.00, result=[1, '', 0]
[rosmaster.master][INFO] 2020-06-16 20:57:06,166: publisherUpdate[/move_base/MpnetLocalPlanner/global_plan] -> http://3ff6fdf48960:33695/ []
[rosmaster.master][INFO] 2020-06-16 20:57:06,167: publisherUpdate[/move_base/MpnetLocalPlanner/global_plan] -> http://3ff6fdf48960:33695/ []: sec=0.00, result=[1, '', 0]
[rosmaster.master][INFO] 2020-06-16 20:57:06,182: publisherUpdate[/move_base/collision_costmap/footprint] -> http://3ff6fdf48960:35655/ []: sec=0.03, exception=<Fault -1: 'publisherUpdate: unknown method name'>
[rosmaster.threadpool][ERROR] 2020-06-16 20:57:06,182: Traceback (most recent call last):
  File "/opt/ros/melodic/lib/python2.7/dist-packages/rosmaster/threadpool.py", line 218, in run
    result = cmd(*args)
  File "/opt/ros/melodic/lib/python2.7/dist-packages/rosmaster/master_api.py", line 210, in publisher_update_task
    ret = xmlrpcapi(api).publisherUpdate('/master', topic, pub_uris)
  File "/usr/lib/python2.7/xmlrpclib.py", line 1243, in __call__
    return self.__send(self.__name, args)
  File "/usr/lib/python2.7/xmlrpclib.py", line 1602, in __request
    verbose=self.__verbose
  File "/usr/lib/python2.7/xmlrpclib.py", line 1283, in request
    return self.single_request(host, handler, request_body, verbose)
  File "/usr/lib/python2.7/xmlrpclib.py", line 1316, in single_request
    return self.parse_response(response)
  File "/usr/lib/python2.7/xmlrpclib.py", line 1493, in parse_response
    return u.close()
  File "/usr/lib/python2.7/xmlrpclib.py", line 800, in close
    raise Fault(**self._stack[0])
Fault: <Fault -1: 'publisherUpdate: unknown method name'>

[rosmaster.master][INFO] 2020-06-16 20:57:06,209: -PUB [/rosout] /robot_state_publisher http://3ff6fdf48960:41213/
[rosmaster.master][INFO] 2020-06-16 20:57:06,210: -PUB [/rosout] /racecar_simulator http://3ff6fdf48960:40387/
[rosmaster.master][INFO] 2020-06-16 20:57:06,210: -PUB [/rosout] /static_tf/base_to_laser_tf2 http://3ff6fdf48960:44085/
[rosmaster.master][INFO] 2020-06-16 20:57:06,211: -PUB [/rosout] /map_server http://3ff6fdf48960:32913/
[rosmaster.master][INFO] 2020-06-16 20:57:06,211: -PUB [/tf] /robot_state_publisher http://3ff6fdf48960:41213/
[rosmaster.master][INFO] 2020-06-16 20:57:06,212: -PUB [/tf] /racecar_simulator http://3ff6fdf48960:40387/
[rosmaster.master][INFO] 2020-06-16 20:57:06,212: -PUB [/map_metadata] /map_server http://3ff6fdf48960:32913/
[rosmaster.master][INFO] 2020-06-16 20:57:06,212: -PUB [/tf_static] /static_tf/base_to_laser_tf2 http://3ff6fdf48960:44085/
[rosmaster.master][INFO] 2020-06-16 20:57:06,213: -PUB [/tf_static] /robot_state_publisher http://3ff6fdf48960:41213/
[rosmaster.master][INFO] 2020-06-16 20:57:06,213: -PUB [/scan] /racecar_simulator http://3ff6fdf48960:40387/
[rosmaster.master][INFO] 2020-06-16 20:57:06,214: -PUB [/map] /map_server http://3ff6fdf48960:32913/
[rosmaster.master][INFO] 2020-06-16 20:57:06,214: -SUB [/joint_states] /robot_state_publisher http://3ff6fdf48960:41213/
[rosmaster.master][INFO] 2020-06-16 20:57:06,215: -SERVICE [/static_tf/base_to_laser_tf2/get_loggers] /static_tf/base_to_laser_tf2 rosrpc://3ff6fdf48960:40741
[rosmaster.master][INFO] 2020-06-16 20:57:06,215: -PUB [/odom] /racecar_simulator http://3ff6fdf48960:40387/
[rosmaster.master][INFO] 2020-06-16 20:57:06,216: -SERVICE [/map_server/get_loggers] /map_server rosrpc://3ff6fdf48960:38419
[rosmaster.master][INFO] 2020-06-16 20:57:06,216: -SERVICE [/robot_state_publisher/get_loggers] /robot_state_publisher rosrpc://3ff6fdf48960:51307
[rosmaster.master][INFO] 2020-06-16 20:57:06,217: -SERVICE [/static_tf/base_to_laser_tf2/set_logger_level] /static_tf/base_to_laser_tf2 rosrpc://3ff6fdf48960:40741
[rosmaster.master][INFO] 2020-06-16 20:57:06,217: -SUB [/joy] /racecar_simulator http://3ff6fdf48960:40387/
[rosmaster.master][INFO] 2020-06-16 20:57:06,217: -SERVICE [/map_server/set_logger_level] /map_server rosrpc://3ff6fdf48960:38419
[rosmaster.master][INFO] 2020-06-16 20:57:06,218: -SERVICE [/robot_state_publisher/set_logger_level] /robot_state_publisher rosrpc://3ff6fdf48960:51307
[rosmaster.master][INFO] 2020-06-16 20:57:06,218: -SUB [/drive] /racecar_simulator http://3ff6fdf48960:40387/
[rosmaster.master][INFO] 2020-06-16 20:57:06,219: -SERVICE [/static_map] /map_server rosrpc://3ff6fdf48960:38419
[rosmaster.master][INFO] 2020-06-16 20:57:06,219: -SUB [/map] /racecar_simulator http://3ff6fdf48960:40387/
[rosmaster.master][INFO] 2020-06-16 20:57:06,220: -SUB [/pose] /racecar_simulator http://3ff6fdf48960:40387/
[rosmaster.master][INFO] 2020-06-16 20:57:06,220: -SUB [/initialpose] /racecar_simulator http://3ff6fdf48960:40387/
[rosmaster.master][INFO] 2020-06-16 20:57:06,220: -SERVICE [/racecar_simulator/get_loggers] /racecar_simulator rosrpc://3ff6fdf48960:48633
[rosmaster.master][INFO] 2020-06-16 20:57:06,221: -SERVICE [/racecar_simulator/set_logger_level] /racecar_simulator rosrpc://3ff6fdf48960:48633
[rosmaster.master][INFO] 2020-06-16 20:57:06,267: publisherUpdate[/rosout] -> http://3ff6fdf48960:44353/ ['http://3ff6fdf48960:32913/', 'http://3ff6fdf48960:40387/', 'http://3ff6fdf48960:44085/', 'http://3ff6fdf48960:33695/']
[rosmaster.master][INFO] 2020-06-16 20:57:06,267: -PUB [/rosout] /rviz http://3ff6fdf48960:33695/
[rosmaster.master][INFO] 2020-06-16 20:57:06,268: publisherUpdate[/rosout] -> http://3ff6fdf48960:44353/ ['http://3ff6fdf48960:32913/', 'http://3ff6fdf48960:40387/', 'http://3ff6fdf48960:44085/', 'http://3ff6fdf48960:33695/']: sec=0.00, result=[1, '', 0]
[rosmaster.master][INFO] 2020-06-16 20:57:06,269: -PUB [/initialpose] /rviz http://3ff6fdf48960:33695/
[rosmaster.master][INFO] 2020-06-16 20:57:06,269: publisherUpdate[/rosout] -> http://3ff6fdf48960:44353/ ['http://3ff6fdf48960:32913/', 'http://3ff6fdf48960:44085/', 'http://3ff6fdf48960:33695/']
[rosmaster.master][INFO] 2020-06-16 20:57:06,269: -PUB [/move_base_simple/goal] /rviz http://3ff6fdf48960:33695/
[rosmaster.master][INFO] 2020-06-16 20:57:06,270: publisherUpdate[/rosout] -> http://3ff6fdf48960:44353/ ['http://3ff6fdf48960:32913/', 'http://3ff6fdf48960:44085/', 'http://3ff6fdf48960:33695/']: sec=0.00, result=[1, '', 0]
[rosmaster.master][INFO] 2020-06-16 20:57:06,270: publisherUpdate[/rosout] -> http://3ff6fdf48960:44353/ ['http://3ff6fdf48960:32913/', 'http://3ff6fdf48960:33695/']
[rosmaster.master][INFO] 2020-06-16 20:57:06,271: -PUB [/clicked_point] /rviz http://3ff6fdf48960:33695/
[rosmaster.master][INFO] 2020-06-16 20:57:06,271: publisherUpdate[/rosout] -> http://3ff6fdf48960:44353/ ['http://3ff6fdf48960:32913/', 'http://3ff6fdf48960:33695/']: sec=0.00, result=[1, '', 0]
[rosmaster.master][INFO] 2020-06-16 20:57:06,272: -SUB [/tf] /rviz http://3ff6fdf48960:33695/
[rosmaster.master][INFO] 2020-06-16 20:57:06,272: publisherUpdate[/rosout] -> http://3ff6fdf48960:44353/ ['http://3ff6fdf48960:33695/']
[rosmaster.master][INFO] 2020-06-16 20:57:06,273: -SUB [/tf_static] /rviz http://3ff6fdf48960:33695/
[rosmaster.master][INFO] 2020-06-16 20:57:06,273: publisherUpdate[/rosout] -> http://3ff6fdf48960:44353/ ['http://3ff6fdf48960:33695/']: sec=0.00, result=[1, '', 0]
[rosmaster.master][INFO] 2020-06-16 20:57:06,273: publisherUpdate[/tf] -> http://3ff6fdf48960:33695/ ['http://3ff6fdf48960:40387/']
[rosmaster.master][INFO] 2020-06-16 20:57:06,274: -SUB [/map] /rviz http://3ff6fdf48960:33695/
[rosmaster.master][INFO] 2020-06-16 20:57:06,274: -SUB [/map_updates] /rviz http://3ff6fdf48960:33695/
[rosmaster.master][INFO] 2020-06-16 20:57:06,275: -SUB [/move_base/MpnetLocalPlanner/global_plan] /rviz http://3ff6fdf48960:33695/
[rosmaster.master][INFO] 2020-06-16 20:57:06,275: -SUB [/move_base/MpnetLocalPlanner/local_plan] /rviz http://3ff6fdf48960:33695/
[rosmaster.master][INFO] 2020-06-16 20:57:06,276: -SUB [/move_base_simple/goal] /rviz http://3ff6fdf48960:33695/
[rosmaster.master][INFO] 2020-06-16 20:57:06,276: -SUB [/move_base/local_costmap/costmap] /rviz http://3ff6fdf48960:33695/
[rosmaster.master][INFO] 2020-06-16 20:57:06,277: -SUB [/move_base/local_costmap/costmap_updates] /rviz http://3ff6fdf48960:33695/
[rosmaster.master][INFO] 2020-06-16 20:57:06,277: publisherUpdate[/tf] -> http://3ff6fdf48960:33695/ ['http://3ff6fdf48960:40387/']: sec=0.00, exception=<Fault -1: 'publisherUpdate: unknown method name'>
[rosmaster.master][INFO] 2020-06-16 20:57:06,277: -SERVICE [/rviz/get_loggers] /rviz rosrpc://3ff6fdf48960:59827
[rosmaster.threadpool][ERROR] 2020-06-16 20:57:06,278: Traceback (most recent call last):
  File "/opt/ros/melodic/lib/python2.7/dist-packages/rosmaster/threadpool.py", line 218, in run
    result = cmd(*args)
  File "/opt/ros/melodic/lib/python2.7/dist-packages/rosmaster/master_api.py", line 210, in publisher_update_task
    ret = xmlrpcapi(api).publisherUpdate('/master', topic, pub_uris)
  File "/usr/lib/python2.7/xmlrpclib.py", line 1243, in __call__
    return self.__send(self.__name, args)
  File "/usr/lib/python2.7/xmlrpclib.py", line 1602, in __request
    verbose=self.__verbose
  File "/usr/lib/python2.7/xmlrpclib.py", line 1283, in request
    return self.single_request(host, handler, request_body, verbose)
  File "/usr/lib/python2.7/xmlrpclib.py", line 1316, in single_request
    return self.parse_response(response)
  File "/usr/lib/python2.7/xmlrpclib.py", line 1493, in parse_response
    return u.close()
  File "/usr/lib/python2.7/xmlrpclib.py", line 800, in close
    raise Fault(**self._stack[0])
Fault: <Fault -1: 'publisherUpdate: unknown method name'>

[rosmaster.master][INFO] 2020-06-16 20:57:06,278: -SERVICE [/rviz/set_logger_level] /rviz rosrpc://3ff6fdf48960:59827
[rosmaster.master][INFO] 2020-06-16 20:57:06,278: publisherUpdate[/tf] -> http://3ff6fdf48960:33695/ []
[rosmaster.master][INFO] 2020-06-16 20:57:06,279: -SERVICE [/rviz/reload_shaders] /rviz rosrpc://3ff6fdf48960:59827
[rosmaster.master][INFO] 2020-06-16 20:57:06,280: publisherUpdate[/tf] -> http://3ff6fdf48960:33695/ []: sec=0.00, exception=<Fault -1: 'publisherUpdate: unknown method name'>
[rosmaster.master][INFO] 2020-06-16 20:57:06,280: -SERVICE [/rviz/load_config] /rviz rosrpc://3ff6fdf48960:59827
[rosmaster.master][INFO] 2020-06-16 20:57:06,281: -SERVICE [/rviz/save_config] /rviz rosrpc://3ff6fdf48960:59827
[rosmaster.threadpool][ERROR] 2020-06-16 20:57:06,281: Traceback (most recent call last):
  File "/opt/ros/melodic/lib/python2.7/dist-packages/rosmaster/threadpool.py", line 218, in run
    result = cmd(*args)
  File "/opt/ros/melodic/lib/python2.7/dist-packages/rosmaster/master_api.py", line 210, in publisher_update_task
    ret = xmlrpcapi(api).publisherUpdate('/master', topic, pub_uris)
  File "/usr/lib/python2.7/xmlrpclib.py", line 1243, in __call__
    return self.__send(self.__name, args)
  File "/usr/lib/python2.7/xmlrpclib.py", line 1602, in __request
    verbose=self.__verbose
  File "/usr/lib/python2.7/xmlrpclib.py", line 1283, in request
    return self.single_request(host, handler, request_body, verbose)
  File "/usr/lib/python2.7/xmlrpclib.py", line 1316, in single_request
    return self.parse_response(response)
  File "/usr/lib/python2.7/xmlrpclib.py", line 1493, in parse_response
    return u.close()
  File "/usr/lib/python2.7/xmlrpclib.py", line 800, in close
    raise Fault(**self._stack[0])
Fault: <Fault -1: 'publisherUpdate: unknown method name'>

[rosmaster.master][INFO] 2020-06-16 20:57:06,281: publisherUpdate[/tf_static] -> http://3ff6fdf48960:33695/ ['http://3ff6fdf48960:41213/']
[rosmaster.master][INFO] 2020-06-16 20:57:06,282: publisherUpdate[/tf_static] -> http://3ff6fdf48960:33695/ ['http://3ff6fdf48960:41213/']: sec=0.00, exception=<Fault -1: 'publisherUpdate: unknown method name'>
[rosmaster.threadpool][ERROR] 2020-06-16 20:57:06,282: Traceback (most recent call last):
  File "/opt/ros/melodic/lib/python2.7/dist-packages/rosmaster/threadpool.py", line 218, in run
    result = cmd(*args)
  File "/opt/ros/melodic/lib/python2.7/dist-packages/rosmaster/master_api.py", line 210, in publisher_update_task
    ret = xmlrpcapi(api).publisherUpdate('/master', topic, pub_uris)
  File "/usr/lib/python2.7/xmlrpclib.py", line 1243, in __call__
    return self.__send(self.__name, args)
  File "/usr/lib/python2.7/xmlrpclib.py", line 1602, in __request
    verbose=self.__verbose
  File "/usr/lib/python2.7/xmlrpclib.py", line 1283, in request
    return self.single_request(host, handler, request_body, verbose)
  File "/usr/lib/python2.7/xmlrpclib.py", line 1316, in single_request
    return self.parse_response(response)
  File "/usr/lib/python2.7/xmlrpclib.py", line 1493, in parse_response
    return u.close()
  File "/usr/lib/python2.7/xmlrpclib.py", line 800, in close
    raise Fault(**self._stack[0])
Fault: <Fault -1: 'publisherUpdate: unknown method name'>

[rosmaster.master][INFO] 2020-06-16 20:57:06,282: publisherUpdate[/tf_static] -> http://3ff6fdf48960:33695/ []
[rosmaster.master][INFO] 2020-06-16 20:57:06,282: publisherUpdate[/map] -> http://3ff6fdf48960:40387/ []
[rosmaster.master][INFO] 2020-06-16 20:57:06,283: publisherUpdate[/tf_static] -> http://3ff6fdf48960:33695/ []: sec=0.00, exception=<Fault -1: 'publisherUpdate: unknown method name'>
[rosmaster.master][INFO] 2020-06-16 20:57:06,283: publisherUpdate[/map] -> http://3ff6fdf48960:33695/ []
[rosmaster.threadpool][ERROR] 2020-06-16 20:57:06,284: Traceback (most recent call last):
  File "/opt/ros/melodic/lib/python2.7/dist-packages/rosmaster/threadpool.py", line 218, in run
    result = cmd(*args)
  File "/opt/ros/melodic/lib/python2.7/dist-packages/rosmaster/master_api.py", line 210, in publisher_update_task
    ret = xmlrpcapi(api).publisherUpdate('/master', topic, pub_uris)
  File "/usr/lib/python2.7/xmlrpclib.py", line 1243, in __call__
    return self.__send(self.__name, args)
  File "/usr/lib/python2.7/xmlrpclib.py", line 1602, in __request
    verbose=self.__verbose
  File "/usr/lib/python2.7/xmlrpclib.py", line 1283, in request
    return self.single_request(host, handler, request_body, verbose)
  File "/usr/lib/python2.7/xmlrpclib.py", line 1316, in single_request
    return self.parse_response(response)
  File "/usr/lib/python2.7/xmlrpclib.py", line 1493, in parse_response
    return u.close()
  File "/usr/lib/python2.7/xmlrpclib.py", line 800, in close
    raise Fault(**self._stack[0])
Fault: <Fault -1: 'publisherUpdate: unknown method name'>

[rosmaster.master][INFO] 2020-06-16 20:57:06,284: publisherUpdate[/rosout] -> http://3ff6fdf48960:44353/ []
[rosmaster.master][INFO] 2020-06-16 20:57:06,285: publisherUpdate[/rosout] -> http://3ff6fdf48960:44353/ []: sec=0.00, result=[1, '', 0]
[rosmaster.master][INFO] 2020-06-16 20:57:06,316: publisherUpdate[/map] -> http://3ff6fdf48960:40387/ []: sec=0.03, exception=<Fault -1: 'publisherUpdate: unknown method name'>
[rosmaster.master][INFO] 2020-06-16 20:57:06,317: publisherUpdate[/map] -> http://3ff6fdf48960:33695/ []: sec=0.03, exception=<Fault -1: 'publisherUpdate: unknown method name'>
[rosmaster.threadpool][ERROR] 2020-06-16 20:57:06,317: Traceback (most recent call last):
  File "/opt/ros/melodic/lib/python2.7/dist-packages/rosmaster/threadpool.py", line 218, in run
    result = cmd(*args)
  File "/opt/ros/melodic/lib/python2.7/dist-packages/rosmaster/master_api.py", line 210, in publisher_update_task
    ret = xmlrpcapi(api).publisherUpdate('/master', topic, pub_uris)
  File "/usr/lib/python2.7/xmlrpclib.py", line 1243, in __call__
    return self.__send(self.__name, args)
  File "/usr/lib/python2.7/xmlrpclib.py", line 1602, in __request
    verbose=self.__verbose
  File "/usr/lib/python2.7/xmlrpclib.py", line 1283, in request
    return self.single_request(host, handler, request_body, verbose)
  File "/usr/lib/python2.7/xmlrpclib.py", line 1316, in single_request
    return self.parse_response(response)
  File "/usr/lib/python2.7/xmlrpclib.py", line 1493, in parse_response
    return u.close()
  File "/usr/lib/python2.7/xmlrpclib.py", line 800, in close
    raise Fault(**self._stack[0])
Fault: <Fault -1: 'publisherUpdate: unknown method name'>

[rosmaster.master][INFO] 2020-06-16 20:57:06,317: publisherUpdate[/move_base_simple/goal] -> http://3ff6fdf48960:33695/ []
[rosmaster.threadpool][ERROR] 2020-06-16 20:57:06,317: Traceback (most recent call last):
  File "/opt/ros/melodic/lib/python2.7/dist-packages/rosmaster/threadpool.py", line 218, in run
    result = cmd(*args)
  File "/opt/ros/melodic/lib/python2.7/dist-packages/rosmaster/master_api.py", line 210, in publisher_update_task
    ret = xmlrpcapi(api).publisherUpdate('/master', topic, pub_uris)
  File "/usr/lib/python2.7/xmlrpclib.py", line 1243, in __call__
    return self.__send(self.__name, args)
  File "/usr/lib/python2.7/xmlrpclib.py", line 1602, in __request
    verbose=self.__verbose
  File "/usr/lib/python2.7/xmlrpclib.py", line 1283, in request
    return self.single_request(host, handler, request_body, verbose)
  File "/usr/lib/python2.7/xmlrpclib.py", line 1316, in single_request
    return self.parse_response(response)
  File "/usr/lib/python2.7/xmlrpclib.py", line 1493, in parse_response
    return u.close()
  File "/usr/lib/python2.7/xmlrpclib.py", line 800, in close
    raise Fault(**self._stack[0])
Fault: <Fault -1: 'publisherUpdate: unknown method name'>

[rosmaster.master][INFO] 2020-06-16 20:57:06,318: publisherUpdate[/move_base_simple/goal] -> http://3ff6fdf48960:33695/ []: sec=0.00, exception=<Fault -1: 'publisherUpdate: unknown method name'>
[rosmaster.threadpool][ERROR] 2020-06-16 20:57:06,318: Traceback (most recent call last):
  File "/opt/ros/melodic/lib/python2.7/dist-packages/rosmaster/threadpool.py", line 218, in run
    result = cmd(*args)
  File "/opt/ros/melodic/lib/python2.7/dist-packages/rosmaster/master_api.py", line 210, in publisher_update_task
    ret = xmlrpcapi(api).publisherUpdate('/master', topic, pub_uris)
  File "/usr/lib/python2.7/xmlrpclib.py", line 1243, in __call__
    return self.__send(self.__name, args)
  File "/usr/lib/python2.7/xmlrpclib.py", line 1602, in __request
    verbose=self.__verbose
  File "/usr/lib/python2.7/xmlrpclib.py", line 1283, in request
    return self.single_request(host, handler, request_body, verbose)
  File "/usr/lib/python2.7/xmlrpclib.py", line 1316, in single_request
    return self.parse_response(response)
  File "/usr/lib/python2.7/xmlrpclib.py", line 1493, in parse_response
    return u.close()
  File "/usr/lib/python2.7/xmlrpclib.py", line 800, in close
    raise Fault(**self._stack[0])
Fault: <Fault -1: 'publisherUpdate: unknown method name'>

[rosmaster.master][INFO] 2020-06-16 20:57:06,986: -PUB [/rosout_agg] /rosout http://3ff6fdf48960:44353/
[rosmaster.master][INFO] 2020-06-16 20:57:06,987: -SUB [/rosout] /rosout http://3ff6fdf48960:44353/
[rosmaster.master][INFO] 2020-06-16 20:57:06,987: -SERVICE [/rosout/get_loggers] /rosout rosrpc://3ff6fdf48960:47387
[rosmaster.master][INFO] 2020-06-16 20:57:06,987: -SERVICE [/rosout/set_logger_level] /rosout rosrpc://3ff6fdf48960:47387
[rosmaster.main][INFO] 2020-06-16 20:57:07,034: keyboard interrupt, will exit
[rosmaster.main][INFO] 2020-06-16 20:57:07,034: stopping master...
[rospy.core][INFO] 2020-06-16 20:57:07,034: signal_shutdown [atexit]
