[roslaunch][INFO] 2020-06-16 20:53:47,541: Checking log directory for disk usage. This may take a while.
Press Ctrl-C to interrupt
[roslaunch][INFO] 2020-06-16 20:53:47,545: Done checking log file disk usage. Usage is <1GB.
[roslaunch][INFO] 2020-06-16 20:53:47,545: roslaunch starting with args ['/opt/ros/melodic/bin/roslaunch', 'mpnet_plan', 'simulate_mpnet.launch']
[roslaunch][INFO] 2020-06-16 20:53:47,545: roslaunch env is {'ROS_DISTRO': 'melodic', 'ROSLISP_PACKAGE_DIRECTORIES': '/root/project/devel/share/common-lisp', 'CUDA_VERSION': '10.1.243', 'ROS_PACKAGE_PATH': '/root/project/src:/opt/ros/melodic/share', 'HOME': '/root', 'CMAKE_PREFIX_PATH': '/root/project/devel:/opt/ros/melodic', 'DISPLAY': ':0', 'LANG': 'C.UTF-8', 'TERM': 'xterm', 'ROS_LOG_FILENAME': '/root/.ros/log/795a6828-b013-11ea-8413-0242ac110003/roslaunch-3ff6fdf48960-236.log', 'LIBRARY_PATH': '/usr/local/cuda/lib64/stubs', 'CUDA_PKG_VERSION': '10-1=10.1.243-1', 'SHLVL': '1', 'NCCL_VERSION': '2.4.8', 'LD_LIBRARY_PATH': '/root/project/devel/lib:/opt/ros/melodic/lib:/usr/local/cuda/extras/CUPTI/lib64:/usr/local/nvidia/lib:/usr/local/nvidia/lib64:/usr/lib/x86_64-linux-gnu:/usr/lib/i386-linux-gnu:/usr/local/nvidia/lib:/usr/local/nvidia/lib64', 'NVIDIA_VISIBLE_DEVICES': 'all', 'ROS_MASTER_URI': 'http://localhost:11311', 'CUDNN_VERSION': '7.6.5.32', 'ROS_PYTHON_VERSION': '2', 'PYTHONPATH': '/opt/ros/melodic/lib/python2.7/dist-packages', 'ROS_ROOT': '/opt/ros/melodic/share/ros', 'PATH': '/opt/ros/melodic/bin:/usr/local/nvidia/bin:/usr/local/cuda/bin:/usr/local/nvidia/bin:/usr/local/cuda/bin:/usr/local/sbin:/usr/local/bin:/usr/sbin:/usr/bin:/sbin:/bin', 'PKG_CONFIG_PATH': '/root/project/devel/lib/pkgconfig:/opt/ros/melodic/lib/pkgconfig', 'LC_ALL': 'C.UTF-8', 'NVIDIA_DRIVER_CAPABILITIES': 'compute,utility,graphics', '_': '/opt/ros/melodic/bin/roslaunch', 'NVIDIA_REQUIRE_CUDA': 'cuda>=10.0 brand=tesla,driver>=384,driver<385', 'OLDPWD': '/root', 'HOSTNAME': '3ff6fdf48960', 'PWD': '/root/project', 'ROS_ETC_DIR': '/opt/ros/melodic/etc/ros', 'ROS_VERSION': '1'}
[roslaunch][INFO] 2020-06-16 20:53:47,545: starting in server mode
[roslaunch.parent][INFO] 2020-06-16 20:53:47,545: starting roslaunch parent run
[roslaunch][INFO] 2020-06-16 20:53:47,546: loading roscore config file /opt/ros/melodic/etc/ros/roscore.xml
[roslaunch][INFO] 2020-06-16 20:53:47,683: Added core node of type [rosout/rosout] in namespace [/]
[roslaunch.config][INFO] 2020-06-16 20:53:47,683: loading config file /root/project/src/mpnet_local_planner/launch/simulate_mpnet.launch
[roslaunch][INFO] 2020-06-16 20:53:47,717: Added node of type [map_server/map_server] in namespace [/]
[roslaunch][INFO] 2020-06-16 20:53:47,769: Added node of type [robot_state_publisher/state_publisher] in namespace [/]
[roslaunch][INFO] 2020-06-16 20:53:47,776: Added node of type [racecar_simulator/simulate] in namespace [/]
[roslaunch][INFO] 2020-06-16 20:53:47,777: Added node of type [tf2_ros/static_transform_publisher] in namespace [/static_tf/]
[roslaunch][INFO] 2020-06-16 20:53:47,788: Added node of type [move_base/move_base] in namespace [/]
[roslaunch][INFO] 2020-06-16 20:53:47,789: Added node of type [rviz/rviz] in namespace [/]
[roslaunch][INFO] 2020-06-16 20:53:47,789: ... selected machine [] for node of type [map_server/map_server]
[roslaunch][INFO] 2020-06-16 20:53:47,789: ... selected machine [] for node of type [robot_state_publisher/state_publisher]
[roslaunch][INFO] 2020-06-16 20:53:47,789: ... selected machine [] for node of type [racecar_simulator/simulate]
[roslaunch][INFO] 2020-06-16 20:53:47,789: ... selected machine [] for node of type [tf2_ros/static_transform_publisher]
[roslaunch][INFO] 2020-06-16 20:53:47,789: ... selected machine [] for node of type [move_base/move_base]
[roslaunch][INFO] 2020-06-16 20:53:47,790: ... selected machine [] for node of type [rviz/rviz]
[roslaunch.pmon][INFO] 2020-06-16 20:53:47,790: start_process_monitor: creating ProcessMonitor
[roslaunch.pmon][INFO] 2020-06-16 20:53:47,790: created process monitor <ProcessMonitor(ProcessMonitor-1, initial daemon)>
[roslaunch.pmon][INFO] 2020-06-16 20:53:47,790: start_process_monitor: ProcessMonitor started
[roslaunch.parent][INFO] 2020-06-16 20:53:47,791: starting parent XML-RPC server
[roslaunch.server][INFO] 2020-06-16 20:53:47,791: starting roslaunch XML-RPC server
[roslaunch.server][INFO] 2020-06-16 20:53:47,791: waiting for roslaunch XML-RPC server to initialize
[xmlrpc][INFO] 2020-06-16 20:53:47,791: XML-RPC server binding to 0.0.0.0:0
[xmlrpc][INFO] 2020-06-16 20:53:47,791: Started XML-RPC server [http://3ff6fdf48960:40345/]
[xmlrpc][INFO] 2020-06-16 20:53:47,791: xml rpc node: starting XML-RPC server
[roslaunch][INFO] 2020-06-16 20:53:47,803: started roslaunch server http://3ff6fdf48960:40345/
[roslaunch.parent][INFO] 2020-06-16 20:53:47,803: ... parent XML-RPC server started
[roslaunch][INFO] 2020-06-16 20:53:47,804: master.is_running[http://localhost:11311]
[roslaunch][INFO] 2020-06-16 20:53:47,804: auto-starting new master
[roslaunch][INFO] 2020-06-16 20:53:47,805: create_master_process: rosmaster, /opt/ros/melodic/share/ros, 11311, 3, None, False
[roslaunch][INFO] 2020-06-16 20:53:47,805: process[master]: launching with args [['rosmaster', '--core', '-p', '11311', '-w', '3']]
[roslaunch.pmon][INFO] 2020-06-16 20:53:47,805: ProcessMonitor.register[master]
[roslaunch.pmon][INFO] 2020-06-16 20:53:47,805: ProcessMonitor.register[master] complete
[roslaunch][INFO] 2020-06-16 20:53:47,805: process[master]: starting os process
[roslaunch][INFO] 2020-06-16 20:53:47,805: process[master]: start w/ args [['rosmaster', '--core', '-p', '11311', '-w', '3', '__log:=/root/.ros/log/795a6828-b013-11ea-8413-0242ac110003/master.log']]
[roslaunch][INFO] 2020-06-16 20:53:47,805: process[master]: cwd will be [/root/.ros]
[roslaunch][INFO] 2020-06-16 20:53:48,250: process[master]: started with pid [249]
[roslaunch][INFO] 2020-06-16 20:53:48,250: master.is_running[http://localhost:11311]
[roslaunch][INFO] 2020-06-16 20:53:48,351: master.is_running[http://localhost:11311]
[roslaunch][INFO] 2020-06-16 20:53:48,452: master.is_running[http://localhost:11311]
[roslaunch][INFO] 2020-06-16 20:53:48,455: master.is_running[http://localhost:11311]
[roslaunch][INFO] 2020-06-16 20:53:48,457: ROS_MASTER_URI=http://localhost:11311
[roslaunch][INFO] 2020-06-16 20:53:48,460: setting /run_id to 795a6828-b013-11ea-8413-0242ac110003
[roslaunch][INFO] 2020-06-16 20:53:48,462: setting /roslaunch/uris/host_3ff6fdf48960__40345' to http://3ff6fdf48960:40345/
[roslaunch][INFO] 2020-06-16 20:53:48,464: ... preparing to launch node of type [rosout/rosout]
[roslaunch][INFO] 2020-06-16 20:53:48,464: create_node_process: package[rosout] type[rosout] machine[Machine(name[] env_loader[None] address[localhost] ssh_port[22] user[None] assignable[True] timeout[10.0])] master_uri[http://localhost:11311]
[roslaunch][INFO] 2020-06-16 20:53:48,464: process[rosout-1]: env[{'ROS_DISTRO': 'melodic', 'ROSLISP_PACKAGE_DIRECTORIES': '/root/project/devel/share/common-lisp', 'CUDA_VERSION': '10.1.243', 'HOME': '/root', 'PATH': '/opt/ros/melodic/bin:/usr/local/nvidia/bin:/usr/local/cuda/bin:/usr/local/nvidia/bin:/usr/local/cuda/bin:/usr/local/sbin:/usr/local/bin:/usr/sbin:/usr/bin:/sbin:/bin', 'CMAKE_PREFIX_PATH': '/root/project/devel:/opt/ros/melodic', 'ROS_LOG_FILENAME': '/root/.ros/log/795a6828-b013-11ea-8413-0242ac110003/roslaunch-3ff6fdf48960-236.log', 'LANG': 'C.UTF-8', 'TERM': 'xterm', 'LIBRARY_PATH': '/usr/local/cuda/lib64/stubs', 'CUDA_PKG_VERSION': '10-1=10.1.243-1', 'SHLVL': '1', 'NCCL_VERSION': '2.4.8', 'LD_LIBRARY_PATH': '/root/project/devel/lib:/opt/ros/melodic/lib:/usr/local/cuda/extras/CUPTI/lib64:/usr/local/nvidia/lib:/usr/local/nvidia/lib64:/usr/lib/x86_64-linux-gnu:/usr/lib/i386-linux-gnu:/usr/local/nvidia/lib:/usr/local/nvidia/lib64', 'NVIDIA_VISIBLE_DEVICES': 'all', 'ROS_ETC_DIR': '/opt/ros/melodic/etc/ros', 'CUDNN_VERSION': '7.6.5.32', 'ROS_PYTHON_VERSION': '2', 'LC_ALL': 'C.UTF-8', 'PYTHONPATH': '/opt/ros/melodic/lib/python2.7/dist-packages', 'ROS_ROOT': '/opt/ros/melodic/share/ros', 'PKG_CONFIG_PATH': '/root/project/devel/lib/pkgconfig:/opt/ros/melodic/lib/pkgconfig', 'ROS_PACKAGE_PATH': '/root/project/src:/opt/ros/melodic/share', 'NVIDIA_DRIVER_CAPABILITIES': 'compute,utility,graphics', '_': '/opt/ros/melodic/bin/roslaunch', 'DISPLAY': ':0', 'NVIDIA_REQUIRE_CUDA': 'cuda>=10.0 brand=tesla,driver>=384,driver<385', 'OLDPWD': '/root', 'HOSTNAME': '3ff6fdf48960', 'PWD': '/root/project', 'ROS_MASTER_URI': 'http://localhost:11311', 'ROS_VERSION': '1'}]
[roslaunch][INFO] 2020-06-16 20:53:48,499: process[rosout-1]: args[[u'/opt/ros/melodic/lib/rosout/rosout', u'__name:=rosout']]
[roslaunch][INFO] 2020-06-16 20:53:48,499: ... created process [rosout-1]
[roslaunch.pmon][INFO] 2020-06-16 20:53:48,499: ProcessMonitor.register[rosout-1]
[roslaunch.pmon][INFO] 2020-06-16 20:53:48,499: ProcessMonitor.register[rosout-1] complete
[roslaunch][INFO] 2020-06-16 20:53:48,499: ... registered process [rosout-1]
[roslaunch][INFO] 2020-06-16 20:53:48,499: process[rosout-1]: starting os process
[roslaunch][INFO] 2020-06-16 20:53:48,500: process[rosout-1]: start w/ args [[u'/opt/ros/melodic/lib/rosout/rosout', u'__name:=rosout', u'__log:=/root/.ros/log/795a6828-b013-11ea-8413-0242ac110003/rosout-1.log']]
[roslaunch][INFO] 2020-06-16 20:53:48,500: process[rosout-1]: cwd will be [/root/.ros]
[roslaunch][INFO] 2020-06-16 20:53:48,949: process[rosout-1]: started with pid [260]
[roslaunch][INFO] 2020-06-16 20:53:48,949: ... successfully launched [rosout-1]
[roslaunch][INFO] 2020-06-16 20:53:48,949: load_parameters starting ...
[roslaunch][INFO] 2020-06-16 20:53:48,973: ... load_parameters complete
[roslaunch][INFO] 2020-06-16 20:53:48,973: launch_nodes: launching local nodes ...
[roslaunch][INFO] 2020-06-16 20:53:48,974: ... preparing to launch node of type [map_server/map_server]
[roslaunch][INFO] 2020-06-16 20:53:48,974: create_node_process: package[map_server] type[map_server] machine[Machine(name[] env_loader[None] address[localhost] ssh_port[22] user[None] assignable[True] timeout[10.0])] master_uri[http://localhost:11311]
[roslaunch][INFO] 2020-06-16 20:53:48,974: process[map_server-2]: env[{'ROS_DISTRO': 'melodic', 'ROSLISP_PACKAGE_DIRECTORIES': '/root/project/devel/share/common-lisp', 'CUDA_VERSION': '10.1.243', 'HOME': '/root', 'PATH': '/opt/ros/melodic/bin:/usr/local/nvidia/bin:/usr/local/cuda/bin:/usr/local/nvidia/bin:/usr/local/cuda/bin:/usr/local/sbin:/usr/local/bin:/usr/sbin:/usr/bin:/sbin:/bin', 'CMAKE_PREFIX_PATH': '/root/project/devel:/opt/ros/melodic', 'ROS_LOG_FILENAME': '/root/.ros/log/795a6828-b013-11ea-8413-0242ac110003/roslaunch-3ff6fdf48960-236.log', 'LANG': 'C.UTF-8', 'TERM': 'xterm', 'LIBRARY_PATH': '/usr/local/cuda/lib64/stubs', 'CUDA_PKG_VERSION': '10-1=10.1.243-1', 'SHLVL': '1', 'NCCL_VERSION': '2.4.8', 'LD_LIBRARY_PATH': '/root/project/devel/lib:/opt/ros/melodic/lib:/usr/local/cuda/extras/CUPTI/lib64:/usr/local/nvidia/lib:/usr/local/nvidia/lib64:/usr/lib/x86_64-linux-gnu:/usr/lib/i386-linux-gnu:/usr/local/nvidia/lib:/usr/local/nvidia/lib64', 'NVIDIA_VISIBLE_DEVICES': 'all', 'ROS_ETC_DIR': '/opt/ros/melodic/etc/ros', 'CUDNN_VERSION': '7.6.5.32', 'ROS_PYTHON_VERSION': '2', 'LC_ALL': 'C.UTF-8', 'PYTHONPATH': '/opt/ros/melodic/lib/python2.7/dist-packages', 'ROS_ROOT': '/opt/ros/melodic/share/ros', 'PKG_CONFIG_PATH': '/root/project/devel/lib/pkgconfig:/opt/ros/melodic/lib/pkgconfig', 'ROS_PACKAGE_PATH': '/root/project/src:/opt/ros/melodic/share', 'NVIDIA_DRIVER_CAPABILITIES': 'compute,utility,graphics', '_': '/opt/ros/melodic/bin/roslaunch', 'DISPLAY': ':0', 'NVIDIA_REQUIRE_CUDA': 'cuda>=10.0 brand=tesla,driver>=384,driver<385', 'OLDPWD': '/root', 'HOSTNAME': '3ff6fdf48960', 'PWD': '/root/project', 'ROS_MASTER_URI': 'http://localhost:11311', 'ROS_VERSION': '1'}]
[roslaunch][INFO] 2020-06-16 20:53:48,975: process[map_server-2]: args[[u'/opt/ros/melodic/lib/map_server/map_server', '/root/project/src/racecar_simulator/maps/mymap.yaml', u'__name:=map_server']]
[roslaunch][INFO] 2020-06-16 20:53:48,975: ... created process [map_server-2]
[roslaunch.pmon][INFO] 2020-06-16 20:53:48,975: ProcessMonitor.register[map_server-2]
[roslaunch.pmon][INFO] 2020-06-16 20:53:48,975: ProcessMonitor.register[map_server-2] complete
[roslaunch][INFO] 2020-06-16 20:53:48,975: ... registered process [map_server-2]
[roslaunch][INFO] 2020-06-16 20:53:48,975: process[map_server-2]: starting os process
[roslaunch][INFO] 2020-06-16 20:53:48,975: process[map_server-2]: start w/ args [[u'/opt/ros/melodic/lib/map_server/map_server', '/root/project/src/racecar_simulator/maps/mymap.yaml', u'__name:=map_server', u'__log:=/root/.ros/log/795a6828-b013-11ea-8413-0242ac110003/map_server-2.log']]
[roslaunch][INFO] 2020-06-16 20:53:48,975: process[map_server-2]: cwd will be [/root/.ros]
[roslaunch][INFO] 2020-06-16 20:53:49,412: process[map_server-2]: started with pid [267]
[roslaunch][INFO] 2020-06-16 20:53:49,413: ... successfully launched [map_server-2]
[roslaunch][INFO] 2020-06-16 20:53:49,413: ... preparing to launch node of type [robot_state_publisher/state_publisher]
[roslaunch][INFO] 2020-06-16 20:53:49,413: create_node_process: package[robot_state_publisher] type[state_publisher] machine[Machine(name[] env_loader[None] address[localhost] ssh_port[22] user[None] assignable[True] timeout[10.0])] master_uri[http://localhost:11311]
[roslaunch][INFO] 2020-06-16 20:53:49,413: process[robot_state_publisher-3]: env[{'ROS_DISTRO': 'melodic', 'ROSLISP_PACKAGE_DIRECTORIES': '/root/project/devel/share/common-lisp', 'CUDA_VERSION': '10.1.243', 'HOME': '/root', 'PATH': '/opt/ros/melodic/bin:/usr/local/nvidia/bin:/usr/local/cuda/bin:/usr/local/nvidia/bin:/usr/local/cuda/bin:/usr/local/sbin:/usr/local/bin:/usr/sbin:/usr/bin:/sbin:/bin', 'CMAKE_PREFIX_PATH': '/root/project/devel:/opt/ros/melodic', 'ROS_LOG_FILENAME': '/root/.ros/log/795a6828-b013-11ea-8413-0242ac110003/roslaunch-3ff6fdf48960-236.log', 'LANG': 'C.UTF-8', 'TERM': 'xterm', 'LIBRARY_PATH': '/usr/local/cuda/lib64/stubs', 'CUDA_PKG_VERSION': '10-1=10.1.243-1', 'SHLVL': '1', 'NCCL_VERSION': '2.4.8', 'LD_LIBRARY_PATH': '/root/project/devel/lib:/opt/ros/melodic/lib:/usr/local/cuda/extras/CUPTI/lib64:/usr/local/nvidia/lib:/usr/local/nvidia/lib64:/usr/lib/x86_64-linux-gnu:/usr/lib/i386-linux-gnu:/usr/local/nvidia/lib:/usr/local/nvidia/lib64', 'NVIDIA_VISIBLE_DEVICES': 'all', 'ROS_ETC_DIR': '/opt/ros/melodic/etc/ros', 'CUDNN_VERSION': '7.6.5.32', 'ROS_PYTHON_VERSION': '2', 'LC_ALL': 'C.UTF-8', 'PYTHONPATH': '/opt/ros/melodic/lib/python2.7/dist-packages', 'ROS_ROOT': '/opt/ros/melodic/share/ros', 'PKG_CONFIG_PATH': '/root/project/devel/lib/pkgconfig:/opt/ros/melodic/lib/pkgconfig', 'ROS_PACKAGE_PATH': '/root/project/src:/opt/ros/melodic/share', 'NVIDIA_DRIVER_CAPABILITIES': 'compute,utility,graphics', '_': '/opt/ros/melodic/bin/roslaunch', 'DISPLAY': ':0', 'NVIDIA_REQUIRE_CUDA': 'cuda>=10.0 brand=tesla,driver>=384,driver<385', 'OLDPWD': '/root', 'HOSTNAME': '3ff6fdf48960', 'PWD': '/root/project', 'ROS_MASTER_URI': 'http://localhost:11311', 'ROS_VERSION': '1'}]
[roslaunch][INFO] 2020-06-16 20:53:49,414: process[robot_state_publisher-3]: args[[u'/opt/ros/melodic/lib/robot_state_publisher/state_publisher', u'__name:=robot_state_publisher']]
[roslaunch][INFO] 2020-06-16 20:53:49,414: ... created process [robot_state_publisher-3]
[roslaunch.pmon][INFO] 2020-06-16 20:53:49,414: ProcessMonitor.register[robot_state_publisher-3]
[roslaunch.pmon][INFO] 2020-06-16 20:53:49,414: ProcessMonitor.register[robot_state_publisher-3] complete
[roslaunch][INFO] 2020-06-16 20:53:49,414: ... registered process [robot_state_publisher-3]
[roslaunch][INFO] 2020-06-16 20:53:49,415: process[robot_state_publisher-3]: starting os process
[roslaunch][INFO] 2020-06-16 20:53:49,415: process[robot_state_publisher-3]: start w/ args [[u'/opt/ros/melodic/lib/robot_state_publisher/state_publisher', u'__name:=robot_state_publisher', u'__log:=/root/.ros/log/795a6828-b013-11ea-8413-0242ac110003/robot_state_publisher-3.log']]
[roslaunch][INFO] 2020-06-16 20:53:49,415: process[robot_state_publisher-3]: cwd will be [/root/.ros]
[roslaunch][INFO] 2020-06-16 20:53:49,864: process[robot_state_publisher-3]: started with pid [268]
[roslaunch][INFO] 2020-06-16 20:53:49,864: ... successfully launched [robot_state_publisher-3]
[roslaunch][INFO] 2020-06-16 20:53:49,865: ... preparing to launch node of type [racecar_simulator/simulate]
[roslaunch][INFO] 2020-06-16 20:53:49,865: create_node_process: package[racecar_simulator] type[simulate] machine[Machine(name[] env_loader[None] address[localhost] ssh_port[22] user[None] assignable[True] timeout[10.0])] master_uri[http://localhost:11311]
[roslaunch][INFO] 2020-06-16 20:53:49,865: process[racecar_simulator-4]: env[{'ROS_DISTRO': 'melodic', 'ROSLISP_PACKAGE_DIRECTORIES': '/root/project/devel/share/common-lisp', 'CUDA_VERSION': '10.1.243', 'HOME': '/root', 'PATH': '/opt/ros/melodic/bin:/usr/local/nvidia/bin:/usr/local/cuda/bin:/usr/local/nvidia/bin:/usr/local/cuda/bin:/usr/local/sbin:/usr/local/bin:/usr/sbin:/usr/bin:/sbin:/bin', 'CMAKE_PREFIX_PATH': '/root/project/devel:/opt/ros/melodic', 'ROS_LOG_FILENAME': '/root/.ros/log/795a6828-b013-11ea-8413-0242ac110003/roslaunch-3ff6fdf48960-236.log', 'LANG': 'C.UTF-8', 'TERM': 'xterm', 'LIBRARY_PATH': '/usr/local/cuda/lib64/stubs', 'CUDA_PKG_VERSION': '10-1=10.1.243-1', 'SHLVL': '1', 'NCCL_VERSION': '2.4.8', 'LD_LIBRARY_PATH': '/root/project/devel/lib:/opt/ros/melodic/lib:/usr/local/cuda/extras/CUPTI/lib64:/usr/local/nvidia/lib:/usr/local/nvidia/lib64:/usr/lib/x86_64-linux-gnu:/usr/lib/i386-linux-gnu:/usr/local/nvidia/lib:/usr/local/nvidia/lib64', 'NVIDIA_VISIBLE_DEVICES': 'all', 'ROS_ETC_DIR': '/opt/ros/melodic/etc/ros', 'CUDNN_VERSION': '7.6.5.32', 'ROS_PYTHON_VERSION': '2', 'LC_ALL': 'C.UTF-8', 'PYTHONPATH': '/opt/ros/melodic/lib/python2.7/dist-packages', 'ROS_ROOT': '/opt/ros/melodic/share/ros', 'PKG_CONFIG_PATH': '/root/project/devel/lib/pkgconfig:/opt/ros/melodic/lib/pkgconfig', 'ROS_PACKAGE_PATH': '/root/project/src:/opt/ros/melodic/share', 'NVIDIA_DRIVER_CAPABILITIES': 'compute,utility,graphics', '_': '/opt/ros/melodic/bin/roslaunch', 'DISPLAY': ':0', 'NVIDIA_REQUIRE_CUDA': 'cuda>=10.0 brand=tesla,driver>=384,driver<385', 'OLDPWD': '/root', 'HOSTNAME': '3ff6fdf48960', 'PWD': '/root/project', 'ROS_MASTER_URI': 'http://localhost:11311', 'ROS_VERSION': '1'}]
[roslaunch][INFO] 2020-06-16 20:53:49,867: process[racecar_simulator-4]: args[[u'/root/project/devel/lib/racecar_simulator/simulate', u'__name:=racecar_simulator']]
[roslaunch][INFO] 2020-06-16 20:53:49,867: ... created process [racecar_simulator-4]
[roslaunch.pmon][INFO] 2020-06-16 20:53:49,867: ProcessMonitor.register[racecar_simulator-4]
[roslaunch.pmon][INFO] 2020-06-16 20:53:49,867: ProcessMonitor.register[racecar_simulator-4] complete
[roslaunch][INFO] 2020-06-16 20:53:49,867: ... registered process [racecar_simulator-4]
[roslaunch][INFO] 2020-06-16 20:53:49,867: process[racecar_simulator-4]: starting os process
[roslaunch][INFO] 2020-06-16 20:53:49,867: process[racecar_simulator-4]: start w/ args [[u'/root/project/devel/lib/racecar_simulator/simulate', u'__name:=racecar_simulator', u'__log:=/root/.ros/log/795a6828-b013-11ea-8413-0242ac110003/racecar_simulator-4.log']]
[roslaunch][INFO] 2020-06-16 20:53:49,867: process[racecar_simulator-4]: cwd will be [/root/.ros]
[roslaunch][INFO] 2020-06-16 20:53:50,319: process[racecar_simulator-4]: started with pid [274]
[roslaunch][INFO] 2020-06-16 20:53:50,319: ... successfully launched [racecar_simulator-4]
[roslaunch][INFO] 2020-06-16 20:53:50,320: ... preparing to launch node of type [tf2_ros/static_transform_publisher]
[roslaunch][INFO] 2020-06-16 20:53:50,320: create_node_process: package[tf2_ros] type[static_transform_publisher] machine[Machine(name[] env_loader[None] address[localhost] ssh_port[22] user[None] assignable[True] timeout[10.0])] master_uri[http://localhost:11311]
[roslaunch][INFO] 2020-06-16 20:53:50,320: process[static_tf/base_to_laser_tf2-5]: env[{'ROS_DISTRO': 'melodic', 'ROSLISP_PACKAGE_DIRECTORIES': '/root/project/devel/share/common-lisp', 'CUDA_VERSION': '10.1.243', 'HOME': '/root', 'PATH': '/opt/ros/melodic/bin:/usr/local/nvidia/bin:/usr/local/cuda/bin:/usr/local/nvidia/bin:/usr/local/cuda/bin:/usr/local/sbin:/usr/local/bin:/usr/sbin:/usr/bin:/sbin:/bin', 'CMAKE_PREFIX_PATH': '/root/project/devel:/opt/ros/melodic', 'ROS_LOG_FILENAME': '/root/.ros/log/795a6828-b013-11ea-8413-0242ac110003/roslaunch-3ff6fdf48960-236.log', 'LANG': 'C.UTF-8', 'TERM': 'xterm', 'LIBRARY_PATH': '/usr/local/cuda/lib64/stubs', 'CUDA_PKG_VERSION': '10-1=10.1.243-1', 'SHLVL': '1', 'NCCL_VERSION': '2.4.8', 'LD_LIBRARY_PATH': '/root/project/devel/lib:/opt/ros/melodic/lib:/usr/local/cuda/extras/CUPTI/lib64:/usr/local/nvidia/lib:/usr/local/nvidia/lib64:/usr/lib/x86_64-linux-gnu:/usr/lib/i386-linux-gnu:/usr/local/nvidia/lib:/usr/local/nvidia/lib64', 'NVIDIA_VISIBLE_DEVICES': 'all', 'ROS_ETC_DIR': '/opt/ros/melodic/etc/ros', 'CUDNN_VERSION': '7.6.5.32', 'ROS_PYTHON_VERSION': '2', 'LC_ALL': 'C.UTF-8', 'PYTHONPATH': '/opt/ros/melodic/lib/python2.7/dist-packages', 'ROS_NAMESPACE': '/static_tf', 'ROS_ROOT': '/opt/ros/melodic/share/ros', 'PKG_CONFIG_PATH': '/root/project/devel/lib/pkgconfig:/opt/ros/melodic/lib/pkgconfig', 'ROS_PACKAGE_PATH': '/root/project/src:/opt/ros/melodic/share', 'NVIDIA_DRIVER_CAPABILITIES': 'compute,utility,graphics', '_': '/opt/ros/melodic/bin/roslaunch', 'DISPLAY': ':0', 'NVIDIA_REQUIRE_CUDA': 'cuda>=10.0 brand=tesla,driver>=384,driver<385', 'OLDPWD': '/root', 'HOSTNAME': '3ff6fdf48960', 'PWD': '/root/project', 'ROS_MASTER_URI': 'http://localhost:11311', 'ROS_VERSION': '1'}]
[roslaunch][INFO] 2020-06-16 20:53:50,321: process[static_tf/base_to_laser_tf2-5]: args[[u'/opt/ros/melodic/lib/tf2_ros/static_transform_publisher', '0.1', '0.0', '0.30', '0.0', '0.0', '0.0', 'base_link', 'laser', u'__name:=base_to_laser_tf2']]
[roslaunch][INFO] 2020-06-16 20:53:50,321: ... created process [static_tf/base_to_laser_tf2-5]
[roslaunch.pmon][INFO] 2020-06-16 20:53:50,321: ProcessMonitor.register[static_tf/base_to_laser_tf2-5]
[roslaunch.pmon][INFO] 2020-06-16 20:53:50,321: ProcessMonitor.register[static_tf/base_to_laser_tf2-5] complete
[roslaunch][INFO] 2020-06-16 20:53:50,321: ... registered process [static_tf/base_to_laser_tf2-5]
[roslaunch][INFO] 2020-06-16 20:53:50,321: process[static_tf/base_to_laser_tf2-5]: starting os process
[roslaunch][INFO] 2020-06-16 20:53:50,321: process[static_tf/base_to_laser_tf2-5]: start w/ args [[u'/opt/ros/melodic/lib/tf2_ros/static_transform_publisher', '0.1', '0.0', '0.30', '0.0', '0.0', '0.0', 'base_link', 'laser', u'__name:=base_to_laser_tf2', u'__log:=/root/.ros/log/795a6828-b013-11ea-8413-0242ac110003/static_tf-base_to_laser_tf2-5.log']]
[roslaunch][INFO] 2020-06-16 20:53:50,322: process[static_tf/base_to_laser_tf2-5]: cwd will be [/root/.ros]
[roslaunch][INFO] 2020-06-16 20:53:50,777: process[static_tf/base_to_laser_tf2-5]: started with pid [281]
[roslaunch][INFO] 2020-06-16 20:53:50,778: ... successfully launched [static_tf/base_to_laser_tf2-5]
[roslaunch][INFO] 2020-06-16 20:53:50,778: ... preparing to launch node of type [move_base/move_base]
[roslaunch][INFO] 2020-06-16 20:53:50,778: create_node_process: package[move_base] type[move_base] machine[Machine(name[] env_loader[None] address[localhost] ssh_port[22] user[None] assignable[True] timeout[10.0])] master_uri[http://localhost:11311]
[roslaunch][INFO] 2020-06-16 20:53:50,778: process[move_base-6]: env[{'ROS_DISTRO': 'melodic', 'ROSLISP_PACKAGE_DIRECTORIES': '/root/project/devel/share/common-lisp', 'CUDA_VERSION': '10.1.243', 'HOME': '/root', 'PATH': '/opt/ros/melodic/bin:/usr/local/nvidia/bin:/usr/local/cuda/bin:/usr/local/nvidia/bin:/usr/local/cuda/bin:/usr/local/sbin:/usr/local/bin:/usr/sbin:/usr/bin:/sbin:/bin', 'CMAKE_PREFIX_PATH': '/root/project/devel:/opt/ros/melodic', 'ROS_LOG_FILENAME': '/root/.ros/log/795a6828-b013-11ea-8413-0242ac110003/roslaunch-3ff6fdf48960-236.log', 'LANG': 'C.UTF-8', 'TERM': 'xterm', 'LIBRARY_PATH': '/usr/local/cuda/lib64/stubs', 'CUDA_PKG_VERSION': '10-1=10.1.243-1', 'SHLVL': '1', 'NCCL_VERSION': '2.4.8', 'LD_LIBRARY_PATH': '/root/project/devel/lib:/opt/ros/melodic/lib:/usr/local/cuda/extras/CUPTI/lib64:/usr/local/nvidia/lib:/usr/local/nvidia/lib64:/usr/lib/x86_64-linux-gnu:/usr/lib/i386-linux-gnu:/usr/local/nvidia/lib:/usr/local/nvidia/lib64', 'NVIDIA_VISIBLE_DEVICES': 'all', 'ROS_ETC_DIR': '/opt/ros/melodic/etc/ros', 'CUDNN_VERSION': '7.6.5.32', 'ROS_PYTHON_VERSION': '2', 'LC_ALL': 'C.UTF-8', 'PYTHONPATH': '/opt/ros/melodic/lib/python2.7/dist-packages', 'ROS_ROOT': '/opt/ros/melodic/share/ros', 'PKG_CONFIG_PATH': '/root/project/devel/lib/pkgconfig:/opt/ros/melodic/lib/pkgconfig', 'ROS_PACKAGE_PATH': '/root/project/src:/opt/ros/melodic/share', 'NVIDIA_DRIVER_CAPABILITIES': 'compute,utility,graphics', '_': '/opt/ros/melodic/bin/roslaunch', 'DISPLAY': ':0', 'NVIDIA_REQUIRE_CUDA': 'cuda>=10.0 brand=tesla,driver>=384,driver<385', 'OLDPWD': '/root', 'HOSTNAME': '3ff6fdf48960', 'PWD': '/root/project', 'ROS_MASTER_URI': 'http://localhost:11311', 'ROS_VERSION': '1'}]
[roslaunch][INFO] 2020-06-16 20:53:50,779: process[move_base-6]: args[[u'/opt/ros/melodic/lib/move_base/move_base', u'__name:=move_base']]
[roslaunch][INFO] 2020-06-16 20:53:50,779: ... created process [move_base-6]
[roslaunch.pmon][INFO] 2020-06-16 20:53:50,779: ProcessMonitor.register[move_base-6]
[roslaunch.pmon][INFO] 2020-06-16 20:53:50,779: ProcessMonitor.register[move_base-6] complete
[roslaunch][INFO] 2020-06-16 20:53:50,779: ... registered process [move_base-6]
[roslaunch][INFO] 2020-06-16 20:53:50,779: process[move_base-6]: starting os process
[roslaunch][INFO] 2020-06-16 20:53:50,779: process[move_base-6]: start w/ args [[u'/opt/ros/melodic/lib/move_base/move_base', u'__name:=move_base', u'__log:=/root/.ros/log/795a6828-b013-11ea-8413-0242ac110003/move_base-6.log']]
[roslaunch][INFO] 2020-06-16 20:53:50,779: process[move_base-6]: cwd will be [/root/.ros]
[roslaunch][INFO] 2020-06-16 20:53:51,228: process[move_base-6]: started with pid [288]
[roslaunch][INFO] 2020-06-16 20:53:51,228: ... successfully launched [move_base-6]
[roslaunch][INFO] 2020-06-16 20:53:51,229: ... preparing to launch node of type [rviz/rviz]
[roslaunch][INFO] 2020-06-16 20:53:51,229: create_node_process: package[rviz] type[rviz] machine[Machine(name[] env_loader[None] address[localhost] ssh_port[22] user[None] assignable[True] timeout[10.0])] master_uri[http://localhost:11311]
[roslaunch][INFO] 2020-06-16 20:53:51,229: process[rviz-7]: env[{'ROS_DISTRO': 'melodic', 'ROSLISP_PACKAGE_DIRECTORIES': '/root/project/devel/share/common-lisp', 'CUDA_VERSION': '10.1.243', 'HOME': '/root', 'PATH': '/opt/ros/melodic/bin:/usr/local/nvidia/bin:/usr/local/cuda/bin:/usr/local/nvidia/bin:/usr/local/cuda/bin:/usr/local/sbin:/usr/local/bin:/usr/sbin:/usr/bin:/sbin:/bin', 'CMAKE_PREFIX_PATH': '/root/project/devel:/opt/ros/melodic', 'ROS_LOG_FILENAME': '/root/.ros/log/795a6828-b013-11ea-8413-0242ac110003/roslaunch-3ff6fdf48960-236.log', 'LANG': 'C.UTF-8', 'TERM': 'xterm', 'LIBRARY_PATH': '/usr/local/cuda/lib64/stubs', 'CUDA_PKG_VERSION': '10-1=10.1.243-1', 'SHLVL': '1', 'NCCL_VERSION': '2.4.8', 'LD_LIBRARY_PATH': '/root/project/devel/lib:/opt/ros/melodic/lib:/usr/local/cuda/extras/CUPTI/lib64:/usr/local/nvidia/lib:/usr/local/nvidia/lib64:/usr/lib/x86_64-linux-gnu:/usr/lib/i386-linux-gnu:/usr/local/nvidia/lib:/usr/local/nvidia/lib64', 'NVIDIA_VISIBLE_DEVICES': 'all', 'ROS_ETC_DIR': '/opt/ros/melodic/etc/ros', 'CUDNN_VERSION': '7.6.5.32', 'ROS_PYTHON_VERSION': '2', 'LC_ALL': 'C.UTF-8', 'PYTHONPATH': '/opt/ros/melodic/lib/python2.7/dist-packages', 'ROS_ROOT': '/opt/ros/melodic/share/ros', 'PKG_CONFIG_PATH': '/root/project/devel/lib/pkgconfig:/opt/ros/melodic/lib/pkgconfig', 'ROS_PACKAGE_PATH': '/root/project/src:/opt/ros/melodic/share', 'NVIDIA_DRIVER_CAPABILITIES': 'compute,utility,graphics', '_': '/opt/ros/melodic/bin/roslaunch', 'DISPLAY': ':0', 'NVIDIA_REQUIRE_CUDA': 'cuda>=10.0 brand=tesla,driver>=384,driver<385', 'OLDPWD': '/root', 'HOSTNAME': '3ff6fdf48960', 'PWD': '/root/project', 'ROS_MASTER_URI': 'http://localhost:11311', 'ROS_VERSION': '1'}]
[roslaunch][INFO] 2020-06-16 20:53:51,233: process[rviz-7]: args[[u'/opt/ros/melodic/lib/rviz/rviz', '-d', '/root/project/src/mpnet_local_planner/launch/mpnet_launch.rviz', u'__name:=rviz']]
[roslaunch][INFO] 2020-06-16 20:53:51,233: ... created process [rviz-7]
[roslaunch.pmon][INFO] 2020-06-16 20:53:51,233: ProcessMonitor.register[rviz-7]
[roslaunch.pmon][INFO] 2020-06-16 20:53:51,234: ProcessMonitor.register[rviz-7] complete
[roslaunch][INFO] 2020-06-16 20:53:51,234: ... registered process [rviz-7]
[roslaunch][INFO] 2020-06-16 20:53:51,234: process[rviz-7]: starting os process
[roslaunch][INFO] 2020-06-16 20:53:51,234: process[rviz-7]: start w/ args [[u'/opt/ros/melodic/lib/rviz/rviz', '-d', '/root/project/src/mpnet_local_planner/launch/mpnet_launch.rviz', u'__name:=rviz', u'__log:=/root/.ros/log/795a6828-b013-11ea-8413-0242ac110003/rviz-7.log']]
[roslaunch][INFO] 2020-06-16 20:53:51,234: process[rviz-7]: cwd will be [/root/.ros]
[roslaunch][INFO] 2020-06-16 20:53:51,725: process[rviz-7]: started with pid [294]
[roslaunch][INFO] 2020-06-16 20:53:51,726: ... successfully launched [rviz-7]
[roslaunch][INFO] 2020-06-16 20:53:51,726: ... launch_nodes complete
[roslaunch.pmon][INFO] 2020-06-16 20:53:51,726: registrations completed <ProcessMonitor(ProcessMonitor-1, started daemon 139630536398592)>
[roslaunch.parent][INFO] 2020-06-16 20:53:51,726: ... roslaunch parent running, waiting for process exit
[roslaunch][INFO] 2020-06-16 20:53:51,726: spin
[roslaunch][ERROR] 2020-06-16 20:53:58,619: [move_base-6] process has died [pid 288, exit code -6, cmd /opt/ros/melodic/lib/move_base/move_base __name:=move_base __log:=/root/.ros/log/795a6828-b013-11ea-8413-0242ac110003/move_base-6.log].
log file: /root/.ros/log/795a6828-b013-11ea-8413-0242ac110003/move_base-6*.log
[roslaunch.pmon][INFO] 2020-06-16 20:53:58,620: ProcessMonitor.unregister[move_base-6] starting
[roslaunch.pmon][INFO] 2020-06-16 20:53:58,620: ProcessMonitor.unregister[move_base-6] complete
[roslaunch.pmon][INFO] 2020-06-16 20:54:14,310: ProcessMonitor.shutdown <ProcessMonitor(ProcessMonitor-1, started daemon 139630536398592)>
[roslaunch.pmon][INFO] 2020-06-16 20:54:14,382: ProcessMonitor._post_run <ProcessMonitor(ProcessMonitor-1, started daemon 139630536398592)>
[roslaunch.pmon][INFO] 2020-06-16 20:54:14,382: ProcessMonitor._post_run <ProcessMonitor(ProcessMonitor-1, started daemon 139630536398592)>: remaining procs are [<roslaunch.nodeprocess.LocalProcess object at 0x7efe44a868d0>, <roslaunch.nodeprocess.LocalProcess object at 0x7efe44a86690>, <roslaunch.nodeprocess.LocalProcess object at 0x7efe4401e1d0>, <roslaunch.nodeprocess.LocalProcess object at 0x7efe4401e550>, <roslaunch.nodeprocess.LocalProcess object at 0x7efe4401e450>, <roslaunch.nodeprocess.LocalProcess object at 0x7efe4401e050>, <roslaunch.nodeprocess.LocalProcess object at 0x7efe44024fd0>]
[roslaunch.pmon][INFO] 2020-06-16 20:54:14,383: ProcessMonitor exit: killing rviz-7
[roslaunch.pmon][INFO] 2020-06-16 20:54:14,384: ProcessMonitor exit: killing static_tf/base_to_laser_tf2-5
[roslaunch][INFO] 2020-06-16 20:54:14,385: [rviz-7] killing on exit
[roslaunch][INFO] 2020-06-16 20:54:14,386: [static_tf/base_to_laser_tf2-5] killing on exit
[roslaunch][INFO] 2020-06-16 20:54:14,387: process[rviz-7]: killing os process with pid[294] pgid[294]
[roslaunch.pmon][INFO] 2020-06-16 20:54:14,388: ProcessMonitor exit: killing robot_state_publisher-3
[roslaunch.pmon][INFO] 2020-06-16 20:54:14,388: ProcessMonitor exit: killing racecar_simulator-4
[roslaunch][INFO] 2020-06-16 20:54:14,388: process[static_tf/base_to_laser_tf2-5]: killing os process with pid[281] pgid[281]
[roslaunch][INFO] 2020-06-16 20:54:14,389: [rviz-7] sending SIGINT to pgid [294]
[roslaunch.pmon][INFO] 2020-06-16 20:54:14,389: ProcessMonitor exit: killing map_server-2
[roslaunch][INFO] 2020-06-16 20:54:14,391: [robot_state_publisher-3] killing on exit
[roslaunch][INFO] 2020-06-16 20:54:14,391: [racecar_simulator-4] killing on exit
[roslaunch][INFO] 2020-06-16 20:54:14,392: [static_tf/base_to_laser_tf2-5] sending SIGINT to pgid [281]
[roslaunch][INFO] 2020-06-16 20:54:14,393: [rviz-7] sent SIGINT to pgid [294]
[roslaunch][INFO] 2020-06-16 20:54:14,394: [map_server-2] killing on exit
[roslaunch][INFO] 2020-06-16 20:54:14,395: process[robot_state_publisher-3]: killing os process with pid[268] pgid[268]
[roslaunch][INFO] 2020-06-16 20:54:14,396: process[racecar_simulator-4]: killing os process with pid[274] pgid[274]
[roslaunch][INFO] 2020-06-16 20:54:14,397: [static_tf/base_to_laser_tf2-5] sent SIGINT to pgid [281]
[roslaunch][INFO] 2020-06-16 20:54:14,398: process[map_server-2]: killing os process with pid[267] pgid[267]
[roslaunch][INFO] 2020-06-16 20:54:14,398: [robot_state_publisher-3] sending SIGINT to pgid [268]
[roslaunch][INFO] 2020-06-16 20:54:14,399: [racecar_simulator-4] sending SIGINT to pgid [274]
[roslaunch][INFO] 2020-06-16 20:54:14,400: [map_server-2] sending SIGINT to pgid [267]
[roslaunch][INFO] 2020-06-16 20:54:14,400: [robot_state_publisher-3] sent SIGINT to pgid [268]
[roslaunch][INFO] 2020-06-16 20:54:14,401: [racecar_simulator-4] sent SIGINT to pgid [274]
[roslaunch][INFO] 2020-06-16 20:54:14,401: [map_server-2] sent SIGINT to pgid [267]
[roslaunch][INFO] 2020-06-16 20:54:14,502: process[racecar_simulator-4]: SIGINT killed with return value 0
[roslaunch][INFO] 2020-06-16 20:54:14,502: process[map_server-2]: SIGINT killed with return value 0
[roslaunch][INFO] 2020-06-16 20:54:14,600: process[static_tf/base_to_laser_tf2-5]: SIGINT killed with return value 0
[roslaunch][INFO] 2020-06-16 20:54:14,602: process[robot_state_publisher-3]: SIGINT killed with return value 0
[roslaunch][INFO] 2020-06-16 20:54:14,898: process[rviz-7]: SIGINT killed with return value 0
[roslaunch.pmon][INFO] 2020-06-16 20:54:14,898: ProcessMonitor exit: killing rosout-1
[roslaunch][INFO] 2020-06-16 20:54:14,899: [rosout-1] killing on exit
[roslaunch][INFO] 2020-06-16 20:54:14,899: process[rosout-1]: killing os process with pid[260] pgid[260]
[roslaunch][INFO] 2020-06-16 20:54:14,899: [rosout-1] sending SIGINT to pgid [260]
[roslaunch][INFO] 2020-06-16 20:54:14,899: [rosout-1] sent SIGINT to pgid [260]
[roslaunch][INFO] 2020-06-16 20:54:15,100: process[rosout-1]: SIGINT killed with return value 0
[roslaunch.pmon][INFO] 2020-06-16 20:54:15,100: ProcessMonitor exit: killing master
[roslaunch][INFO] 2020-06-16 20:54:15,100: [master] killing on exit
[roslaunch][INFO] 2020-06-16 20:54:15,100: process[master]: killing os process with pid[249] pgid[249]
[roslaunch][INFO] 2020-06-16 20:54:15,100: [master] sending SIGINT to pgid [249]
[roslaunch][INFO] 2020-06-16 20:54:15,100: [master] sent SIGINT to pgid [249]
[roslaunch][INFO] 2020-06-16 20:54:15,301: process[master]: SIGINT killed with return value 0
[roslaunch.pmon][INFO] 2020-06-16 20:54:15,302: ProcessMonitor exit: cleaning up data structures and signals
[roslaunch.pmon][INFO] 2020-06-16 20:54:15,302: ProcessMonitor exit: pmon has shutdown
[roslaunch][INFO] 2020-06-16 20:54:15,328: process monitor is done spinning, initiating full shutdown
[roslaunch][INFO] 2020-06-16 20:54:15,329: runner.stop()
[roslaunch][INFO] 2020-06-16 20:54:15,329: shutting down processing monitor...
[roslaunch][INFO] 2020-06-16 20:54:15,329: shutting down processing monitor <ProcessMonitor(ProcessMonitor-1, stopped daemon 139630536398592)>
[roslaunch.pmon][INFO] 2020-06-16 20:54:15,329: ProcessMonitor.shutdown <ProcessMonitor(ProcessMonitor-1, stopped daemon 139630536398592)>
[roslaunch][INFO] 2020-06-16 20:54:15,330: ... shutting down processing monitor complete
[roslaunch][INFO] 2020-06-16 20:54:15,330: done
[roslaunch.pmon][INFO] 2020-06-16 20:54:15,331: ProcessMonitor.shutdown <ProcessMonitor(ProcessMonitor-1, stopped daemon 139630536398592)>
[rospy.core][INFO] 2020-06-16 20:54:15,331: signal_shutdown [atexit]
