[roslaunch][INFO] 2020-06-16 21:03:43,102: Checking log directory for disk usage. This may take a while.
Press Ctrl-C to interrupt
[roslaunch][INFO] 2020-06-16 21:03:43,107: Done checking log file disk usage. Usage is <1GB.
[roslaunch][INFO] 2020-06-16 21:03:43,107: roslaunch starting with args ['/opt/ros/melodic/bin/roslaunch', 'mpnet_plan', 'simulate_mpnet.launch']
[roslaunch][INFO] 2020-06-16 21:03:43,107: roslaunch env is {'ROS_DISTRO': 'melodic', 'ROSLISP_PACKAGE_DIRECTORIES': '/root/project/devel/share/common-lisp', 'CUDA_VERSION': '10.1.243', 'QT_LOGGING_RULES': '*.debug=false;qt.qpa.*=false', 'ROS_PACKAGE_PATH': '/root/project/src:/opt/ros/melodic/share', 'HOME': '/root', 'CMAKE_PREFIX_PATH': '/root/project/devel:/opt/ros/melodic', 'DISPLAY': ':0', 'LANG': 'C.UTF-8', 'TERM': 'xterm', 'ROS_LOG_FILENAME': '/root/.ros/log/dc55bb5c-b014-11ea-a0c8-0242ac110003/roslaunch-3ff6fdf48960-2088.log', 'LIBRARY_PATH': '/usr/local/cuda/lib64/stubs', 'CUDA_PKG_VERSION': '10-1=10.1.243-1', 'SHLVL': '1', 'NCCL_VERSION': '2.4.8', 'LD_LIBRARY_PATH': '/root/project/devel/lib:/opt/ros/melodic/lib:/usr/local/cuda/extras/CUPTI/lib64:/usr/local/nvidia/lib:/usr/local/nvidia/lib64:/usr/lib/x86_64-linux-gnu:/usr/lib/i386-linux-gnu:/usr/local/nvidia/lib:/usr/local/nvidia/lib64', 'NVIDIA_VISIBLE_DEVICES': 'all', 'ROS_MASTER_URI': 'http://localhost:11311', 'CUDNN_VERSION': '7.6.5.32', 'ROS_PYTHON_VERSION': '2', 'PYTHONPATH': '/opt/ros/melodic/lib/python2.7/dist-packages', 'ROS_ROOT': '/opt/ros/melodic/share/ros', 'PATH': '/opt/ros/melodic/bin:/usr/local/nvidia/bin:/usr/local/cuda/bin:/usr/local/nvidia/bin:/usr/local/cuda/bin:/usr/local/sbin:/usr/local/bin:/usr/sbin:/usr/bin:/sbin:/bin', 'PKG_CONFIG_PATH': '/root/project/devel/lib/pkgconfig:/opt/ros/melodic/lib/pkgconfig', 'LC_ALL': 'C.UTF-8', 'NVIDIA_DRIVER_CAPABILITIES': 'compute,utility,graphics', '_': '/opt/ros/melodic/bin/roslaunch', 'NVIDIA_REQUIRE_CUDA': 'cuda>=10.0 brand=tesla,driver>=384,driver<385', 'OLDPWD': '/root', 'HOSTNAME': '3ff6fdf48960', 'PWD': '/root/project', 'ROS_ETC_DIR': '/opt/ros/melodic/etc/ros', 'ROS_VERSION': '1'}
[roslaunch][INFO] 2020-06-16 21:03:43,107: starting in server mode
[roslaunch.parent][INFO] 2020-06-16 21:03:43,107: starting roslaunch parent run
[roslaunch][INFO] 2020-06-16 21:03:43,108: loading roscore config file /opt/ros/melodic/etc/ros/roscore.xml
[roslaunch][INFO] 2020-06-16 21:03:43,244: Added core node of type [rosout/rosout] in namespace [/]
[roslaunch.config][INFO] 2020-06-16 21:03:43,244: loading config file /root/project/src/mpnet_local_planner/launch/simulate_mpnet.launch
[roslaunch][INFO] 2020-06-16 21:03:43,279: Added node of type [map_server/map_server] in namespace [/]
[roslaunch][INFO] 2020-06-16 21:03:43,332: Added node of type [robot_state_publisher/state_publisher] in namespace [/]
[roslaunch][INFO] 2020-06-16 21:03:43,339: Added node of type [racecar_simulator/simulate] in namespace [/]
[roslaunch][INFO] 2020-06-16 21:03:43,340: Added node of type [tf2_ros/static_transform_publisher] in namespace [/static_tf/]
[roslaunch][INFO] 2020-06-16 21:03:43,351: Added node of type [move_base/move_base] in namespace [/]
[roslaunch][INFO] 2020-06-16 21:03:43,352: Added node of type [rviz/rviz] in namespace [/]
[roslaunch][INFO] 2020-06-16 21:03:43,352: ... selected machine [] for node of type [map_server/map_server]
[roslaunch][INFO] 2020-06-16 21:03:43,352: ... selected machine [] for node of type [robot_state_publisher/state_publisher]
[roslaunch][INFO] 2020-06-16 21:03:43,352: ... selected machine [] for node of type [racecar_simulator/simulate]
[roslaunch][INFO] 2020-06-16 21:03:43,352: ... selected machine [] for node of type [tf2_ros/static_transform_publisher]
[roslaunch][INFO] 2020-06-16 21:03:43,352: ... selected machine [] for node of type [move_base/move_base]
[roslaunch][INFO] 2020-06-16 21:03:43,352: ... selected machine [] for node of type [rviz/rviz]
[roslaunch.pmon][INFO] 2020-06-16 21:03:43,353: start_process_monitor: creating ProcessMonitor
[roslaunch.pmon][INFO] 2020-06-16 21:03:43,353: created process monitor <ProcessMonitor(ProcessMonitor-1, initial daemon)>
[roslaunch.pmon][INFO] 2020-06-16 21:03:43,353: start_process_monitor: ProcessMonitor started
[roslaunch.parent][INFO] 2020-06-16 21:03:43,353: starting parent XML-RPC server
[roslaunch.server][INFO] 2020-06-16 21:03:43,353: starting roslaunch XML-RPC server
[roslaunch.server][INFO] 2020-06-16 21:03:43,353: waiting for roslaunch XML-RPC server to initialize
[xmlrpc][INFO] 2020-06-16 21:03:43,354: XML-RPC server binding to 0.0.0.0:0
[xmlrpc][INFO] 2020-06-16 21:03:43,354: Started XML-RPC server [http://3ff6fdf48960:46585/]
[xmlrpc][INFO] 2020-06-16 21:03:43,354: xml rpc node: starting XML-RPC server
[roslaunch][INFO] 2020-06-16 21:03:43,366: started roslaunch server http://3ff6fdf48960:46585/
[roslaunch.parent][INFO] 2020-06-16 21:03:43,366: ... parent XML-RPC server started
[roslaunch][INFO] 2020-06-16 21:03:43,367: master.is_running[http://localhost:11311]
[roslaunch][INFO] 2020-06-16 21:03:43,368: auto-starting new master
[roslaunch][INFO] 2020-06-16 21:03:43,368: create_master_process: rosmaster, /opt/ros/melodic/share/ros, 11311, 3, None, False
[roslaunch][INFO] 2020-06-16 21:03:43,368: process[master]: launching with args [['rosmaster', '--core', '-p', '11311', '-w', '3']]
[roslaunch.pmon][INFO] 2020-06-16 21:03:43,368: ProcessMonitor.register[master]
[roslaunch.pmon][INFO] 2020-06-16 21:03:43,368: ProcessMonitor.register[master] complete
[roslaunch][INFO] 2020-06-16 21:03:43,368: process[master]: starting os process
[roslaunch][INFO] 2020-06-16 21:03:43,368: process[master]: start w/ args [['rosmaster', '--core', '-p', '11311', '-w', '3', '__log:=/root/.ros/log/dc55bb5c-b014-11ea-a0c8-0242ac110003/master.log']]
[roslaunch][INFO] 2020-06-16 21:03:43,368: process[master]: cwd will be [/root/.ros]
[roslaunch][INFO] 2020-06-16 21:03:43,821: process[master]: started with pid [2101]
[roslaunch][INFO] 2020-06-16 21:03:43,821: master.is_running[http://localhost:11311]
[roslaunch][INFO] 2020-06-16 21:03:43,922: master.is_running[http://localhost:11311]
[roslaunch][INFO] 2020-06-16 21:03:44,023: master.is_running[http://localhost:11311]
[roslaunch][INFO] 2020-06-16 21:03:44,025: master.is_running[http://localhost:11311]
[roslaunch][INFO] 2020-06-16 21:03:44,026: ROS_MASTER_URI=http://localhost:11311
[roslaunch][INFO] 2020-06-16 21:03:44,027: setting /run_id to dc55bb5c-b014-11ea-a0c8-0242ac110003
[roslaunch][INFO] 2020-06-16 21:03:44,028: setting /roslaunch/uris/host_3ff6fdf48960__46585' to http://3ff6fdf48960:46585/
[roslaunch][INFO] 2020-06-16 21:03:44,030: ... preparing to launch node of type [rosout/rosout]
[roslaunch][INFO] 2020-06-16 21:03:44,030: create_node_process: package[rosout] type[rosout] machine[Machine(name[] env_loader[None] address[localhost] ssh_port[22] user[None] assignable[True] timeout[10.0])] master_uri[http://localhost:11311]
[roslaunch][INFO] 2020-06-16 21:03:44,030: process[rosout-1]: env[{'ROS_DISTRO': 'melodic', 'ROSLISP_PACKAGE_DIRECTORIES': '/root/project/devel/share/common-lisp', 'CUDA_VERSION': '10.1.243', 'QT_LOGGING_RULES': '*.debug=false;qt.qpa.*=false', 'PATH': '/opt/ros/melodic/bin:/usr/local/nvidia/bin:/usr/local/cuda/bin:/usr/local/nvidia/bin:/usr/local/cuda/bin:/usr/local/sbin:/usr/local/bin:/usr/sbin:/usr/bin:/sbin:/bin', 'HOME': '/root', 'CMAKE_PREFIX_PATH': '/root/project/devel:/opt/ros/melodic', 'ROS_LOG_FILENAME': '/root/.ros/log/dc55bb5c-b014-11ea-a0c8-0242ac110003/roslaunch-3ff6fdf48960-2088.log', 'LANG': 'C.UTF-8', 'TERM': 'xterm', 'LIBRARY_PATH': '/usr/local/cuda/lib64/stubs', 'CUDA_PKG_VERSION': '10-1=10.1.243-1', 'SHLVL': '1', 'NCCL_VERSION': '2.4.8', 'LD_LIBRARY_PATH': '/root/project/devel/lib:/opt/ros/melodic/lib:/usr/local/cuda/extras/CUPTI/lib64:/usr/local/nvidia/lib:/usr/local/nvidia/lib64:/usr/lib/x86_64-linux-gnu:/usr/lib/i386-linux-gnu:/usr/local/nvidia/lib:/usr/local/nvidia/lib64', 'NVIDIA_VISIBLE_DEVICES': 'all', 'ROS_ETC_DIR': '/opt/ros/melodic/etc/ros', 'CUDNN_VERSION': '7.6.5.32', 'ROS_PYTHON_VERSION': '2', 'LC_ALL': 'C.UTF-8', 'PYTHONPATH': '/opt/ros/melodic/lib/python2.7/dist-packages', 'ROS_ROOT': '/opt/ros/melodic/share/ros', 'PKG_CONFIG_PATH': '/root/project/devel/lib/pkgconfig:/opt/ros/melodic/lib/pkgconfig', 'ROS_PACKAGE_PATH': '/root/project/src:/opt/ros/melodic/share', 'NVIDIA_DRIVER_CAPABILITIES': 'compute,utility,graphics', '_': '/opt/ros/melodic/bin/roslaunch', 'DISPLAY': ':0', 'NVIDIA_REQUIRE_CUDA': 'cuda>=10.0 brand=tesla,driver>=384,driver<385', 'OLDPWD': '/root', 'HOSTNAME': '3ff6fdf48960', 'PWD': '/root/project', 'ROS_MASTER_URI': 'http://localhost:11311', 'ROS_VERSION': '1'}]
[roslaunch][INFO] 2020-06-16 21:03:44,072: process[rosout-1]: args[[u'/opt/ros/melodic/lib/rosout/rosout', u'__name:=rosout']]
[roslaunch][INFO] 2020-06-16 21:03:44,072: ... created process [rosout-1]
[roslaunch.pmon][INFO] 2020-06-16 21:03:44,072: ProcessMonitor.register[rosout-1]
[roslaunch.pmon][INFO] 2020-06-16 21:03:44,072: ProcessMonitor.register[rosout-1] complete
[roslaunch][INFO] 2020-06-16 21:03:44,072: ... registered process [rosout-1]
[roslaunch][INFO] 2020-06-16 21:03:44,072: process[rosout-1]: starting os process
[roslaunch][INFO] 2020-06-16 21:03:44,072: process[rosout-1]: start w/ args [[u'/opt/ros/melodic/lib/rosout/rosout', u'__name:=rosout', u'__log:=/root/.ros/log/dc55bb5c-b014-11ea-a0c8-0242ac110003/rosout-1.log']]
[roslaunch][INFO] 2020-06-16 21:03:44,072: process[rosout-1]: cwd will be [/root/.ros]
[roslaunch][INFO] 2020-06-16 21:03:44,528: process[rosout-1]: started with pid [2112]
[roslaunch][INFO] 2020-06-16 21:03:44,528: ... successfully launched [rosout-1]
[roslaunch][INFO] 2020-06-16 21:03:44,529: load_parameters starting ...
[roslaunch][INFO] 2020-06-16 21:03:44,553: ... load_parameters complete
[roslaunch][INFO] 2020-06-16 21:03:44,553: launch_nodes: launching local nodes ...
[roslaunch][INFO] 2020-06-16 21:03:44,554: ... preparing to launch node of type [map_server/map_server]
[roslaunch][INFO] 2020-06-16 21:03:44,554: create_node_process: package[map_server] type[map_server] machine[Machine(name[] env_loader[None] address[localhost] ssh_port[22] user[None] assignable[True] timeout[10.0])] master_uri[http://localhost:11311]
[roslaunch][INFO] 2020-06-16 21:03:44,554: process[map_server-2]: env[{'ROS_DISTRO': 'melodic', 'ROSLISP_PACKAGE_DIRECTORIES': '/root/project/devel/share/common-lisp', 'CUDA_VERSION': '10.1.243', 'QT_LOGGING_RULES': '*.debug=false;qt.qpa.*=false', 'PATH': '/opt/ros/melodic/bin:/usr/local/nvidia/bin:/usr/local/cuda/bin:/usr/local/nvidia/bin:/usr/local/cuda/bin:/usr/local/sbin:/usr/local/bin:/usr/sbin:/usr/bin:/sbin:/bin', 'HOME': '/root', 'CMAKE_PREFIX_PATH': '/root/project/devel:/opt/ros/melodic', 'ROS_LOG_FILENAME': '/root/.ros/log/dc55bb5c-b014-11ea-a0c8-0242ac110003/roslaunch-3ff6fdf48960-2088.log', 'LANG': 'C.UTF-8', 'TERM': 'xterm', 'LIBRARY_PATH': '/usr/local/cuda/lib64/stubs', 'CUDA_PKG_VERSION': '10-1=10.1.243-1', 'SHLVL': '1', 'NCCL_VERSION': '2.4.8', 'LD_LIBRARY_PATH': '/root/project/devel/lib:/opt/ros/melodic/lib:/usr/local/cuda/extras/CUPTI/lib64:/usr/local/nvidia/lib:/usr/local/nvidia/lib64:/usr/lib/x86_64-linux-gnu:/usr/lib/i386-linux-gnu:/usr/local/nvidia/lib:/usr/local/nvidia/lib64', 'NVIDIA_VISIBLE_DEVICES': 'all', 'ROS_ETC_DIR': '/opt/ros/melodic/etc/ros', 'CUDNN_VERSION': '7.6.5.32', 'ROS_PYTHON_VERSION': '2', 'LC_ALL': 'C.UTF-8', 'PYTHONPATH': '/opt/ros/melodic/lib/python2.7/dist-packages', 'ROS_ROOT': '/opt/ros/melodic/share/ros', 'PKG_CONFIG_PATH': '/root/project/devel/lib/pkgconfig:/opt/ros/melodic/lib/pkgconfig', 'ROS_PACKAGE_PATH': '/root/project/src:/opt/ros/melodic/share', 'NVIDIA_DRIVER_CAPABILITIES': 'compute,utility,graphics', '_': '/opt/ros/melodic/bin/roslaunch', 'DISPLAY': ':0', 'NVIDIA_REQUIRE_CUDA': 'cuda>=10.0 brand=tesla,driver>=384,driver<385', 'OLDPWD': '/root', 'HOSTNAME': '3ff6fdf48960', 'PWD': '/root/project', 'ROS_MASTER_URI': 'http://localhost:11311', 'ROS_VERSION': '1'}]
[roslaunch][INFO] 2020-06-16 21:03:44,555: process[map_server-2]: args[[u'/opt/ros/melodic/lib/map_server/map_server', '/root/project/src/racecar_simulator/maps/mymap.yaml', u'__name:=map_server']]
[roslaunch][INFO] 2020-06-16 21:03:44,555: ... created process [map_server-2]
[roslaunch.pmon][INFO] 2020-06-16 21:03:44,555: ProcessMonitor.register[map_server-2]
[roslaunch.pmon][INFO] 2020-06-16 21:03:44,555: ProcessMonitor.register[map_server-2] complete
[roslaunch][INFO] 2020-06-16 21:03:44,555: ... registered process [map_server-2]
[roslaunch][INFO] 2020-06-16 21:03:44,555: process[map_server-2]: starting os process
[roslaunch][INFO] 2020-06-16 21:03:44,555: process[map_server-2]: start w/ args [[u'/opt/ros/melodic/lib/map_server/map_server', '/root/project/src/racecar_simulator/maps/mymap.yaml', u'__name:=map_server', u'__log:=/root/.ros/log/dc55bb5c-b014-11ea-a0c8-0242ac110003/map_server-2.log']]
[roslaunch][INFO] 2020-06-16 21:03:44,555: process[map_server-2]: cwd will be [/root/.ros]
[roslaunch][INFO] 2020-06-16 21:03:44,999: process[map_server-2]: started with pid [2119]
[roslaunch][INFO] 2020-06-16 21:03:44,999: ... successfully launched [map_server-2]
[roslaunch][INFO] 2020-06-16 21:03:44,999: ... preparing to launch node of type [robot_state_publisher/state_publisher]
[roslaunch][INFO] 2020-06-16 21:03:44,999: create_node_process: package[robot_state_publisher] type[state_publisher] machine[Machine(name[] env_loader[None] address[localhost] ssh_port[22] user[None] assignable[True] timeout[10.0])] master_uri[http://localhost:11311]
[roslaunch][INFO] 2020-06-16 21:03:45,000: process[robot_state_publisher-3]: env[{'ROS_DISTRO': 'melodic', 'ROSLISP_PACKAGE_DIRECTORIES': '/root/project/devel/share/common-lisp', 'CUDA_VERSION': '10.1.243', 'QT_LOGGING_RULES': '*.debug=false;qt.qpa.*=false', 'PATH': '/opt/ros/melodic/bin:/usr/local/nvidia/bin:/usr/local/cuda/bin:/usr/local/nvidia/bin:/usr/local/cuda/bin:/usr/local/sbin:/usr/local/bin:/usr/sbin:/usr/bin:/sbin:/bin', 'HOME': '/root', 'CMAKE_PREFIX_PATH': '/root/project/devel:/opt/ros/melodic', 'ROS_LOG_FILENAME': '/root/.ros/log/dc55bb5c-b014-11ea-a0c8-0242ac110003/roslaunch-3ff6fdf48960-2088.log', 'LANG': 'C.UTF-8', 'TERM': 'xterm', 'LIBRARY_PATH': '/usr/local/cuda/lib64/stubs', 'CUDA_PKG_VERSION': '10-1=10.1.243-1', 'SHLVL': '1', 'NCCL_VERSION': '2.4.8', 'LD_LIBRARY_PATH': '/root/project/devel/lib:/opt/ros/melodic/lib:/usr/local/cuda/extras/CUPTI/lib64:/usr/local/nvidia/lib:/usr/local/nvidia/lib64:/usr/lib/x86_64-linux-gnu:/usr/lib/i386-linux-gnu:/usr/local/nvidia/lib:/usr/local/nvidia/lib64', 'NVIDIA_VISIBLE_DEVICES': 'all', 'ROS_ETC_DIR': '/opt/ros/melodic/etc/ros', 'CUDNN_VERSION': '7.6.5.32', 'ROS_PYTHON_VERSION': '2', 'LC_ALL': 'C.UTF-8', 'PYTHONPATH': '/opt/ros/melodic/lib/python2.7/dist-packages', 'ROS_ROOT': '/opt/ros/melodic/share/ros', 'PKG_CONFIG_PATH': '/root/project/devel/lib/pkgconfig:/opt/ros/melodic/lib/pkgconfig', 'ROS_PACKAGE_PATH': '/root/project/src:/opt/ros/melodic/share', 'NVIDIA_DRIVER_CAPABILITIES': 'compute,utility,graphics', '_': '/opt/ros/melodic/bin/roslaunch', 'DISPLAY': ':0', 'NVIDIA_REQUIRE_CUDA': 'cuda>=10.0 brand=tesla,driver>=384,driver<385', 'OLDPWD': '/root', 'HOSTNAME': '3ff6fdf48960', 'PWD': '/root/project', 'ROS_MASTER_URI': 'http://localhost:11311', 'ROS_VERSION': '1'}]
[roslaunch][INFO] 2020-06-16 21:03:45,000: process[robot_state_publisher-3]: args[[u'/opt/ros/melodic/lib/robot_state_publisher/state_publisher', u'__name:=robot_state_publisher']]
[roslaunch][INFO] 2020-06-16 21:03:45,001: ... created process [robot_state_publisher-3]
[roslaunch.pmon][INFO] 2020-06-16 21:03:45,001: ProcessMonitor.register[robot_state_publisher-3]
[roslaunch.pmon][INFO] 2020-06-16 21:03:45,001: ProcessMonitor.register[robot_state_publisher-3] complete
[roslaunch][INFO] 2020-06-16 21:03:45,001: ... registered process [robot_state_publisher-3]
[roslaunch][INFO] 2020-06-16 21:03:45,001: process[robot_state_publisher-3]: starting os process
[roslaunch][INFO] 2020-06-16 21:03:45,001: process[robot_state_publisher-3]: start w/ args [[u'/opt/ros/melodic/lib/robot_state_publisher/state_publisher', u'__name:=robot_state_publisher', u'__log:=/root/.ros/log/dc55bb5c-b014-11ea-a0c8-0242ac110003/robot_state_publisher-3.log']]
[roslaunch][INFO] 2020-06-16 21:03:45,001: process[robot_state_publisher-3]: cwd will be [/root/.ros]
[roslaunch][INFO] 2020-06-16 21:03:45,456: process[robot_state_publisher-3]: started with pid [2120]
[roslaunch][INFO] 2020-06-16 21:03:45,456: ... successfully launched [robot_state_publisher-3]
[roslaunch][INFO] 2020-06-16 21:03:45,456: ... preparing to launch node of type [racecar_simulator/simulate]
[roslaunch][INFO] 2020-06-16 21:03:45,456: create_node_process: package[racecar_simulator] type[simulate] machine[Machine(name[] env_loader[None] address[localhost] ssh_port[22] user[None] assignable[True] timeout[10.0])] master_uri[http://localhost:11311]
[roslaunch][INFO] 2020-06-16 21:03:45,457: process[racecar_simulator-4]: env[{'ROS_DISTRO': 'melodic', 'ROSLISP_PACKAGE_DIRECTORIES': '/root/project/devel/share/common-lisp', 'CUDA_VERSION': '10.1.243', 'QT_LOGGING_RULES': '*.debug=false;qt.qpa.*=false', 'PATH': '/opt/ros/melodic/bin:/usr/local/nvidia/bin:/usr/local/cuda/bin:/usr/local/nvidia/bin:/usr/local/cuda/bin:/usr/local/sbin:/usr/local/bin:/usr/sbin:/usr/bin:/sbin:/bin', 'HOME': '/root', 'CMAKE_PREFIX_PATH': '/root/project/devel:/opt/ros/melodic', 'ROS_LOG_FILENAME': '/root/.ros/log/dc55bb5c-b014-11ea-a0c8-0242ac110003/roslaunch-3ff6fdf48960-2088.log', 'LANG': 'C.UTF-8', 'TERM': 'xterm', 'LIBRARY_PATH': '/usr/local/cuda/lib64/stubs', 'CUDA_PKG_VERSION': '10-1=10.1.243-1', 'SHLVL': '1', 'NCCL_VERSION': '2.4.8', 'LD_LIBRARY_PATH': '/root/project/devel/lib:/opt/ros/melodic/lib:/usr/local/cuda/extras/CUPTI/lib64:/usr/local/nvidia/lib:/usr/local/nvidia/lib64:/usr/lib/x86_64-linux-gnu:/usr/lib/i386-linux-gnu:/usr/local/nvidia/lib:/usr/local/nvidia/lib64', 'NVIDIA_VISIBLE_DEVICES': 'all', 'ROS_ETC_DIR': '/opt/ros/melodic/etc/ros', 'CUDNN_VERSION': '7.6.5.32', 'ROS_PYTHON_VERSION': '2', 'LC_ALL': 'C.UTF-8', 'PYTHONPATH': '/opt/ros/melodic/lib/python2.7/dist-packages', 'ROS_ROOT': '/opt/ros/melodic/share/ros', 'PKG_CONFIG_PATH': '/root/project/devel/lib/pkgconfig:/opt/ros/melodic/lib/pkgconfig', 'ROS_PACKAGE_PATH': '/root/project/src:/opt/ros/melodic/share', 'NVIDIA_DRIVER_CAPABILITIES': 'compute,utility,graphics', '_': '/opt/ros/melodic/bin/roslaunch', 'DISPLAY': ':0', 'NVIDIA_REQUIRE_CUDA': 'cuda>=10.0 brand=tesla,driver>=384,driver<385', 'OLDPWD': '/root', 'HOSTNAME': '3ff6fdf48960', 'PWD': '/root/project', 'ROS_MASTER_URI': 'http://localhost:11311', 'ROS_VERSION': '1'}]
[roslaunch][INFO] 2020-06-16 21:03:45,458: process[racecar_simulator-4]: args[[u'/root/project/devel/lib/racecar_simulator/simulate', u'__name:=racecar_simulator']]
[roslaunch][INFO] 2020-06-16 21:03:45,458: ... created process [racecar_simulator-4]
[roslaunch.pmon][INFO] 2020-06-16 21:03:45,458: ProcessMonitor.register[racecar_simulator-4]
[roslaunch.pmon][INFO] 2020-06-16 21:03:45,458: ProcessMonitor.register[racecar_simulator-4] complete
[roslaunch][INFO] 2020-06-16 21:03:45,458: ... registered process [racecar_simulator-4]
[roslaunch][INFO] 2020-06-16 21:03:45,459: process[racecar_simulator-4]: starting os process
[roslaunch][INFO] 2020-06-16 21:03:45,459: process[racecar_simulator-4]: start w/ args [[u'/root/project/devel/lib/racecar_simulator/simulate', u'__name:=racecar_simulator', u'__log:=/root/.ros/log/dc55bb5c-b014-11ea-a0c8-0242ac110003/racecar_simulator-4.log']]
[roslaunch][INFO] 2020-06-16 21:03:45,459: process[racecar_simulator-4]: cwd will be [/root/.ros]
[roslaunch][INFO] 2020-06-16 21:03:45,909: process[racecar_simulator-4]: started with pid [2126]
[roslaunch][INFO] 2020-06-16 21:03:45,909: ... successfully launched [racecar_simulator-4]
[roslaunch][INFO] 2020-06-16 21:03:45,909: ... preparing to launch node of type [tf2_ros/static_transform_publisher]
[roslaunch][INFO] 2020-06-16 21:03:45,909: create_node_process: package[tf2_ros] type[static_transform_publisher] machine[Machine(name[] env_loader[None] address[localhost] ssh_port[22] user[None] assignable[True] timeout[10.0])] master_uri[http://localhost:11311]
[roslaunch][INFO] 2020-06-16 21:03:45,909: process[static_tf/base_to_laser_tf2-5]: env[{'ROS_DISTRO': 'melodic', 'ROSLISP_PACKAGE_DIRECTORIES': '/root/project/devel/share/common-lisp', 'CUDA_VERSION': '10.1.243', 'QT_LOGGING_RULES': '*.debug=false;qt.qpa.*=false', 'PATH': '/opt/ros/melodic/bin:/usr/local/nvidia/bin:/usr/local/cuda/bin:/usr/local/nvidia/bin:/usr/local/cuda/bin:/usr/local/sbin:/usr/local/bin:/usr/sbin:/usr/bin:/sbin:/bin', 'HOME': '/root', 'CMAKE_PREFIX_PATH': '/root/project/devel:/opt/ros/melodic', 'ROS_LOG_FILENAME': '/root/.ros/log/dc55bb5c-b014-11ea-a0c8-0242ac110003/roslaunch-3ff6fdf48960-2088.log', 'LANG': 'C.UTF-8', 'TERM': 'xterm', 'LIBRARY_PATH': '/usr/local/cuda/lib64/stubs', 'CUDA_PKG_VERSION': '10-1=10.1.243-1', 'SHLVL': '1', 'NCCL_VERSION': '2.4.8', 'LD_LIBRARY_PATH': '/root/project/devel/lib:/opt/ros/melodic/lib:/usr/local/cuda/extras/CUPTI/lib64:/usr/local/nvidia/lib:/usr/local/nvidia/lib64:/usr/lib/x86_64-linux-gnu:/usr/lib/i386-linux-gnu:/usr/local/nvidia/lib:/usr/local/nvidia/lib64', 'NVIDIA_VISIBLE_DEVICES': 'all', 'ROS_ETC_DIR': '/opt/ros/melodic/etc/ros', 'CUDNN_VERSION': '7.6.5.32', 'ROS_PYTHON_VERSION': '2', 'LC_ALL': 'C.UTF-8', 'PYTHONPATH': '/opt/ros/melodic/lib/python2.7/dist-packages', 'ROS_NAMESPACE': '/static_tf', 'ROS_ROOT': '/opt/ros/melodic/share/ros', 'PKG_CONFIG_PATH': '/root/project/devel/lib/pkgconfig:/opt/ros/melodic/lib/pkgconfig', 'ROS_PACKAGE_PATH': '/root/project/src:/opt/ros/melodic/share', 'NVIDIA_DRIVER_CAPABILITIES': 'compute,utility,graphics', '_': '/opt/ros/melodic/bin/roslaunch', 'DISPLAY': ':0', 'NVIDIA_REQUIRE_CUDA': 'cuda>=10.0 brand=tesla,driver>=384,driver<385', 'OLDPWD': '/root', 'HOSTNAME': '3ff6fdf48960', 'PWD': '/root/project', 'ROS_MASTER_URI': 'http://localhost:11311', 'ROS_VERSION': '1'}]
[roslaunch][INFO] 2020-06-16 21:03:45,910: process[static_tf/base_to_laser_tf2-5]: args[[u'/opt/ros/melodic/lib/tf2_ros/static_transform_publisher', '0.1', '0.0', '0.30', '0.0', '0.0', '0.0', 'base_link', 'laser', u'__name:=base_to_laser_tf2']]
[roslaunch][INFO] 2020-06-16 21:03:45,910: ... created process [static_tf/base_to_laser_tf2-5]
[roslaunch.pmon][INFO] 2020-06-16 21:03:45,911: ProcessMonitor.register[static_tf/base_to_laser_tf2-5]
[roslaunch.pmon][INFO] 2020-06-16 21:03:45,911: ProcessMonitor.register[static_tf/base_to_laser_tf2-5] complete
[roslaunch][INFO] 2020-06-16 21:03:45,911: ... registered process [static_tf/base_to_laser_tf2-5]
[roslaunch][INFO] 2020-06-16 21:03:45,911: process[static_tf/base_to_laser_tf2-5]: starting os process
[roslaunch][INFO] 2020-06-16 21:03:45,911: process[static_tf/base_to_laser_tf2-5]: start w/ args [[u'/opt/ros/melodic/lib/tf2_ros/static_transform_publisher', '0.1', '0.0', '0.30', '0.0', '0.0', '0.0', 'base_link', 'laser', u'__name:=base_to_laser_tf2', u'__log:=/root/.ros/log/dc55bb5c-b014-11ea-a0c8-0242ac110003/static_tf-base_to_laser_tf2-5.log']]
[roslaunch][INFO] 2020-06-16 21:03:45,911: process[static_tf/base_to_laser_tf2-5]: cwd will be [/root/.ros]
[roslaunch][INFO] 2020-06-16 21:03:46,377: process[static_tf/base_to_laser_tf2-5]: started with pid [2133]
[roslaunch][INFO] 2020-06-16 21:03:46,377: ... successfully launched [static_tf/base_to_laser_tf2-5]
[roslaunch][INFO] 2020-06-16 21:03:46,377: ... preparing to launch node of type [move_base/move_base]
[roslaunch][INFO] 2020-06-16 21:03:46,378: create_node_process: package[move_base] type[move_base] machine[Machine(name[] env_loader[None] address[localhost] ssh_port[22] user[None] assignable[True] timeout[10.0])] master_uri[http://localhost:11311]
[roslaunch][INFO] 2020-06-16 21:03:46,378: process[move_base-6]: env[{'ROS_DISTRO': 'melodic', 'ROSLISP_PACKAGE_DIRECTORIES': '/root/project/devel/share/common-lisp', 'CUDA_VERSION': '10.1.243', 'QT_LOGGING_RULES': '*.debug=false;qt.qpa.*=false', 'PATH': '/opt/ros/melodic/bin:/usr/local/nvidia/bin:/usr/local/cuda/bin:/usr/local/nvidia/bin:/usr/local/cuda/bin:/usr/local/sbin:/usr/local/bin:/usr/sbin:/usr/bin:/sbin:/bin', 'HOME': '/root', 'CMAKE_PREFIX_PATH': '/root/project/devel:/opt/ros/melodic', 'ROS_LOG_FILENAME': '/root/.ros/log/dc55bb5c-b014-11ea-a0c8-0242ac110003/roslaunch-3ff6fdf48960-2088.log', 'LANG': 'C.UTF-8', 'TERM': 'xterm', 'LIBRARY_PATH': '/usr/local/cuda/lib64/stubs', 'CUDA_PKG_VERSION': '10-1=10.1.243-1', 'SHLVL': '1', 'NCCL_VERSION': '2.4.8', 'LD_LIBRARY_PATH': '/root/project/devel/lib:/opt/ros/melodic/lib:/usr/local/cuda/extras/CUPTI/lib64:/usr/local/nvidia/lib:/usr/local/nvidia/lib64:/usr/lib/x86_64-linux-gnu:/usr/lib/i386-linux-gnu:/usr/local/nvidia/lib:/usr/local/nvidia/lib64', 'NVIDIA_VISIBLE_DEVICES': 'all', 'ROS_ETC_DIR': '/opt/ros/melodic/etc/ros', 'CUDNN_VERSION': '7.6.5.32', 'ROS_PYTHON_VERSION': '2', 'LC_ALL': 'C.UTF-8', 'PYTHONPATH': '/opt/ros/melodic/lib/python2.7/dist-packages', 'ROS_ROOT': '/opt/ros/melodic/share/ros', 'PKG_CONFIG_PATH': '/root/project/devel/lib/pkgconfig:/opt/ros/melodic/lib/pkgconfig', 'ROS_PACKAGE_PATH': '/root/project/src:/opt/ros/melodic/share', 'NVIDIA_DRIVER_CAPABILITIES': 'compute,utility,graphics', '_': '/opt/ros/melodic/bin/roslaunch', 'DISPLAY': ':0', 'NVIDIA_REQUIRE_CUDA': 'cuda>=10.0 brand=tesla,driver>=384,driver<385', 'OLDPWD': '/root', 'HOSTNAME': '3ff6fdf48960', 'PWD': '/root/project', 'ROS_MASTER_URI': 'http://localhost:11311', 'ROS_VERSION': '1'}]
[roslaunch][INFO] 2020-06-16 21:03:46,379: process[move_base-6]: args[[u'/opt/ros/melodic/lib/move_base/move_base', u'__name:=move_base']]
[roslaunch][INFO] 2020-06-16 21:03:46,379: ... created process [move_base-6]
[roslaunch.pmon][INFO] 2020-06-16 21:03:46,379: ProcessMonitor.register[move_base-6]
[roslaunch.pmon][INFO] 2020-06-16 21:03:46,379: ProcessMonitor.register[move_base-6] complete
[roslaunch][INFO] 2020-06-16 21:03:46,379: ... registered process [move_base-6]
[roslaunch][INFO] 2020-06-16 21:03:46,379: process[move_base-6]: starting os process
[roslaunch][INFO] 2020-06-16 21:03:46,380: process[move_base-6]: start w/ args [[u'/opt/ros/melodic/lib/move_base/move_base', u'__name:=move_base', u'__log:=/root/.ros/log/dc55bb5c-b014-11ea-a0c8-0242ac110003/move_base-6.log']]
[roslaunch][INFO] 2020-06-16 21:03:46,380: process[move_base-6]: cwd will be [/root/.ros]
[roslaunch][INFO] 2020-06-16 21:03:46,840: process[move_base-6]: started with pid [2140]
[roslaunch][INFO] 2020-06-16 21:03:46,840: ... successfully launched [move_base-6]
[roslaunch][INFO] 2020-06-16 21:03:46,840: ... preparing to launch node of type [rviz/rviz]
[roslaunch][INFO] 2020-06-16 21:03:46,841: create_node_process: package[rviz] type[rviz] machine[Machine(name[] env_loader[None] address[localhost] ssh_port[22] user[None] assignable[True] timeout[10.0])] master_uri[http://localhost:11311]
[roslaunch][INFO] 2020-06-16 21:03:46,841: process[rviz-7]: env[{'ROS_DISTRO': 'melodic', 'ROSLISP_PACKAGE_DIRECTORIES': '/root/project/devel/share/common-lisp', 'CUDA_VERSION': '10.1.243', 'QT_LOGGING_RULES': '*.debug=false;qt.qpa.*=false', 'PATH': '/opt/ros/melodic/bin:/usr/local/nvidia/bin:/usr/local/cuda/bin:/usr/local/nvidia/bin:/usr/local/cuda/bin:/usr/local/sbin:/usr/local/bin:/usr/sbin:/usr/bin:/sbin:/bin', 'HOME': '/root', 'CMAKE_PREFIX_PATH': '/root/project/devel:/opt/ros/melodic', 'ROS_LOG_FILENAME': '/root/.ros/log/dc55bb5c-b014-11ea-a0c8-0242ac110003/roslaunch-3ff6fdf48960-2088.log', 'LANG': 'C.UTF-8', 'TERM': 'xterm', 'LIBRARY_PATH': '/usr/local/cuda/lib64/stubs', 'CUDA_PKG_VERSION': '10-1=10.1.243-1', 'SHLVL': '1', 'NCCL_VERSION': '2.4.8', 'LD_LIBRARY_PATH': '/root/project/devel/lib:/opt/ros/melodic/lib:/usr/local/cuda/extras/CUPTI/lib64:/usr/local/nvidia/lib:/usr/local/nvidia/lib64:/usr/lib/x86_64-linux-gnu:/usr/lib/i386-linux-gnu:/usr/local/nvidia/lib:/usr/local/nvidia/lib64', 'NVIDIA_VISIBLE_DEVICES': 'all', 'ROS_ETC_DIR': '/opt/ros/melodic/etc/ros', 'CUDNN_VERSION': '7.6.5.32', 'ROS_PYTHON_VERSION': '2', 'LC_ALL': 'C.UTF-8', 'PYTHONPATH': '/opt/ros/melodic/lib/python2.7/dist-packages', 'ROS_ROOT': '/opt/ros/melodic/share/ros', 'PKG_CONFIG_PATH': '/root/project/devel/lib/pkgconfig:/opt/ros/melodic/lib/pkgconfig', 'ROS_PACKAGE_PATH': '/root/project/src:/opt/ros/melodic/share', 'NVIDIA_DRIVER_CAPABILITIES': 'compute,utility,graphics', '_': '/opt/ros/melodic/bin/roslaunch', 'DISPLAY': ':0', 'NVIDIA_REQUIRE_CUDA': 'cuda>=10.0 brand=tesla,driver>=384,driver<385', 'OLDPWD': '/root', 'HOSTNAME': '3ff6fdf48960', 'PWD': '/root/project', 'ROS_MASTER_URI': 'http://localhost:11311', 'ROS_VERSION': '1'}]
[roslaunch][INFO] 2020-06-16 21:03:46,844: process[rviz-7]: args[[u'/opt/ros/melodic/lib/rviz/rviz', '-d', '/root/project/src/mpnet_local_planner/launch/mpnet_launch.rviz', u'__name:=rviz']]
[roslaunch][INFO] 2020-06-16 21:03:46,845: ... created process [rviz-7]
[roslaunch.pmon][INFO] 2020-06-16 21:03:46,845: ProcessMonitor.register[rviz-7]
[roslaunch.pmon][INFO] 2020-06-16 21:03:46,845: ProcessMonitor.register[rviz-7] complete
[roslaunch][INFO] 2020-06-16 21:03:46,845: ... registered process [rviz-7]
[roslaunch][INFO] 2020-06-16 21:03:46,845: process[rviz-7]: starting os process
[roslaunch][INFO] 2020-06-16 21:03:46,845: process[rviz-7]: start w/ args [[u'/opt/ros/melodic/lib/rviz/rviz', '-d', '/root/project/src/mpnet_local_planner/launch/mpnet_launch.rviz', u'__name:=rviz', u'__log:=/root/.ros/log/dc55bb5c-b014-11ea-a0c8-0242ac110003/rviz-7.log']]
[roslaunch][INFO] 2020-06-16 21:03:46,845: process[rviz-7]: cwd will be [/root/.ros]
[roslaunch][INFO] 2020-06-16 21:03:47,338: process[rviz-7]: started with pid [2146]
[roslaunch][INFO] 2020-06-16 21:03:47,339: ... successfully launched [rviz-7]
[roslaunch][INFO] 2020-06-16 21:03:47,339: ... launch_nodes complete
[roslaunch.pmon][INFO] 2020-06-16 21:03:47,339: registrations completed <ProcessMonitor(ProcessMonitor-1, started daemon 139971530536704)>
[roslaunch.parent][INFO] 2020-06-16 21:03:47,339: ... roslaunch parent running, waiting for process exit
[roslaunch][INFO] 2020-06-16 21:03:47,339: spin
[roslaunch][ERROR] 2020-06-16 21:03:59,403: [move_base-6] process has died [pid 2140, exit code -6, cmd /opt/ros/melodic/lib/move_base/move_base __name:=move_base __log:=/root/.ros/log/dc55bb5c-b014-11ea-a0c8-0242ac110003/move_base-6.log].
log file: /root/.ros/log/dc55bb5c-b014-11ea-a0c8-0242ac110003/move_base-6*.log
[roslaunch.pmon][INFO] 2020-06-16 21:03:59,403: ProcessMonitor.unregister[move_base-6] starting
[roslaunch.pmon][INFO] 2020-06-16 21:03:59,403: ProcessMonitor.unregister[move_base-6] complete
[roslaunch.pmon][INFO] 2020-06-16 21:04:06,251: ProcessMonitor.shutdown <ProcessMonitor(ProcessMonitor-1, started daemon 139971530536704)>
[roslaunch.pmon][INFO] 2020-06-16 21:04:06,329: ProcessMonitor._post_run <ProcessMonitor(ProcessMonitor-1, started daemon 139971530536704)>
[roslaunch.pmon][INFO] 2020-06-16 21:04:06,330: ProcessMonitor._post_run <ProcessMonitor(ProcessMonitor-1, started daemon 139971530536704)>: remaining procs are [<roslaunch.nodeprocess.LocalProcess object at 0x7f4da97e0450>, <roslaunch.nodeprocess.LocalProcess object at 0x7f4da97e0790>, <roslaunch.nodeprocess.LocalProcess object at 0x7f4da857ec90>, <roslaunch.nodeprocess.LocalProcess object at 0x7f4da8582c50>, <roslaunch.nodeprocess.LocalProcess object at 0x7f4da8582c10>, <roslaunch.nodeprocess.LocalProcess object at 0x7f4da8582a10>, <roslaunch.nodeprocess.LocalProcess object at 0x7f4da8582610>]
[roslaunch.pmon][INFO] 2020-06-16 21:04:06,331: ProcessMonitor exit: killing rviz-7
[roslaunch][INFO] 2020-06-16 21:04:06,332: [rviz-7] killing on exit
[roslaunch.pmon][INFO] 2020-06-16 21:04:06,333: ProcessMonitor exit: killing static_tf/base_to_laser_tf2-5
[roslaunch][INFO] 2020-06-16 21:04:06,333: process[rviz-7]: killing os process with pid[2146] pgid[2146]
[roslaunch.pmon][INFO] 2020-06-16 21:04:06,333: ProcessMonitor exit: killing racecar_simulator-4
[roslaunch][INFO] 2020-06-16 21:04:06,334: [static_tf/base_to_laser_tf2-5] killing on exit
[roslaunch][INFO] 2020-06-16 21:04:06,335: [rviz-7] sending SIGINT to pgid [2146]
[roslaunch.pmon][INFO] 2020-06-16 21:04:06,335: ProcessMonitor exit: killing robot_state_publisher-3
[roslaunch.pmon][INFO] 2020-06-16 21:04:06,336: ProcessMonitor exit: killing map_server-2
[roslaunch][INFO] 2020-06-16 21:04:06,336: [racecar_simulator-4] killing on exit
[roslaunch][INFO] 2020-06-16 21:04:06,338: process[static_tf/base_to_laser_tf2-5]: killing os process with pid[2133] pgid[2133]
[roslaunch][INFO] 2020-06-16 21:04:06,338: [rviz-7] sent SIGINT to pgid [2146]
[roslaunch][INFO] 2020-06-16 21:04:06,340: [robot_state_publisher-3] killing on exit
[roslaunch][INFO] 2020-06-16 21:04:06,341: [map_server-2] killing on exit
[roslaunch][INFO] 2020-06-16 21:04:06,342: process[racecar_simulator-4]: killing os process with pid[2126] pgid[2126]
[roslaunch][INFO] 2020-06-16 21:04:06,343: [static_tf/base_to_laser_tf2-5] sending SIGINT to pgid [2133]
[roslaunch][INFO] 2020-06-16 21:04:06,344: process[robot_state_publisher-3]: killing os process with pid[2120] pgid[2120]
[roslaunch][INFO] 2020-06-16 21:04:06,345: [racecar_simulator-4] sending SIGINT to pgid [2126]
[roslaunch][INFO] 2020-06-16 21:04:06,346: process[map_server-2]: killing os process with pid[2119] pgid[2119]
[roslaunch][INFO] 2020-06-16 21:04:06,346: [static_tf/base_to_laser_tf2-5] sent SIGINT to pgid [2133]
[roslaunch][INFO] 2020-06-16 21:04:06,346: [robot_state_publisher-3] sending SIGINT to pgid [2120]
[roslaunch][INFO] 2020-06-16 21:04:06,347: [racecar_simulator-4] sent SIGINT to pgid [2126]
[roslaunch][INFO] 2020-06-16 21:04:06,347: [map_server-2] sending SIGINT to pgid [2119]
[roslaunch][INFO] 2020-06-16 21:04:06,348: [robot_state_publisher-3] sent SIGINT to pgid [2120]
[roslaunch][INFO] 2020-06-16 21:04:06,349: [map_server-2] sent SIGINT to pgid [2119]
[roslaunch][INFO] 2020-06-16 21:04:06,449: process[racecar_simulator-4]: SIGINT killed with return value 0
[roslaunch][INFO] 2020-06-16 21:04:06,548: process[static_tf/base_to_laser_tf2-5]: SIGINT killed with return value 0
[roslaunch][INFO] 2020-06-16 21:04:06,549: process[robot_state_publisher-3]: SIGINT killed with return value 0
[roslaunch][INFO] 2020-06-16 21:04:06,550: process[map_server-2]: SIGINT killed with return value 0
[roslaunch][INFO] 2020-06-16 21:04:06,845: process[rviz-7]: SIGINT killed with return value 0
[roslaunch.pmon][INFO] 2020-06-16 21:04:06,845: ProcessMonitor exit: killing rosout-1
[roslaunch][INFO] 2020-06-16 21:04:06,845: [rosout-1] killing on exit
[roslaunch][INFO] 2020-06-16 21:04:06,845: process[rosout-1]: killing os process with pid[2112] pgid[2112]
[roslaunch][INFO] 2020-06-16 21:04:06,846: [rosout-1] sending SIGINT to pgid [2112]
[roslaunch][INFO] 2020-06-16 21:04:06,846: [rosout-1] sent SIGINT to pgid [2112]
[roslaunch][INFO] 2020-06-16 21:04:07,146: process[rosout-1]: SIGINT killed with return value 0
[roslaunch.pmon][INFO] 2020-06-16 21:04:07,147: ProcessMonitor exit: killing master
[roslaunch][INFO] 2020-06-16 21:04:07,147: [master] killing on exit
[roslaunch][INFO] 2020-06-16 21:04:07,148: process[master]: killing os process with pid[2101] pgid[2101]
[roslaunch][INFO] 2020-06-16 21:04:07,148: [master] sending SIGINT to pgid [2101]
[roslaunch][INFO] 2020-06-16 21:04:07,148: [master] sent SIGINT to pgid [2101]
[roslaunch][INFO] 2020-06-16 21:04:07,349: process[master]: SIGINT killed with return value 0
[roslaunch.pmon][INFO] 2020-06-16 21:04:07,350: ProcessMonitor exit: cleaning up data structures and signals
[roslaunch.pmon][INFO] 2020-06-16 21:04:07,350: ProcessMonitor exit: pmon has shutdown
[roslaunch][INFO] 2020-06-16 21:04:07,369: process monitor is done spinning, initiating full shutdown
[roslaunch][INFO] 2020-06-16 21:04:07,369: runner.stop()
[roslaunch][INFO] 2020-06-16 21:04:07,370: shutting down processing monitor...
[roslaunch][INFO] 2020-06-16 21:04:07,370: shutting down processing monitor <ProcessMonitor(ProcessMonitor-1, stopped daemon 139971530536704)>
[roslaunch.pmon][INFO] 2020-06-16 21:04:07,370: ProcessMonitor.shutdown <ProcessMonitor(ProcessMonitor-1, stopped daemon 139971530536704)>
[roslaunch][INFO] 2020-06-16 21:04:07,371: ... shutting down processing monitor complete
[roslaunch][INFO] 2020-06-16 21:04:07,371: done
[roslaunch.pmon][INFO] 2020-06-16 21:04:07,371: ProcessMonitor.shutdown <ProcessMonitor(ProcessMonitor-1, stopped daemon 139971530536704)>
[rospy.core][INFO] 2020-06-16 21:04:07,372: signal_shutdown [atexit]
