[rosmaster.main][INFO] 2020-06-16 20:30:33,727: initialization complete, waiting for shutdown
[rosmaster.main][INFO] 2020-06-16 20:30:33,727: Starting ROS Master Node
[xmlrpc][INFO] 2020-06-16 20:30:33,728: XML-RPC server binding to 0.0.0.0:11311
[rosmaster.master][INFO] 2020-06-16 20:30:33,728: Master initialized: port[11311], uri[http://3ff6fdf48960:11311/]
[xmlrpc][INFO] 2020-06-16 20:30:33,728: Started XML-RPC server [http://3ff6fdf48960:11311/]
[xmlrpc][INFO] 2020-06-16 20:30:33,729: xml rpc node: starting XML-RPC server
[rosmaster.master][INFO] 2020-06-16 20:30:33,760: +PARAM [/run_id] by /roslaunch
[rosmaster.master][INFO] 2020-06-16 20:30:33,761: +PARAM [/roslaunch/uris/host_3ff6fdf48960__40851] by /roslaunch
[rosmaster.master][INFO] 2020-06-16 20:30:34,251: +PARAM [/move_base/global_costmap/robot_base_frame] by /roslaunch
[rosmaster.master][INFO] 2020-06-16 20:30:34,251: +PARAM [/racecar_simulator/scan_field_of_view] by /roslaunch
[rosmaster.master][INFO] 2020-06-16 20:30:34,251: +PARAM [/racecar_simulator/pose_rviz_topic] by /roslaunch
[rosmaster.master][INFO] 2020-06-16 20:30:34,251: +PARAM [/move_base/local_costmap/footprint] by /roslaunch
[rosmaster.master][INFO] 2020-06-16 20:30:34,252: +PARAM [/racecar_simulator/joy_angle_axis] by /roslaunch
[rosmaster.master][INFO] 2020-06-16 20:30:34,252: +PARAM [/move_base/controller_patience] by /roslaunch
[rosmaster.master][INFO] 2020-06-16 20:30:34,252: +PARAM [/racecar_simulator/scan_beams] by /roslaunch
[rosmaster.master][INFO] 2020-06-16 20:30:34,253: +PARAM [/racecar_simulator/map_frame] by /roslaunch
[rosmaster.master][INFO] 2020-06-16 20:30:34,253: +PARAM [/racecar_simulator/joy_topic] by /roslaunch
[rosmaster.master][INFO] 2020-06-16 20:30:34,253: +PARAM [/racecar_simulator/drive_topic] by /roslaunch
[rosmaster.master][INFO] 2020-06-16 20:30:34,253: +PARAM [/racecar_simulator/joy_speed_axis] by /roslaunch
[rosmaster.master][INFO] 2020-06-16 20:30:34,253: +PARAM [/move_base/local_costmap/height] by /roslaunch
[rosmaster.master][INFO] 2020-06-16 20:30:34,253: +PARAM [/racecar_simulator/odom_frame] by /roslaunch
[rosmaster.master][INFO] 2020-06-16 20:30:34,253: +PARAM [/racecar_simulator/scan_distance_to_base_link] by /roslaunch
[rosmaster.master][INFO] 2020-06-16 20:30:34,254: +SERVICE [/rosout/get_loggers] /rosout http://3ff6fdf48960:33887/
[rosmaster.master][INFO] 2020-06-16 20:30:34,254: +PARAM [/move_base/collision_costmap/global_frame] by /roslaunch
[rosmaster.master][INFO] 2020-06-16 20:30:34,254: +PARAM [/racecar_simulator/update_pose_rate] by /roslaunch
[rosmaster.master][INFO] 2020-06-16 20:30:34,254: +SERVICE [/rosout/set_logger_level] /rosout http://3ff6fdf48960:33887/
[rosmaster.master][INFO] 2020-06-16 20:30:34,255: +PARAM [/racecar_simulator/broadcast_transform] by /roslaunch
[rosmaster.master][INFO] 2020-06-16 20:30:34,255: +PARAM [/move_base/collision_costmap/raytrace_range] by /roslaunch
[rosmaster.master][INFO] 2020-06-16 20:30:34,255: +PARAM [/move_base/clearing_rotation_allowed] by /roslaunch
[rosmaster.master][INFO] 2020-06-16 20:30:34,255: +PUB [/rosout_agg] /rosout http://3ff6fdf48960:33887/
[rosmaster.master][INFO] 2020-06-16 20:30:34,256: +PARAM [/racecar_simulator/scan_frame] by /roslaunch
[rosmaster.master][INFO] 2020-06-16 20:30:34,256: +PARAM [/move_base/MpnetLocalPlanner/yaw_goal_tolerance] by /roslaunch
[rosmaster.master][INFO] 2020-06-16 20:30:34,256: +PARAM [/racecar_simulator/wheelbase] by /roslaunch
[rosmaster.master][INFO] 2020-06-16 20:30:34,257: +PARAM [/move_base/local_costmap/obstacle_range] by /roslaunch
[rosmaster.master][INFO] 2020-06-16 20:30:34,257: +PARAM [/move_base/local_costmap/update_frequency] by /roslaunch
[rosmaster.master][INFO] 2020-06-16 20:30:34,258: +PARAM [/move_base/global_costmap/raytrace_range] by /roslaunch
[rosmaster.master][INFO] 2020-06-16 20:30:34,258: +SUB [/rosout] /rosout http://3ff6fdf48960:33887/
[rosmaster.master][INFO] 2020-06-16 20:30:34,258: +PARAM [/move_base/local_costmap/raytrace_range] by /roslaunch
[rosmaster.master][INFO] 2020-06-16 20:30:34,258: +PARAM [/move_base/collision_costmap/obstacle_range] by /roslaunch
[rosmaster.master][INFO] 2020-06-16 20:30:34,258: +PARAM [/move_base/collision_costmap/update_frequency] by /roslaunch
[rosmaster.master][INFO] 2020-06-16 20:30:34,258: +PARAM [/move_base/global_costmap/obstacle_range] by /roslaunch
[rosmaster.master][INFO] 2020-06-16 20:30:34,258: +PARAM [/move_base/local_costmap/publish_frequency] by /roslaunch
[rosmaster.master][INFO] 2020-06-16 20:30:34,259: +PARAM [/racecar_simulator/joy] by /roslaunch
[rosmaster.master][INFO] 2020-06-16 20:30:34,259: +PARAM [/rosdistro] by /roslaunch
[rosmaster.master][INFO] 2020-06-16 20:30:34,259: +PARAM [/robot_description] by /roslaunch
[rosmaster.master][INFO] 2020-06-16 20:30:34,259: +PARAM [/move_base/global_costmap/footprint] by /roslaunch
[rosmaster.master][INFO] 2020-06-16 20:30:34,259: +PARAM [/racecar_simulator/max_steering_angle] by /roslaunch
[rosmaster.master][INFO] 2020-06-16 20:30:34,259: +PARAM [/racecar_simulator/distance_transform_topic] by /roslaunch
[rosmaster.master][INFO] 2020-06-16 20:30:34,259: +PARAM [/move_base/local_costmap/cost_scaling_factor] by /roslaunch
[rosmaster.master][INFO] 2020-06-16 20:30:34,259: +PARAM [/racecar_simulator/scan_topic] by /roslaunch
[rosmaster.master][INFO] 2020-06-16 20:30:34,259: +PARAM [/move_base/global_costmap/update_frequency] by /roslaunch
[rosmaster.master][INFO] 2020-06-16 20:30:34,259: +PARAM [/rosversion] by /roslaunch
[rosmaster.master][INFO] 2020-06-16 20:30:34,259: +PARAM [/move_base/local_costmap/global_frame] by /roslaunch
[rosmaster.master][INFO] 2020-06-16 20:30:34,259: +PARAM [/racecar_simulator/base_frame] by /roslaunch
[rosmaster.master][INFO] 2020-06-16 20:30:34,259: +PARAM [/racecar_simulator/map_free_threshold] by /roslaunch
[rosmaster.master][INFO] 2020-06-16 20:30:34,259: +PARAM [/move_base/global_costmap/global_frame] by /roslaunch
[rosmaster.master][INFO] 2020-06-16 20:30:34,260: +PARAM [/racecar_simulator/joy_max_speed] by /roslaunch
[rosmaster.master][INFO] 2020-06-16 20:30:34,260: +PARAM [/racecar_simulator/map_topic] by /roslaunch
[rosmaster.master][INFO] 2020-06-16 20:30:34,260: +PARAM [/move_base/local_costmap/static_map] by /roslaunch
[rosmaster.master][INFO] 2020-06-16 20:30:34,260: +PARAM [/move_base/local_costmap/resolution] by /roslaunch
[rosmaster.master][INFO] 2020-06-16 20:30:34,260: +PARAM [/move_base/global_costmap/static_map] by /roslaunch
[rosmaster.master][INFO] 2020-06-16 20:30:34,260: +PARAM [/racecar_simulator/odom_topic] by /roslaunch
[rosmaster.master][INFO] 2020-06-16 20:30:34,260: +PARAM [/move_base/base_local_planner] by /roslaunch
[rosmaster.master][INFO] 2020-06-16 20:30:34,260: +PARAM [/racecar_simulator/scan_std_dev] by /roslaunch
[rosmaster.master][INFO] 2020-06-16 20:30:34,260: +PARAM [/move_base/MpnetLocalPlanner/xy_goal_tolerance] by /roslaunch
[rosmaster.master][INFO] 2020-06-16 20:30:34,260: +PARAM [/racecar_simulator/pose_topic] by /roslaunch
[rosmaster.master][INFO] 2020-06-16 20:30:34,260: +PARAM [/move_base/local_costmap/robot_base_frame] by /roslaunch
[rosmaster.master][INFO] 2020-06-16 20:30:34,260: +PARAM [/move_base/collision_costmap/static_map] by /roslaunch
[rosmaster.master][INFO] 2020-06-16 20:30:34,260: +PARAM [/move_base/local_costmap/width] by /roslaunch
[rosmaster.master][INFO] 2020-06-16 20:30:34,260: +PARAM [/move_base/local_costmap/rolling_window] by /roslaunch
[rosmaster.master][INFO] 2020-06-16 20:30:34,261: +PARAM [/move_base/collision_costmap/robot_base_frame] by /roslaunch
[rosmaster.master][INFO] 2020-06-16 20:30:34,261: +PARAM [/racecar_simulator/max_speed] by /roslaunch
[rosmaster.master][INFO] 2020-06-16 20:30:34,261: +PARAM [/move_base/controller_frequency] by /roslaunch
[rosmaster.master][INFO] 2020-06-16 20:30:34,261: +PARAM [/move_base/collision_costmap/footprint] by /roslaunch
[rosmaster.master][INFO] 2020-06-16 20:30:34,261: +PARAM [/move_base/MpnetLocalPlanner/xy_replan_tolerance] by /roslaunch
[rosmaster.master][INFO] 2020-06-16 20:30:34,738: +PUB [/rosout] /map_server http://3ff6fdf48960:41121/
[rosmaster.master][INFO] 2020-06-16 20:30:34,738: +SERVICE [/map_server/get_loggers] /map_server http://3ff6fdf48960:41121/
[rosmaster.master][INFO] 2020-06-16 20:30:34,739: +SERVICE [/map_server/set_logger_level] /map_server http://3ff6fdf48960:41121/
[rosmaster.master][INFO] 2020-06-16 20:30:34,743: +SERVICE [/static_map] /map_server http://3ff6fdf48960:41121/
[rosmaster.master][INFO] 2020-06-16 20:30:34,743: +PUB [/map_metadata] /map_server http://3ff6fdf48960:41121/
[rosmaster.master][INFO] 2020-06-16 20:30:34,744: +PUB [/map] /map_server http://3ff6fdf48960:41121/
[rosmaster.master][INFO] 2020-06-16 20:30:34,829: publisherUpdate[/rosout] -> http://3ff6fdf48960:33887/ ['http://3ff6fdf48960:41121/']
[rosmaster.master][INFO] 2020-06-16 20:30:34,850: publisherUpdate[/rosout] -> http://3ff6fdf48960:33887/ ['http://3ff6fdf48960:41121/']: sec=0.02, result=[1, '', 0]
[rosmaster.master][INFO] 2020-06-16 20:30:35,197: +PUB [/rosout] /robot_state_publisher http://3ff6fdf48960:43385/
[rosmaster.master][INFO] 2020-06-16 20:30:35,198: +SERVICE [/robot_state_publisher/get_loggers] /robot_state_publisher http://3ff6fdf48960:43385/
[rosmaster.master][INFO] 2020-06-16 20:30:35,198: +SERVICE [/robot_state_publisher/set_logger_level] /robot_state_publisher http://3ff6fdf48960:43385/
[rosmaster.master][INFO] 2020-06-16 20:30:35,201: +PUB [/tf] /robot_state_publisher http://3ff6fdf48960:43385/
[rosmaster.master][INFO] 2020-06-16 20:30:35,201: +PUB [/tf_static] /robot_state_publisher http://3ff6fdf48960:43385/
[rosmaster.master][INFO] 2020-06-16 20:30:35,204: +SUB [/joint_states] /robot_state_publisher http://3ff6fdf48960:43385/
[rosmaster.master][INFO] 2020-06-16 20:30:35,230: publisherUpdate[/rosout] -> http://3ff6fdf48960:33887/ ['http://3ff6fdf48960:41121/', 'http://3ff6fdf48960:43385/']
[rosmaster.master][INFO] 2020-06-16 20:30:35,250: publisherUpdate[/rosout] -> http://3ff6fdf48960:33887/ ['http://3ff6fdf48960:41121/', 'http://3ff6fdf48960:43385/']: sec=0.02, result=[1, '', 0]
[rosmaster.master][INFO] 2020-06-16 20:30:35,644: +PUB [/rosout] /racecar_simulator http://3ff6fdf48960:40047/
[rosmaster.master][INFO] 2020-06-16 20:30:35,651: publisherUpdate[/rosout] -> http://3ff6fdf48960:33887/ ['http://3ff6fdf48960:41121/', 'http://3ff6fdf48960:43385/', 'http://3ff6fdf48960:40047/']
[rosmaster.master][INFO] 2020-06-16 20:30:35,737: +SERVICE [/racecar_simulator/get_loggers] /racecar_simulator http://3ff6fdf48960:40047/
[rosmaster.master][INFO] 2020-06-16 20:30:35,739: publisherUpdate[/rosout] -> http://3ff6fdf48960:33887/ ['http://3ff6fdf48960:41121/', 'http://3ff6fdf48960:43385/', 'http://3ff6fdf48960:40047/']: sec=0.00, result=[1, '', 0]
[rosmaster.master][INFO] 2020-06-16 20:30:35,740: +SERVICE [/racecar_simulator/set_logger_level] /racecar_simulator http://3ff6fdf48960:40047/
[rosmaster.master][INFO] 2020-06-16 20:30:35,742: +PUB [/tf] /racecar_simulator http://3ff6fdf48960:40047/
[rosmaster.master][INFO] 2020-06-16 20:30:35,749: +PUB [/scan] /racecar_simulator http://3ff6fdf48960:40047/
[rosmaster.master][INFO] 2020-06-16 20:30:35,750: +PUB [/odom] /racecar_simulator http://3ff6fdf48960:40047/
[rosmaster.master][INFO] 2020-06-16 20:30:35,752: +SUB [/joy] /racecar_simulator http://3ff6fdf48960:40047/
[rosmaster.master][INFO] 2020-06-16 20:30:35,753: +SUB [/drive] /racecar_simulator http://3ff6fdf48960:40047/
[rosmaster.master][INFO] 2020-06-16 20:30:35,755: +SUB [/map] /racecar_simulator http://3ff6fdf48960:40047/
[rosmaster.master][INFO] 2020-06-16 20:30:35,757: +SUB [/pose] /racecar_simulator http://3ff6fdf48960:40047/
[rosmaster.master][INFO] 2020-06-16 20:30:35,758: +SUB [/initialpose] /racecar_simulator http://3ff6fdf48960:40047/
[rosmaster.master][INFO] 2020-06-16 20:30:36,211: +PUB [/rosout] /static_tf/base_to_laser_tf2 http://3ff6fdf48960:44175/
[rosmaster.master][INFO] 2020-06-16 20:30:36,211: +SERVICE [/static_tf/base_to_laser_tf2/get_loggers] /static_tf/base_to_laser_tf2 http://3ff6fdf48960:44175/
[rosmaster.master][INFO] 2020-06-16 20:30:36,212: +SERVICE [/static_tf/base_to_laser_tf2/set_logger_level] /static_tf/base_to_laser_tf2 http://3ff6fdf48960:44175/
[rosmaster.master][INFO] 2020-06-16 20:30:36,213: +PUB [/tf_static] /static_tf/base_to_laser_tf2 http://3ff6fdf48960:44175/
[rosmaster.master][INFO] 2020-06-16 20:30:36,232: publisherUpdate[/rosout] -> http://3ff6fdf48960:33887/ ['http://3ff6fdf48960:41121/', 'http://3ff6fdf48960:43385/', 'http://3ff6fdf48960:40047/', 'http://3ff6fdf48960:44175/']
[rosmaster.master][INFO] 2020-06-16 20:30:36,252: publisherUpdate[/rosout] -> http://3ff6fdf48960:33887/ ['http://3ff6fdf48960:41121/', 'http://3ff6fdf48960:43385/', 'http://3ff6fdf48960:40047/', 'http://3ff6fdf48960:44175/']: sec=0.02, result=[1, '', 0]
[rosmaster.master][INFO] 2020-06-16 20:30:36,666: +PUB [/rosout] /move_base http://3ff6fdf48960:40751/
[rosmaster.master][INFO] 2020-06-16 20:30:36,666: +SERVICE [/move_base/get_loggers] /move_base http://3ff6fdf48960:40751/
[rosmaster.master][INFO] 2020-06-16 20:30:36,667: +SERVICE [/move_base/set_logger_level] /move_base http://3ff6fdf48960:40751/
[rosmaster.master][INFO] 2020-06-16 20:30:36,669: +SUB [/tf] /move_base http://3ff6fdf48960:40751/
[rosmaster.master][INFO] 2020-06-16 20:30:36,674: +SUB [/tf_static] /move_base http://3ff6fdf48960:40751/
[rosmaster.master][INFO] 2020-06-16 20:30:36,721: +PUB [/cmd_vel] /move_base http://3ff6fdf48960:40751/
[rosmaster.master][INFO] 2020-06-16 20:30:36,721: +PUB [/move_base/current_goal] /move_base http://3ff6fdf48960:40751/
[rosmaster.master][INFO] 2020-06-16 20:30:36,722: +PUB [/move_base/goal] /move_base http://3ff6fdf48960:40751/
[rosmaster.master][INFO] 2020-06-16 20:30:36,725: +SUB [/move_base_simple/goal] /move_base http://3ff6fdf48960:40751/
[rosmaster.master][INFO] 2020-06-16 20:30:36,742: publisherUpdate[/rosout] -> http://3ff6fdf48960:33887/ ['http://3ff6fdf48960:41121/', 'http://3ff6fdf48960:43385/', 'http://3ff6fdf48960:40047/', 'http://3ff6fdf48960:44175/', 'http://3ff6fdf48960:40751/']
[rosmaster.master][INFO] 2020-06-16 20:30:36,743: publisherUpdate[/rosout] -> http://3ff6fdf48960:33887/ ['http://3ff6fdf48960:41121/', 'http://3ff6fdf48960:43385/', 'http://3ff6fdf48960:40047/', 'http://3ff6fdf48960:44175/', 'http://3ff6fdf48960:40751/']: sec=0.00, result=[1, '', 0]
[rosmaster.master][INFO] 2020-06-16 20:30:36,959: +PARAM [/move_base/global_costmap/obstacle_layer/raytrace_range] by /move_base
[rosmaster.master][INFO] 2020-06-16 20:30:36,959: -PARAM [/move_base/global_costmap/raytrace_range] by /move_base
[rosmaster.master][INFO] 2020-06-16 20:30:36,961: +PARAM [/move_base/global_costmap/obstacle_layer/obstacle_range] by /move_base
[rosmaster.master][INFO] 2020-06-16 20:30:36,961: -PARAM [/move_base/global_costmap/obstacle_range] by /move_base
[rosmaster.master][INFO] 2020-06-16 20:30:36,964: +PARAM [/move_base/global_costmap/plugins] by /move_base
[rosmaster.master][INFO] 2020-06-16 20:30:36,975: +SUB [/map] /move_base http://3ff6fdf48960:40751/
[rosmaster.master][INFO] 2020-06-16 20:30:37,191: +PUB [/rosout] /rviz http://3ff6fdf48960:42311/
[rosmaster.master][INFO] 2020-06-16 20:30:37,191: +SERVICE [/rviz/get_loggers] /rviz http://3ff6fdf48960:42311/
[rosmaster.master][INFO] 2020-06-16 20:30:37,191: +SERVICE [/rviz/set_logger_level] /rviz http://3ff6fdf48960:42311/
[rosmaster.master][INFO] 2020-06-16 20:30:37,244: publisherUpdate[/rosout] -> http://3ff6fdf48960:33887/ ['http://3ff6fdf48960:41121/', 'http://3ff6fdf48960:43385/', 'http://3ff6fdf48960:40047/', 'http://3ff6fdf48960:44175/', 'http://3ff6fdf48960:40751/', 'http://3ff6fdf48960:42311/']
[rosmaster.master][INFO] 2020-06-16 20:30:37,244: publisherUpdate[/rosout] -> http://3ff6fdf48960:33887/ ['http://3ff6fdf48960:41121/', 'http://3ff6fdf48960:43385/', 'http://3ff6fdf48960:40047/', 'http://3ff6fdf48960:44175/', 'http://3ff6fdf48960:40751/', 'http://3ff6fdf48960:42311/']: sec=0.00, result=[1, '', 0]
[rosmaster.master][INFO] 2020-06-16 20:30:37,277: +SERVICE [/move_base/global_costmap/static_layer/set_parameters] /move_base http://3ff6fdf48960:40751/
[rosmaster.master][INFO] 2020-06-16 20:30:37,277: +PUB [/move_base/global_costmap/static_layer/parameter_descriptions] /move_base http://3ff6fdf48960:40751/
[rosmaster.master][INFO] 2020-06-16 20:30:37,278: +PUB [/move_base/global_costmap/static_layer/parameter_updates] /move_base http://3ff6fdf48960:40751/
[rosmaster.master][INFO] 2020-06-16 20:30:37,279: +PARAM [/move_base/global_costmap/static_layer/enabled] by /move_base
[rosmaster.master][INFO] 2020-06-16 20:30:37,279: +PARAM [/move_base/global_costmap/static_layer/enabled] by /move_base
[rosmaster.master][INFO] 2020-06-16 20:30:37,283: +SERVICE [/move_base/global_costmap/obstacle_layer/set_parameters] /move_base http://3ff6fdf48960:40751/
[rosmaster.master][INFO] 2020-06-16 20:30:37,283: +PUB [/move_base/global_costmap/obstacle_layer/parameter_descriptions] /move_base http://3ff6fdf48960:40751/
[rosmaster.master][INFO] 2020-06-16 20:30:37,284: +PUB [/move_base/global_costmap/obstacle_layer/parameter_updates] /move_base http://3ff6fdf48960:40751/
[rosmaster.master][INFO] 2020-06-16 20:30:37,286: +PARAM [/move_base/global_costmap/obstacle_layer/enabled] by /move_base
[rosmaster.master][INFO] 2020-06-16 20:30:37,286: +PARAM [/move_base/global_costmap/obstacle_layer/footprint_clearing_enabled] by /move_base
[rosmaster.master][INFO] 2020-06-16 20:30:37,287: +PARAM [/move_base/global_costmap/obstacle_layer/max_obstacle_height] by /move_base
[rosmaster.master][INFO] 2020-06-16 20:30:37,287: +PARAM [/move_base/global_costmap/obstacle_layer/combination_method] by /move_base
[rosmaster.master][INFO] 2020-06-16 20:30:37,288: +PARAM [/move_base/global_costmap/obstacle_layer/enabled] by /move_base
[rosmaster.master][INFO] 2020-06-16 20:30:37,288: +PARAM [/move_base/global_costmap/obstacle_layer/footprint_clearing_enabled] by /move_base
[rosmaster.master][INFO] 2020-06-16 20:30:37,289: +PARAM [/move_base/global_costmap/obstacle_layer/max_obstacle_height] by /move_base
[rosmaster.master][INFO] 2020-06-16 20:30:37,289: +PARAM [/move_base/global_costmap/obstacle_layer/combination_method] by /move_base
[rosmaster.master][INFO] 2020-06-16 20:30:37,291: +SERVICE [/move_base/global_costmap/inflation_layer/set_parameters] /move_base http://3ff6fdf48960:40751/
[rosmaster.master][INFO] 2020-06-16 20:30:37,291: +PUB [/move_base/global_costmap/inflation_layer/parameter_descriptions] /move_base http://3ff6fdf48960:40751/
[rosmaster.master][INFO] 2020-06-16 20:30:37,292: +PUB [/move_base/global_costmap/inflation_layer/parameter_updates] /move_base http://3ff6fdf48960:40751/
[rosmaster.master][INFO] 2020-06-16 20:30:37,293: +PARAM [/move_base/global_costmap/inflation_layer/enabled] by /move_base
[rosmaster.master][INFO] 2020-06-16 20:30:37,294: +PARAM [/move_base/global_costmap/inflation_layer/cost_scaling_factor] by /move_base
[rosmaster.master][INFO] 2020-06-16 20:30:37,294: +PARAM [/move_base/global_costmap/inflation_layer/inflation_radius] by /move_base
[rosmaster.master][INFO] 2020-06-16 20:30:37,295: +PARAM [/move_base/global_costmap/inflation_layer/inflate_unknown] by /move_base
[rosmaster.master][INFO] 2020-06-16 20:30:37,295: +PARAM [/move_base/global_costmap/inflation_layer/enabled] by /move_base
[rosmaster.master][INFO] 2020-06-16 20:30:37,295: +PARAM [/move_base/global_costmap/inflation_layer/cost_scaling_factor] by /move_base
[rosmaster.master][INFO] 2020-06-16 20:30:37,296: +PARAM [/move_base/global_costmap/inflation_layer/inflation_radius] by /move_base
[rosmaster.master][INFO] 2020-06-16 20:30:37,296: +PARAM [/move_base/global_costmap/inflation_layer/inflate_unknown] by /move_base
[rosmaster.master][INFO] 2020-06-16 20:30:37,300: +SUB [/move_base/global_costmap/footprint] /move_base http://3ff6fdf48960:40751/
[rosmaster.master][INFO] 2020-06-16 20:30:37,301: +PUB [/move_base/global_costmap/footprint] /move_base http://3ff6fdf48960:40751/
[rosmaster.master][INFO] 2020-06-16 20:30:37,303: +PARAM [/move_base/global_costmap/footprint] by /move_base
[rosmaster.master][INFO] 2020-06-16 20:30:37,303: +PUB [/move_base/global_costmap/costmap] /move_base http://3ff6fdf48960:40751/
[rosmaster.master][INFO] 2020-06-16 20:30:37,304: +PUB [/move_base/global_costmap/costmap_updates] /move_base http://3ff6fdf48960:40751/
[rosmaster.master][INFO] 2020-06-16 20:30:37,305: +SERVICE [/move_base/global_costmap/set_parameters] /move_base http://3ff6fdf48960:40751/
[rosmaster.master][INFO] 2020-06-16 20:30:37,305: +PUB [/move_base/global_costmap/parameter_descriptions] /move_base http://3ff6fdf48960:40751/
[rosmaster.master][INFO] 2020-06-16 20:30:37,306: +PUB [/move_base/global_costmap/parameter_updates] /move_base http://3ff6fdf48960:40751/
[rosmaster.master][INFO] 2020-06-16 20:30:37,310: +PARAM [/move_base/global_costmap/transform_tolerance] by /move_base
[rosmaster.master][INFO] 2020-06-16 20:30:37,310: +PARAM [/move_base/global_costmap/update_frequency] by /move_base
[rosmaster.master][INFO] 2020-06-16 20:30:37,311: +PARAM [/move_base/global_costmap/publish_frequency] by /move_base
[rosmaster.master][INFO] 2020-06-16 20:30:37,311: +PARAM [/move_base/global_costmap/width] by /move_base
[rosmaster.master][INFO] 2020-06-16 20:30:37,312: +PARAM [/move_base/global_costmap/height] by /move_base
[rosmaster.master][INFO] 2020-06-16 20:30:37,312: +PARAM [/move_base/global_costmap/resolution] by /move_base
[rosmaster.master][INFO] 2020-06-16 20:30:37,313: +PARAM [/move_base/global_costmap/origin_x] by /move_base
[rosmaster.master][INFO] 2020-06-16 20:30:37,313: +PARAM [/move_base/global_costmap/origin_y] by /move_base
[rosmaster.master][INFO] 2020-06-16 20:30:37,314: +PARAM [/move_base/global_costmap/footprint] by /move_base
[rosmaster.master][INFO] 2020-06-16 20:30:37,314: +PARAM [/move_base/global_costmap/robot_radius] by /move_base
[rosmaster.master][INFO] 2020-06-16 20:30:37,315: +PARAM [/move_base/global_costmap/footprint_padding] by /move_base
[rosmaster.master][INFO] 2020-06-16 20:30:37,315: +PARAM [/move_base/global_costmap/transform_tolerance] by /move_base
[rosmaster.master][INFO] 2020-06-16 20:30:37,316: +PARAM [/move_base/global_costmap/update_frequency] by /move_base
[rosmaster.master][INFO] 2020-06-16 20:30:37,317: +PARAM [/move_base/global_costmap/publish_frequency] by /move_base
[rosmaster.master][INFO] 2020-06-16 20:30:37,317: +PARAM [/move_base/global_costmap/width] by /move_base
[rosmaster.master][INFO] 2020-06-16 20:30:37,318: +PARAM [/move_base/global_costmap/height] by /move_base
[rosmaster.master][INFO] 2020-06-16 20:30:37,318: +PARAM [/move_base/global_costmap/resolution] by /move_base
[rosmaster.master][INFO] 2020-06-16 20:30:37,319: +PARAM [/move_base/global_costmap/origin_x] by /move_base
[rosmaster.master][INFO] 2020-06-16 20:30:37,319: +PARAM [/move_base/global_costmap/origin_y] by /move_base
[rosmaster.master][INFO] 2020-06-16 20:30:37,320: +PARAM [/move_base/global_costmap/footprint] by /move_base
[rosmaster.master][INFO] 2020-06-16 20:30:37,320: +PARAM [/move_base/global_costmap/robot_radius] by /move_base
[rosmaster.master][INFO] 2020-06-16 20:30:37,321: +PARAM [/move_base/global_costmap/footprint_padding] by /move_base
[rosmaster.master][INFO] 2020-06-16 20:30:37,322: +PUB [/move_base/NavfnROS/plan] /move_base http://3ff6fdf48960:40751/
[rosmaster.master][INFO] 2020-06-16 20:30:37,324: +SERVICE [/move_base/NavfnROS/make_plan] /move_base http://3ff6fdf48960:40751/
[rosmaster.master][INFO] 2020-06-16 20:30:37,330: +PARAM [/move_base/local_costmap/obstacle_layer/raytrace_range] by /move_base
[rosmaster.master][INFO] 2020-06-16 20:30:37,331: -PARAM [/move_base/local_costmap/raytrace_range] by /move_base
[rosmaster.master][INFO] 2020-06-16 20:30:37,332: +PARAM [/move_base/local_costmap/obstacle_layer/obstacle_range] by /move_base
[rosmaster.master][INFO] 2020-06-16 20:30:37,332: -PARAM [/move_base/local_costmap/obstacle_range] by /move_base
[rosmaster.master][INFO] 2020-06-16 20:30:37,334: +PARAM [/move_base/local_costmap/inflation_layer/cost_scaling_factor] by /move_base
[rosmaster.master][INFO] 2020-06-16 20:30:37,334: -PARAM [/move_base/local_costmap/cost_scaling_factor] by /move_base
[rosmaster.master][INFO] 2020-06-16 20:30:37,335: +PARAM [/move_base/local_costmap/plugins] by /move_base
[rosmaster.master][INFO] 2020-06-16 20:30:37,345: publisherUpdate[/move_base/global_costmap/footprint] -> http://3ff6fdf48960:40751/ ['http://3ff6fdf48960:40751/']
[rosmaster.master][INFO] 2020-06-16 20:30:37,366: publisherUpdate[/move_base/global_costmap/footprint] -> http://3ff6fdf48960:40751/ ['http://3ff6fdf48960:40751/']: sec=0.02, result=[1, '', 0]
[rosmaster.master][INFO] 2020-06-16 20:30:37,442: +SERVICE [/move_base/local_costmap/static_layer/set_parameters] /move_base http://3ff6fdf48960:40751/
[rosmaster.master][INFO] 2020-06-16 20:30:37,443: +PUB [/move_base/local_costmap/static_layer/parameter_descriptions] /move_base http://3ff6fdf48960:40751/
[rosmaster.master][INFO] 2020-06-16 20:30:37,443: +PUB [/move_base/local_costmap/static_layer/parameter_updates] /move_base http://3ff6fdf48960:40751/
[rosmaster.master][INFO] 2020-06-16 20:30:37,444: +PARAM [/move_base/local_costmap/static_layer/enabled] by /move_base
[rosmaster.master][INFO] 2020-06-16 20:30:37,445: +PARAM [/move_base/local_costmap/static_layer/enabled] by /move_base
[rosmaster.master][INFO] 2020-06-16 20:30:37,448: +SERVICE [/move_base/local_costmap/obstacle_layer/set_parameters] /move_base http://3ff6fdf48960:40751/
[rosmaster.master][INFO] 2020-06-16 20:30:37,448: +PUB [/move_base/local_costmap/obstacle_layer/parameter_descriptions] /move_base http://3ff6fdf48960:40751/
[rosmaster.master][INFO] 2020-06-16 20:30:37,449: +PUB [/move_base/local_costmap/obstacle_layer/parameter_updates] /move_base http://3ff6fdf48960:40751/
[rosmaster.master][INFO] 2020-06-16 20:30:37,450: +PARAM [/move_base/local_costmap/obstacle_layer/enabled] by /move_base
[rosmaster.master][INFO] 2020-06-16 20:30:37,451: +PARAM [/move_base/local_costmap/obstacle_layer/footprint_clearing_enabled] by /move_base
[rosmaster.master][INFO] 2020-06-16 20:30:37,451: +PARAM [/move_base/local_costmap/obstacle_layer/max_obstacle_height] by /move_base
[rosmaster.master][INFO] 2020-06-16 20:30:37,452: +PARAM [/move_base/local_costmap/obstacle_layer/combination_method] by /move_base
[rosmaster.master][INFO] 2020-06-16 20:30:37,452: +PARAM [/move_base/local_costmap/obstacle_layer/enabled] by /move_base
[rosmaster.master][INFO] 2020-06-16 20:30:37,452: +PARAM [/move_base/local_costmap/obstacle_layer/footprint_clearing_enabled] by /move_base
[rosmaster.master][INFO] 2020-06-16 20:30:37,453: +PARAM [/move_base/local_costmap/obstacle_layer/max_obstacle_height] by /move_base
[rosmaster.master][INFO] 2020-06-16 20:30:37,453: +PARAM [/move_base/local_costmap/obstacle_layer/combination_method] by /move_base
[rosmaster.master][INFO] 2020-06-16 20:30:37,454: +SERVICE [/move_base/local_costmap/inflation_layer/set_parameters] /move_base http://3ff6fdf48960:40751/
[rosmaster.master][INFO] 2020-06-16 20:30:37,455: +PUB [/move_base/local_costmap/inflation_layer/parameter_descriptions] /move_base http://3ff6fdf48960:40751/
[rosmaster.master][INFO] 2020-06-16 20:30:37,455: +PUB [/move_base/local_costmap/inflation_layer/parameter_updates] /move_base http://3ff6fdf48960:40751/
[rosmaster.master][INFO] 2020-06-16 20:30:37,457: +PARAM [/move_base/local_costmap/inflation_layer/enabled] by /move_base
[rosmaster.master][INFO] 2020-06-16 20:30:37,457: +PARAM [/move_base/local_costmap/inflation_layer/cost_scaling_factor] by /move_base
[rosmaster.master][INFO] 2020-06-16 20:30:37,457: +PARAM [/move_base/local_costmap/inflation_layer/inflation_radius] by /move_base
[rosmaster.master][INFO] 2020-06-16 20:30:37,458: +PARAM [/move_base/local_costmap/inflation_layer/inflate_unknown] by /move_base
[rosmaster.master][INFO] 2020-06-16 20:30:37,458: +PARAM [/move_base/local_costmap/inflation_layer/enabled] by /move_base
[rosmaster.master][INFO] 2020-06-16 20:30:37,459: +PARAM [/move_base/local_costmap/inflation_layer/cost_scaling_factor] by /move_base
[rosmaster.master][INFO] 2020-06-16 20:30:37,459: +PARAM [/move_base/local_costmap/inflation_layer/inflation_radius] by /move_base
[rosmaster.master][INFO] 2020-06-16 20:30:37,459: +PARAM [/move_base/local_costmap/inflation_layer/inflate_unknown] by /move_base
[rosmaster.master][INFO] 2020-06-16 20:30:37,462: +SUB [/move_base/local_costmap/footprint] /move_base http://3ff6fdf48960:40751/
[rosmaster.master][INFO] 2020-06-16 20:30:37,462: +PUB [/move_base/local_costmap/footprint] /move_base http://3ff6fdf48960:40751/
[rosmaster.master][INFO] 2020-06-16 20:30:37,463: +PARAM [/move_base/local_costmap/footprint] by /move_base
[rosmaster.master][INFO] 2020-06-16 20:30:37,464: +PUB [/move_base/local_costmap/costmap] /move_base http://3ff6fdf48960:40751/
[rosmaster.master][INFO] 2020-06-16 20:30:37,464: +PUB [/move_base/local_costmap/costmap_updates] /move_base http://3ff6fdf48960:40751/
[rosmaster.master][INFO] 2020-06-16 20:30:37,464: +SERVICE [/move_base/local_costmap/set_parameters] /move_base http://3ff6fdf48960:40751/
[rosmaster.master][INFO] 2020-06-16 20:30:37,465: +PUB [/move_base/local_costmap/parameter_descriptions] /move_base http://3ff6fdf48960:40751/
[rosmaster.master][INFO] 2020-06-16 20:30:37,465: +PUB [/move_base/local_costmap/parameter_updates] /move_base http://3ff6fdf48960:40751/
[rosmaster.master][INFO] 2020-06-16 20:30:37,466: publisherUpdate[/move_base/local_costmap/footprint] -> http://3ff6fdf48960:40751/ ['http://3ff6fdf48960:40751/']
[rosmaster.master][INFO] 2020-06-16 20:30:37,467: publisherUpdate[/move_base/local_costmap/footprint] -> http://3ff6fdf48960:40751/ ['http://3ff6fdf48960:40751/']: sec=0.00, result=[1, '', 0]
[rosmaster.master][INFO] 2020-06-16 20:30:37,470: +PARAM [/move_base/local_costmap/transform_tolerance] by /move_base
[rosmaster.master][INFO] 2020-06-16 20:30:37,470: +PARAM [/move_base/local_costmap/update_frequency] by /move_base
[rosmaster.master][INFO] 2020-06-16 20:30:37,470: +PARAM [/move_base/local_costmap/publish_frequency] by /move_base
[rosmaster.master][INFO] 2020-06-16 20:30:37,471: +PARAM [/move_base/local_costmap/width] by /move_base
[rosmaster.master][INFO] 2020-06-16 20:30:37,471: +PARAM [/move_base/local_costmap/height] by /move_base
[rosmaster.master][INFO] 2020-06-16 20:30:37,471: +PARAM [/move_base/local_costmap/resolution] by /move_base
[rosmaster.master][INFO] 2020-06-16 20:30:37,472: +PARAM [/move_base/local_costmap/origin_x] by /move_base
[rosmaster.master][INFO] 2020-06-16 20:30:37,472: +PARAM [/move_base/local_costmap/origin_y] by /move_base
[rosmaster.master][INFO] 2020-06-16 20:30:37,473: +PARAM [/move_base/local_costmap/footprint] by /move_base
[rosmaster.master][INFO] 2020-06-16 20:30:37,473: +PARAM [/move_base/local_costmap/robot_radius] by /move_base
[rosmaster.master][INFO] 2020-06-16 20:30:37,473: +PARAM [/move_base/local_costmap/footprint_padding] by /move_base
[rosmaster.master][INFO] 2020-06-16 20:30:37,474: +PARAM [/move_base/local_costmap/transform_tolerance] by /move_base
[rosmaster.master][INFO] 2020-06-16 20:30:37,474: +PARAM [/move_base/local_costmap/update_frequency] by /move_base
[rosmaster.master][INFO] 2020-06-16 20:30:37,475: +PARAM [/move_base/local_costmap/publish_frequency] by /move_base
[rosmaster.master][INFO] 2020-06-16 20:30:37,475: +PARAM [/move_base/local_costmap/width] by /move_base
[rosmaster.master][INFO] 2020-06-16 20:30:37,475: +PARAM [/move_base/local_costmap/height] by /move_base
[rosmaster.master][INFO] 2020-06-16 20:30:37,476: +PARAM [/move_base/local_costmap/resolution] by /move_base
[rosmaster.master][INFO] 2020-06-16 20:30:37,476: +PARAM [/move_base/local_costmap/origin_x] by /move_base
[rosmaster.master][INFO] 2020-06-16 20:30:37,476: +PARAM [/move_base/local_costmap/origin_y] by /move_base
[rosmaster.master][INFO] 2020-06-16 20:30:37,477: +PARAM [/move_base/local_costmap/footprint] by /move_base
[rosmaster.master][INFO] 2020-06-16 20:30:37,477: +PARAM [/move_base/local_costmap/robot_radius] by /move_base
[rosmaster.master][INFO] 2020-06-16 20:30:37,477: +PARAM [/move_base/local_costmap/footprint_padding] by /move_base
[rosmaster.master][INFO] 2020-06-16 20:30:37,644: +SUB [/odom] /move_base http://3ff6fdf48960:40751/
[rosmaster.master][INFO] 2020-06-16 20:30:37,645: +PUB [/move_base/MpnetLocalPlanner/local_plan] /move_base http://3ff6fdf48960:40751/
[rosmaster.master][INFO] 2020-06-16 20:30:37,645: +PUB [/move_base/MpnetLocalPlanner/global_plan] /move_base http://3ff6fdf48960:40751/
[rosmaster.master][INFO] 2020-06-16 20:30:37,653: +PARAM [/move_base/collision_costmap/obstacle_layer/raytrace_range] by /move_base
[rosmaster.master][INFO] 2020-06-16 20:30:37,653: -PARAM [/move_base/collision_costmap/raytrace_range] by /move_base
[rosmaster.master][INFO] 2020-06-16 20:30:37,655: +PARAM [/move_base/collision_costmap/obstacle_layer/obstacle_range] by /move_base
[rosmaster.master][INFO] 2020-06-16 20:30:37,655: -PARAM [/move_base/collision_costmap/obstacle_range] by /move_base
[rosmaster.master][INFO] 2020-06-16 20:30:37,658: +PARAM [/move_base/collision_costmap/plugins] by /move_base
[rosmaster.master][INFO] 2020-06-16 20:30:37,700: +SUB [/tf] /rviz http://3ff6fdf48960:42311/
[rosmaster.master][INFO] 2020-06-16 20:30:37,703: +SUB [/tf_static] /rviz http://3ff6fdf48960:42311/
[rosmaster.master][INFO] 2020-06-16 20:30:37,738: +PUB [/initialpose] /rviz http://3ff6fdf48960:42311/
[rosmaster.master][INFO] 2020-06-16 20:30:37,739: +PUB [/goal] /rviz http://3ff6fdf48960:42311/
[rosmaster.master][INFO] 2020-06-16 20:30:37,746: +SUB [/map] /rviz http://3ff6fdf48960:42311/
[rosmaster.master][INFO] 2020-06-16 20:30:37,748: +SUB [/map_updates] /rviz http://3ff6fdf48960:42311/
[rosmaster.master][INFO] 2020-06-16 20:30:37,750: +SUB [/move_base/local_costmap/costmap] /rviz http://3ff6fdf48960:42311/
[rosmaster.master][INFO] 2020-06-16 20:30:37,752: +SUB [/move_base/local_costmap/costmap_updates] /rviz http://3ff6fdf48960:42311/
[rosmaster.master][INFO] 2020-06-16 20:30:37,754: publisherUpdate[/initialpose] -> http://3ff6fdf48960:40047/ ['http://3ff6fdf48960:42311/']
[rosmaster.master][INFO] 2020-06-16 20:30:37,759: +SUB [/move_base/MpnetLocalPlanner/local_plan] /rviz http://3ff6fdf48960:42311/
[rosmaster.master][INFO] 2020-06-16 20:30:37,761: +SUB [/move_base_simple/goal] /rviz http://3ff6fdf48960:42311/
[rosmaster.master][INFO] 2020-06-16 20:30:37,763: +SUB [/move_base/MpnetLocalPlanner/global_plan] /rviz http://3ff6fdf48960:42311/
[rosmaster.master][INFO] 2020-06-16 20:30:37,763: -PUB [/goal] /rviz http://3ff6fdf48960:42311/
[rosmaster.master][INFO] 2020-06-16 20:30:37,764: -PUB [/initialpose] /rviz http://3ff6fdf48960:42311/
[rosmaster.master][INFO] 2020-06-16 20:30:37,766: +SERVICE [/move_base/collision_costmap/static_layer/set_parameters] /move_base http://3ff6fdf48960:40751/
[rosmaster.master][INFO] 2020-06-16 20:30:37,766: +PUB [/move_base/collision_costmap/static_layer/parameter_descriptions] /move_base http://3ff6fdf48960:40751/
[rosmaster.master][INFO] 2020-06-16 20:30:37,767: +PUB [/move_base/collision_costmap/static_layer/parameter_updates] /move_base http://3ff6fdf48960:40751/
[rosmaster.master][INFO] 2020-06-16 20:30:37,767: +PUB [/initialpose] /rviz http://3ff6fdf48960:42311/
[rosmaster.master][INFO] 2020-06-16 20:30:37,768: +PARAM [/move_base/collision_costmap/static_layer/enabled] by /move_base
[rosmaster.master][INFO] 2020-06-16 20:30:37,769: +PARAM [/move_base/collision_costmap/static_layer/enabled] by /move_base
[rosmaster.master][INFO] 2020-06-16 20:30:37,769: +PUB [/goal] /rviz http://3ff6fdf48960:42311/
[rosmaster.master][INFO] 2020-06-16 20:30:37,770: +PUB [/move_base_simple/goal] /rviz http://3ff6fdf48960:42311/
[rosmaster.master][INFO] 2020-06-16 20:30:37,771: -PUB [/goal] /rviz http://3ff6fdf48960:42311/
[rosmaster.master][INFO] 2020-06-16 20:30:37,772: +PUB [/clicked_point] /rviz http://3ff6fdf48960:42311/
[rosmaster.master][INFO] 2020-06-16 20:30:37,773: +SERVICE [/move_base/collision_costmap/obstacle_layer/set_parameters] /move_base http://3ff6fdf48960:40751/
[rosmaster.master][INFO] 2020-06-16 20:30:37,774: +PUB [/move_base/collision_costmap/obstacle_layer/parameter_descriptions] /move_base http://3ff6fdf48960:40751/
[rosmaster.master][INFO] 2020-06-16 20:30:37,774: +PUB [/move_base/collision_costmap/obstacle_layer/parameter_updates] /move_base http://3ff6fdf48960:40751/
[rosmaster.master][INFO] 2020-06-16 20:30:37,776: +PARAM [/move_base/collision_costmap/obstacle_layer/enabled] by /move_base
[rosmaster.master][INFO] 2020-06-16 20:30:37,776: +PARAM [/move_base/collision_costmap/obstacle_layer/footprint_clearing_enabled] by /move_base
[rosmaster.master][INFO] 2020-06-16 20:30:37,776: +PARAM [/move_base/collision_costmap/obstacle_layer/max_obstacle_height] by /move_base
[rosmaster.master][INFO] 2020-06-16 20:30:37,777: +PARAM [/move_base/collision_costmap/obstacle_layer/combination_method] by /move_base
[rosmaster.master][INFO] 2020-06-16 20:30:37,777: +PARAM [/move_base/collision_costmap/obstacle_layer/enabled] by /move_base
[rosmaster.master][INFO] 2020-06-16 20:30:37,778: +PARAM [/move_base/collision_costmap/obstacle_layer/footprint_clearing_enabled] by /move_base
[rosmaster.master][INFO] 2020-06-16 20:30:37,778: +PARAM [/move_base/collision_costmap/obstacle_layer/max_obstacle_height] by /move_base
[rosmaster.master][INFO] 2020-06-16 20:30:37,778: +PARAM [/move_base/collision_costmap/obstacle_layer/combination_method] by /move_base
[rosmaster.master][INFO] 2020-06-16 20:30:37,779: +SERVICE [/move_base/collision_costmap/inflation_layer/set_parameters] /move_base http://3ff6fdf48960:40751/
[rosmaster.master][INFO] 2020-06-16 20:30:37,780: +PUB [/move_base/collision_costmap/inflation_layer/parameter_descriptions] /move_base http://3ff6fdf48960:40751/
[rosmaster.master][INFO] 2020-06-16 20:30:37,780: +PUB [/move_base/collision_costmap/inflation_layer/parameter_updates] /move_base http://3ff6fdf48960:40751/
[rosmaster.master][INFO] 2020-06-16 20:30:37,782: +PARAM [/move_base/collision_costmap/inflation_layer/enabled] by /move_base
[rosmaster.master][INFO] 2020-06-16 20:30:37,782: +PARAM [/move_base/collision_costmap/inflation_layer/cost_scaling_factor] by /move_base
[rosmaster.master][INFO] 2020-06-16 20:30:37,783: +PARAM [/move_base/collision_costmap/inflation_layer/inflation_radius] by /move_base
[rosmaster.master][INFO] 2020-06-16 20:30:37,783: +PARAM [/move_base/collision_costmap/inflation_layer/inflate_unknown] by /move_base
[rosmaster.master][INFO] 2020-06-16 20:30:37,784: +PARAM [/move_base/collision_costmap/inflation_layer/enabled] by /move_base
[rosmaster.master][INFO] 2020-06-16 20:30:37,784: +PARAM [/move_base/collision_costmap/inflation_layer/cost_scaling_factor] by /move_base
[rosmaster.master][INFO] 2020-06-16 20:30:37,784: +PARAM [/move_base/collision_costmap/inflation_layer/inflation_radius] by /move_base
[rosmaster.master][INFO] 2020-06-16 20:30:37,785: +PARAM [/move_base/collision_costmap/inflation_layer/inflate_unknown] by /move_base
[rosmaster.master][INFO] 2020-06-16 20:30:37,787: publisherUpdate[/initialpose] -> http://3ff6fdf48960:40047/ ['http://3ff6fdf48960:42311/']: sec=0.03, result=[1, '', 0]
[rosmaster.master][INFO] 2020-06-16 20:30:37,788: publisherUpdate[/initialpose] -> http://3ff6fdf48960:40047/ []
[rosmaster.master][INFO] 2020-06-16 20:30:37,789: +SUB [/move_base/collision_costmap/footprint] /move_base http://3ff6fdf48960:40751/
[rosmaster.master][INFO] 2020-06-16 20:30:37,790: publisherUpdate[/initialpose] -> http://3ff6fdf48960:40047/ []: sec=0.00, result=[1, '', 0]
[rosmaster.master][INFO] 2020-06-16 20:30:37,790: publisherUpdate[/initialpose] -> http://3ff6fdf48960:40047/ ['http://3ff6fdf48960:42311/']
[rosmaster.master][INFO] 2020-06-16 20:30:37,792: +PUB [/move_base/collision_costmap/footprint] /move_base http://3ff6fdf48960:40751/
[rosmaster.master][INFO] 2020-06-16 20:30:37,792: publisherUpdate[/initialpose] -> http://3ff6fdf48960:40047/ ['http://3ff6fdf48960:42311/']: sec=0.00, result=[1, '', 0]
[rosmaster.master][INFO] 2020-06-16 20:30:37,793: publisherUpdate[/move_base_simple/goal] -> http://3ff6fdf48960:40751/ ['http://3ff6fdf48960:42311/']
[rosmaster.master][INFO] 2020-06-16 20:30:37,794: +PARAM [/move_base/collision_costmap/footprint] by /move_base
[rosmaster.master][INFO] 2020-06-16 20:30:37,794: +PUB [/move_base/collision_costmap/costmap] /move_base http://3ff6fdf48960:40751/
[rosmaster.master][INFO] 2020-06-16 20:30:37,795: +PUB [/move_base/collision_costmap/costmap_updates] /move_base http://3ff6fdf48960:40751/
[rosmaster.master][INFO] 2020-06-16 20:30:37,795: +SERVICE [/move_base/collision_costmap/set_parameters] /move_base http://3ff6fdf48960:40751/
[rosmaster.master][INFO] 2020-06-16 20:30:37,796: +PUB [/move_base/collision_costmap/parameter_descriptions] /move_base http://3ff6fdf48960:40751/
[rosmaster.master][INFO] 2020-06-16 20:30:37,796: +PUB [/move_base/collision_costmap/parameter_updates] /move_base http://3ff6fdf48960:40751/
[rosmaster.master][INFO] 2020-06-16 20:30:37,801: +PARAM [/move_base/collision_costmap/transform_tolerance] by /move_base
[rosmaster.master][INFO] 2020-06-16 20:30:37,801: +PARAM [/move_base/collision_costmap/update_frequency] by /move_base
[rosmaster.master][INFO] 2020-06-16 20:30:37,802: +PARAM [/move_base/collision_costmap/publish_frequency] by /move_base
[rosmaster.master][INFO] 2020-06-16 20:30:37,802: +PARAM [/move_base/collision_costmap/width] by /move_base
[rosmaster.master][INFO] 2020-06-16 20:30:37,803: +PARAM [/move_base/collision_costmap/height] by /move_base
[rosmaster.master][INFO] 2020-06-16 20:30:37,803: +SERVICE [/rviz/reload_shaders] /rviz http://3ff6fdf48960:42311/
[rosmaster.master][INFO] 2020-06-16 20:30:37,804: +PARAM [/move_base/collision_costmap/resolution] by /move_base
[rosmaster.master][INFO] 2020-06-16 20:30:37,804: +SERVICE [/rviz/load_config] /rviz http://3ff6fdf48960:42311/
[rosmaster.master][INFO] 2020-06-16 20:30:37,805: +PARAM [/move_base/collision_costmap/origin_x] by /move_base
[rosmaster.master][INFO] 2020-06-16 20:30:37,805: +SERVICE [/rviz/save_config] /rviz http://3ff6fdf48960:42311/
[rosmaster.master][INFO] 2020-06-16 20:30:37,806: +PARAM [/move_base/collision_costmap/origin_y] by /move_base
[rosmaster.master][INFO] 2020-06-16 20:30:37,806: +PARAM [/move_base/collision_costmap/footprint] by /move_base
[rosmaster.master][INFO] 2020-06-16 20:30:37,807: +PARAM [/move_base/collision_costmap/robot_radius] by /move_base
[rosmaster.master][INFO] 2020-06-16 20:30:37,807: +PARAM [/move_base/collision_costmap/footprint_padding] by /move_base
[rosmaster.master][INFO] 2020-06-16 20:30:37,808: +PARAM [/move_base/collision_costmap/transform_tolerance] by /move_base
[rosmaster.master][INFO] 2020-06-16 20:30:37,808: +PARAM [/move_base/collision_costmap/update_frequency] by /move_base
[rosmaster.master][INFO] 2020-06-16 20:30:37,808: +PARAM [/move_base/collision_costmap/publish_frequency] by /move_base
[rosmaster.master][INFO] 2020-06-16 20:30:37,809: +PARAM [/move_base/collision_costmap/width] by /move_base
[rosmaster.master][INFO] 2020-06-16 20:30:37,809: +PARAM [/move_base/collision_costmap/height] by /move_base
[rosmaster.master][INFO] 2020-06-16 20:30:37,809: +PARAM [/move_base/collision_costmap/resolution] by /move_base
[rosmaster.master][INFO] 2020-06-16 20:30:37,810: +PARAM [/move_base/collision_costmap/origin_x] by /move_base
[rosmaster.master][INFO] 2020-06-16 20:30:37,810: +PARAM [/move_base/collision_costmap/origin_y] by /move_base
[rosmaster.master][INFO] 2020-06-16 20:30:37,811: +PARAM [/move_base/collision_costmap/footprint] by /move_base
[rosmaster.master][INFO] 2020-06-16 20:30:37,811: +PARAM [/move_base/collision_costmap/robot_radius] by /move_base
[rosmaster.master][INFO] 2020-06-16 20:30:37,812: +PARAM [/move_base/collision_costmap/footprint_padding] by /move_base
[rosmaster.master][INFO] 2020-06-16 20:30:37,855: publisherUpdate[/move_base_simple/goal] -> http://3ff6fdf48960:42311/ ['http://3ff6fdf48960:42311/']
[rosmaster.master][INFO] 2020-06-16 20:30:37,880: publisherUpdate[/move_base_simple/goal] -> http://3ff6fdf48960:42311/ ['http://3ff6fdf48960:42311/']: sec=0.03, result=[1, '', 0]
[rosmaster.master][INFO] 2020-06-16 20:30:37,894: publisherUpdate[/move_base_simple/goal] -> http://3ff6fdf48960:40751/ ['http://3ff6fdf48960:42311/']: sec=0.10, result=[1, '', 0]
[rosmaster.master][INFO] 2020-06-16 20:30:37,894: publisherUpdate[/move_base/collision_costmap/footprint] -> http://3ff6fdf48960:40751/ ['http://3ff6fdf48960:40751/']
[rosmaster.master][INFO] 2020-06-16 20:30:37,895: publisherUpdate[/move_base/collision_costmap/footprint] -> http://3ff6fdf48960:40751/ ['http://3ff6fdf48960:40751/']: sec=0.00, result=[1, '', 0]
[rosmaster.master][INFO] 2020-06-16 20:30:40,882: +SERVICE [/move_base/make_plan] /move_base http://3ff6fdf48960:40751/
[rosmaster.master][INFO] 2020-06-16 20:30:40,884: +SERVICE [/move_base/clear_costmaps] /move_base http://3ff6fdf48960:40751/
[rosmaster.master][INFO] 2020-06-16 20:30:40,886: +PARAM [/move_base/conservative_reset/reset_distance] by /move_base
[rosmaster.master][INFO] 2020-06-16 20:30:40,888: +PARAM [/move_base/aggressive_reset/reset_distance] by /move_base
[rosmaster.master][INFO] 2020-06-16 20:30:40,905: +PUB [/move_base/result] /move_base http://3ff6fdf48960:40751/
[rosmaster.master][INFO] 2020-06-16 20:30:40,907: +PUB [/move_base/feedback] /move_base http://3ff6fdf48960:40751/
[rosmaster.master][INFO] 2020-06-16 20:30:40,908: +PUB [/move_base/status] /move_base http://3ff6fdf48960:40751/
[rosmaster.master][INFO] 2020-06-16 20:30:40,919: +SUB [/move_base/goal] /move_base http://3ff6fdf48960:40751/
[rosmaster.master][INFO] 2020-06-16 20:30:40,926: +SUB [/move_base/cancel] /move_base http://3ff6fdf48960:40751/
[rosmaster.master][INFO] 2020-06-16 20:30:40,928: +SERVICE [/move_base/set_parameters] /move_base http://3ff6fdf48960:40751/
[rosmaster.master][INFO] 2020-06-16 20:30:40,929: +PUB [/move_base/parameter_descriptions] /move_base http://3ff6fdf48960:40751/
[rosmaster.master][INFO] 2020-06-16 20:30:40,930: +PUB [/move_base/parameter_updates] /move_base http://3ff6fdf48960:40751/
[rosmaster.master][INFO] 2020-06-16 20:30:40,939: +PARAM [/move_base/base_global_planner] by /move_base
[rosmaster.master][INFO] 2020-06-16 20:30:40,940: +PARAM [/move_base/base_local_planner] by /move_base
[rosmaster.master][INFO] 2020-06-16 20:30:40,940: +PARAM [/move_base/planner_frequency] by /move_base
[rosmaster.master][INFO] 2020-06-16 20:30:40,941: +PARAM [/move_base/controller_frequency] by /move_base
[rosmaster.master][INFO] 2020-06-16 20:30:40,942: +PARAM [/move_base/planner_patience] by /move_base
[rosmaster.master][INFO] 2020-06-16 20:30:40,943: +PARAM [/move_base/controller_patience] by /move_base
[rosmaster.master][INFO] 2020-06-16 20:30:40,944: +PARAM [/move_base/max_planning_retries] by /move_base
[rosmaster.master][INFO] 2020-06-16 20:30:40,945: +PARAM [/move_base/conservative_reset_dist] by /move_base
[rosmaster.master][INFO] 2020-06-16 20:30:40,945: +PARAM [/move_base/recovery_behavior_enabled] by /move_base
[rosmaster.master][INFO] 2020-06-16 20:30:40,946: +PARAM [/move_base/clearing_rotation_allowed] by /move_base
[rosmaster.master][INFO] 2020-06-16 20:30:40,947: +PARAM [/move_base/shutdown_costmaps] by /move_base
[rosmaster.master][INFO] 2020-06-16 20:30:40,948: +PARAM [/move_base/oscillation_timeout] by /move_base
[rosmaster.master][INFO] 2020-06-16 20:30:40,948: +PARAM [/move_base/oscillation_distance] by /move_base
[rosmaster.master][INFO] 2020-06-16 20:30:40,949: +PARAM [/move_base/restore_defaults] by /move_base
[rosmaster.master][INFO] 2020-06-16 20:30:40,950: +PARAM [/move_base/base_global_planner] by /move_base
[rosmaster.master][INFO] 2020-06-16 20:30:40,951: +PARAM [/move_base/base_local_planner] by /move_base
[rosmaster.master][INFO] 2020-06-16 20:30:40,952: +PARAM [/move_base/planner_frequency] by /move_base
[rosmaster.master][INFO] 2020-06-16 20:30:40,952: +PARAM [/move_base/controller_frequency] by /move_base
[rosmaster.master][INFO] 2020-06-16 20:30:40,953: +PARAM [/move_base/planner_patience] by /move_base
[rosmaster.master][INFO] 2020-06-16 20:30:40,954: +PARAM [/move_base/controller_patience] by /move_base
[rosmaster.master][INFO] 2020-06-16 20:30:40,954: +PARAM [/move_base/max_planning_retries] by /move_base
[rosmaster.master][INFO] 2020-06-16 20:30:40,955: +PARAM [/move_base/conservative_reset_dist] by /move_base
[rosmaster.master][INFO] 2020-06-16 20:30:40,956: +PARAM [/move_base/recovery_behavior_enabled] by /move_base
[rosmaster.master][INFO] 2020-06-16 20:30:40,957: +PARAM [/move_base/clearing_rotation_allowed] by /move_base
[rosmaster.master][INFO] 2020-06-16 20:30:40,957: +PARAM [/move_base/shutdown_costmaps] by /move_base
[rosmaster.master][INFO] 2020-06-16 20:30:40,958: +PARAM [/move_base/oscillation_timeout] by /move_base
[rosmaster.master][INFO] 2020-06-16 20:30:40,958: +PARAM [/move_base/oscillation_distance] by /move_base
[rosmaster.master][INFO] 2020-06-16 20:30:40,959: +PARAM [/move_base/restore_defaults] by /move_base
[rosmaster.master][INFO] 2020-06-16 20:32:02,325: -PUB [/rosout] /robot_state_publisher http://3ff6fdf48960:43385/
[rosmaster.master][INFO] 2020-06-16 20:32:02,326: -PUB [/tf] /robot_state_publisher http://3ff6fdf48960:43385/
[rosmaster.master][INFO] 2020-06-16 20:32:02,326: publisherUpdate[/rosout] -> http://3ff6fdf48960:33887/ ['http://3ff6fdf48960:41121/', 'http://3ff6fdf48960:40047/', 'http://3ff6fdf48960:44175/', 'http://3ff6fdf48960:40751/', 'http://3ff6fdf48960:42311/']
[rosmaster.master][INFO] 2020-06-16 20:32:02,326: publisherUpdate[/tf] -> http://3ff6fdf48960:40751/ ['http://3ff6fdf48960:40047/']
[rosmaster.master][INFO] 2020-06-16 20:32:02,327: -PUB [/tf_static] /robot_state_publisher http://3ff6fdf48960:43385/
[rosmaster.master][INFO] 2020-06-16 20:32:02,327: publisherUpdate[/rosout] -> http://3ff6fdf48960:33887/ ['http://3ff6fdf48960:41121/', 'http://3ff6fdf48960:40047/', 'http://3ff6fdf48960:44175/', 'http://3ff6fdf48960:40751/', 'http://3ff6fdf48960:42311/']: sec=0.00, result=[1, '', 0]
[rosmaster.master][INFO] 2020-06-16 20:32:02,327: publisherUpdate[/tf] -> http://3ff6fdf48960:40751/ ['http://3ff6fdf48960:40047/']: sec=0.00, exception=[Errno 111] Connection refused
[rosmaster.master][INFO] 2020-06-16 20:32:02,328: -SUB [/joint_states] /robot_state_publisher http://3ff6fdf48960:43385/
[rosmaster.master][INFO] 2020-06-16 20:32:02,328: publisherUpdate[/tf] -> http://3ff6fdf48960:42311/ ['http://3ff6fdf48960:40047/']
[rosmaster.master][INFO] 2020-06-16 20:32:02,329: -SERVICE [/robot_state_publisher/get_loggers] /robot_state_publisher rosrpc://3ff6fdf48960:49027
[rosmaster.master][INFO] 2020-06-16 20:32:02,330: -SERVICE [/robot_state_publisher/set_logger_level] /robot_state_publisher rosrpc://3ff6fdf48960:49027
[rosmaster.threadpool][ERROR] 2020-06-16 20:32:02,331: Traceback (most recent call last):
  File "/opt/ros/melodic/lib/python2.7/dist-packages/rosmaster/threadpool.py", line 218, in run
    result = cmd(*args)
  File "/opt/ros/melodic/lib/python2.7/dist-packages/rosmaster/master_api.py", line 210, in publisher_update_task
    ret = xmlrpcapi(api).publisherUpdate('/master', topic, pub_uris)
  File "/usr/lib/python2.7/xmlrpclib.py", line 1243, in __call__
    return self.__send(self.__name, args)
  File "/usr/lib/python2.7/xmlrpclib.py", line 1602, in __request
    verbose=self.__verbose
  File "/usr/lib/python2.7/xmlrpclib.py", line 1283, in request
    return self.single_request(host, handler, request_body, verbose)
  File "/usr/lib/python2.7/xmlrpclib.py", line 1311, in single_request
    self.send_content(h, request_body)
  File "/usr/lib/python2.7/xmlrpclib.py", line 1459, in send_content
    connection.endheaders(request_body)
  File "/usr/lib/python2.7/httplib.py", line 1065, in endheaders
    self._send_output(message_body)
  File "/usr/lib/python2.7/httplib.py", line 892, in _send_output
    self.send(msg)
  File "/usr/lib/python2.7/httplib.py", line 854, in send
    self.connect()
  File "/usr/lib/python2.7/httplib.py", line 831, in connect
    self.timeout, self.source_address)
  File "/usr/lib/python2.7/socket.py", line 575, in create_connection
    raise err
error: [Errno 111] Connection refused

[rosmaster.master][INFO] 2020-06-16 20:32:02,331: publisherUpdate[/tf_static] -> http://3ff6fdf48960:40751/ ['http://3ff6fdf48960:44175/']
[rosmaster.master][INFO] 2020-06-16 20:32:02,331: publisherUpdate[/tf_static] -> http://3ff6fdf48960:40751/ ['http://3ff6fdf48960:44175/']: sec=0.00, exception=[Errno 111] Connection refused
[rosmaster.threadpool][ERROR] 2020-06-16 20:32:02,331: Traceback (most recent call last):
  File "/opt/ros/melodic/lib/python2.7/dist-packages/rosmaster/threadpool.py", line 218, in run
    result = cmd(*args)
  File "/opt/ros/melodic/lib/python2.7/dist-packages/rosmaster/master_api.py", line 210, in publisher_update_task
    ret = xmlrpcapi(api).publisherUpdate('/master', topic, pub_uris)
  File "/usr/lib/python2.7/xmlrpclib.py", line 1243, in __call__
    return self.__send(self.__name, args)
  File "/usr/lib/python2.7/xmlrpclib.py", line 1602, in __request
    verbose=self.__verbose
  File "/usr/lib/python2.7/xmlrpclib.py", line 1283, in request
    return self.single_request(host, handler, request_body, verbose)
  File "/usr/lib/python2.7/xmlrpclib.py", line 1311, in single_request
    self.send_content(h, request_body)
  File "/usr/lib/python2.7/xmlrpclib.py", line 1459, in send_content
    connection.endheaders(request_body)
  File "/usr/lib/python2.7/httplib.py", line 1065, in endheaders
    self._send_output(message_body)
  File "/usr/lib/python2.7/httplib.py", line 892, in _send_output
    self.send(msg)
  File "/usr/lib/python2.7/httplib.py", line 854, in send
    self.connect()
  File "/usr/lib/python2.7/httplib.py", line 831, in connect
    self.timeout, self.source_address)
  File "/usr/lib/python2.7/socket.py", line 575, in create_connection
    raise err
error: [Errno 111] Connection refused

[rosmaster.master][INFO] 2020-06-16 20:32:02,353: publisherUpdate[/tf] -> http://3ff6fdf48960:42311/ ['http://3ff6fdf48960:40047/']: sec=0.02, result=[1, '', 0]
[rosmaster.master][INFO] 2020-06-16 20:32:02,353: publisherUpdate[/tf_static] -> http://3ff6fdf48960:42311/ ['http://3ff6fdf48960:44175/']
[rosmaster.master][INFO] 2020-06-16 20:32:02,353: publisherUpdate[/tf_static] -> http://3ff6fdf48960:42311/ ['http://3ff6fdf48960:44175/']: sec=0.00, result=[1, '', 0]
[rosmaster.master][INFO] 2020-06-16 20:32:02,426: -PUB [/rosout] /racecar_simulator http://3ff6fdf48960:40047/
[rosmaster.master][INFO] 2020-06-16 20:32:02,426: -PUB [/rosout] /map_server http://3ff6fdf48960:41121/
[rosmaster.master][INFO] 2020-06-16 20:32:02,427: -PUB [/rosout] /static_tf/base_to_laser_tf2 http://3ff6fdf48960:44175/
[rosmaster.master][INFO] 2020-06-16 20:32:02,427: -PUB [/tf] /racecar_simulator http://3ff6fdf48960:40047/
[rosmaster.master][INFO] 2020-06-16 20:32:02,428: -PUB [/map_metadata] /map_server http://3ff6fdf48960:41121/
[rosmaster.master][INFO] 2020-06-16 20:32:02,428: -PUB [/tf_static] /static_tf/base_to_laser_tf2 http://3ff6fdf48960:44175/
[rosmaster.master][INFO] 2020-06-16 20:32:02,429: -PUB [/scan] /racecar_simulator http://3ff6fdf48960:40047/
[rosmaster.master][INFO] 2020-06-16 20:32:02,429: -PUB [/map] /map_server http://3ff6fdf48960:41121/
[rosmaster.master][INFO] 2020-06-16 20:32:02,430: -SERVICE [/static_tf/base_to_laser_tf2/get_loggers] /static_tf/base_to_laser_tf2 rosrpc://3ff6fdf48960:45555
[rosmaster.master][INFO] 2020-06-16 20:32:02,430: -PUB [/odom] /racecar_simulator http://3ff6fdf48960:40047/
[rosmaster.master][INFO] 2020-06-16 20:32:02,430: -SERVICE [/map_server/get_loggers] /map_server rosrpc://3ff6fdf48960:34479
[rosmaster.master][INFO] 2020-06-16 20:32:02,431: -SERVICE [/static_tf/base_to_laser_tf2/set_logger_level] /static_tf/base_to_laser_tf2 rosrpc://3ff6fdf48960:45555
[rosmaster.master][INFO] 2020-06-16 20:32:02,431: -SUB [/joy] /racecar_simulator http://3ff6fdf48960:40047/
[rosmaster.master][INFO] 2020-06-16 20:32:02,431: -SERVICE [/map_server/set_logger_level] /map_server rosrpc://3ff6fdf48960:34479
[rosmaster.master][INFO] 2020-06-16 20:32:02,432: publisherUpdate[/rosout] -> http://3ff6fdf48960:33887/ ['http://3ff6fdf48960:41121/', 'http://3ff6fdf48960:44175/', 'http://3ff6fdf48960:40751/', 'http://3ff6fdf48960:42311/']
[rosmaster.master][INFO] 2020-06-16 20:32:02,432: -SUB [/drive] /racecar_simulator http://3ff6fdf48960:40047/
[rosmaster.master][INFO] 2020-06-16 20:32:02,433: -SERVICE [/static_map] /map_server rosrpc://3ff6fdf48960:34479
[rosmaster.master][INFO] 2020-06-16 20:32:02,433: publisherUpdate[/rosout] -> http://3ff6fdf48960:33887/ ['http://3ff6fdf48960:41121/', 'http://3ff6fdf48960:44175/', 'http://3ff6fdf48960:40751/', 'http://3ff6fdf48960:42311/']: sec=0.00, result=[1, '', 0]
[rosmaster.master][INFO] 2020-06-16 20:32:02,434: -SUB [/map] /racecar_simulator http://3ff6fdf48960:40047/
[rosmaster.master][INFO] 2020-06-16 20:32:02,434: publisherUpdate[/rosout] -> http://3ff6fdf48960:33887/ ['http://3ff6fdf48960:44175/', 'http://3ff6fdf48960:40751/', 'http://3ff6fdf48960:42311/']
[rosmaster.master][INFO] 2020-06-16 20:32:02,434: -SUB [/pose] /racecar_simulator http://3ff6fdf48960:40047/
[rosmaster.master][INFO] 2020-06-16 20:32:02,435: publisherUpdate[/rosout] -> http://3ff6fdf48960:33887/ ['http://3ff6fdf48960:44175/', 'http://3ff6fdf48960:40751/', 'http://3ff6fdf48960:42311/']: sec=0.00, result=[1, '', 0]
[rosmaster.master][INFO] 2020-06-16 20:32:02,436: -SUB [/initialpose] /racecar_simulator http://3ff6fdf48960:40047/
[rosmaster.master][INFO] 2020-06-16 20:32:02,436: publisherUpdate[/rosout] -> http://3ff6fdf48960:33887/ ['http://3ff6fdf48960:40751/', 'http://3ff6fdf48960:42311/']
[rosmaster.master][INFO] 2020-06-16 20:32:02,436: -SERVICE [/racecar_simulator/get_loggers] /racecar_simulator rosrpc://3ff6fdf48960:34459
[rosmaster.master][INFO] 2020-06-16 20:32:02,437: publisherUpdate[/rosout] -> http://3ff6fdf48960:33887/ ['http://3ff6fdf48960:40751/', 'http://3ff6fdf48960:42311/']: sec=0.00, result=[1, '', 0]
[rosmaster.master][INFO] 2020-06-16 20:32:02,437: -SERVICE [/racecar_simulator/set_logger_level] /racecar_simulator rosrpc://3ff6fdf48960:34459
[rosmaster.master][INFO] 2020-06-16 20:32:02,437: publisherUpdate[/tf] -> http://3ff6fdf48960:40751/ []
[rosmaster.master][INFO] 2020-06-16 20:32:02,438: publisherUpdate[/tf] -> http://3ff6fdf48960:40751/ []: sec=0.00, exception=[Errno 111] Connection refused
[rosmaster.threadpool][ERROR] 2020-06-16 20:32:02,438: Traceback (most recent call last):
  File "/opt/ros/melodic/lib/python2.7/dist-packages/rosmaster/threadpool.py", line 218, in run
    result = cmd(*args)
  File "/opt/ros/melodic/lib/python2.7/dist-packages/rosmaster/master_api.py", line 210, in publisher_update_task
    ret = xmlrpcapi(api).publisherUpdate('/master', topic, pub_uris)
  File "/usr/lib/python2.7/xmlrpclib.py", line 1243, in __call__
    return self.__send(self.__name, args)
  File "/usr/lib/python2.7/xmlrpclib.py", line 1602, in __request
    verbose=self.__verbose
  File "/usr/lib/python2.7/xmlrpclib.py", line 1283, in request
    return self.single_request(host, handler, request_body, verbose)
  File "/usr/lib/python2.7/xmlrpclib.py", line 1311, in single_request
    self.send_content(h, request_body)
  File "/usr/lib/python2.7/xmlrpclib.py", line 1459, in send_content
    connection.endheaders(request_body)
  File "/usr/lib/python2.7/httplib.py", line 1065, in endheaders
    self._send_output(message_body)
  File "/usr/lib/python2.7/httplib.py", line 892, in _send_output
    self.send(msg)
  File "/usr/lib/python2.7/httplib.py", line 854, in send
    self.connect()
  File "/usr/lib/python2.7/httplib.py", line 831, in connect
    self.timeout, self.source_address)
  File "/usr/lib/python2.7/socket.py", line 575, in create_connection
    raise err
error: [Errno 111] Connection refused

[rosmaster.master][INFO] 2020-06-16 20:32:02,438: publisherUpdate[/tf] -> http://3ff6fdf48960:42311/ []
[rosmaster.master][INFO] 2020-06-16 20:32:02,439: publisherUpdate[/tf] -> http://3ff6fdf48960:42311/ []: sec=0.00, result=[0, 'Unknown Error', 0]
[rosmaster.master][INFO] 2020-06-16 20:32:02,439: -PUB [/rosout] /rviz http://3ff6fdf48960:42311/
[rosmaster.master][INFO] 2020-06-16 20:32:02,439: publisherUpdate[/tf_static] -> http://3ff6fdf48960:40751/ []
[rosmaster.master][INFO] 2020-06-16 20:32:02,440: -PUB [/initialpose] /rviz http://3ff6fdf48960:42311/
[rosmaster.master][INFO] 2020-06-16 20:32:02,440: publisherUpdate[/tf_static] -> http://3ff6fdf48960:40751/ []: sec=0.00, exception=[Errno 111] Connection refused
[rosmaster.master][INFO] 2020-06-16 20:32:02,440: -PUB [/move_base_simple/goal] /rviz http://3ff6fdf48960:42311/
[rosmaster.master][INFO] 2020-06-16 20:32:02,441: -PUB [/clicked_point] /rviz http://3ff6fdf48960:42311/
[rosmaster.threadpool][ERROR] 2020-06-16 20:32:02,441: Traceback (most recent call last):
  File "/opt/ros/melodic/lib/python2.7/dist-packages/rosmaster/threadpool.py", line 218, in run
    result = cmd(*args)
  File "/opt/ros/melodic/lib/python2.7/dist-packages/rosmaster/master_api.py", line 210, in publisher_update_task
    ret = xmlrpcapi(api).publisherUpdate('/master', topic, pub_uris)
  File "/usr/lib/python2.7/xmlrpclib.py", line 1243, in __call__
    return self.__send(self.__name, args)
  File "/usr/lib/python2.7/xmlrpclib.py", line 1602, in __request
    verbose=self.__verbose
  File "/usr/lib/python2.7/xmlrpclib.py", line 1283, in request
    return self.single_request(host, handler, request_body, verbose)
  File "/usr/lib/python2.7/xmlrpclib.py", line 1311, in single_request
    self.send_content(h, request_body)
  File "/usr/lib/python2.7/xmlrpclib.py", line 1459, in send_content
    connection.endheaders(request_body)
  File "/usr/lib/python2.7/httplib.py", line 1065, in endheaders
    self._send_output(message_body)
  File "/usr/lib/python2.7/httplib.py", line 892, in _send_output
    self.send(msg)
  File "/usr/lib/python2.7/httplib.py", line 854, in send
    self.connect()
  File "/usr/lib/python2.7/httplib.py", line 831, in connect
    self.timeout, self.source_address)
  File "/usr/lib/python2.7/socket.py", line 575, in create_connection
    raise err
error: [Errno 111] Connection refused

[rosmaster.master][INFO] 2020-06-16 20:32:02,441: -SUB [/tf] /rviz http://3ff6fdf48960:42311/
[rosmaster.master][INFO] 2020-06-16 20:32:02,441: publisherUpdate[/tf_static] -> http://3ff6fdf48960:42311/ []
[rosmaster.master][INFO] 2020-06-16 20:32:02,442: -SUB [/tf_static] /rviz http://3ff6fdf48960:42311/
[rosmaster.master][INFO] 2020-06-16 20:32:02,442: -SUB [/map] /rviz http://3ff6fdf48960:42311/
[rosmaster.master][INFO] 2020-06-16 20:32:02,443: -SUB [/map_updates] /rviz http://3ff6fdf48960:42311/
[rosmaster.master][INFO] 2020-06-16 20:32:02,443: -SUB [/move_base/local_costmap/costmap] /rviz http://3ff6fdf48960:42311/
[rosmaster.master][INFO] 2020-06-16 20:32:02,443: -SUB [/move_base/local_costmap/costmap_updates] /rviz http://3ff6fdf48960:42311/
[rosmaster.master][INFO] 2020-06-16 20:32:02,444: -SUB [/move_base/MpnetLocalPlanner/local_plan] /rviz http://3ff6fdf48960:42311/
[rosmaster.master][INFO] 2020-06-16 20:32:02,444: -SUB [/move_base_simple/goal] /rviz http://3ff6fdf48960:42311/
[rosmaster.master][INFO] 2020-06-16 20:32:02,444: -SUB [/move_base/MpnetLocalPlanner/global_plan] /rviz http://3ff6fdf48960:42311/
[rosmaster.master][INFO] 2020-06-16 20:32:02,445: -SERVICE [/rviz/get_loggers] /rviz rosrpc://3ff6fdf48960:33151
[rosmaster.master][INFO] 2020-06-16 20:32:02,445: -SERVICE [/rviz/set_logger_level] /rviz rosrpc://3ff6fdf48960:33151
[rosmaster.master][INFO] 2020-06-16 20:32:02,445: -SERVICE [/rviz/reload_shaders] /rviz rosrpc://3ff6fdf48960:33151
[rosmaster.master][INFO] 2020-06-16 20:32:02,446: -SERVICE [/rviz/load_config] /rviz rosrpc://3ff6fdf48960:33151
[rosmaster.master][INFO] 2020-06-16 20:32:02,446: -SERVICE [/rviz/save_config] /rviz rosrpc://3ff6fdf48960:33151
[rosmaster.master][INFO] 2020-06-16 20:32:02,454: publisherUpdate[/map] -> http://3ff6fdf48960:40047/ []
[rosmaster.master][INFO] 2020-06-16 20:32:02,477: publisherUpdate[/map] -> http://3ff6fdf48960:40751/ []
[rosmaster.master][INFO] 2020-06-16 20:32:02,477: publisherUpdate[/map] -> http://3ff6fdf48960:40751/ []: sec=0.00, exception=[Errno 111] Connection refused
[rosmaster.threadpool][ERROR] 2020-06-16 20:32:02,477: Traceback (most recent call last):
  File "/opt/ros/melodic/lib/python2.7/dist-packages/rosmaster/threadpool.py", line 218, in run
    result = cmd(*args)
  File "/opt/ros/melodic/lib/python2.7/dist-packages/rosmaster/master_api.py", line 210, in publisher_update_task
    ret = xmlrpcapi(api).publisherUpdate('/master', topic, pub_uris)
  File "/usr/lib/python2.7/xmlrpclib.py", line 1243, in __call__
    return self.__send(self.__name, args)
  File "/usr/lib/python2.7/xmlrpclib.py", line 1602, in __request
    verbose=self.__verbose
  File "/usr/lib/python2.7/xmlrpclib.py", line 1283, in request
    return self.single_request(host, handler, request_body, verbose)
  File "/usr/lib/python2.7/xmlrpclib.py", line 1311, in single_request
    self.send_content(h, request_body)
  File "/usr/lib/python2.7/xmlrpclib.py", line 1459, in send_content
    connection.endheaders(request_body)
  File "/usr/lib/python2.7/httplib.py", line 1065, in endheaders
    self._send_output(message_body)
  File "/usr/lib/python2.7/httplib.py", line 892, in _send_output
    self.send(msg)
  File "/usr/lib/python2.7/httplib.py", line 854, in send
    self.connect()
  File "/usr/lib/python2.7/httplib.py", line 831, in connect
    self.timeout, self.source_address)
  File "/usr/lib/python2.7/socket.py", line 575, in create_connection
    raise err
error: [Errno 111] Connection refused

[rosmaster.master][INFO] 2020-06-16 20:32:02,477: publisherUpdate[/odom] -> http://3ff6fdf48960:40751/ []
[rosmaster.master][INFO] 2020-06-16 20:32:02,477: publisherUpdate[/odom] -> http://3ff6fdf48960:40751/ []: sec=0.00, exception=[Errno 111] Connection refused
[rosmaster.threadpool][ERROR] 2020-06-16 20:32:02,478: Traceback (most recent call last):
  File "/opt/ros/melodic/lib/python2.7/dist-packages/rosmaster/threadpool.py", line 218, in run
    result = cmd(*args)
  File "/opt/ros/melodic/lib/python2.7/dist-packages/rosmaster/master_api.py", line 210, in publisher_update_task
    ret = xmlrpcapi(api).publisherUpdate('/master', topic, pub_uris)
  File "/usr/lib/python2.7/xmlrpclib.py", line 1243, in __call__
    return self.__send(self.__name, args)
  File "/usr/lib/python2.7/xmlrpclib.py", line 1602, in __request
    verbose=self.__verbose
  File "/usr/lib/python2.7/xmlrpclib.py", line 1283, in request
    return self.single_request(host, handler, request_body, verbose)
  File "/usr/lib/python2.7/xmlrpclib.py", line 1311, in single_request
    self.send_content(h, request_body)
  File "/usr/lib/python2.7/xmlrpclib.py", line 1459, in send_content
    connection.endheaders(request_body)
  File "/usr/lib/python2.7/httplib.py", line 1065, in endheaders
    self._send_output(message_body)
  File "/usr/lib/python2.7/httplib.py", line 892, in _send_output
    self.send(msg)
  File "/usr/lib/python2.7/httplib.py", line 854, in send
    self.connect()
  File "/usr/lib/python2.7/httplib.py", line 831, in connect
    self.timeout, self.source_address)
  File "/usr/lib/python2.7/socket.py", line 575, in create_connection
    raise err
error: [Errno 111] Connection refused

[rosmaster.master][INFO] 2020-06-16 20:32:02,478: publisherUpdate[/rosout] -> http://3ff6fdf48960:33887/ ['http://3ff6fdf48960:40751/']
[rosmaster.master][INFO] 2020-06-16 20:32:02,478: publisherUpdate[/rosout] -> http://3ff6fdf48960:33887/ ['http://3ff6fdf48960:40751/']: sec=0.00, result=[1, '', 0]
[rosmaster.master][INFO] 2020-06-16 20:32:02,478: publisherUpdate[/move_base_simple/goal] -> http://3ff6fdf48960:40751/ []
[rosmaster.master][INFO] 2020-06-16 20:32:02,479: publisherUpdate[/move_base_simple/goal] -> http://3ff6fdf48960:40751/ []: sec=0.00, exception=[Errno 111] Connection refused
[rosmaster.threadpool][ERROR] 2020-06-16 20:32:02,479: Traceback (most recent call last):
  File "/opt/ros/melodic/lib/python2.7/dist-packages/rosmaster/threadpool.py", line 218, in run
    result = cmd(*args)
  File "/opt/ros/melodic/lib/python2.7/dist-packages/rosmaster/master_api.py", line 210, in publisher_update_task
    ret = xmlrpcapi(api).publisherUpdate('/master', topic, pub_uris)
  File "/usr/lib/python2.7/xmlrpclib.py", line 1243, in __call__
    return self.__send(self.__name, args)
  File "/usr/lib/python2.7/xmlrpclib.py", line 1602, in __request
    verbose=self.__verbose
  File "/usr/lib/python2.7/xmlrpclib.py", line 1283, in request
    return self.single_request(host, handler, request_body, verbose)
  File "/usr/lib/python2.7/xmlrpclib.py", line 1311, in single_request
    self.send_content(h, request_body)
  File "/usr/lib/python2.7/xmlrpclib.py", line 1459, in send_content
    connection.endheaders(request_body)
  File "/usr/lib/python2.7/httplib.py", line 1065, in endheaders
    self._send_output(message_body)
  File "/usr/lib/python2.7/httplib.py", line 892, in _send_output
    self.send(msg)
  File "/usr/lib/python2.7/httplib.py", line 854, in send
    self.connect()
  File "/usr/lib/python2.7/httplib.py", line 831, in connect
    self.timeout, self.source_address)
  File "/usr/lib/python2.7/socket.py", line 575, in create_connection
    raise err
error: [Errno 111] Connection refused

[rosmaster.master][INFO] 2020-06-16 20:32:02,481: publisherUpdate[/map] -> http://3ff6fdf48960:40047/ []: sec=0.03, exception=<Fault -1: 'publisherUpdate: unknown method name'>
[rosmaster.threadpool][ERROR] 2020-06-16 20:32:02,481: Traceback (most recent call last):
  File "/opt/ros/melodic/lib/python2.7/dist-packages/rosmaster/threadpool.py", line 218, in run
    result = cmd(*args)
  File "/opt/ros/melodic/lib/python2.7/dist-packages/rosmaster/master_api.py", line 210, in publisher_update_task
    ret = xmlrpcapi(api).publisherUpdate('/master', topic, pub_uris)
  File "/usr/lib/python2.7/xmlrpclib.py", line 1243, in __call__
    return self.__send(self.__name, args)
  File "/usr/lib/python2.7/xmlrpclib.py", line 1602, in __request
    verbose=self.__verbose
  File "/usr/lib/python2.7/xmlrpclib.py", line 1283, in request
    return self.single_request(host, handler, request_body, verbose)
  File "/usr/lib/python2.7/xmlrpclib.py", line 1316, in single_request
    return self.parse_response(response)
  File "/usr/lib/python2.7/xmlrpclib.py", line 1493, in parse_response
    return u.close()
  File "/usr/lib/python2.7/xmlrpclib.py", line 800, in close
    raise Fault(**self._stack[0])
Fault: <Fault -1: 'publisherUpdate: unknown method name'>

[rosmaster.master][INFO] 2020-06-16 20:32:02,539: publisherUpdate[/tf_static] -> http://3ff6fdf48960:42311/ []: sec=0.10, exception=[Errno 111] Connection refused
[rosmaster.threadpool][ERROR] 2020-06-16 20:32:02,540: Traceback (most recent call last):
  File "/opt/ros/melodic/lib/python2.7/dist-packages/rosmaster/threadpool.py", line 218, in run
    result = cmd(*args)
  File "/opt/ros/melodic/lib/python2.7/dist-packages/rosmaster/master_api.py", line 210, in publisher_update_task
    ret = xmlrpcapi(api).publisherUpdate('/master', topic, pub_uris)
  File "/usr/lib/python2.7/xmlrpclib.py", line 1243, in __call__
    return self.__send(self.__name, args)
  File "/usr/lib/python2.7/xmlrpclib.py", line 1602, in __request
    verbose=self.__verbose
  File "/usr/lib/python2.7/xmlrpclib.py", line 1283, in request
    return self.single_request(host, handler, request_body, verbose)
  File "/usr/lib/python2.7/xmlrpclib.py", line 1311, in single_request
    self.send_content(h, request_body)
  File "/usr/lib/python2.7/xmlrpclib.py", line 1459, in send_content
    connection.endheaders(request_body)
  File "/usr/lib/python2.7/httplib.py", line 1065, in endheaders
    self._send_output(message_body)
  File "/usr/lib/python2.7/httplib.py", line 892, in _send_output
    self.send(msg)
  File "/usr/lib/python2.7/httplib.py", line 854, in send
    self.connect()
  File "/usr/lib/python2.7/httplib.py", line 831, in connect
    self.timeout, self.source_address)
  File "/usr/lib/python2.7/socket.py", line 575, in create_connection
    raise err
error: [Errno 111] Connection refused

[rosmaster.master][INFO] 2020-06-16 20:32:02,540: publisherUpdate[/map] -> http://3ff6fdf48960:42311/ []
[rosmaster.master][INFO] 2020-06-16 20:32:02,540: publisherUpdate[/map] -> http://3ff6fdf48960:42311/ []: sec=0.00, exception=[Errno 111] Connection refused
[rosmaster.threadpool][ERROR] 2020-06-16 20:32:02,540: Traceback (most recent call last):
  File "/opt/ros/melodic/lib/python2.7/dist-packages/rosmaster/threadpool.py", line 218, in run
    result = cmd(*args)
  File "/opt/ros/melodic/lib/python2.7/dist-packages/rosmaster/master_api.py", line 210, in publisher_update_task
    ret = xmlrpcapi(api).publisherUpdate('/master', topic, pub_uris)
  File "/usr/lib/python2.7/xmlrpclib.py", line 1243, in __call__
    return self.__send(self.__name, args)
  File "/usr/lib/python2.7/xmlrpclib.py", line 1602, in __request
    verbose=self.__verbose
  File "/usr/lib/python2.7/xmlrpclib.py", line 1283, in request
    return self.single_request(host, handler, request_body, verbose)
  File "/usr/lib/python2.7/xmlrpclib.py", line 1311, in single_request
    self.send_content(h, request_body)
  File "/usr/lib/python2.7/xmlrpclib.py", line 1459, in send_content
    connection.endheaders(request_body)
  File "/usr/lib/python2.7/httplib.py", line 1065, in endheaders
    self._send_output(message_body)
  File "/usr/lib/python2.7/httplib.py", line 892, in _send_output
    self.send(msg)
  File "/usr/lib/python2.7/httplib.py", line 854, in send
    self.connect()
  File "/usr/lib/python2.7/httplib.py", line 831, in connect
    self.timeout, self.source_address)
  File "/usr/lib/python2.7/socket.py", line 575, in create_connection
    raise err
error: [Errno 111] Connection refused

[rosmaster.master][INFO] 2020-06-16 20:32:02,540: publisherUpdate[/move_base_simple/goal] -> http://3ff6fdf48960:42311/ []
[rosmaster.master][INFO] 2020-06-16 20:32:02,541: publisherUpdate[/move_base_simple/goal] -> http://3ff6fdf48960:42311/ []: sec=0.00, exception=[Errno 111] Connection refused
[rosmaster.threadpool][ERROR] 2020-06-16 20:32:02,541: Traceback (most recent call last):
  File "/opt/ros/melodic/lib/python2.7/dist-packages/rosmaster/threadpool.py", line 218, in run
    result = cmd(*args)
  File "/opt/ros/melodic/lib/python2.7/dist-packages/rosmaster/master_api.py", line 210, in publisher_update_task
    ret = xmlrpcapi(api).publisherUpdate('/master', topic, pub_uris)
  File "/usr/lib/python2.7/xmlrpclib.py", line 1243, in __call__
    return self.__send(self.__name, args)
  File "/usr/lib/python2.7/xmlrpclib.py", line 1602, in __request
    verbose=self.__verbose
  File "/usr/lib/python2.7/xmlrpclib.py", line 1283, in request
    return self.single_request(host, handler, request_body, verbose)
  File "/usr/lib/python2.7/xmlrpclib.py", line 1311, in single_request
    self.send_content(h, request_body)
  File "/usr/lib/python2.7/xmlrpclib.py", line 1459, in send_content
    connection.endheaders(request_body)
  File "/usr/lib/python2.7/httplib.py", line 1065, in endheaders
    self._send_output(message_body)
  File "/usr/lib/python2.7/httplib.py", line 892, in _send_output
    self.send(msg)
  File "/usr/lib/python2.7/httplib.py", line 854, in send
    self.connect()
  File "/usr/lib/python2.7/httplib.py", line 831, in connect
    self.timeout, self.source_address)
  File "/usr/lib/python2.7/socket.py", line 575, in create_connection
    raise err
error: [Errno 111] Connection refused

[rosmaster.master][INFO] 2020-06-16 20:32:02,879: -PUB [/rosout_agg] /rosout http://3ff6fdf48960:33887/
[rosmaster.master][INFO] 2020-06-16 20:32:02,880: -SUB [/rosout] /rosout http://3ff6fdf48960:33887/
[rosmaster.master][INFO] 2020-06-16 20:32:02,880: -SERVICE [/rosout/get_loggers] /rosout rosrpc://3ff6fdf48960:57027
[rosmaster.master][INFO] 2020-06-16 20:32:02,881: -SERVICE [/rosout/set_logger_level] /rosout rosrpc://3ff6fdf48960:57027
[rosmaster.main][INFO] 2020-06-16 20:32:02,969: keyboard interrupt, will exit
[rosmaster.main][INFO] 2020-06-16 20:32:02,969: stopping master...
[rospy.core][INFO] 2020-06-16 20:32:02,970: signal_shutdown [atexit]
