[rosmaster.main][INFO] 2020-06-16 21:02:17,293: initialization complete, waiting for shutdown
[rosmaster.main][INFO] 2020-06-16 21:02:17,293: Starting ROS Master Node
[xmlrpc][INFO] 2020-06-16 21:02:17,294: XML-RPC server binding to 0.0.0.0:11311
[xmlrpc][INFO] 2020-06-16 21:02:17,294: Started XML-RPC server [http://3ff6fdf48960:11311/]
[xmlrpc][INFO] 2020-06-16 21:02:17,294: xml rpc node: starting XML-RPC server
[rosmaster.master][INFO] 2020-06-16 21:02:17,294: Master initialized: port[11311], uri[http://3ff6fdf48960:11311/]
[rosmaster.master][INFO] 2020-06-16 21:02:17,328: +PARAM [/run_id] by /roslaunch
[rosmaster.master][INFO] 2020-06-16 21:02:17,329: +PARAM [/roslaunch/uris/host_3ff6fdf48960__43931] by /roslaunch
[rosmaster.master][INFO] 2020-06-16 21:02:17,819: +PARAM [/move_base/global_costmap/robot_base_frame] by /roslaunch
[rosmaster.master][INFO] 2020-06-16 21:02:17,819: +PARAM [/racecar_simulator/scan_field_of_view] by /roslaunch
[rosmaster.master][INFO] 2020-06-16 21:02:17,819: +PARAM [/racecar_simulator/pose_rviz_topic] by /roslaunch
[rosmaster.master][INFO] 2020-06-16 21:02:17,820: +PARAM [/move_base/local_costmap/footprint] by /roslaunch
[rosmaster.master][INFO] 2020-06-16 21:02:17,820: +PARAM [/racecar_simulator/joy_angle_axis] by /roslaunch
[rosmaster.master][INFO] 2020-06-16 21:02:17,820: +PARAM [/move_base/controller_patience] by /roslaunch
[rosmaster.master][INFO] 2020-06-16 21:02:17,821: +PARAM [/racecar_simulator/scan_beams] by /roslaunch
[rosmaster.master][INFO] 2020-06-16 21:02:17,821: +PARAM [/racecar_simulator/map_frame] by /roslaunch
[rosmaster.master][INFO] 2020-06-16 21:02:17,821: +PARAM [/racecar_simulator/joy_topic] by /roslaunch
[rosmaster.master][INFO] 2020-06-16 21:02:17,821: +PARAM [/racecar_simulator/drive_topic] by /roslaunch
[rosmaster.master][INFO] 2020-06-16 21:02:17,821: +SERVICE [/rosout/get_loggers] /rosout http://3ff6fdf48960:45485/
[rosmaster.master][INFO] 2020-06-16 21:02:17,821: +PARAM [/racecar_simulator/joy_speed_axis] by /roslaunch
[rosmaster.master][INFO] 2020-06-16 21:02:17,822: +PARAM [/move_base/local_costmap/height] by /roslaunch
[rosmaster.master][INFO] 2020-06-16 21:02:17,822: +SERVICE [/rosout/set_logger_level] /rosout http://3ff6fdf48960:45485/
[rosmaster.master][INFO] 2020-06-16 21:02:17,822: +PARAM [/racecar_simulator/odom_frame] by /roslaunch
[rosmaster.master][INFO] 2020-06-16 21:02:17,822: +PARAM [/racecar_simulator/scan_distance_to_base_link] by /roslaunch
[rosmaster.master][INFO] 2020-06-16 21:02:17,823: +PARAM [/move_base/collision_costmap/global_frame] by /roslaunch
[rosmaster.master][INFO] 2020-06-16 21:02:17,823: +PARAM [/racecar_simulator/update_pose_rate] by /roslaunch
[rosmaster.master][INFO] 2020-06-16 21:02:17,823: +PARAM [/racecar_simulator/broadcast_transform] by /roslaunch
[rosmaster.master][INFO] 2020-06-16 21:02:17,823: +PUB [/rosout_agg] /rosout http://3ff6fdf48960:45485/
[rosmaster.master][INFO] 2020-06-16 21:02:17,823: +PARAM [/move_base/collision_costmap/raytrace_range] by /roslaunch
[rosmaster.master][INFO] 2020-06-16 21:02:17,824: +PARAM [/move_base/clearing_rotation_allowed] by /roslaunch
[rosmaster.master][INFO] 2020-06-16 21:02:17,824: +PARAM [/racecar_simulator/scan_frame] by /roslaunch
[rosmaster.master][INFO] 2020-06-16 21:02:17,824: +PARAM [/move_base/MpnetLocalPlanner/yaw_goal_tolerance] by /roslaunch
[rosmaster.master][INFO] 2020-06-16 21:02:17,825: +PARAM [/racecar_simulator/wheelbase] by /roslaunch
[rosmaster.master][INFO] 2020-06-16 21:02:17,825: +PARAM [/move_base/local_costmap/obstacle_range] by /roslaunch
[rosmaster.master][INFO] 2020-06-16 21:02:17,826: +PARAM [/move_base/local_costmap/update_frequency] by /roslaunch
[rosmaster.master][INFO] 2020-06-16 21:02:17,826: +SUB [/rosout] /rosout http://3ff6fdf48960:45485/
[rosmaster.master][INFO] 2020-06-16 21:02:17,826: +PARAM [/move_base/global_costmap/raytrace_range] by /roslaunch
[rosmaster.master][INFO] 2020-06-16 21:02:17,826: +PARAM [/move_base/local_costmap/raytrace_range] by /roslaunch
[rosmaster.master][INFO] 2020-06-16 21:02:17,826: +PARAM [/move_base/collision_costmap/obstacle_range] by /roslaunch
[rosmaster.master][INFO] 2020-06-16 21:02:17,826: +PARAM [/move_base/collision_costmap/update_frequency] by /roslaunch
[rosmaster.master][INFO] 2020-06-16 21:02:17,826: +PARAM [/move_base/global_costmap/obstacle_range] by /roslaunch
[rosmaster.master][INFO] 2020-06-16 21:02:17,826: +PARAM [/move_base/local_costmap/publish_frequency] by /roslaunch
[rosmaster.master][INFO] 2020-06-16 21:02:17,827: +PARAM [/racecar_simulator/joy] by /roslaunch
[rosmaster.master][INFO] 2020-06-16 21:02:17,827: +PARAM [/rosdistro] by /roslaunch
[rosmaster.master][INFO] 2020-06-16 21:02:17,827: +PARAM [/robot_description] by /roslaunch
[rosmaster.master][INFO] 2020-06-16 21:02:17,827: +PARAM [/move_base/global_costmap/footprint] by /roslaunch
[rosmaster.master][INFO] 2020-06-16 21:02:17,827: +PARAM [/racecar_simulator/max_steering_angle] by /roslaunch
[rosmaster.master][INFO] 2020-06-16 21:02:17,827: +PARAM [/racecar_simulator/distance_transform_topic] by /roslaunch
[rosmaster.master][INFO] 2020-06-16 21:02:17,827: +PARAM [/move_base/local_costmap/cost_scaling_factor] by /roslaunch
[rosmaster.master][INFO] 2020-06-16 21:02:17,827: +PARAM [/racecar_simulator/scan_topic] by /roslaunch
[rosmaster.master][INFO] 2020-06-16 21:02:17,827: +PARAM [/move_base/global_costmap/update_frequency] by /roslaunch
[rosmaster.master][INFO] 2020-06-16 21:02:17,827: +PARAM [/rosversion] by /roslaunch
[rosmaster.master][INFO] 2020-06-16 21:02:17,827: +PARAM [/move_base/local_costmap/global_frame] by /roslaunch
[rosmaster.master][INFO] 2020-06-16 21:02:17,827: +PARAM [/racecar_simulator/base_frame] by /roslaunch
[rosmaster.master][INFO] 2020-06-16 21:02:17,827: +PARAM [/racecar_simulator/map_free_threshold] by /roslaunch
[rosmaster.master][INFO] 2020-06-16 21:02:17,827: +PARAM [/move_base/global_costmap/global_frame] by /roslaunch
[rosmaster.master][INFO] 2020-06-16 21:02:17,828: +PARAM [/racecar_simulator/joy_max_speed] by /roslaunch
[rosmaster.master][INFO] 2020-06-16 21:02:17,828: +PARAM [/racecar_simulator/map_topic] by /roslaunch
[rosmaster.master][INFO] 2020-06-16 21:02:17,828: +PARAM [/move_base/local_costmap/static_map] by /roslaunch
[rosmaster.master][INFO] 2020-06-16 21:02:17,828: +PARAM [/move_base/local_costmap/resolution] by /roslaunch
[rosmaster.master][INFO] 2020-06-16 21:02:17,828: +PARAM [/move_base/global_costmap/static_map] by /roslaunch
[rosmaster.master][INFO] 2020-06-16 21:02:17,828: +PARAM [/racecar_simulator/odom_topic] by /roslaunch
[rosmaster.master][INFO] 2020-06-16 21:02:17,828: +PARAM [/move_base/base_local_planner] by /roslaunch
[rosmaster.master][INFO] 2020-06-16 21:02:17,828: +PARAM [/racecar_simulator/scan_std_dev] by /roslaunch
[rosmaster.master][INFO] 2020-06-16 21:02:17,828: +PARAM [/move_base/MpnetLocalPlanner/xy_goal_tolerance] by /roslaunch
[rosmaster.master][INFO] 2020-06-16 21:02:17,828: +PARAM [/racecar_simulator/pose_topic] by /roslaunch
[rosmaster.master][INFO] 2020-06-16 21:02:17,828: +PARAM [/move_base/local_costmap/robot_base_frame] by /roslaunch
[rosmaster.master][INFO] 2020-06-16 21:02:17,828: +PARAM [/move_base/collision_costmap/static_map] by /roslaunch
[rosmaster.master][INFO] 2020-06-16 21:02:17,828: +PARAM [/move_base/local_costmap/width] by /roslaunch
[rosmaster.master][INFO] 2020-06-16 21:02:17,828: +PARAM [/move_base/local_costmap/rolling_window] by /roslaunch
[rosmaster.master][INFO] 2020-06-16 21:02:17,829: +PARAM [/move_base/collision_costmap/robot_base_frame] by /roslaunch
[rosmaster.master][INFO] 2020-06-16 21:02:17,829: +PARAM [/racecar_simulator/max_speed] by /roslaunch
[rosmaster.master][INFO] 2020-06-16 21:02:17,829: +PARAM [/move_base/controller_frequency] by /roslaunch
[rosmaster.master][INFO] 2020-06-16 21:02:17,829: +PARAM [/move_base/collision_costmap/footprint] by /roslaunch
[rosmaster.master][INFO] 2020-06-16 21:02:17,829: +PARAM [/move_base/MpnetLocalPlanner/xy_replan_tolerance] by /roslaunch
[rosmaster.master][INFO] 2020-06-16 21:02:18,298: +PUB [/rosout] /map_server http://3ff6fdf48960:38599/
[rosmaster.master][INFO] 2020-06-16 21:02:18,299: +SERVICE [/map_server/get_loggers] /map_server http://3ff6fdf48960:38599/
[rosmaster.master][INFO] 2020-06-16 21:02:18,299: +SERVICE [/map_server/set_logger_level] /map_server http://3ff6fdf48960:38599/
[rosmaster.master][INFO] 2020-06-16 21:02:18,303: +SERVICE [/static_map] /map_server http://3ff6fdf48960:38599/
[rosmaster.master][INFO] 2020-06-16 21:02:18,304: +PUB [/map_metadata] /map_server http://3ff6fdf48960:38599/
[rosmaster.master][INFO] 2020-06-16 21:02:18,304: +PUB [/map] /map_server http://3ff6fdf48960:38599/
[rosmaster.master][INFO] 2020-06-16 21:02:18,395: publisherUpdate[/rosout] -> http://3ff6fdf48960:45485/ ['http://3ff6fdf48960:38599/']
[rosmaster.master][INFO] 2020-06-16 21:02:18,416: publisherUpdate[/rosout] -> http://3ff6fdf48960:45485/ ['http://3ff6fdf48960:38599/']: sec=0.02, result=[1, '', 0]
[rosmaster.master][INFO] 2020-06-16 21:02:18,753: +PUB [/rosout] /robot_state_publisher http://3ff6fdf48960:39947/
[rosmaster.master][INFO] 2020-06-16 21:02:18,754: +SERVICE [/robot_state_publisher/get_loggers] /robot_state_publisher http://3ff6fdf48960:39947/
[rosmaster.master][INFO] 2020-06-16 21:02:18,754: +SERVICE [/robot_state_publisher/set_logger_level] /robot_state_publisher http://3ff6fdf48960:39947/
[rosmaster.master][INFO] 2020-06-16 21:02:18,757: +PUB [/tf] /robot_state_publisher http://3ff6fdf48960:39947/
[rosmaster.master][INFO] 2020-06-16 21:02:18,757: +PUB [/tf_static] /robot_state_publisher http://3ff6fdf48960:39947/
[rosmaster.master][INFO] 2020-06-16 21:02:18,761: +SUB [/joint_states] /robot_state_publisher http://3ff6fdf48960:39947/
[rosmaster.master][INFO] 2020-06-16 21:02:18,796: publisherUpdate[/rosout] -> http://3ff6fdf48960:45485/ ['http://3ff6fdf48960:38599/', 'http://3ff6fdf48960:39947/']
[rosmaster.master][INFO] 2020-06-16 21:02:18,816: publisherUpdate[/rosout] -> http://3ff6fdf48960:45485/ ['http://3ff6fdf48960:38599/', 'http://3ff6fdf48960:39947/']: sec=0.02, result=[1, '', 0]
[rosmaster.master][INFO] 2020-06-16 21:02:19,207: +PUB [/rosout] /racecar_simulator http://3ff6fdf48960:35673/
[rosmaster.master][INFO] 2020-06-16 21:02:19,207: +SERVICE [/racecar_simulator/get_loggers] /racecar_simulator http://3ff6fdf48960:35673/
[rosmaster.master][INFO] 2020-06-16 21:02:19,208: +SERVICE [/racecar_simulator/set_logger_level] /racecar_simulator http://3ff6fdf48960:35673/
[rosmaster.master][INFO] 2020-06-16 21:02:19,209: +PUB [/tf] /racecar_simulator http://3ff6fdf48960:35673/
[rosmaster.master][INFO] 2020-06-16 21:02:19,217: publisherUpdate[/rosout] -> http://3ff6fdf48960:45485/ ['http://3ff6fdf48960:38599/', 'http://3ff6fdf48960:39947/', 'http://3ff6fdf48960:35673/']
[rosmaster.master][INFO] 2020-06-16 21:02:19,217: +PUB [/scan] /racecar_simulator http://3ff6fdf48960:35673/
[rosmaster.master][INFO] 2020-06-16 21:02:19,218: +PUB [/odom] /racecar_simulator http://3ff6fdf48960:35673/
[rosmaster.master][INFO] 2020-06-16 21:02:19,218: publisherUpdate[/rosout] -> http://3ff6fdf48960:45485/ ['http://3ff6fdf48960:38599/', 'http://3ff6fdf48960:39947/', 'http://3ff6fdf48960:35673/']: sec=0.00, result=[1, '', 0]
[rosmaster.master][INFO] 2020-06-16 21:02:19,221: +SUB [/joy] /racecar_simulator http://3ff6fdf48960:35673/
[rosmaster.master][INFO] 2020-06-16 21:02:19,223: +SUB [/drive] /racecar_simulator http://3ff6fdf48960:35673/
[rosmaster.master][INFO] 2020-06-16 21:02:19,225: +SUB [/map] /racecar_simulator http://3ff6fdf48960:35673/
[rosmaster.master][INFO] 2020-06-16 21:02:19,227: +SUB [/pose] /racecar_simulator http://3ff6fdf48960:35673/
[rosmaster.master][INFO] 2020-06-16 21:02:19,229: +SUB [/initialpose] /racecar_simulator http://3ff6fdf48960:35673/
[rosmaster.master][INFO] 2020-06-16 21:02:19,680: +PUB [/rosout] /static_tf/base_to_laser_tf2 http://3ff6fdf48960:42001/
[rosmaster.master][INFO] 2020-06-16 21:02:19,681: +SERVICE [/static_tf/base_to_laser_tf2/get_loggers] /static_tf/base_to_laser_tf2 http://3ff6fdf48960:42001/
[rosmaster.master][INFO] 2020-06-16 21:02:19,681: +SERVICE [/static_tf/base_to_laser_tf2/set_logger_level] /static_tf/base_to_laser_tf2 http://3ff6fdf48960:42001/
[rosmaster.master][INFO] 2020-06-16 21:02:19,683: +PUB [/tf_static] /static_tf/base_to_laser_tf2 http://3ff6fdf48960:42001/
[rosmaster.master][INFO] 2020-06-16 21:02:19,697: publisherUpdate[/rosout] -> http://3ff6fdf48960:45485/ ['http://3ff6fdf48960:38599/', 'http://3ff6fdf48960:39947/', 'http://3ff6fdf48960:35673/', 'http://3ff6fdf48960:42001/']
[rosmaster.master][INFO] 2020-06-16 21:02:19,718: publisherUpdate[/rosout] -> http://3ff6fdf48960:45485/ ['http://3ff6fdf48960:38599/', 'http://3ff6fdf48960:39947/', 'http://3ff6fdf48960:35673/', 'http://3ff6fdf48960:42001/']: sec=0.02, result=[1, '', 0]
[rosmaster.master][INFO] 2020-06-16 21:02:20,140: +PUB [/rosout] /move_base http://3ff6fdf48960:33409/
[rosmaster.master][INFO] 2020-06-16 21:02:20,141: +SERVICE [/move_base/get_loggers] /move_base http://3ff6fdf48960:33409/
[rosmaster.master][INFO] 2020-06-16 21:02:20,141: +SERVICE [/move_base/set_logger_level] /move_base http://3ff6fdf48960:33409/
[rosmaster.master][INFO] 2020-06-16 21:02:20,144: +SUB [/tf] /move_base http://3ff6fdf48960:33409/
[rosmaster.master][INFO] 2020-06-16 21:02:20,146: +SUB [/tf_static] /move_base http://3ff6fdf48960:33409/
[rosmaster.master][INFO] 2020-06-16 21:02:20,190: +PUB [/cmd_vel] /move_base http://3ff6fdf48960:33409/
[rosmaster.master][INFO] 2020-06-16 21:02:20,191: +PUB [/move_base/current_goal] /move_base http://3ff6fdf48960:33409/
[rosmaster.master][INFO] 2020-06-16 21:02:20,191: +PUB [/move_base/goal] /move_base http://3ff6fdf48960:33409/
[rosmaster.master][INFO] 2020-06-16 21:02:20,192: +SUB [/move_base_simple/goal] /move_base http://3ff6fdf48960:33409/
[rosmaster.master][INFO] 2020-06-16 21:02:20,219: publisherUpdate[/rosout] -> http://3ff6fdf48960:45485/ ['http://3ff6fdf48960:38599/', 'http://3ff6fdf48960:39947/', 'http://3ff6fdf48960:35673/', 'http://3ff6fdf48960:42001/', 'http://3ff6fdf48960:33409/']
[rosmaster.master][INFO] 2020-06-16 21:02:20,220: publisherUpdate[/rosout] -> http://3ff6fdf48960:45485/ ['http://3ff6fdf48960:38599/', 'http://3ff6fdf48960:39947/', 'http://3ff6fdf48960:35673/', 'http://3ff6fdf48960:42001/', 'http://3ff6fdf48960:33409/']: sec=0.00, result=[1, '', 0]
[rosmaster.master][INFO] 2020-06-16 21:02:20,444: +PARAM [/move_base/global_costmap/obstacle_layer/raytrace_range] by /move_base
[rosmaster.master][INFO] 2020-06-16 21:02:20,444: -PARAM [/move_base/global_costmap/raytrace_range] by /move_base
[rosmaster.master][INFO] 2020-06-16 21:02:20,445: +PARAM [/move_base/global_costmap/obstacle_layer/obstacle_range] by /move_base
[rosmaster.master][INFO] 2020-06-16 21:02:20,446: -PARAM [/move_base/global_costmap/obstacle_range] by /move_base
[rosmaster.master][INFO] 2020-06-16 21:02:20,448: +PARAM [/move_base/global_costmap/plugins] by /move_base
[rosmaster.master][INFO] 2020-06-16 21:02:20,456: +SUB [/map] /move_base http://3ff6fdf48960:33409/
[rosmaster.master][INFO] 2020-06-16 21:02:20,667: +PUB [/rosout] /rviz http://3ff6fdf48960:35465/
[rosmaster.master][INFO] 2020-06-16 21:02:20,668: +SERVICE [/rviz/get_loggers] /rviz http://3ff6fdf48960:35465/
[rosmaster.master][INFO] 2020-06-16 21:02:20,668: +SERVICE [/rviz/set_logger_level] /rviz http://3ff6fdf48960:35465/
[rosmaster.master][INFO] 2020-06-16 21:02:20,720: publisherUpdate[/rosout] -> http://3ff6fdf48960:45485/ ['http://3ff6fdf48960:38599/', 'http://3ff6fdf48960:39947/', 'http://3ff6fdf48960:35673/', 'http://3ff6fdf48960:42001/', 'http://3ff6fdf48960:33409/', 'http://3ff6fdf48960:35465/']
[rosmaster.master][INFO] 2020-06-16 21:02:20,721: publisherUpdate[/rosout] -> http://3ff6fdf48960:45485/ ['http://3ff6fdf48960:38599/', 'http://3ff6fdf48960:39947/', 'http://3ff6fdf48960:35673/', 'http://3ff6fdf48960:42001/', 'http://3ff6fdf48960:33409/', 'http://3ff6fdf48960:35465/']: sec=0.00, result=[1, '', 0]
[rosmaster.master][INFO] 2020-06-16 21:02:20,757: +SERVICE [/move_base/global_costmap/static_layer/set_parameters] /move_base http://3ff6fdf48960:33409/
[rosmaster.master][INFO] 2020-06-16 21:02:20,757: +PUB [/move_base/global_costmap/static_layer/parameter_descriptions] /move_base http://3ff6fdf48960:33409/
[rosmaster.master][INFO] 2020-06-16 21:02:20,758: +PUB [/move_base/global_costmap/static_layer/parameter_updates] /move_base http://3ff6fdf48960:33409/
[rosmaster.master][INFO] 2020-06-16 21:02:20,758: +PARAM [/move_base/global_costmap/static_layer/enabled] by /move_base
[rosmaster.master][INFO] 2020-06-16 21:02:20,759: +PARAM [/move_base/global_costmap/static_layer/enabled] by /move_base
[rosmaster.master][INFO] 2020-06-16 21:02:20,761: +SERVICE [/move_base/global_costmap/obstacle_layer/set_parameters] /move_base http://3ff6fdf48960:33409/
[rosmaster.master][INFO] 2020-06-16 21:02:20,762: +PUB [/move_base/global_costmap/obstacle_layer/parameter_descriptions] /move_base http://3ff6fdf48960:33409/
[rosmaster.master][INFO] 2020-06-16 21:02:20,762: +PUB [/move_base/global_costmap/obstacle_layer/parameter_updates] /move_base http://3ff6fdf48960:33409/
[rosmaster.master][INFO] 2020-06-16 21:02:20,764: +PARAM [/move_base/global_costmap/obstacle_layer/enabled] by /move_base
[rosmaster.master][INFO] 2020-06-16 21:02:20,764: +PARAM [/move_base/global_costmap/obstacle_layer/footprint_clearing_enabled] by /move_base
[rosmaster.master][INFO] 2020-06-16 21:02:20,764: +PARAM [/move_base/global_costmap/obstacle_layer/max_obstacle_height] by /move_base
[rosmaster.master][INFO] 2020-06-16 21:02:20,765: +PARAM [/move_base/global_costmap/obstacle_layer/combination_method] by /move_base
[rosmaster.master][INFO] 2020-06-16 21:02:20,765: +PARAM [/move_base/global_costmap/obstacle_layer/enabled] by /move_base
[rosmaster.master][INFO] 2020-06-16 21:02:20,766: +PARAM [/move_base/global_costmap/obstacle_layer/footprint_clearing_enabled] by /move_base
[rosmaster.master][INFO] 2020-06-16 21:02:20,766: +PARAM [/move_base/global_costmap/obstacle_layer/max_obstacle_height] by /move_base
[rosmaster.master][INFO] 2020-06-16 21:02:20,767: +PARAM [/move_base/global_costmap/obstacle_layer/combination_method] by /move_base
[rosmaster.master][INFO] 2020-06-16 21:02:20,768: +SERVICE [/move_base/global_costmap/inflation_layer/set_parameters] /move_base http://3ff6fdf48960:33409/
[rosmaster.master][INFO] 2020-06-16 21:02:20,768: +PUB [/move_base/global_costmap/inflation_layer/parameter_descriptions] /move_base http://3ff6fdf48960:33409/
[rosmaster.master][INFO] 2020-06-16 21:02:20,769: +PUB [/move_base/global_costmap/inflation_layer/parameter_updates] /move_base http://3ff6fdf48960:33409/
[rosmaster.master][INFO] 2020-06-16 21:02:20,770: +PARAM [/move_base/global_costmap/inflation_layer/enabled] by /move_base
[rosmaster.master][INFO] 2020-06-16 21:02:20,771: +PARAM [/move_base/global_costmap/inflation_layer/cost_scaling_factor] by /move_base
[rosmaster.master][INFO] 2020-06-16 21:02:20,771: +PARAM [/move_base/global_costmap/inflation_layer/inflation_radius] by /move_base
[rosmaster.master][INFO] 2020-06-16 21:02:20,771: +PARAM [/move_base/global_costmap/inflation_layer/inflate_unknown] by /move_base
[rosmaster.master][INFO] 2020-06-16 21:02:20,772: +PARAM [/move_base/global_costmap/inflation_layer/enabled] by /move_base
[rosmaster.master][INFO] 2020-06-16 21:02:20,772: +PARAM [/move_base/global_costmap/inflation_layer/cost_scaling_factor] by /move_base
[rosmaster.master][INFO] 2020-06-16 21:02:20,773: +PARAM [/move_base/global_costmap/inflation_layer/inflation_radius] by /move_base
[rosmaster.master][INFO] 2020-06-16 21:02:20,773: +PARAM [/move_base/global_costmap/inflation_layer/inflate_unknown] by /move_base
[rosmaster.master][INFO] 2020-06-16 21:02:20,776: +SUB [/move_base/global_costmap/footprint] /move_base http://3ff6fdf48960:33409/
[rosmaster.master][INFO] 2020-06-16 21:02:20,777: +PUB [/move_base/global_costmap/footprint] /move_base http://3ff6fdf48960:33409/
[rosmaster.master][INFO] 2020-06-16 21:02:20,777: +PARAM [/move_base/global_costmap/footprint] by /move_base
[rosmaster.master][INFO] 2020-06-16 21:02:20,778: +PUB [/move_base/global_costmap/costmap] /move_base http://3ff6fdf48960:33409/
[rosmaster.master][INFO] 2020-06-16 21:02:20,778: +PUB [/move_base/global_costmap/costmap_updates] /move_base http://3ff6fdf48960:33409/
[rosmaster.master][INFO] 2020-06-16 21:02:20,779: +SERVICE [/move_base/global_costmap/set_parameters] /move_base http://3ff6fdf48960:33409/
[rosmaster.master][INFO] 2020-06-16 21:02:20,780: +PUB [/move_base/global_costmap/parameter_descriptions] /move_base http://3ff6fdf48960:33409/
[rosmaster.master][INFO] 2020-06-16 21:02:20,780: +PUB [/move_base/global_costmap/parameter_updates] /move_base http://3ff6fdf48960:33409/
[rosmaster.master][INFO] 2020-06-16 21:02:20,783: +PARAM [/move_base/global_costmap/transform_tolerance] by /move_base
[rosmaster.master][INFO] 2020-06-16 21:02:20,784: +PARAM [/move_base/global_costmap/update_frequency] by /move_base
[rosmaster.master][INFO] 2020-06-16 21:02:20,784: +PARAM [/move_base/global_costmap/publish_frequency] by /move_base
[rosmaster.master][INFO] 2020-06-16 21:02:20,785: +PARAM [/move_base/global_costmap/width] by /move_base
[rosmaster.master][INFO] 2020-06-16 21:02:20,785: +PARAM [/move_base/global_costmap/height] by /move_base
[rosmaster.master][INFO] 2020-06-16 21:02:20,786: +PARAM [/move_base/global_costmap/resolution] by /move_base
[rosmaster.master][INFO] 2020-06-16 21:02:20,786: +PARAM [/move_base/global_costmap/origin_x] by /move_base
[rosmaster.master][INFO] 2020-06-16 21:02:20,787: +PARAM [/move_base/global_costmap/origin_y] by /move_base
[rosmaster.master][INFO] 2020-06-16 21:02:20,787: +PARAM [/move_base/global_costmap/footprint] by /move_base
[rosmaster.master][INFO] 2020-06-16 21:02:20,787: +PARAM [/move_base/global_costmap/robot_radius] by /move_base
[rosmaster.master][INFO] 2020-06-16 21:02:20,788: +PARAM [/move_base/global_costmap/footprint_padding] by /move_base
[rosmaster.master][INFO] 2020-06-16 21:02:20,788: +PARAM [/move_base/global_costmap/transform_tolerance] by /move_base
[rosmaster.master][INFO] 2020-06-16 21:02:20,789: +PARAM [/move_base/global_costmap/update_frequency] by /move_base
[rosmaster.master][INFO] 2020-06-16 21:02:20,789: +PARAM [/move_base/global_costmap/publish_frequency] by /move_base
[rosmaster.master][INFO] 2020-06-16 21:02:20,789: +PARAM [/move_base/global_costmap/width] by /move_base
[rosmaster.master][INFO] 2020-06-16 21:02:20,790: +PARAM [/move_base/global_costmap/height] by /move_base
[rosmaster.master][INFO] 2020-06-16 21:02:20,790: +PARAM [/move_base/global_costmap/resolution] by /move_base
[rosmaster.master][INFO] 2020-06-16 21:02:20,791: +PARAM [/move_base/global_costmap/origin_x] by /move_base
[rosmaster.master][INFO] 2020-06-16 21:02:20,791: +PARAM [/move_base/global_costmap/origin_y] by /move_base
[rosmaster.master][INFO] 2020-06-16 21:02:20,792: +PARAM [/move_base/global_costmap/footprint] by /move_base
[rosmaster.master][INFO] 2020-06-16 21:02:20,792: +PARAM [/move_base/global_costmap/robot_radius] by /move_base
[rosmaster.master][INFO] 2020-06-16 21:02:20,792: +PARAM [/move_base/global_costmap/footprint_padding] by /move_base
[rosmaster.master][INFO] 2020-06-16 21:02:20,794: +PUB [/move_base/NavfnROS/plan] /move_base http://3ff6fdf48960:33409/
[rosmaster.master][INFO] 2020-06-16 21:02:20,796: +SERVICE [/move_base/NavfnROS/make_plan] /move_base http://3ff6fdf48960:33409/
[rosmaster.master][INFO] 2020-06-16 21:02:20,801: +PARAM [/move_base/local_costmap/obstacle_layer/raytrace_range] by /move_base
[rosmaster.master][INFO] 2020-06-16 21:02:20,802: -PARAM [/move_base/local_costmap/raytrace_range] by /move_base
[rosmaster.master][INFO] 2020-06-16 21:02:20,803: +PARAM [/move_base/local_costmap/obstacle_layer/obstacle_range] by /move_base
[rosmaster.master][INFO] 2020-06-16 21:02:20,803: -PARAM [/move_base/local_costmap/obstacle_range] by /move_base
[rosmaster.master][INFO] 2020-06-16 21:02:20,805: +PARAM [/move_base/local_costmap/inflation_layer/cost_scaling_factor] by /move_base
[rosmaster.master][INFO] 2020-06-16 21:02:20,805: -PARAM [/move_base/local_costmap/cost_scaling_factor] by /move_base
[rosmaster.master][INFO] 2020-06-16 21:02:20,806: +PARAM [/move_base/local_costmap/plugins] by /move_base
[rosmaster.master][INFO] 2020-06-16 21:02:20,821: publisherUpdate[/move_base/global_costmap/footprint] -> http://3ff6fdf48960:33409/ ['http://3ff6fdf48960:33409/']
[rosmaster.master][INFO] 2020-06-16 21:02:20,843: publisherUpdate[/move_base/global_costmap/footprint] -> http://3ff6fdf48960:33409/ ['http://3ff6fdf48960:33409/']: sec=0.02, result=[1, '', 0]
[rosmaster.master][INFO] 2020-06-16 21:02:20,912: +SERVICE [/move_base/local_costmap/static_layer/set_parameters] /move_base http://3ff6fdf48960:33409/
[rosmaster.master][INFO] 2020-06-16 21:02:20,913: +PUB [/move_base/local_costmap/static_layer/parameter_descriptions] /move_base http://3ff6fdf48960:33409/
[rosmaster.master][INFO] 2020-06-16 21:02:20,913: +PUB [/move_base/local_costmap/static_layer/parameter_updates] /move_base http://3ff6fdf48960:33409/
[rosmaster.master][INFO] 2020-06-16 21:02:20,914: +PARAM [/move_base/local_costmap/static_layer/enabled] by /move_base
[rosmaster.master][INFO] 2020-06-16 21:02:20,914: +PARAM [/move_base/local_costmap/static_layer/enabled] by /move_base
[rosmaster.master][INFO] 2020-06-16 21:02:20,917: +SERVICE [/move_base/local_costmap/obstacle_layer/set_parameters] /move_base http://3ff6fdf48960:33409/
[rosmaster.master][INFO] 2020-06-16 21:02:20,918: +PUB [/move_base/local_costmap/obstacle_layer/parameter_descriptions] /move_base http://3ff6fdf48960:33409/
[rosmaster.master][INFO] 2020-06-16 21:02:20,918: +PUB [/move_base/local_costmap/obstacle_layer/parameter_updates] /move_base http://3ff6fdf48960:33409/
[rosmaster.master][INFO] 2020-06-16 21:02:20,920: +PARAM [/move_base/local_costmap/obstacle_layer/enabled] by /move_base
[rosmaster.master][INFO] 2020-06-16 21:02:20,920: +PARAM [/move_base/local_costmap/obstacle_layer/footprint_clearing_enabled] by /move_base
[rosmaster.master][INFO] 2020-06-16 21:02:20,920: +PARAM [/move_base/local_costmap/obstacle_layer/max_obstacle_height] by /move_base
[rosmaster.master][INFO] 2020-06-16 21:02:20,921: +PARAM [/move_base/local_costmap/obstacle_layer/combination_method] by /move_base
[rosmaster.master][INFO] 2020-06-16 21:02:20,921: +PARAM [/move_base/local_costmap/obstacle_layer/enabled] by /move_base
[rosmaster.master][INFO] 2020-06-16 21:02:20,922: +PARAM [/move_base/local_costmap/obstacle_layer/footprint_clearing_enabled] by /move_base
[rosmaster.master][INFO] 2020-06-16 21:02:20,922: +PARAM [/move_base/local_costmap/obstacle_layer/max_obstacle_height] by /move_base
[rosmaster.master][INFO] 2020-06-16 21:02:20,923: +PARAM [/move_base/local_costmap/obstacle_layer/combination_method] by /move_base
[rosmaster.master][INFO] 2020-06-16 21:02:20,924: +SERVICE [/move_base/local_costmap/inflation_layer/set_parameters] /move_base http://3ff6fdf48960:33409/
[rosmaster.master][INFO] 2020-06-16 21:02:20,925: +PUB [/move_base/local_costmap/inflation_layer/parameter_descriptions] /move_base http://3ff6fdf48960:33409/
[rosmaster.master][INFO] 2020-06-16 21:02:20,925: +PUB [/move_base/local_costmap/inflation_layer/parameter_updates] /move_base http://3ff6fdf48960:33409/
[rosmaster.master][INFO] 2020-06-16 21:02:20,927: +PARAM [/move_base/local_costmap/inflation_layer/enabled] by /move_base
[rosmaster.master][INFO] 2020-06-16 21:02:20,927: +PARAM [/move_base/local_costmap/inflation_layer/cost_scaling_factor] by /move_base
[rosmaster.master][INFO] 2020-06-16 21:02:20,928: +PARAM [/move_base/local_costmap/inflation_layer/inflation_radius] by /move_base
[rosmaster.master][INFO] 2020-06-16 21:02:20,928: +PARAM [/move_base/local_costmap/inflation_layer/inflate_unknown] by /move_base
[rosmaster.master][INFO] 2020-06-16 21:02:20,929: +PARAM [/move_base/local_costmap/inflation_layer/enabled] by /move_base
[rosmaster.master][INFO] 2020-06-16 21:02:20,929: +PARAM [/move_base/local_costmap/inflation_layer/cost_scaling_factor] by /move_base
[rosmaster.master][INFO] 2020-06-16 21:02:20,930: +PARAM [/move_base/local_costmap/inflation_layer/inflation_radius] by /move_base
[rosmaster.master][INFO] 2020-06-16 21:02:20,930: +PARAM [/move_base/local_costmap/inflation_layer/inflate_unknown] by /move_base
[rosmaster.master][INFO] 2020-06-16 21:02:20,932: +SUB [/move_base/local_costmap/footprint] /move_base http://3ff6fdf48960:33409/
[rosmaster.master][INFO] 2020-06-16 21:02:20,933: +PUB [/move_base/local_costmap/footprint] /move_base http://3ff6fdf48960:33409/
[rosmaster.master][INFO] 2020-06-16 21:02:20,934: +PARAM [/move_base/local_costmap/footprint] by /move_base
[rosmaster.master][INFO] 2020-06-16 21:02:20,935: +PUB [/move_base/local_costmap/costmap] /move_base http://3ff6fdf48960:33409/
[rosmaster.master][INFO] 2020-06-16 21:02:20,935: +PUB [/move_base/local_costmap/costmap_updates] /move_base http://3ff6fdf48960:33409/
[rosmaster.master][INFO] 2020-06-16 21:02:20,935: +SERVICE [/move_base/local_costmap/set_parameters] /move_base http://3ff6fdf48960:33409/
[rosmaster.master][INFO] 2020-06-16 21:02:20,936: +PUB [/move_base/local_costmap/parameter_descriptions] /move_base http://3ff6fdf48960:33409/
[rosmaster.master][INFO] 2020-06-16 21:02:20,936: +PUB [/move_base/local_costmap/parameter_updates] /move_base http://3ff6fdf48960:33409/
[rosmaster.master][INFO] 2020-06-16 21:02:20,939: +PARAM [/move_base/local_costmap/transform_tolerance] by /move_base
[rosmaster.master][INFO] 2020-06-16 21:02:20,940: +PARAM [/move_base/local_costmap/update_frequency] by /move_base
[rosmaster.master][INFO] 2020-06-16 21:02:20,940: +PARAM [/move_base/local_costmap/publish_frequency] by /move_base
[rosmaster.master][INFO] 2020-06-16 21:02:20,940: +PARAM [/move_base/local_costmap/width] by /move_base
[rosmaster.master][INFO] 2020-06-16 21:02:20,941: +PARAM [/move_base/local_costmap/height] by /move_base
[rosmaster.master][INFO] 2020-06-16 21:02:20,941: +PARAM [/move_base/local_costmap/resolution] by /move_base
[rosmaster.master][INFO] 2020-06-16 21:02:20,941: +PARAM [/move_base/local_costmap/origin_x] by /move_base
[rosmaster.master][INFO] 2020-06-16 21:02:20,942: +PARAM [/move_base/local_costmap/origin_y] by /move_base
[rosmaster.master][INFO] 2020-06-16 21:02:20,942: +PARAM [/move_base/local_costmap/footprint] by /move_base
[rosmaster.master][INFO] 2020-06-16 21:02:20,943: +PARAM [/move_base/local_costmap/robot_radius] by /move_base
[rosmaster.master][INFO] 2020-06-16 21:02:20,943: +PARAM [/move_base/local_costmap/footprint_padding] by /move_base
[rosmaster.master][INFO] 2020-06-16 21:02:20,943: publisherUpdate[/move_base/local_costmap/footprint] -> http://3ff6fdf48960:33409/ ['http://3ff6fdf48960:33409/']
[rosmaster.master][INFO] 2020-06-16 21:02:20,944: +PARAM [/move_base/local_costmap/transform_tolerance] by /move_base
[rosmaster.master][INFO] 2020-06-16 21:02:20,944: publisherUpdate[/move_base/local_costmap/footprint] -> http://3ff6fdf48960:33409/ ['http://3ff6fdf48960:33409/']: sec=0.00, result=[1, '', 0]
[rosmaster.master][INFO] 2020-06-16 21:02:20,944: +PARAM [/move_base/local_costmap/update_frequency] by /move_base
[rosmaster.master][INFO] 2020-06-16 21:02:20,945: +PARAM [/move_base/local_costmap/publish_frequency] by /move_base
[rosmaster.master][INFO] 2020-06-16 21:02:20,945: +PARAM [/move_base/local_costmap/width] by /move_base
[rosmaster.master][INFO] 2020-06-16 21:02:20,946: +PARAM [/move_base/local_costmap/height] by /move_base
[rosmaster.master][INFO] 2020-06-16 21:02:20,946: +PARAM [/move_base/local_costmap/resolution] by /move_base
[rosmaster.master][INFO] 2020-06-16 21:02:20,947: +PARAM [/move_base/local_costmap/origin_x] by /move_base
[rosmaster.master][INFO] 2020-06-16 21:02:20,947: +PARAM [/move_base/local_costmap/origin_y] by /move_base
[rosmaster.master][INFO] 2020-06-16 21:02:20,947: +PARAM [/move_base/local_costmap/footprint] by /move_base
[rosmaster.master][INFO] 2020-06-16 21:02:20,948: +PARAM [/move_base/local_costmap/robot_radius] by /move_base
[rosmaster.master][INFO] 2020-06-16 21:02:20,948: +PARAM [/move_base/local_costmap/footprint_padding] by /move_base
[rosmaster.master][INFO] 2020-06-16 21:02:21,120: +SUB [/odom] /move_base http://3ff6fdf48960:33409/
[rosmaster.master][INFO] 2020-06-16 21:02:21,121: +PUB [/move_base/MpnetLocalPlanner/local_plan] /move_base http://3ff6fdf48960:33409/
[rosmaster.master][INFO] 2020-06-16 21:02:21,122: +PUB [/move_base/MpnetLocalPlanner/global_plan] /move_base http://3ff6fdf48960:33409/
[rosmaster.master][INFO] 2020-06-16 21:02:21,128: +PARAM [/move_base/collision_costmap/obstacle_layer/raytrace_range] by /move_base
[rosmaster.master][INFO] 2020-06-16 21:02:21,129: -PARAM [/move_base/collision_costmap/raytrace_range] by /move_base
[rosmaster.master][INFO] 2020-06-16 21:02:21,130: +PARAM [/move_base/collision_costmap/obstacle_layer/obstacle_range] by /move_base
[rosmaster.master][INFO] 2020-06-16 21:02:21,130: -PARAM [/move_base/collision_costmap/obstacle_range] by /move_base
[rosmaster.master][INFO] 2020-06-16 21:02:21,132: +PARAM [/move_base/collision_costmap/plugins] by /move_base
[rosmaster.master][INFO] 2020-06-16 21:02:21,166: +SUB [/tf] /rviz http://3ff6fdf48960:35465/
[rosmaster.master][INFO] 2020-06-16 21:02:21,168: +SUB [/tf_static] /rviz http://3ff6fdf48960:35465/
[rosmaster.master][INFO] 2020-06-16 21:02:21,204: +PUB [/initialpose] /rviz http://3ff6fdf48960:35465/
[rosmaster.master][INFO] 2020-06-16 21:02:21,205: +PUB [/goal] /rviz http://3ff6fdf48960:35465/
[rosmaster.master][INFO] 2020-06-16 21:02:21,213: +SUB [/move_base/local_costmap/costmap] /rviz http://3ff6fdf48960:35465/
[rosmaster.master][INFO] 2020-06-16 21:02:21,214: +SUB [/move_base/local_costmap/costmap_updates] /rviz http://3ff6fdf48960:35465/
[rosmaster.master][INFO] 2020-06-16 21:02:21,217: +SUB [/map] /rviz http://3ff6fdf48960:35465/
[rosmaster.master][INFO] 2020-06-16 21:02:21,219: +SUB [/map_updates] /rviz http://3ff6fdf48960:35465/
[rosmaster.master][INFO] 2020-06-16 21:02:21,222: publisherUpdate[/initialpose] -> http://3ff6fdf48960:35673/ ['http://3ff6fdf48960:35465/']
[rosmaster.master][INFO] 2020-06-16 21:02:21,226: +SUB [/move_base/MpnetLocalPlanner/global_plan] /rviz http://3ff6fdf48960:35465/
[rosmaster.master][INFO] 2020-06-16 21:02:21,228: +SUB [/move_base/MpnetLocalPlanner/local_plan] /rviz http://3ff6fdf48960:35465/
[rosmaster.master][INFO] 2020-06-16 21:02:21,231: +SUB [/move_base_simple/goal] /rviz http://3ff6fdf48960:35465/
[rosmaster.master][INFO] 2020-06-16 21:02:21,231: -PUB [/goal] /rviz http://3ff6fdf48960:35465/
[rosmaster.master][INFO] 2020-06-16 21:02:21,232: -PUB [/initialpose] /rviz http://3ff6fdf48960:35465/
[rosmaster.master][INFO] 2020-06-16 21:02:21,234: +PUB [/initialpose] /rviz http://3ff6fdf48960:35465/
[rosmaster.master][INFO] 2020-06-16 21:02:21,235: +PUB [/goal] /rviz http://3ff6fdf48960:35465/
[rosmaster.master][INFO] 2020-06-16 21:02:21,236: +PUB [/move_base_simple/goal] /rviz http://3ff6fdf48960:35465/
[rosmaster.master][INFO] 2020-06-16 21:02:21,236: -PUB [/goal] /rviz http://3ff6fdf48960:35465/
[rosmaster.master][INFO] 2020-06-16 21:02:21,237: +PUB [/clicked_point] /rviz http://3ff6fdf48960:35465/
[rosmaster.master][INFO] 2020-06-16 21:02:21,238: +SERVICE [/move_base/collision_costmap/static_layer/set_parameters] /move_base http://3ff6fdf48960:33409/
[rosmaster.master][INFO] 2020-06-16 21:02:21,239: +PUB [/move_base/collision_costmap/static_layer/parameter_descriptions] /move_base http://3ff6fdf48960:33409/
[rosmaster.master][INFO] 2020-06-16 21:02:21,240: +PUB [/move_base/collision_costmap/static_layer/parameter_updates] /move_base http://3ff6fdf48960:33409/
[rosmaster.master][INFO] 2020-06-16 21:02:21,241: +PARAM [/move_base/collision_costmap/static_layer/enabled] by /move_base
[rosmaster.master][INFO] 2020-06-16 21:02:21,241: +PARAM [/move_base/collision_costmap/static_layer/enabled] by /move_base
[rosmaster.master][INFO] 2020-06-16 21:02:21,245: +SERVICE [/move_base/collision_costmap/obstacle_layer/set_parameters] /move_base http://3ff6fdf48960:33409/
[rosmaster.master][INFO] 2020-06-16 21:02:21,245: publisherUpdate[/move_base_simple/goal] -> http://3ff6fdf48960:33409/ ['http://3ff6fdf48960:35465/']
[rosmaster.master][INFO] 2020-06-16 21:02:21,245: +PUB [/move_base/collision_costmap/obstacle_layer/parameter_descriptions] /move_base http://3ff6fdf48960:33409/
[rosmaster.master][INFO] 2020-06-16 21:02:21,246: +PUB [/move_base/collision_costmap/obstacle_layer/parameter_updates] /move_base http://3ff6fdf48960:33409/
[rosmaster.master][INFO] 2020-06-16 21:02:21,248: publisherUpdate[/initialpose] -> http://3ff6fdf48960:35673/ ['http://3ff6fdf48960:35465/']: sec=0.03, result=[1, '', 0]
[rosmaster.master][INFO] 2020-06-16 21:02:21,248: +PARAM [/move_base/collision_costmap/obstacle_layer/enabled] by /move_base
[rosmaster.master][INFO] 2020-06-16 21:02:21,248: publisherUpdate[/initialpose] -> http://3ff6fdf48960:35673/ []
[rosmaster.master][INFO] 2020-06-16 21:02:21,249: +PARAM [/move_base/collision_costmap/obstacle_layer/footprint_clearing_enabled] by /move_base
[rosmaster.master][INFO] 2020-06-16 21:02:21,250: publisherUpdate[/initialpose] -> http://3ff6fdf48960:35673/ []: sec=0.00, result=[1, '', 0]
[rosmaster.master][INFO] 2020-06-16 21:02:21,250: publisherUpdate[/initialpose] -> http://3ff6fdf48960:35673/ ['http://3ff6fdf48960:35465/']
[rosmaster.master][INFO] 2020-06-16 21:02:21,251: +PARAM [/move_base/collision_costmap/obstacle_layer/max_obstacle_height] by /move_base
[rosmaster.master][INFO] 2020-06-16 21:02:21,251: publisherUpdate[/initialpose] -> http://3ff6fdf48960:35673/ ['http://3ff6fdf48960:35465/']: sec=0.00, result=[1, '', 0]
[rosmaster.master][INFO] 2020-06-16 21:02:21,252: publisherUpdate[/move_base_simple/goal] -> http://3ff6fdf48960:35465/ ['http://3ff6fdf48960:35465/']
[rosmaster.master][INFO] 2020-06-16 21:02:21,252: +PARAM [/move_base/collision_costmap/obstacle_layer/combination_method] by /move_base
[rosmaster.master][INFO] 2020-06-16 21:02:21,253: +PARAM [/move_base/collision_costmap/obstacle_layer/enabled] by /move_base
[rosmaster.master][INFO] 2020-06-16 21:02:21,253: +PARAM [/move_base/collision_costmap/obstacle_layer/footprint_clearing_enabled] by /move_base
[rosmaster.master][INFO] 2020-06-16 21:02:21,254: +PARAM [/move_base/collision_costmap/obstacle_layer/max_obstacle_height] by /move_base
[rosmaster.master][INFO] 2020-06-16 21:02:21,254: +PARAM [/move_base/collision_costmap/obstacle_layer/combination_method] by /move_base
[rosmaster.master][INFO] 2020-06-16 21:02:21,256: +SERVICE [/move_base/collision_costmap/inflation_layer/set_parameters] /move_base http://3ff6fdf48960:33409/
[rosmaster.master][INFO] 2020-06-16 21:02:21,256: +PUB [/move_base/collision_costmap/inflation_layer/parameter_descriptions] /move_base http://3ff6fdf48960:33409/
[rosmaster.master][INFO] 2020-06-16 21:02:21,257: +PUB [/move_base/collision_costmap/inflation_layer/parameter_updates] /move_base http://3ff6fdf48960:33409/
[rosmaster.master][INFO] 2020-06-16 21:02:21,259: +PARAM [/move_base/collision_costmap/inflation_layer/enabled] by /move_base
[rosmaster.master][INFO] 2020-06-16 21:02:21,260: +PARAM [/move_base/collision_costmap/inflation_layer/cost_scaling_factor] by /move_base
[rosmaster.master][INFO] 2020-06-16 21:02:21,260: +PARAM [/move_base/collision_costmap/inflation_layer/inflation_radius] by /move_base
[rosmaster.master][INFO] 2020-06-16 21:02:21,260: +PARAM [/move_base/collision_costmap/inflation_layer/inflate_unknown] by /move_base
[rosmaster.master][INFO] 2020-06-16 21:02:21,261: +PARAM [/move_base/collision_costmap/inflation_layer/enabled] by /move_base
[rosmaster.master][INFO] 2020-06-16 21:02:21,261: +PARAM [/move_base/collision_costmap/inflation_layer/cost_scaling_factor] by /move_base
[rosmaster.master][INFO] 2020-06-16 21:02:21,262: +PARAM [/move_base/collision_costmap/inflation_layer/inflation_radius] by /move_base
[rosmaster.master][INFO] 2020-06-16 21:02:21,262: +PARAM [/move_base/collision_costmap/inflation_layer/inflate_unknown] by /move_base
[rosmaster.master][INFO] 2020-06-16 21:02:21,265: +SUB [/move_base/collision_costmap/footprint] /move_base http://3ff6fdf48960:33409/
[rosmaster.master][INFO] 2020-06-16 21:02:21,267: +PUB [/move_base/collision_costmap/footprint] /move_base http://3ff6fdf48960:33409/
[rosmaster.master][INFO] 2020-06-16 21:02:21,268: +PARAM [/move_base/collision_costmap/footprint] by /move_base
[rosmaster.master][INFO] 2020-06-16 21:02:21,269: +PUB [/move_base/collision_costmap/costmap] /move_base http://3ff6fdf48960:33409/
[rosmaster.master][INFO] 2020-06-16 21:02:21,269: +SERVICE [/rviz/reload_shaders] /rviz http://3ff6fdf48960:35465/
[rosmaster.master][INFO] 2020-06-16 21:02:21,270: +PUB [/move_base/collision_costmap/costmap_updates] /move_base http://3ff6fdf48960:33409/
[rosmaster.master][INFO] 2020-06-16 21:02:21,270: +SERVICE [/rviz/load_config] /rviz http://3ff6fdf48960:35465/
[rosmaster.master][INFO] 2020-06-16 21:02:21,271: +SERVICE [/move_base/collision_costmap/set_parameters] /move_base http://3ff6fdf48960:33409/
[rosmaster.master][INFO] 2020-06-16 21:02:21,271: +SERVICE [/rviz/save_config] /rviz http://3ff6fdf48960:35465/
[rosmaster.master][INFO] 2020-06-16 21:02:21,272: +PUB [/move_base/collision_costmap/parameter_descriptions] /move_base http://3ff6fdf48960:33409/
[rosmaster.master][INFO] 2020-06-16 21:02:21,272: +PUB [/move_base/collision_costmap/parameter_updates] /move_base http://3ff6fdf48960:33409/
[rosmaster.master][INFO] 2020-06-16 21:02:21,276: +PARAM [/move_base/collision_costmap/transform_tolerance] by /move_base
[rosmaster.master][INFO] 2020-06-16 21:02:21,276: +PARAM [/move_base/collision_costmap/update_frequency] by /move_base
[rosmaster.master][INFO] 2020-06-16 21:02:21,277: +PARAM [/move_base/collision_costmap/publish_frequency] by /move_base
[rosmaster.master][INFO] 2020-06-16 21:02:21,277: +PARAM [/move_base/collision_costmap/width] by /move_base
[rosmaster.master][INFO] 2020-06-16 21:02:21,277: +PARAM [/move_base/collision_costmap/height] by /move_base
[rosmaster.master][INFO] 2020-06-16 21:02:21,278: +PARAM [/move_base/collision_costmap/resolution] by /move_base
[rosmaster.master][INFO] 2020-06-16 21:02:21,278: +PARAM [/move_base/collision_costmap/origin_x] by /move_base
[rosmaster.master][INFO] 2020-06-16 21:02:21,279: +PARAM [/move_base/collision_costmap/origin_y] by /move_base
[rosmaster.master][INFO] 2020-06-16 21:02:21,279: +PARAM [/move_base/collision_costmap/footprint] by /move_base
[rosmaster.master][INFO] 2020-06-16 21:02:21,280: +PARAM [/move_base/collision_costmap/robot_radius] by /move_base
[rosmaster.master][INFO] 2020-06-16 21:02:21,280: +PARAM [/move_base/collision_costmap/footprint_padding] by /move_base
[rosmaster.master][INFO] 2020-06-16 21:02:21,280: +PARAM [/move_base/collision_costmap/transform_tolerance] by /move_base
[rosmaster.master][INFO] 2020-06-16 21:02:21,281: +PARAM [/move_base/collision_costmap/update_frequency] by /move_base
[rosmaster.master][INFO] 2020-06-16 21:02:21,281: +PARAM [/move_base/collision_costmap/publish_frequency] by /move_base
[rosmaster.master][INFO] 2020-06-16 21:02:21,282: +PARAM [/move_base/collision_costmap/width] by /move_base
[rosmaster.master][INFO] 2020-06-16 21:02:21,282: +PARAM [/move_base/collision_costmap/height] by /move_base
[rosmaster.master][INFO] 2020-06-16 21:02:21,282: +PARAM [/move_base/collision_costmap/resolution] by /move_base
[rosmaster.master][INFO] 2020-06-16 21:02:21,283: +PARAM [/move_base/collision_costmap/origin_x] by /move_base
[rosmaster.master][INFO] 2020-06-16 21:02:21,283: +PARAM [/move_base/collision_costmap/origin_y] by /move_base
[rosmaster.master][INFO] 2020-06-16 21:02:21,284: +PARAM [/move_base/collision_costmap/footprint] by /move_base
[rosmaster.master][INFO] 2020-06-16 21:02:21,284: +PARAM [/move_base/collision_costmap/robot_radius] by /move_base
[rosmaster.master][INFO] 2020-06-16 21:02:21,284: +PARAM [/move_base/collision_costmap/footprint_padding] by /move_base
[rosmaster.master][INFO] 2020-06-16 21:02:21,297: publisherUpdate[/move_base_simple/goal] -> http://3ff6fdf48960:33409/ ['http://3ff6fdf48960:35465/']: sec=0.05, result=[1, '', 0]
[rosmaster.master][INFO] 2020-06-16 21:02:21,297: publisherUpdate[/move_base/collision_costmap/footprint] -> http://3ff6fdf48960:33409/ ['http://3ff6fdf48960:33409/']
[rosmaster.master][INFO] 2020-06-16 21:02:21,324: publisherUpdate[/move_base/collision_costmap/footprint] -> http://3ff6fdf48960:33409/ ['http://3ff6fdf48960:33409/']: sec=0.03, result=[1, '', 0]
[rosmaster.master][INFO] 2020-06-16 21:02:21,325: publisherUpdate[/move_base_simple/goal] -> http://3ff6fdf48960:35465/ ['http://3ff6fdf48960:35465/']: sec=0.07, result=[1, '', 0]
[rosmaster.master][INFO] 2020-06-16 21:02:23,557: +SERVICE [/move_base/make_plan] /move_base http://3ff6fdf48960:33409/
[rosmaster.master][INFO] 2020-06-16 21:02:23,559: +SERVICE [/move_base/clear_costmaps] /move_base http://3ff6fdf48960:33409/
[rosmaster.master][INFO] 2020-06-16 21:02:23,562: +PARAM [/move_base/conservative_reset/reset_distance] by /move_base
[rosmaster.master][INFO] 2020-06-16 21:02:23,564: +PARAM [/move_base/aggressive_reset/reset_distance] by /move_base
[rosmaster.master][INFO] 2020-06-16 21:02:23,582: +PUB [/move_base/result] /move_base http://3ff6fdf48960:33409/
[rosmaster.master][INFO] 2020-06-16 21:02:23,583: +PUB [/move_base/feedback] /move_base http://3ff6fdf48960:33409/
[rosmaster.master][INFO] 2020-06-16 21:02:23,585: +PUB [/move_base/status] /move_base http://3ff6fdf48960:33409/
[rosmaster.master][INFO] 2020-06-16 21:02:23,595: +SUB [/move_base/goal] /move_base http://3ff6fdf48960:33409/
[rosmaster.master][INFO] 2020-06-16 21:02:23,603: +SUB [/move_base/cancel] /move_base http://3ff6fdf48960:33409/
[rosmaster.master][INFO] 2020-06-16 21:02:23,605: +SERVICE [/move_base/set_parameters] /move_base http://3ff6fdf48960:33409/
[rosmaster.master][INFO] 2020-06-16 21:02:23,606: +PUB [/move_base/parameter_descriptions] /move_base http://3ff6fdf48960:33409/
[rosmaster.master][INFO] 2020-06-16 21:02:23,608: +PUB [/move_base/parameter_updates] /move_base http://3ff6fdf48960:33409/
[rosmaster.master][INFO] 2020-06-16 21:02:23,624: +PARAM [/move_base/base_global_planner] by /move_base
[rosmaster.master][INFO] 2020-06-16 21:02:23,626: +PARAM [/move_base/base_local_planner] by /move_base
[rosmaster.master][INFO] 2020-06-16 21:02:23,627: +PARAM [/move_base/planner_frequency] by /move_base
[rosmaster.master][INFO] 2020-06-16 21:02:23,629: +PARAM [/move_base/controller_frequency] by /move_base
[rosmaster.master][INFO] 2020-06-16 21:02:23,630: +PARAM [/move_base/planner_patience] by /move_base
[rosmaster.master][INFO] 2020-06-16 21:02:23,631: +PARAM [/move_base/controller_patience] by /move_base
[rosmaster.master][INFO] 2020-06-16 21:02:23,632: +PARAM [/move_base/max_planning_retries] by /move_base
[rosmaster.master][INFO] 2020-06-16 21:02:23,633: +PARAM [/move_base/conservative_reset_dist] by /move_base
[rosmaster.master][INFO] 2020-06-16 21:02:23,635: +PARAM [/move_base/recovery_behavior_enabled] by /move_base
[rosmaster.master][INFO] 2020-06-16 21:02:23,635: +PARAM [/move_base/clearing_rotation_allowed] by /move_base
[rosmaster.master][INFO] 2020-06-16 21:02:23,636: +PARAM [/move_base/shutdown_costmaps] by /move_base
[rosmaster.master][INFO] 2020-06-16 21:02:23,637: +PARAM [/move_base/oscillation_timeout] by /move_base
[rosmaster.master][INFO] 2020-06-16 21:02:23,638: +PARAM [/move_base/oscillation_distance] by /move_base
[rosmaster.master][INFO] 2020-06-16 21:02:23,638: +PARAM [/move_base/restore_defaults] by /move_base
[rosmaster.master][INFO] 2020-06-16 21:02:23,639: +PARAM [/move_base/base_global_planner] by /move_base
[rosmaster.master][INFO] 2020-06-16 21:02:23,640: +PARAM [/move_base/base_local_planner] by /move_base
[rosmaster.master][INFO] 2020-06-16 21:02:23,641: +PARAM [/move_base/planner_frequency] by /move_base
[rosmaster.master][INFO] 2020-06-16 21:02:23,641: +PARAM [/move_base/controller_frequency] by /move_base
[rosmaster.master][INFO] 2020-06-16 21:02:23,642: +PARAM [/move_base/planner_patience] by /move_base
[rosmaster.master][INFO] 2020-06-16 21:02:23,642: +PARAM [/move_base/controller_patience] by /move_base
[rosmaster.master][INFO] 2020-06-16 21:02:23,643: +PARAM [/move_base/max_planning_retries] by /move_base
[rosmaster.master][INFO] 2020-06-16 21:02:23,643: +PARAM [/move_base/conservative_reset_dist] by /move_base
[rosmaster.master][INFO] 2020-06-16 21:02:23,644: +PARAM [/move_base/recovery_behavior_enabled] by /move_base
[rosmaster.master][INFO] 2020-06-16 21:02:23,645: +PARAM [/move_base/clearing_rotation_allowed] by /move_base
[rosmaster.master][INFO] 2020-06-16 21:02:23,645: +PARAM [/move_base/shutdown_costmaps] by /move_base
[rosmaster.master][INFO] 2020-06-16 21:02:23,645: +PARAM [/move_base/oscillation_timeout] by /move_base
[rosmaster.master][INFO] 2020-06-16 21:02:23,646: +PARAM [/move_base/oscillation_distance] by /move_base
[rosmaster.master][INFO] 2020-06-16 21:02:23,646: +PARAM [/move_base/restore_defaults] by /move_base
[rosmaster.master][INFO] 2020-06-16 21:02:35,851: -PUB [/rosout] /static_tf/base_to_laser_tf2 http://3ff6fdf48960:42001/
[rosmaster.master][INFO] 2020-06-16 21:02:35,851: publisherUpdate[/rosout] -> http://3ff6fdf48960:45485/ ['http://3ff6fdf48960:38599/', 'http://3ff6fdf48960:39947/', 'http://3ff6fdf48960:35673/', 'http://3ff6fdf48960:33409/', 'http://3ff6fdf48960:35465/']
[rosmaster.master][INFO] 2020-06-16 21:02:35,852: -PUB [/rosout] /map_server http://3ff6fdf48960:38599/
[rosmaster.master][INFO] 2020-06-16 21:02:35,853: -PUB [/tf_static] /static_tf/base_to_laser_tf2 http://3ff6fdf48960:42001/
[rosmaster.master][INFO] 2020-06-16 21:02:35,853: publisherUpdate[/rosout] -> http://3ff6fdf48960:45485/ ['http://3ff6fdf48960:38599/', 'http://3ff6fdf48960:39947/', 'http://3ff6fdf48960:35673/', 'http://3ff6fdf48960:33409/', 'http://3ff6fdf48960:35465/']: sec=0.00, result=[1, '', 0]
[rosmaster.master][INFO] 2020-06-16 21:02:35,854: -PUB [/rosout] /robot_state_publisher http://3ff6fdf48960:39947/
[rosmaster.master][INFO] 2020-06-16 21:02:35,854: publisherUpdate[/rosout] -> http://3ff6fdf48960:45485/ ['http://3ff6fdf48960:39947/', 'http://3ff6fdf48960:35673/', 'http://3ff6fdf48960:33409/', 'http://3ff6fdf48960:35465/']
[rosmaster.master][INFO] 2020-06-16 21:02:35,855: -PUB [/rosout] /racecar_simulator http://3ff6fdf48960:35673/
[rosmaster.master][INFO] 2020-06-16 21:02:35,856: publisherUpdate[/rosout] -> http://3ff6fdf48960:45485/ ['http://3ff6fdf48960:39947/', 'http://3ff6fdf48960:35673/', 'http://3ff6fdf48960:33409/', 'http://3ff6fdf48960:35465/']: sec=0.00, result=[1, '', 0]
[rosmaster.master][INFO] 2020-06-16 21:02:35,856: -PUB [/rosout] /rviz http://3ff6fdf48960:35465/
[rosmaster.master][INFO] 2020-06-16 21:02:35,856: publisherUpdate[/tf_static] -> http://3ff6fdf48960:33409/ ['http://3ff6fdf48960:39947/']
[rosmaster.master][INFO] 2020-06-16 21:02:35,856: -PUB [/map_metadata] /map_server http://3ff6fdf48960:38599/
[rosmaster.master][INFO] 2020-06-16 21:02:35,857: -SERVICE [/static_tf/base_to_laser_tf2/get_loggers] /static_tf/base_to_laser_tf2 rosrpc://3ff6fdf48960:39885
[rosmaster.master][INFO] 2020-06-16 21:02:35,857: publisherUpdate[/tf_static] -> http://3ff6fdf48960:33409/ ['http://3ff6fdf48960:39947/']: sec=0.00, exception=[Errno 111] Connection refused
[rosmaster.master][INFO] 2020-06-16 21:02:35,858: -PUB [/tf] /robot_state_publisher http://3ff6fdf48960:39947/
[rosmaster.master][INFO] 2020-06-16 21:02:35,859: -PUB [/tf] /racecar_simulator http://3ff6fdf48960:35673/
[rosmaster.master][INFO] 2020-06-16 21:02:35,859: -PUB [/initialpose] /rviz http://3ff6fdf48960:35465/
[rosmaster.master][INFO] 2020-06-16 21:02:35,860: -PUB [/map] /map_server http://3ff6fdf48960:38599/
[rosmaster.master][INFO] 2020-06-16 21:02:35,860: -SERVICE [/static_tf/base_to_laser_tf2/set_logger_level] /static_tf/base_to_laser_tf2 rosrpc://3ff6fdf48960:39885
[rosmaster.master][INFO] 2020-06-16 21:02:35,861: -PUB [/tf_static] /robot_state_publisher http://3ff6fdf48960:39947/
[rosmaster.master][INFO] 2020-06-16 21:02:35,861: -PUB [/scan] /racecar_simulator http://3ff6fdf48960:35673/
[rosmaster.master][INFO] 2020-06-16 21:02:35,862: -PUB [/move_base_simple/goal] /rviz http://3ff6fdf48960:35465/
[rosmaster.master][INFO] 2020-06-16 21:02:35,863: -SERVICE [/map_server/get_loggers] /map_server rosrpc://3ff6fdf48960:34369
[rosmaster.master][INFO] 2020-06-16 21:02:35,863: -SUB [/joint_states] /robot_state_publisher http://3ff6fdf48960:39947/
[rosmaster.master][INFO] 2020-06-16 21:02:35,864: -PUB [/odom] /racecar_simulator http://3ff6fdf48960:35673/
[rosmaster.master][INFO] 2020-06-16 21:02:35,864: -PUB [/clicked_point] /rviz http://3ff6fdf48960:35465/
[rosmaster.master][INFO] 2020-06-16 21:02:35,865: -SERVICE [/map_server/set_logger_level] /map_server rosrpc://3ff6fdf48960:34369
[rosmaster.master][INFO] 2020-06-16 21:02:35,865: -SUB [/joy] /racecar_simulator http://3ff6fdf48960:35673/
[rosmaster.master][INFO] 2020-06-16 21:02:35,866: -SERVICE [/robot_state_publisher/get_loggers] /robot_state_publisher rosrpc://3ff6fdf48960:40687
[rosmaster.threadpool][ERROR] 2020-06-16 21:02:35,866: Traceback (most recent call last):
  File "/opt/ros/melodic/lib/python2.7/dist-packages/rosmaster/threadpool.py", line 218, in run
    result = cmd(*args)
  File "/opt/ros/melodic/lib/python2.7/dist-packages/rosmaster/master_api.py", line 210, in publisher_update_task
    ret = xmlrpcapi(api).publisherUpdate('/master', topic, pub_uris)
  File "/usr/lib/python2.7/xmlrpclib.py", line 1243, in __call__
    return self.__send(self.__name, args)
  File "/usr/lib/python2.7/xmlrpclib.py", line 1602, in __request
    verbose=self.__verbose
  File "/usr/lib/python2.7/xmlrpclib.py", line 1283, in request
    return self.single_request(host, handler, request_body, verbose)
  File "/usr/lib/python2.7/xmlrpclib.py", line 1311, in single_request
    self.send_content(h, request_body)
  File "/usr/lib/python2.7/xmlrpclib.py", line 1459, in send_content
    connection.endheaders(request_body)
  File "/usr/lib/python2.7/httplib.py", line 1065, in endheaders
    self._send_output(message_body)
  File "/usr/lib/python2.7/httplib.py", line 892, in _send_output
    self.send(msg)
  File "/usr/lib/python2.7/httplib.py", line 854, in send
    self.connect()
  File "/usr/lib/python2.7/httplib.py", line 831, in connect
    self.timeout, self.source_address)
  File "/usr/lib/python2.7/socket.py", line 575, in create_connection
    raise err
error: [Errno 111] Connection refused

[rosmaster.master][INFO] 2020-06-16 21:02:35,866: -SUB [/tf] /rviz http://3ff6fdf48960:35465/
[rosmaster.master][INFO] 2020-06-16 21:02:35,867: publisherUpdate[/tf_static] -> http://3ff6fdf48960:35465/ ['http://3ff6fdf48960:39947/']
[rosmaster.master][INFO] 2020-06-16 21:02:35,867: -SERVICE [/static_map] /map_server rosrpc://3ff6fdf48960:34369
[rosmaster.master][INFO] 2020-06-16 21:02:35,868: -SUB [/drive] /racecar_simulator http://3ff6fdf48960:35673/
[rosmaster.master][INFO] 2020-06-16 21:02:35,868: -SERVICE [/robot_state_publisher/set_logger_level] /robot_state_publisher rosrpc://3ff6fdf48960:40687
[rosmaster.master][INFO] 2020-06-16 21:02:35,869: -SUB [/tf_static] /rviz http://3ff6fdf48960:35465/
[rosmaster.master][INFO] 2020-06-16 21:02:35,869: -SUB [/map] /racecar_simulator http://3ff6fdf48960:35673/
[rosmaster.master][INFO] 2020-06-16 21:02:35,870: -SUB [/move_base/local_costmap/costmap] /rviz http://3ff6fdf48960:35465/
[rosmaster.master][INFO] 2020-06-16 21:02:35,870: -SUB [/pose] /racecar_simulator http://3ff6fdf48960:35673/
[rosmaster.master][INFO] 2020-06-16 21:02:35,871: -SUB [/move_base/local_costmap/costmap_updates] /rviz http://3ff6fdf48960:35465/
[rosmaster.master][INFO] 2020-06-16 21:02:35,871: -SUB [/initialpose] /racecar_simulator http://3ff6fdf48960:35673/
[rosmaster.master][INFO] 2020-06-16 21:02:35,872: -SUB [/map] /rviz http://3ff6fdf48960:35465/
[rosmaster.master][INFO] 2020-06-16 21:02:35,872: -SERVICE [/racecar_simulator/get_loggers] /racecar_simulator rosrpc://3ff6fdf48960:45457
[rosmaster.master][INFO] 2020-06-16 21:02:35,873: -SUB [/map_updates] /rviz http://3ff6fdf48960:35465/
[rosmaster.master][INFO] 2020-06-16 21:02:35,873: -SERVICE [/racecar_simulator/set_logger_level] /racecar_simulator rosrpc://3ff6fdf48960:45457
[rosmaster.master][INFO] 2020-06-16 21:02:35,874: -SUB [/move_base/MpnetLocalPlanner/global_plan] /rviz http://3ff6fdf48960:35465/
[rosmaster.master][INFO] 2020-06-16 21:02:35,874: -SUB [/move_base/MpnetLocalPlanner/local_plan] /rviz http://3ff6fdf48960:35465/
[rosmaster.master][INFO] 2020-06-16 21:02:35,875: -SUB [/move_base_simple/goal] /rviz http://3ff6fdf48960:35465/
[rosmaster.master][INFO] 2020-06-16 21:02:35,875: -SERVICE [/rviz/get_loggers] /rviz rosrpc://3ff6fdf48960:40791
[rosmaster.master][INFO] 2020-06-16 21:02:35,876: -SERVICE [/rviz/set_logger_level] /rviz rosrpc://3ff6fdf48960:40791
[rosmaster.master][INFO] 2020-06-16 21:02:35,876: -SERVICE [/rviz/reload_shaders] /rviz rosrpc://3ff6fdf48960:40791
[rosmaster.master][INFO] 2020-06-16 21:02:35,876: -SERVICE [/rviz/load_config] /rviz rosrpc://3ff6fdf48960:40791
[rosmaster.master][INFO] 2020-06-16 21:02:35,877: -SERVICE [/rviz/save_config] /rviz rosrpc://3ff6fdf48960:40791
[rosmaster.master][INFO] 2020-06-16 21:02:35,892: publisherUpdate[/tf_static] -> http://3ff6fdf48960:35465/ ['http://3ff6fdf48960:39947/']: sec=0.02, exception=<Fault -1: 'publisherUpdate: unknown method name'>
[rosmaster.threadpool][ERROR] 2020-06-16 21:02:35,892: Traceback (most recent call last):
  File "/opt/ros/melodic/lib/python2.7/dist-packages/rosmaster/threadpool.py", line 218, in run
    result = cmd(*args)
  File "/opt/ros/melodic/lib/python2.7/dist-packages/rosmaster/master_api.py", line 210, in publisher_update_task
    ret = xmlrpcapi(api).publisherUpdate('/master', topic, pub_uris)
  File "/usr/lib/python2.7/xmlrpclib.py", line 1243, in __call__
    return self.__send(self.__name, args)
  File "/usr/lib/python2.7/xmlrpclib.py", line 1602, in __request
    verbose=self.__verbose
  File "/usr/lib/python2.7/xmlrpclib.py", line 1283, in request
    return self.single_request(host, handler, request_body, verbose)
  File "/usr/lib/python2.7/xmlrpclib.py", line 1316, in single_request
    return self.parse_response(response)
  File "/usr/lib/python2.7/xmlrpclib.py", line 1493, in parse_response
    return u.close()
  File "/usr/lib/python2.7/xmlrpclib.py", line 800, in close
    raise Fault(**self._stack[0])
Fault: <Fault -1: 'publisherUpdate: unknown method name'>

[rosmaster.master][INFO] 2020-06-16 21:02:35,892: publisherUpdate[/rosout] -> http://3ff6fdf48960:45485/ ['http://3ff6fdf48960:35673/', 'http://3ff6fdf48960:33409/', 'http://3ff6fdf48960:35465/']
[rosmaster.master][INFO] 2020-06-16 21:02:35,893: publisherUpdate[/rosout] -> http://3ff6fdf48960:45485/ ['http://3ff6fdf48960:35673/', 'http://3ff6fdf48960:33409/', 'http://3ff6fdf48960:35465/']: sec=0.00, result=[1, '', 0]
[rosmaster.master][INFO] 2020-06-16 21:02:35,893: publisherUpdate[/rosout] -> http://3ff6fdf48960:45485/ ['http://3ff6fdf48960:33409/', 'http://3ff6fdf48960:35465/']
[rosmaster.master][INFO] 2020-06-16 21:02:35,893: publisherUpdate[/rosout] -> http://3ff6fdf48960:45485/ ['http://3ff6fdf48960:33409/', 'http://3ff6fdf48960:35465/']: sec=0.00, result=[1, '', 0]
[rosmaster.master][INFO] 2020-06-16 21:02:35,894: publisherUpdate[/rosout] -> http://3ff6fdf48960:45485/ ['http://3ff6fdf48960:33409/']
[rosmaster.master][INFO] 2020-06-16 21:02:35,894: publisherUpdate[/rosout] -> http://3ff6fdf48960:45485/ ['http://3ff6fdf48960:33409/']: sec=0.00, result=[1, '', 0]
[rosmaster.master][INFO] 2020-06-16 21:02:35,894: publisherUpdate[/tf] -> http://3ff6fdf48960:33409/ ['http://3ff6fdf48960:35673/']
[rosmaster.master][INFO] 2020-06-16 21:02:35,895: publisherUpdate[/tf] -> http://3ff6fdf48960:33409/ ['http://3ff6fdf48960:35673/']: sec=0.00, exception=[Errno 111] Connection refused
[rosmaster.threadpool][ERROR] 2020-06-16 21:02:35,895: Traceback (most recent call last):
  File "/opt/ros/melodic/lib/python2.7/dist-packages/rosmaster/threadpool.py", line 218, in run
    result = cmd(*args)
  File "/opt/ros/melodic/lib/python2.7/dist-packages/rosmaster/master_api.py", line 210, in publisher_update_task
    ret = xmlrpcapi(api).publisherUpdate('/master', topic, pub_uris)
  File "/usr/lib/python2.7/xmlrpclib.py", line 1243, in __call__
    return self.__send(self.__name, args)
  File "/usr/lib/python2.7/xmlrpclib.py", line 1602, in __request
    verbose=self.__verbose
  File "/usr/lib/python2.7/xmlrpclib.py", line 1283, in request
    return self.single_request(host, handler, request_body, verbose)
  File "/usr/lib/python2.7/xmlrpclib.py", line 1311, in single_request
    self.send_content(h, request_body)
  File "/usr/lib/python2.7/xmlrpclib.py", line 1459, in send_content
    connection.endheaders(request_body)
  File "/usr/lib/python2.7/httplib.py", line 1065, in endheaders
    self._send_output(message_body)
  File "/usr/lib/python2.7/httplib.py", line 892, in _send_output
    self.send(msg)
  File "/usr/lib/python2.7/httplib.py", line 854, in send
    self.connect()
  File "/usr/lib/python2.7/httplib.py", line 831, in connect
    self.timeout, self.source_address)
  File "/usr/lib/python2.7/socket.py", line 575, in create_connection
    raise err
error: [Errno 111] Connection refused

[rosmaster.master][INFO] 2020-06-16 21:02:35,895: publisherUpdate[/tf] -> http://3ff6fdf48960:35465/ ['http://3ff6fdf48960:35673/']
[rosmaster.master][INFO] 2020-06-16 21:02:35,895: publisherUpdate[/tf] -> http://3ff6fdf48960:35465/ ['http://3ff6fdf48960:35673/']: sec=0.00, exception=<Fault -1: 'publisherUpdate: unknown method name'>
[rosmaster.threadpool][ERROR] 2020-06-16 21:02:35,896: Traceback (most recent call last):
  File "/opt/ros/melodic/lib/python2.7/dist-packages/rosmaster/threadpool.py", line 218, in run
    result = cmd(*args)
  File "/opt/ros/melodic/lib/python2.7/dist-packages/rosmaster/master_api.py", line 210, in publisher_update_task
    ret = xmlrpcapi(api).publisherUpdate('/master', topic, pub_uris)
  File "/usr/lib/python2.7/xmlrpclib.py", line 1243, in __call__
    return self.__send(self.__name, args)
  File "/usr/lib/python2.7/xmlrpclib.py", line 1602, in __request
    verbose=self.__verbose
  File "/usr/lib/python2.7/xmlrpclib.py", line 1283, in request
    return self.single_request(host, handler, request_body, verbose)
  File "/usr/lib/python2.7/xmlrpclib.py", line 1316, in single_request
    return self.parse_response(response)
  File "/usr/lib/python2.7/xmlrpclib.py", line 1493, in parse_response
    return u.close()
  File "/usr/lib/python2.7/xmlrpclib.py", line 800, in close
    raise Fault(**self._stack[0])
Fault: <Fault -1: 'publisherUpdate: unknown method name'>

[rosmaster.master][INFO] 2020-06-16 21:02:35,896: publisherUpdate[/tf] -> http://3ff6fdf48960:33409/ []
[rosmaster.master][INFO] 2020-06-16 21:02:35,896: publisherUpdate[/tf] -> http://3ff6fdf48960:33409/ []: sec=0.00, exception=[Errno 111] Connection refused
[rosmaster.threadpool][ERROR] 2020-06-16 21:02:35,896: Traceback (most recent call last):
  File "/opt/ros/melodic/lib/python2.7/dist-packages/rosmaster/threadpool.py", line 218, in run
    result = cmd(*args)
  File "/opt/ros/melodic/lib/python2.7/dist-packages/rosmaster/master_api.py", line 210, in publisher_update_task
    ret = xmlrpcapi(api).publisherUpdate('/master', topic, pub_uris)
  File "/usr/lib/python2.7/xmlrpclib.py", line 1243, in __call__
    return self.__send(self.__name, args)
  File "/usr/lib/python2.7/xmlrpclib.py", line 1602, in __request
    verbose=self.__verbose
  File "/usr/lib/python2.7/xmlrpclib.py", line 1283, in request
    return self.single_request(host, handler, request_body, verbose)
  File "/usr/lib/python2.7/xmlrpclib.py", line 1311, in single_request
    self.send_content(h, request_body)
  File "/usr/lib/python2.7/xmlrpclib.py", line 1459, in send_content
    connection.endheaders(request_body)
  File "/usr/lib/python2.7/httplib.py", line 1065, in endheaders
    self._send_output(message_body)
  File "/usr/lib/python2.7/httplib.py", line 892, in _send_output
    self.send(msg)
  File "/usr/lib/python2.7/httplib.py", line 854, in send
    self.connect()
  File "/usr/lib/python2.7/httplib.py", line 831, in connect
    self.timeout, self.source_address)
  File "/usr/lib/python2.7/socket.py", line 575, in create_connection
    raise err
error: [Errno 111] Connection refused

[rosmaster.master][INFO] 2020-06-16 21:02:35,897: publisherUpdate[/tf] -> http://3ff6fdf48960:35465/ []
[rosmaster.master][INFO] 2020-06-16 21:02:35,897: publisherUpdate[/tf] -> http://3ff6fdf48960:35465/ []: sec=0.00, exception=<Fault -1: 'publisherUpdate: unknown method name'>
[rosmaster.threadpool][ERROR] 2020-06-16 21:02:35,897: Traceback (most recent call last):
  File "/opt/ros/melodic/lib/python2.7/dist-packages/rosmaster/threadpool.py", line 218, in run
    result = cmd(*args)
  File "/opt/ros/melodic/lib/python2.7/dist-packages/rosmaster/master_api.py", line 210, in publisher_update_task
    ret = xmlrpcapi(api).publisherUpdate('/master', topic, pub_uris)
  File "/usr/lib/python2.7/xmlrpclib.py", line 1243, in __call__
    return self.__send(self.__name, args)
  File "/usr/lib/python2.7/xmlrpclib.py", line 1602, in __request
    verbose=self.__verbose
  File "/usr/lib/python2.7/xmlrpclib.py", line 1283, in request
    return self.single_request(host, handler, request_body, verbose)
  File "/usr/lib/python2.7/xmlrpclib.py", line 1316, in single_request
    return self.parse_response(response)
  File "/usr/lib/python2.7/xmlrpclib.py", line 1493, in parse_response
    return u.close()
  File "/usr/lib/python2.7/xmlrpclib.py", line 800, in close
    raise Fault(**self._stack[0])
Fault: <Fault -1: 'publisherUpdate: unknown method name'>

[rosmaster.master][INFO] 2020-06-16 21:02:35,898: publisherUpdate[/initialpose] -> http://3ff6fdf48960:35673/ []
[rosmaster.master][INFO] 2020-06-16 21:02:35,920: publisherUpdate[/initialpose] -> http://3ff6fdf48960:35673/ []: sec=0.02, exception=<Fault -1: 'publisherUpdate: unknown method name'>
[rosmaster.threadpool][ERROR] 2020-06-16 21:02:35,920: Traceback (most recent call last):
  File "/opt/ros/melodic/lib/python2.7/dist-packages/rosmaster/threadpool.py", line 218, in run
    result = cmd(*args)
  File "/opt/ros/melodic/lib/python2.7/dist-packages/rosmaster/master_api.py", line 210, in publisher_update_task
    ret = xmlrpcapi(api).publisherUpdate('/master', topic, pub_uris)
  File "/usr/lib/python2.7/xmlrpclib.py", line 1243, in __call__
    return self.__send(self.__name, args)
  File "/usr/lib/python2.7/xmlrpclib.py", line 1602, in __request
    verbose=self.__verbose
  File "/usr/lib/python2.7/xmlrpclib.py", line 1283, in request
    return self.single_request(host, handler, request_body, verbose)
  File "/usr/lib/python2.7/xmlrpclib.py", line 1316, in single_request
    return self.parse_response(response)
  File "/usr/lib/python2.7/xmlrpclib.py", line 1493, in parse_response
    return u.close()
  File "/usr/lib/python2.7/xmlrpclib.py", line 800, in close
    raise Fault(**self._stack[0])
Fault: <Fault -1: 'publisherUpdate: unknown method name'>

[rosmaster.master][INFO] 2020-06-16 21:02:35,920: publisherUpdate[/map] -> http://3ff6fdf48960:35673/ []
[rosmaster.master][INFO] 2020-06-16 21:02:35,921: publisherUpdate[/map] -> http://3ff6fdf48960:35673/ []: sec=0.00, exception=<Fault -1: 'publisherUpdate: unknown method name'>
[rosmaster.threadpool][ERROR] 2020-06-16 21:02:35,921: Traceback (most recent call last):
  File "/opt/ros/melodic/lib/python2.7/dist-packages/rosmaster/threadpool.py", line 218, in run
    result = cmd(*args)
  File "/opt/ros/melodic/lib/python2.7/dist-packages/rosmaster/master_api.py", line 210, in publisher_update_task
    ret = xmlrpcapi(api).publisherUpdate('/master', topic, pub_uris)
  File "/usr/lib/python2.7/xmlrpclib.py", line 1243, in __call__
    return self.__send(self.__name, args)
  File "/usr/lib/python2.7/xmlrpclib.py", line 1602, in __request
    verbose=self.__verbose
  File "/usr/lib/python2.7/xmlrpclib.py", line 1283, in request
    return self.single_request(host, handler, request_body, verbose)
  File "/usr/lib/python2.7/xmlrpclib.py", line 1316, in single_request
    return self.parse_response(response)
  File "/usr/lib/python2.7/xmlrpclib.py", line 1493, in parse_response
    return u.close()
  File "/usr/lib/python2.7/xmlrpclib.py", line 800, in close
    raise Fault(**self._stack[0])
Fault: <Fault -1: 'publisherUpdate: unknown method name'>

[rosmaster.master][INFO] 2020-06-16 21:02:35,921: publisherUpdate[/map] -> http://3ff6fdf48960:33409/ []
[rosmaster.master][INFO] 2020-06-16 21:02:35,922: publisherUpdate[/map] -> http://3ff6fdf48960:33409/ []: sec=0.00, exception=[Errno 111] Connection refused
[rosmaster.threadpool][ERROR] 2020-06-16 21:02:35,922: Traceback (most recent call last):
  File "/opt/ros/melodic/lib/python2.7/dist-packages/rosmaster/threadpool.py", line 218, in run
    result = cmd(*args)
  File "/opt/ros/melodic/lib/python2.7/dist-packages/rosmaster/master_api.py", line 210, in publisher_update_task
    ret = xmlrpcapi(api).publisherUpdate('/master', topic, pub_uris)
  File "/usr/lib/python2.7/xmlrpclib.py", line 1243, in __call__
    return self.__send(self.__name, args)
  File "/usr/lib/python2.7/xmlrpclib.py", line 1602, in __request
    verbose=self.__verbose
  File "/usr/lib/python2.7/xmlrpclib.py", line 1283, in request
    return self.single_request(host, handler, request_body, verbose)
  File "/usr/lib/python2.7/xmlrpclib.py", line 1311, in single_request
    self.send_content(h, request_body)
  File "/usr/lib/python2.7/xmlrpclib.py", line 1459, in send_content
    connection.endheaders(request_body)
  File "/usr/lib/python2.7/httplib.py", line 1065, in endheaders
    self._send_output(message_body)
  File "/usr/lib/python2.7/httplib.py", line 892, in _send_output
    self.send(msg)
  File "/usr/lib/python2.7/httplib.py", line 854, in send
    self.connect()
  File "/usr/lib/python2.7/httplib.py", line 831, in connect
    self.timeout, self.source_address)
  File "/usr/lib/python2.7/socket.py", line 575, in create_connection
    raise err
error: [Errno 111] Connection refused

[rosmaster.master][INFO] 2020-06-16 21:02:35,922: publisherUpdate[/map] -> http://3ff6fdf48960:35465/ []
[rosmaster.master][INFO] 2020-06-16 21:02:35,923: publisherUpdate[/map] -> http://3ff6fdf48960:35465/ []: sec=0.00, exception=<Fault -1: 'publisherUpdate: unknown method name'>
[rosmaster.threadpool][ERROR] 2020-06-16 21:02:35,923: Traceback (most recent call last):
  File "/opt/ros/melodic/lib/python2.7/dist-packages/rosmaster/threadpool.py", line 218, in run
    result = cmd(*args)
  File "/opt/ros/melodic/lib/python2.7/dist-packages/rosmaster/master_api.py", line 210, in publisher_update_task
    ret = xmlrpcapi(api).publisherUpdate('/master', topic, pub_uris)
  File "/usr/lib/python2.7/xmlrpclib.py", line 1243, in __call__
    return self.__send(self.__name, args)
  File "/usr/lib/python2.7/xmlrpclib.py", line 1602, in __request
    verbose=self.__verbose
  File "/usr/lib/python2.7/xmlrpclib.py", line 1283, in request
    return self.single_request(host, handler, request_body, verbose)
  File "/usr/lib/python2.7/xmlrpclib.py", line 1316, in single_request
    return self.parse_response(response)
  File "/usr/lib/python2.7/xmlrpclib.py", line 1493, in parse_response
    return u.close()
  File "/usr/lib/python2.7/xmlrpclib.py", line 800, in close
    raise Fault(**self._stack[0])
Fault: <Fault -1: 'publisherUpdate: unknown method name'>

[rosmaster.master][INFO] 2020-06-16 21:02:35,923: publisherUpdate[/tf_static] -> http://3ff6fdf48960:33409/ []
[rosmaster.master][INFO] 2020-06-16 21:02:35,923: publisherUpdate[/tf_static] -> http://3ff6fdf48960:33409/ []: sec=0.00, exception=[Errno 111] Connection refused
[rosmaster.threadpool][ERROR] 2020-06-16 21:02:35,923: Traceback (most recent call last):
  File "/opt/ros/melodic/lib/python2.7/dist-packages/rosmaster/threadpool.py", line 218, in run
    result = cmd(*args)
  File "/opt/ros/melodic/lib/python2.7/dist-packages/rosmaster/master_api.py", line 210, in publisher_update_task
    ret = xmlrpcapi(api).publisherUpdate('/master', topic, pub_uris)
  File "/usr/lib/python2.7/xmlrpclib.py", line 1243, in __call__
    return self.__send(self.__name, args)
  File "/usr/lib/python2.7/xmlrpclib.py", line 1602, in __request
    verbose=self.__verbose
  File "/usr/lib/python2.7/xmlrpclib.py", line 1283, in request
    return self.single_request(host, handler, request_body, verbose)
  File "/usr/lib/python2.7/xmlrpclib.py", line 1311, in single_request
    self.send_content(h, request_body)
  File "/usr/lib/python2.7/xmlrpclib.py", line 1459, in send_content
    connection.endheaders(request_body)
  File "/usr/lib/python2.7/httplib.py", line 1065, in endheaders
    self._send_output(message_body)
  File "/usr/lib/python2.7/httplib.py", line 892, in _send_output
    self.send(msg)
  File "/usr/lib/python2.7/httplib.py", line 854, in send
    self.connect()
  File "/usr/lib/python2.7/httplib.py", line 831, in connect
    self.timeout, self.source_address)
  File "/usr/lib/python2.7/socket.py", line 575, in create_connection
    raise err
error: [Errno 111] Connection refused

[rosmaster.master][INFO] 2020-06-16 21:02:35,924: publisherUpdate[/tf_static] -> http://3ff6fdf48960:35465/ []
[rosmaster.master][INFO] 2020-06-16 21:02:35,924: publisherUpdate[/tf_static] -> http://3ff6fdf48960:35465/ []: sec=0.00, exception=<Fault -1: 'publisherUpdate: unknown method name'>
[rosmaster.threadpool][ERROR] 2020-06-16 21:02:35,924: Traceback (most recent call last):
  File "/opt/ros/melodic/lib/python2.7/dist-packages/rosmaster/threadpool.py", line 218, in run
    result = cmd(*args)
  File "/opt/ros/melodic/lib/python2.7/dist-packages/rosmaster/master_api.py", line 210, in publisher_update_task
    ret = xmlrpcapi(api).publisherUpdate('/master', topic, pub_uris)
  File "/usr/lib/python2.7/xmlrpclib.py", line 1243, in __call__
    return self.__send(self.__name, args)
  File "/usr/lib/python2.7/xmlrpclib.py", line 1602, in __request
    verbose=self.__verbose
  File "/usr/lib/python2.7/xmlrpclib.py", line 1283, in request
    return self.single_request(host, handler, request_body, verbose)
  File "/usr/lib/python2.7/xmlrpclib.py", line 1316, in single_request
    return self.parse_response(response)
  File "/usr/lib/python2.7/xmlrpclib.py", line 1493, in parse_response
    return u.close()
  File "/usr/lib/python2.7/xmlrpclib.py", line 800, in close
    raise Fault(**self._stack[0])
Fault: <Fault -1: 'publisherUpdate: unknown method name'>

[rosmaster.master][INFO] 2020-06-16 21:02:35,924: publisherUpdate[/move_base_simple/goal] -> http://3ff6fdf48960:33409/ []
[rosmaster.master][INFO] 2020-06-16 21:02:35,925: publisherUpdate[/move_base_simple/goal] -> http://3ff6fdf48960:33409/ []: sec=0.00, exception=[Errno 111] Connection refused
[rosmaster.threadpool][ERROR] 2020-06-16 21:02:35,925: Traceback (most recent call last):
  File "/opt/ros/melodic/lib/python2.7/dist-packages/rosmaster/threadpool.py", line 218, in run
    result = cmd(*args)
  File "/opt/ros/melodic/lib/python2.7/dist-packages/rosmaster/master_api.py", line 210, in publisher_update_task
    ret = xmlrpcapi(api).publisherUpdate('/master', topic, pub_uris)
  File "/usr/lib/python2.7/xmlrpclib.py", line 1243, in __call__
    return self.__send(self.__name, args)
  File "/usr/lib/python2.7/xmlrpclib.py", line 1602, in __request
    verbose=self.__verbose
  File "/usr/lib/python2.7/xmlrpclib.py", line 1283, in request
    return self.single_request(host, handler, request_body, verbose)
  File "/usr/lib/python2.7/xmlrpclib.py", line 1311, in single_request
    self.send_content(h, request_body)
  File "/usr/lib/python2.7/xmlrpclib.py", line 1459, in send_content
    connection.endheaders(request_body)
  File "/usr/lib/python2.7/httplib.py", line 1065, in endheaders
    self._send_output(message_body)
  File "/usr/lib/python2.7/httplib.py", line 892, in _send_output
    self.send(msg)
  File "/usr/lib/python2.7/httplib.py", line 854, in send
    self.connect()
  File "/usr/lib/python2.7/httplib.py", line 831, in connect
    self.timeout, self.source_address)
  File "/usr/lib/python2.7/socket.py", line 575, in create_connection
    raise err
error: [Errno 111] Connection refused

[rosmaster.master][INFO] 2020-06-16 21:02:35,925: publisherUpdate[/move_base_simple/goal] -> http://3ff6fdf48960:35465/ []
[rosmaster.master][INFO] 2020-06-16 21:02:35,925: publisherUpdate[/move_base_simple/goal] -> http://3ff6fdf48960:35465/ []: sec=0.00, exception=<Fault -1: 'publisherUpdate: unknown method name'>
[rosmaster.threadpool][ERROR] 2020-06-16 21:02:35,926: Traceback (most recent call last):
  File "/opt/ros/melodic/lib/python2.7/dist-packages/rosmaster/threadpool.py", line 218, in run
    result = cmd(*args)
  File "/opt/ros/melodic/lib/python2.7/dist-packages/rosmaster/master_api.py", line 210, in publisher_update_task
    ret = xmlrpcapi(api).publisherUpdate('/master', topic, pub_uris)
  File "/usr/lib/python2.7/xmlrpclib.py", line 1243, in __call__
    return self.__send(self.__name, args)
  File "/usr/lib/python2.7/xmlrpclib.py", line 1602, in __request
    verbose=self.__verbose
  File "/usr/lib/python2.7/xmlrpclib.py", line 1283, in request
    return self.single_request(host, handler, request_body, verbose)
  File "/usr/lib/python2.7/xmlrpclib.py", line 1316, in single_request
    return self.parse_response(response)
  File "/usr/lib/python2.7/xmlrpclib.py", line 1493, in parse_response
    return u.close()
  File "/usr/lib/python2.7/xmlrpclib.py", line 800, in close
    raise Fault(**self._stack[0])
Fault: <Fault -1: 'publisherUpdate: unknown method name'>

[rosmaster.master][INFO] 2020-06-16 21:02:35,926: publisherUpdate[/odom] -> http://3ff6fdf48960:33409/ []
[rosmaster.master][INFO] 2020-06-16 21:02:35,926: publisherUpdate[/odom] -> http://3ff6fdf48960:33409/ []: sec=0.00, exception=[Errno 111] Connection refused
[rosmaster.threadpool][ERROR] 2020-06-16 21:02:35,926: Traceback (most recent call last):
  File "/opt/ros/melodic/lib/python2.7/dist-packages/rosmaster/threadpool.py", line 218, in run
    result = cmd(*args)
  File "/opt/ros/melodic/lib/python2.7/dist-packages/rosmaster/master_api.py", line 210, in publisher_update_task
    ret = xmlrpcapi(api).publisherUpdate('/master', topic, pub_uris)
  File "/usr/lib/python2.7/xmlrpclib.py", line 1243, in __call__
    return self.__send(self.__name, args)
  File "/usr/lib/python2.7/xmlrpclib.py", line 1602, in __request
    verbose=self.__verbose
  File "/usr/lib/python2.7/xmlrpclib.py", line 1283, in request
    return self.single_request(host, handler, request_body, verbose)
  File "/usr/lib/python2.7/xmlrpclib.py", line 1311, in single_request
    self.send_content(h, request_body)
  File "/usr/lib/python2.7/xmlrpclib.py", line 1459, in send_content
    connection.endheaders(request_body)
  File "/usr/lib/python2.7/httplib.py", line 1065, in endheaders
    self._send_output(message_body)
  File "/usr/lib/python2.7/httplib.py", line 892, in _send_output
    self.send(msg)
  File "/usr/lib/python2.7/httplib.py", line 854, in send
    self.connect()
  File "/usr/lib/python2.7/httplib.py", line 831, in connect
    self.timeout, self.source_address)
  File "/usr/lib/python2.7/socket.py", line 575, in create_connection
    raise err
error: [Errno 111] Connection refused

[rosmaster.master][INFO] 2020-06-16 21:02:36,395: -PUB [/rosout_agg] /rosout http://3ff6fdf48960:45485/
[rosmaster.master][INFO] 2020-06-16 21:02:36,395: -SUB [/rosout] /rosout http://3ff6fdf48960:45485/
[rosmaster.master][INFO] 2020-06-16 21:02:36,396: -SERVICE [/rosout/get_loggers] /rosout rosrpc://3ff6fdf48960:42353
[rosmaster.master][INFO] 2020-06-16 21:02:36,396: -SERVICE [/rosout/set_logger_level] /rosout rosrpc://3ff6fdf48960:42353
[rosmaster.main][INFO] 2020-06-16 21:02:36,448: keyboard interrupt, will exit
[rosmaster.main][INFO] 2020-06-16 21:02:36,448: stopping master...
[rospy.core][INFO] 2020-06-16 21:02:36,448: signal_shutdown [atexit]
