[roslaunch][INFO] 2020-06-16 21:02:16,410: Checking log directory for disk usage. This may take a while.
Press Ctrl-C to interrupt
[roslaunch][INFO] 2020-06-16 21:02:16,414: Done checking log file disk usage. Usage is <1GB.
[roslaunch][INFO] 2020-06-16 21:02:16,414: roslaunch starting with args ['/opt/ros/melodic/bin/roslaunch', 'mpnet_plan', 'simulate_mpnet.launch']
[roslaunch][INFO] 2020-06-16 21:02:16,414: roslaunch env is {'ROS_DISTRO': 'melodic', 'ROSLISP_PACKAGE_DIRECTORIES': '/root/project/devel/share/common-lisp', 'CUDA_VERSION': '10.1.243', 'QT_LOGGING_RULES': '*.debug=false;qt.qpa.*=false', 'ROS_PACKAGE_PATH': '/root/project/src:/opt/ros/melodic/share', 'HOME': '/root', 'CMAKE_PREFIX_PATH': '/root/project/devel:/opt/ros/melodic', 'DISPLAY': ':0', 'LANG': 'C.UTF-8', 'TERM': 'xterm', 'ROS_LOG_FILENAME': '/root/.ros/log/a8a93b76-b014-11ea-9afa-0242ac110003/roslaunch-3ff6fdf48960-1847.log', 'LIBRARY_PATH': '/usr/local/cuda/lib64/stubs', 'CUDA_PKG_VERSION': '10-1=10.1.243-1', 'SHLVL': '1', 'NCCL_VERSION': '2.4.8', 'LD_LIBRARY_PATH': '/root/project/devel/lib:/opt/ros/melodic/lib:/usr/local/cuda/extras/CUPTI/lib64:/usr/local/nvidia/lib:/usr/local/nvidia/lib64:/usr/lib/x86_64-linux-gnu:/usr/lib/i386-linux-gnu:/usr/local/nvidia/lib:/usr/local/nvidia/lib64', 'NVIDIA_VISIBLE_DEVICES': 'all', 'ROS_MASTER_URI': 'http://localhost:11311', 'CUDNN_VERSION': '7.6.5.32', 'ROS_PYTHON_VERSION': '2', 'PYTHONPATH': '/opt/ros/melodic/lib/python2.7/dist-packages', 'ROS_ROOT': '/opt/ros/melodic/share/ros', 'PATH': '/opt/ros/melodic/bin:/usr/local/nvidia/bin:/usr/local/cuda/bin:/usr/local/nvidia/bin:/usr/local/cuda/bin:/usr/local/sbin:/usr/local/bin:/usr/sbin:/usr/bin:/sbin:/bin', 'PKG_CONFIG_PATH': '/root/project/devel/lib/pkgconfig:/opt/ros/melodic/lib/pkgconfig', 'LC_ALL': 'C.UTF-8', 'NVIDIA_DRIVER_CAPABILITIES': 'compute,utility,graphics', '_': '/opt/ros/melodic/bin/roslaunch', 'NVIDIA_REQUIRE_CUDA': 'cuda>=10.0 brand=tesla,driver>=384,driver<385', 'OLDPWD': '/root', 'HOSTNAME': '3ff6fdf48960', 'PWD': '/root/project', 'ROS_ETC_DIR': '/opt/ros/melodic/etc/ros', 'ROS_VERSION': '1'}
[roslaunch][INFO] 2020-06-16 21:02:16,415: starting in server mode
[roslaunch.parent][INFO] 2020-06-16 21:02:16,415: starting roslaunch parent run
[roslaunch][INFO] 2020-06-16 21:02:16,415: loading roscore config file /opt/ros/melodic/etc/ros/roscore.xml
[roslaunch][INFO] 2020-06-16 21:02:16,554: Added core node of type [rosout/rosout] in namespace [/]
[roslaunch.config][INFO] 2020-06-16 21:02:16,554: loading config file /root/project/src/mpnet_local_planner/launch/simulate_mpnet.launch
[roslaunch][INFO] 2020-06-16 21:02:16,589: Added node of type [map_server/map_server] in namespace [/]
[roslaunch][INFO] 2020-06-16 21:02:16,643: Added node of type [robot_state_publisher/state_publisher] in namespace [/]
[roslaunch][INFO] 2020-06-16 21:02:16,650: Added node of type [racecar_simulator/simulate] in namespace [/]
[roslaunch][INFO] 2020-06-16 21:02:16,650: Added node of type [tf2_ros/static_transform_publisher] in namespace [/static_tf/]
[roslaunch][INFO] 2020-06-16 21:02:16,662: Added node of type [move_base/move_base] in namespace [/]
[roslaunch][INFO] 2020-06-16 21:02:16,663: Added node of type [rviz/rviz] in namespace [/]
[roslaunch][INFO] 2020-06-16 21:02:16,663: ... selected machine [] for node of type [map_server/map_server]
[roslaunch][INFO] 2020-06-16 21:02:16,663: ... selected machine [] for node of type [robot_state_publisher/state_publisher]
[roslaunch][INFO] 2020-06-16 21:02:16,663: ... selected machine [] for node of type [racecar_simulator/simulate]
[roslaunch][INFO] 2020-06-16 21:02:16,663: ... selected machine [] for node of type [tf2_ros/static_transform_publisher]
[roslaunch][INFO] 2020-06-16 21:02:16,663: ... selected machine [] for node of type [move_base/move_base]
[roslaunch][INFO] 2020-06-16 21:02:16,664: ... selected machine [] for node of type [rviz/rviz]
[roslaunch.pmon][INFO] 2020-06-16 21:02:16,664: start_process_monitor: creating ProcessMonitor
[roslaunch.pmon][INFO] 2020-06-16 21:02:16,664: created process monitor <ProcessMonitor(ProcessMonitor-1, initial daemon)>
[roslaunch.pmon][INFO] 2020-06-16 21:02:16,664: start_process_monitor: ProcessMonitor started
[roslaunch.parent][INFO] 2020-06-16 21:02:16,664: starting parent XML-RPC server
[roslaunch.server][INFO] 2020-06-16 21:02:16,665: starting roslaunch XML-RPC server
[roslaunch.server][INFO] 2020-06-16 21:02:16,665: waiting for roslaunch XML-RPC server to initialize
[xmlrpc][INFO] 2020-06-16 21:02:16,665: XML-RPC server binding to 0.0.0.0:0
[xmlrpc][INFO] 2020-06-16 21:02:16,665: Started XML-RPC server [http://3ff6fdf48960:43931/]
[xmlrpc][INFO] 2020-06-16 21:02:16,665: xml rpc node: starting XML-RPC server
[roslaunch][INFO] 2020-06-16 21:02:16,676: started roslaunch server http://3ff6fdf48960:43931/
[roslaunch.parent][INFO] 2020-06-16 21:02:16,676: ... parent XML-RPC server started
[roslaunch][INFO] 2020-06-16 21:02:16,677: master.is_running[http://localhost:11311]
[roslaunch][INFO] 2020-06-16 21:02:16,678: auto-starting new master
[roslaunch][INFO] 2020-06-16 21:02:16,678: create_master_process: rosmaster, /opt/ros/melodic/share/ros, 11311, 3, None, False
[roslaunch][INFO] 2020-06-16 21:02:16,678: process[master]: launching with args [['rosmaster', '--core', '-p', '11311', '-w', '3']]
[roslaunch.pmon][INFO] 2020-06-16 21:02:16,678: ProcessMonitor.register[master]
[roslaunch.pmon][INFO] 2020-06-16 21:02:16,678: ProcessMonitor.register[master] complete
[roslaunch][INFO] 2020-06-16 21:02:16,679: process[master]: starting os process
[roslaunch][INFO] 2020-06-16 21:02:16,679: process[master]: start w/ args [['rosmaster', '--core', '-p', '11311', '-w', '3', '__log:=/root/.ros/log/a8a93b76-b014-11ea-9afa-0242ac110003/master.log']]
[roslaunch][INFO] 2020-06-16 21:02:16,679: process[master]: cwd will be [/root/.ros]
[roslaunch][INFO] 2020-06-16 21:02:17,122: process[master]: started with pid [1860]
[roslaunch][INFO] 2020-06-16 21:02:17,122: master.is_running[http://localhost:11311]
[roslaunch][INFO] 2020-06-16 21:02:17,223: master.is_running[http://localhost:11311]
[roslaunch][INFO] 2020-06-16 21:02:17,324: master.is_running[http://localhost:11311]
[roslaunch][INFO] 2020-06-16 21:02:17,325: master.is_running[http://localhost:11311]
[roslaunch][INFO] 2020-06-16 21:02:17,326: ROS_MASTER_URI=http://localhost:11311
[roslaunch][INFO] 2020-06-16 21:02:17,327: setting /run_id to a8a93b76-b014-11ea-9afa-0242ac110003
[roslaunch][INFO] 2020-06-16 21:02:17,328: setting /roslaunch/uris/host_3ff6fdf48960__43931' to http://3ff6fdf48960:43931/
[roslaunch][INFO] 2020-06-16 21:02:17,330: ... preparing to launch node of type [rosout/rosout]
[roslaunch][INFO] 2020-06-16 21:02:17,330: create_node_process: package[rosout] type[rosout] machine[Machine(name[] env_loader[None] address[localhost] ssh_port[22] user[None] assignable[True] timeout[10.0])] master_uri[http://localhost:11311]
[roslaunch][INFO] 2020-06-16 21:02:17,330: process[rosout-1]: env[{'ROS_DISTRO': 'melodic', 'ROSLISP_PACKAGE_DIRECTORIES': '/root/project/devel/share/common-lisp', 'CUDA_VERSION': '10.1.243', 'QT_LOGGING_RULES': '*.debug=false;qt.qpa.*=false', 'PATH': '/opt/ros/melodic/bin:/usr/local/nvidia/bin:/usr/local/cuda/bin:/usr/local/nvidia/bin:/usr/local/cuda/bin:/usr/local/sbin:/usr/local/bin:/usr/sbin:/usr/bin:/sbin:/bin', 'HOME': '/root', 'CMAKE_PREFIX_PATH': '/root/project/devel:/opt/ros/melodic', 'ROS_LOG_FILENAME': '/root/.ros/log/a8a93b76-b014-11ea-9afa-0242ac110003/roslaunch-3ff6fdf48960-1847.log', 'LANG': 'C.UTF-8', 'TERM': 'xterm', 'LIBRARY_PATH': '/usr/local/cuda/lib64/stubs', 'CUDA_PKG_VERSION': '10-1=10.1.243-1', 'SHLVL': '1', 'NCCL_VERSION': '2.4.8', 'LD_LIBRARY_PATH': '/root/project/devel/lib:/opt/ros/melodic/lib:/usr/local/cuda/extras/CUPTI/lib64:/usr/local/nvidia/lib:/usr/local/nvidia/lib64:/usr/lib/x86_64-linux-gnu:/usr/lib/i386-linux-gnu:/usr/local/nvidia/lib:/usr/local/nvidia/lib64', 'NVIDIA_VISIBLE_DEVICES': 'all', 'ROS_ETC_DIR': '/opt/ros/melodic/etc/ros', 'CUDNN_VERSION': '7.6.5.32', 'ROS_PYTHON_VERSION': '2', 'LC_ALL': 'C.UTF-8', 'PYTHONPATH': '/opt/ros/melodic/lib/python2.7/dist-packages', 'ROS_ROOT': '/opt/ros/melodic/share/ros', 'PKG_CONFIG_PATH': '/root/project/devel/lib/pkgconfig:/opt/ros/melodic/lib/pkgconfig', 'ROS_PACKAGE_PATH': '/root/project/src:/opt/ros/melodic/share', 'NVIDIA_DRIVER_CAPABILITIES': 'compute,utility,graphics', '_': '/opt/ros/melodic/bin/roslaunch', 'DISPLAY': ':0', 'NVIDIA_REQUIRE_CUDA': 'cuda>=10.0 brand=tesla,driver>=384,driver<385', 'OLDPWD': '/root', 'HOSTNAME': '3ff6fdf48960', 'PWD': '/root/project', 'ROS_MASTER_URI': 'http://localhost:11311', 'ROS_VERSION': '1'}]
[roslaunch][INFO] 2020-06-16 21:02:17,367: process[rosout-1]: args[[u'/opt/ros/melodic/lib/rosout/rosout', u'__name:=rosout']]
[roslaunch][INFO] 2020-06-16 21:02:17,367: ... created process [rosout-1]
[roslaunch.pmon][INFO] 2020-06-16 21:02:17,367: ProcessMonitor.register[rosout-1]
[roslaunch.pmon][INFO] 2020-06-16 21:02:17,367: ProcessMonitor.register[rosout-1] complete
[roslaunch][INFO] 2020-06-16 21:02:17,367: ... registered process [rosout-1]
[roslaunch][INFO] 2020-06-16 21:02:17,368: process[rosout-1]: starting os process
[roslaunch][INFO] 2020-06-16 21:02:17,368: process[rosout-1]: start w/ args [[u'/opt/ros/melodic/lib/rosout/rosout', u'__name:=rosout', u'__log:=/root/.ros/log/a8a93b76-b014-11ea-9afa-0242ac110003/rosout-1.log']]
[roslaunch][INFO] 2020-06-16 21:02:17,368: process[rosout-1]: cwd will be [/root/.ros]
[roslaunch][INFO] 2020-06-16 21:02:17,808: process[rosout-1]: started with pid [1871]
[roslaunch][INFO] 2020-06-16 21:02:17,809: ... successfully launched [rosout-1]
[roslaunch][INFO] 2020-06-16 21:02:17,809: load_parameters starting ...
[roslaunch][INFO] 2020-06-16 21:02:17,833: ... load_parameters complete
[roslaunch][INFO] 2020-06-16 21:02:17,833: launch_nodes: launching local nodes ...
[roslaunch][INFO] 2020-06-16 21:02:17,833: ... preparing to launch node of type [map_server/map_server]
[roslaunch][INFO] 2020-06-16 21:02:17,834: create_node_process: package[map_server] type[map_server] machine[Machine(name[] env_loader[None] address[localhost] ssh_port[22] user[None] assignable[True] timeout[10.0])] master_uri[http://localhost:11311]
[roslaunch][INFO] 2020-06-16 21:02:17,834: process[map_server-2]: env[{'ROS_DISTRO': 'melodic', 'ROSLISP_PACKAGE_DIRECTORIES': '/root/project/devel/share/common-lisp', 'CUDA_VERSION': '10.1.243', 'QT_LOGGING_RULES': '*.debug=false;qt.qpa.*=false', 'PATH': '/opt/ros/melodic/bin:/usr/local/nvidia/bin:/usr/local/cuda/bin:/usr/local/nvidia/bin:/usr/local/cuda/bin:/usr/local/sbin:/usr/local/bin:/usr/sbin:/usr/bin:/sbin:/bin', 'HOME': '/root', 'CMAKE_PREFIX_PATH': '/root/project/devel:/opt/ros/melodic', 'ROS_LOG_FILENAME': '/root/.ros/log/a8a93b76-b014-11ea-9afa-0242ac110003/roslaunch-3ff6fdf48960-1847.log', 'LANG': 'C.UTF-8', 'TERM': 'xterm', 'LIBRARY_PATH': '/usr/local/cuda/lib64/stubs', 'CUDA_PKG_VERSION': '10-1=10.1.243-1', 'SHLVL': '1', 'NCCL_VERSION': '2.4.8', 'LD_LIBRARY_PATH': '/root/project/devel/lib:/opt/ros/melodic/lib:/usr/local/cuda/extras/CUPTI/lib64:/usr/local/nvidia/lib:/usr/local/nvidia/lib64:/usr/lib/x86_64-linux-gnu:/usr/lib/i386-linux-gnu:/usr/local/nvidia/lib:/usr/local/nvidia/lib64', 'NVIDIA_VISIBLE_DEVICES': 'all', 'ROS_ETC_DIR': '/opt/ros/melodic/etc/ros', 'CUDNN_VERSION': '7.6.5.32', 'ROS_PYTHON_VERSION': '2', 'LC_ALL': 'C.UTF-8', 'PYTHONPATH': '/opt/ros/melodic/lib/python2.7/dist-packages', 'ROS_ROOT': '/opt/ros/melodic/share/ros', 'PKG_CONFIG_PATH': '/root/project/devel/lib/pkgconfig:/opt/ros/melodic/lib/pkgconfig', 'ROS_PACKAGE_PATH': '/root/project/src:/opt/ros/melodic/share', 'NVIDIA_DRIVER_CAPABILITIES': 'compute,utility,graphics', '_': '/opt/ros/melodic/bin/roslaunch', 'DISPLAY': ':0', 'NVIDIA_REQUIRE_CUDA': 'cuda>=10.0 brand=tesla,driver>=384,driver<385', 'OLDPWD': '/root', 'HOSTNAME': '3ff6fdf48960', 'PWD': '/root/project', 'ROS_MASTER_URI': 'http://localhost:11311', 'ROS_VERSION': '1'}]
[roslaunch][INFO] 2020-06-16 21:02:17,834: process[map_server-2]: args[[u'/opt/ros/melodic/lib/map_server/map_server', '/root/project/src/racecar_simulator/maps/mymap.yaml', u'__name:=map_server']]
[roslaunch][INFO] 2020-06-16 21:02:17,835: ... created process [map_server-2]
[roslaunch.pmon][INFO] 2020-06-16 21:02:17,835: ProcessMonitor.register[map_server-2]
[roslaunch.pmon][INFO] 2020-06-16 21:02:17,835: ProcessMonitor.register[map_server-2] complete
[roslaunch][INFO] 2020-06-16 21:02:17,835: ... registered process [map_server-2]
[roslaunch][INFO] 2020-06-16 21:02:17,835: process[map_server-2]: starting os process
[roslaunch][INFO] 2020-06-16 21:02:17,835: process[map_server-2]: start w/ args [[u'/opt/ros/melodic/lib/map_server/map_server', '/root/project/src/racecar_simulator/maps/mymap.yaml', u'__name:=map_server', u'__log:=/root/.ros/log/a8a93b76-b014-11ea-9afa-0242ac110003/map_server-2.log']]
[roslaunch][INFO] 2020-06-16 21:02:17,835: process[map_server-2]: cwd will be [/root/.ros]
[roslaunch][INFO] 2020-06-16 21:02:18,283: process[map_server-2]: started with pid [1878]
[roslaunch][INFO] 2020-06-16 21:02:18,283: ... successfully launched [map_server-2]
[roslaunch][INFO] 2020-06-16 21:02:18,283: ... preparing to launch node of type [robot_state_publisher/state_publisher]
[roslaunch][INFO] 2020-06-16 21:02:18,283: create_node_process: package[robot_state_publisher] type[state_publisher] machine[Machine(name[] env_loader[None] address[localhost] ssh_port[22] user[None] assignable[True] timeout[10.0])] master_uri[http://localhost:11311]
[roslaunch][INFO] 2020-06-16 21:02:18,284: process[robot_state_publisher-3]: env[{'ROS_DISTRO': 'melodic', 'ROSLISP_PACKAGE_DIRECTORIES': '/root/project/devel/share/common-lisp', 'CUDA_VERSION': '10.1.243', 'QT_LOGGING_RULES': '*.debug=false;qt.qpa.*=false', 'PATH': '/opt/ros/melodic/bin:/usr/local/nvidia/bin:/usr/local/cuda/bin:/usr/local/nvidia/bin:/usr/local/cuda/bin:/usr/local/sbin:/usr/local/bin:/usr/sbin:/usr/bin:/sbin:/bin', 'HOME': '/root', 'CMAKE_PREFIX_PATH': '/root/project/devel:/opt/ros/melodic', 'ROS_LOG_FILENAME': '/root/.ros/log/a8a93b76-b014-11ea-9afa-0242ac110003/roslaunch-3ff6fdf48960-1847.log', 'LANG': 'C.UTF-8', 'TERM': 'xterm', 'LIBRARY_PATH': '/usr/local/cuda/lib64/stubs', 'CUDA_PKG_VERSION': '10-1=10.1.243-1', 'SHLVL': '1', 'NCCL_VERSION': '2.4.8', 'LD_LIBRARY_PATH': '/root/project/devel/lib:/opt/ros/melodic/lib:/usr/local/cuda/extras/CUPTI/lib64:/usr/local/nvidia/lib:/usr/local/nvidia/lib64:/usr/lib/x86_64-linux-gnu:/usr/lib/i386-linux-gnu:/usr/local/nvidia/lib:/usr/local/nvidia/lib64', 'NVIDIA_VISIBLE_DEVICES': 'all', 'ROS_ETC_DIR': '/opt/ros/melodic/etc/ros', 'CUDNN_VERSION': '7.6.5.32', 'ROS_PYTHON_VERSION': '2', 'LC_ALL': 'C.UTF-8', 'PYTHONPATH': '/opt/ros/melodic/lib/python2.7/dist-packages', 'ROS_ROOT': '/opt/ros/melodic/share/ros', 'PKG_CONFIG_PATH': '/root/project/devel/lib/pkgconfig:/opt/ros/melodic/lib/pkgconfig', 'ROS_PACKAGE_PATH': '/root/project/src:/opt/ros/melodic/share', 'NVIDIA_DRIVER_CAPABILITIES': 'compute,utility,graphics', '_': '/opt/ros/melodic/bin/roslaunch', 'DISPLAY': ':0', 'NVIDIA_REQUIRE_CUDA': 'cuda>=10.0 brand=tesla,driver>=384,driver<385', 'OLDPWD': '/root', 'HOSTNAME': '3ff6fdf48960', 'PWD': '/root/project', 'ROS_MASTER_URI': 'http://localhost:11311', 'ROS_VERSION': '1'}]
[roslaunch][INFO] 2020-06-16 21:02:18,284: process[robot_state_publisher-3]: args[[u'/opt/ros/melodic/lib/robot_state_publisher/state_publisher', u'__name:=robot_state_publisher']]
[roslaunch][INFO] 2020-06-16 21:02:18,285: ... created process [robot_state_publisher-3]
[roslaunch.pmon][INFO] 2020-06-16 21:02:18,285: ProcessMonitor.register[robot_state_publisher-3]
[roslaunch.pmon][INFO] 2020-06-16 21:02:18,285: ProcessMonitor.register[robot_state_publisher-3] complete
[roslaunch][INFO] 2020-06-16 21:02:18,285: ... registered process [robot_state_publisher-3]
[roslaunch][INFO] 2020-06-16 21:02:18,285: process[robot_state_publisher-3]: starting os process
[roslaunch][INFO] 2020-06-16 21:02:18,285: process[robot_state_publisher-3]: start w/ args [[u'/opt/ros/melodic/lib/robot_state_publisher/state_publisher', u'__name:=robot_state_publisher', u'__log:=/root/.ros/log/a8a93b76-b014-11ea-9afa-0242ac110003/robot_state_publisher-3.log']]
[roslaunch][INFO] 2020-06-16 21:02:18,285: process[robot_state_publisher-3]: cwd will be [/root/.ros]
[roslaunch][INFO] 2020-06-16 21:02:18,737: process[robot_state_publisher-3]: started with pid [1879]
[roslaunch][INFO] 2020-06-16 21:02:18,737: ... successfully launched [robot_state_publisher-3]
[roslaunch][INFO] 2020-06-16 21:02:18,737: ... preparing to launch node of type [racecar_simulator/simulate]
[roslaunch][INFO] 2020-06-16 21:02:18,738: create_node_process: package[racecar_simulator] type[simulate] machine[Machine(name[] env_loader[None] address[localhost] ssh_port[22] user[None] assignable[True] timeout[10.0])] master_uri[http://localhost:11311]
[roslaunch][INFO] 2020-06-16 21:02:18,738: process[racecar_simulator-4]: env[{'ROS_DISTRO': 'melodic', 'ROSLISP_PACKAGE_DIRECTORIES': '/root/project/devel/share/common-lisp', 'CUDA_VERSION': '10.1.243', 'QT_LOGGING_RULES': '*.debug=false;qt.qpa.*=false', 'PATH': '/opt/ros/melodic/bin:/usr/local/nvidia/bin:/usr/local/cuda/bin:/usr/local/nvidia/bin:/usr/local/cuda/bin:/usr/local/sbin:/usr/local/bin:/usr/sbin:/usr/bin:/sbin:/bin', 'HOME': '/root', 'CMAKE_PREFIX_PATH': '/root/project/devel:/opt/ros/melodic', 'ROS_LOG_FILENAME': '/root/.ros/log/a8a93b76-b014-11ea-9afa-0242ac110003/roslaunch-3ff6fdf48960-1847.log', 'LANG': 'C.UTF-8', 'TERM': 'xterm', 'LIBRARY_PATH': '/usr/local/cuda/lib64/stubs', 'CUDA_PKG_VERSION': '10-1=10.1.243-1', 'SHLVL': '1', 'NCCL_VERSION': '2.4.8', 'LD_LIBRARY_PATH': '/root/project/devel/lib:/opt/ros/melodic/lib:/usr/local/cuda/extras/CUPTI/lib64:/usr/local/nvidia/lib:/usr/local/nvidia/lib64:/usr/lib/x86_64-linux-gnu:/usr/lib/i386-linux-gnu:/usr/local/nvidia/lib:/usr/local/nvidia/lib64', 'NVIDIA_VISIBLE_DEVICES': 'all', 'ROS_ETC_DIR': '/opt/ros/melodic/etc/ros', 'CUDNN_VERSION': '7.6.5.32', 'ROS_PYTHON_VERSION': '2', 'LC_ALL': 'C.UTF-8', 'PYTHONPATH': '/opt/ros/melodic/lib/python2.7/dist-packages', 'ROS_ROOT': '/opt/ros/melodic/share/ros', 'PKG_CONFIG_PATH': '/root/project/devel/lib/pkgconfig:/opt/ros/melodic/lib/pkgconfig', 'ROS_PACKAGE_PATH': '/root/project/src:/opt/ros/melodic/share', 'NVIDIA_DRIVER_CAPABILITIES': 'compute,utility,graphics', '_': '/opt/ros/melodic/bin/roslaunch', 'DISPLAY': ':0', 'NVIDIA_REQUIRE_CUDA': 'cuda>=10.0 brand=tesla,driver>=384,driver<385', 'OLDPWD': '/root', 'HOSTNAME': '3ff6fdf48960', 'PWD': '/root/project', 'ROS_MASTER_URI': 'http://localhost:11311', 'ROS_VERSION': '1'}]
[roslaunch][INFO] 2020-06-16 21:02:18,739: process[racecar_simulator-4]: args[[u'/root/project/devel/lib/racecar_simulator/simulate', u'__name:=racecar_simulator']]
[roslaunch][INFO] 2020-06-16 21:02:18,739: ... created process [racecar_simulator-4]
[roslaunch.pmon][INFO] 2020-06-16 21:02:18,739: ProcessMonitor.register[racecar_simulator-4]
[roslaunch.pmon][INFO] 2020-06-16 21:02:18,740: ProcessMonitor.register[racecar_simulator-4] complete
[roslaunch][INFO] 2020-06-16 21:02:18,740: ... registered process [racecar_simulator-4]
[roslaunch][INFO] 2020-06-16 21:02:18,740: process[racecar_simulator-4]: starting os process
[roslaunch][INFO] 2020-06-16 21:02:18,740: process[racecar_simulator-4]: start w/ args [[u'/root/project/devel/lib/racecar_simulator/simulate', u'__name:=racecar_simulator', u'__log:=/root/.ros/log/a8a93b76-b014-11ea-9afa-0242ac110003/racecar_simulator-4.log']]
[roslaunch][INFO] 2020-06-16 21:02:18,740: process[racecar_simulator-4]: cwd will be [/root/.ros]
[roslaunch][INFO] 2020-06-16 21:02:19,194: process[racecar_simulator-4]: started with pid [1885]
[roslaunch][INFO] 2020-06-16 21:02:19,194: ... successfully launched [racecar_simulator-4]
[roslaunch][INFO] 2020-06-16 21:02:19,194: ... preparing to launch node of type [tf2_ros/static_transform_publisher]
[roslaunch][INFO] 2020-06-16 21:02:19,195: create_node_process: package[tf2_ros] type[static_transform_publisher] machine[Machine(name[] env_loader[None] address[localhost] ssh_port[22] user[None] assignable[True] timeout[10.0])] master_uri[http://localhost:11311]
[roslaunch][INFO] 2020-06-16 21:02:19,195: process[static_tf/base_to_laser_tf2-5]: env[{'ROS_DISTRO': 'melodic', 'ROSLISP_PACKAGE_DIRECTORIES': '/root/project/devel/share/common-lisp', 'CUDA_VERSION': '10.1.243', 'QT_LOGGING_RULES': '*.debug=false;qt.qpa.*=false', 'PATH': '/opt/ros/melodic/bin:/usr/local/nvidia/bin:/usr/local/cuda/bin:/usr/local/nvidia/bin:/usr/local/cuda/bin:/usr/local/sbin:/usr/local/bin:/usr/sbin:/usr/bin:/sbin:/bin', 'HOME': '/root', 'CMAKE_PREFIX_PATH': '/root/project/devel:/opt/ros/melodic', 'ROS_LOG_FILENAME': '/root/.ros/log/a8a93b76-b014-11ea-9afa-0242ac110003/roslaunch-3ff6fdf48960-1847.log', 'LANG': 'C.UTF-8', 'TERM': 'xterm', 'LIBRARY_PATH': '/usr/local/cuda/lib64/stubs', 'CUDA_PKG_VERSION': '10-1=10.1.243-1', 'SHLVL': '1', 'NCCL_VERSION': '2.4.8', 'LD_LIBRARY_PATH': '/root/project/devel/lib:/opt/ros/melodic/lib:/usr/local/cuda/extras/CUPTI/lib64:/usr/local/nvidia/lib:/usr/local/nvidia/lib64:/usr/lib/x86_64-linux-gnu:/usr/lib/i386-linux-gnu:/usr/local/nvidia/lib:/usr/local/nvidia/lib64', 'NVIDIA_VISIBLE_DEVICES': 'all', 'ROS_ETC_DIR': '/opt/ros/melodic/etc/ros', 'CUDNN_VERSION': '7.6.5.32', 'ROS_PYTHON_VERSION': '2', 'LC_ALL': 'C.UTF-8', 'PYTHONPATH': '/opt/ros/melodic/lib/python2.7/dist-packages', 'ROS_NAMESPACE': '/static_tf', 'ROS_ROOT': '/opt/ros/melodic/share/ros', 'PKG_CONFIG_PATH': '/root/project/devel/lib/pkgconfig:/opt/ros/melodic/lib/pkgconfig', 'ROS_PACKAGE_PATH': '/root/project/src:/opt/ros/melodic/share', 'NVIDIA_DRIVER_CAPABILITIES': 'compute,utility,graphics', '_': '/opt/ros/melodic/bin/roslaunch', 'DISPLAY': ':0', 'NVIDIA_REQUIRE_CUDA': 'cuda>=10.0 brand=tesla,driver>=384,driver<385', 'OLDPWD': '/root', 'HOSTNAME': '3ff6fdf48960', 'PWD': '/root/project', 'ROS_MASTER_URI': 'http://localhost:11311', 'ROS_VERSION': '1'}]
[roslaunch][INFO] 2020-06-16 21:02:19,196: process[static_tf/base_to_laser_tf2-5]: args[[u'/opt/ros/melodic/lib/tf2_ros/static_transform_publisher', '0.1', '0.0', '0.30', '0.0', '0.0', '0.0', 'base_link', 'laser', u'__name:=base_to_laser_tf2']]
[roslaunch][INFO] 2020-06-16 21:02:19,196: ... created process [static_tf/base_to_laser_tf2-5]
[roslaunch.pmon][INFO] 2020-06-16 21:02:19,196: ProcessMonitor.register[static_tf/base_to_laser_tf2-5]
[roslaunch.pmon][INFO] 2020-06-16 21:02:19,196: ProcessMonitor.register[static_tf/base_to_laser_tf2-5] complete
[roslaunch][INFO] 2020-06-16 21:02:19,196: ... registered process [static_tf/base_to_laser_tf2-5]
[roslaunch][INFO] 2020-06-16 21:02:19,196: process[static_tf/base_to_laser_tf2-5]: starting os process
[roslaunch][INFO] 2020-06-16 21:02:19,196: process[static_tf/base_to_laser_tf2-5]: start w/ args [[u'/opt/ros/melodic/lib/tf2_ros/static_transform_publisher', '0.1', '0.0', '0.30', '0.0', '0.0', '0.0', 'base_link', 'laser', u'__name:=base_to_laser_tf2', u'__log:=/root/.ros/log/a8a93b76-b014-11ea-9afa-0242ac110003/static_tf-base_to_laser_tf2-5.log']]
[roslaunch][INFO] 2020-06-16 21:02:19,196: process[static_tf/base_to_laser_tf2-5]: cwd will be [/root/.ros]
[roslaunch][INFO] 2020-06-16 21:02:19,667: process[static_tf/base_to_laser_tf2-5]: started with pid [1892]
[roslaunch][INFO] 2020-06-16 21:02:19,667: ... successfully launched [static_tf/base_to_laser_tf2-5]
[roslaunch][INFO] 2020-06-16 21:02:19,667: ... preparing to launch node of type [move_base/move_base]
[roslaunch][INFO] 2020-06-16 21:02:19,667: create_node_process: package[move_base] type[move_base] machine[Machine(name[] env_loader[None] address[localhost] ssh_port[22] user[None] assignable[True] timeout[10.0])] master_uri[http://localhost:11311]
[roslaunch][INFO] 2020-06-16 21:02:19,668: process[move_base-6]: env[{'ROS_DISTRO': 'melodic', 'ROSLISP_PACKAGE_DIRECTORIES': '/root/project/devel/share/common-lisp', 'CUDA_VERSION': '10.1.243', 'QT_LOGGING_RULES': '*.debug=false;qt.qpa.*=false', 'PATH': '/opt/ros/melodic/bin:/usr/local/nvidia/bin:/usr/local/cuda/bin:/usr/local/nvidia/bin:/usr/local/cuda/bin:/usr/local/sbin:/usr/local/bin:/usr/sbin:/usr/bin:/sbin:/bin', 'HOME': '/root', 'CMAKE_PREFIX_PATH': '/root/project/devel:/opt/ros/melodic', 'ROS_LOG_FILENAME': '/root/.ros/log/a8a93b76-b014-11ea-9afa-0242ac110003/roslaunch-3ff6fdf48960-1847.log', 'LANG': 'C.UTF-8', 'TERM': 'xterm', 'LIBRARY_PATH': '/usr/local/cuda/lib64/stubs', 'CUDA_PKG_VERSION': '10-1=10.1.243-1', 'SHLVL': '1', 'NCCL_VERSION': '2.4.8', 'LD_LIBRARY_PATH': '/root/project/devel/lib:/opt/ros/melodic/lib:/usr/local/cuda/extras/CUPTI/lib64:/usr/local/nvidia/lib:/usr/local/nvidia/lib64:/usr/lib/x86_64-linux-gnu:/usr/lib/i386-linux-gnu:/usr/local/nvidia/lib:/usr/local/nvidia/lib64', 'NVIDIA_VISIBLE_DEVICES': 'all', 'ROS_ETC_DIR': '/opt/ros/melodic/etc/ros', 'CUDNN_VERSION': '7.6.5.32', 'ROS_PYTHON_VERSION': '2', 'LC_ALL': 'C.UTF-8', 'PYTHONPATH': '/opt/ros/melodic/lib/python2.7/dist-packages', 'ROS_ROOT': '/opt/ros/melodic/share/ros', 'PKG_CONFIG_PATH': '/root/project/devel/lib/pkgconfig:/opt/ros/melodic/lib/pkgconfig', 'ROS_PACKAGE_PATH': '/root/project/src:/opt/ros/melodic/share', 'NVIDIA_DRIVER_CAPABILITIES': 'compute,utility,graphics', '_': '/opt/ros/melodic/bin/roslaunch', 'DISPLAY': ':0', 'NVIDIA_REQUIRE_CUDA': 'cuda>=10.0 brand=tesla,driver>=384,driver<385', 'OLDPWD': '/root', 'HOSTNAME': '3ff6fdf48960', 'PWD': '/root/project', 'ROS_MASTER_URI': 'http://localhost:11311', 'ROS_VERSION': '1'}]
[roslaunch][INFO] 2020-06-16 21:02:19,668: process[move_base-6]: args[[u'/opt/ros/melodic/lib/move_base/move_base', u'__name:=move_base']]
[roslaunch][INFO] 2020-06-16 21:02:19,669: ... created process [move_base-6]
[roslaunch.pmon][INFO] 2020-06-16 21:02:19,669: ProcessMonitor.register[move_base-6]
[roslaunch.pmon][INFO] 2020-06-16 21:02:19,669: ProcessMonitor.register[move_base-6] complete
[roslaunch][INFO] 2020-06-16 21:02:19,669: ... registered process [move_base-6]
[roslaunch][INFO] 2020-06-16 21:02:19,669: process[move_base-6]: starting os process
[roslaunch][INFO] 2020-06-16 21:02:19,669: process[move_base-6]: start w/ args [[u'/opt/ros/melodic/lib/move_base/move_base', u'__name:=move_base', u'__log:=/root/.ros/log/a8a93b76-b014-11ea-9afa-0242ac110003/move_base-6.log']]
[roslaunch][INFO] 2020-06-16 21:02:19,669: process[move_base-6]: cwd will be [/root/.ros]
[roslaunch][INFO] 2020-06-16 21:02:20,124: process[move_base-6]: started with pid [1899]
[roslaunch][INFO] 2020-06-16 21:02:20,125: ... successfully launched [move_base-6]
[roslaunch][INFO] 2020-06-16 21:02:20,125: ... preparing to launch node of type [rviz/rviz]
[roslaunch][INFO] 2020-06-16 21:02:20,125: create_node_process: package[rviz] type[rviz] machine[Machine(name[] env_loader[None] address[localhost] ssh_port[22] user[None] assignable[True] timeout[10.0])] master_uri[http://localhost:11311]
[roslaunch][INFO] 2020-06-16 21:02:20,125: process[rviz-7]: env[{'ROS_DISTRO': 'melodic', 'ROSLISP_PACKAGE_DIRECTORIES': '/root/project/devel/share/common-lisp', 'CUDA_VERSION': '10.1.243', 'QT_LOGGING_RULES': '*.debug=false;qt.qpa.*=false', 'PATH': '/opt/ros/melodic/bin:/usr/local/nvidia/bin:/usr/local/cuda/bin:/usr/local/nvidia/bin:/usr/local/cuda/bin:/usr/local/sbin:/usr/local/bin:/usr/sbin:/usr/bin:/sbin:/bin', 'HOME': '/root', 'CMAKE_PREFIX_PATH': '/root/project/devel:/opt/ros/melodic', 'ROS_LOG_FILENAME': '/root/.ros/log/a8a93b76-b014-11ea-9afa-0242ac110003/roslaunch-3ff6fdf48960-1847.log', 'LANG': 'C.UTF-8', 'TERM': 'xterm', 'LIBRARY_PATH': '/usr/local/cuda/lib64/stubs', 'CUDA_PKG_VERSION': '10-1=10.1.243-1', 'SHLVL': '1', 'NCCL_VERSION': '2.4.8', 'LD_LIBRARY_PATH': '/root/project/devel/lib:/opt/ros/melodic/lib:/usr/local/cuda/extras/CUPTI/lib64:/usr/local/nvidia/lib:/usr/local/nvidia/lib64:/usr/lib/x86_64-linux-gnu:/usr/lib/i386-linux-gnu:/usr/local/nvidia/lib:/usr/local/nvidia/lib64', 'NVIDIA_VISIBLE_DEVICES': 'all', 'ROS_ETC_DIR': '/opt/ros/melodic/etc/ros', 'CUDNN_VERSION': '7.6.5.32', 'ROS_PYTHON_VERSION': '2', 'LC_ALL': 'C.UTF-8', 'PYTHONPATH': '/opt/ros/melodic/lib/python2.7/dist-packages', 'ROS_ROOT': '/opt/ros/melodic/share/ros', 'PKG_CONFIG_PATH': '/root/project/devel/lib/pkgconfig:/opt/ros/melodic/lib/pkgconfig', 'ROS_PACKAGE_PATH': '/root/project/src:/opt/ros/melodic/share', 'NVIDIA_DRIVER_CAPABILITIES': 'compute,utility,graphics', '_': '/opt/ros/melodic/bin/roslaunch', 'DISPLAY': ':0', 'NVIDIA_REQUIRE_CUDA': 'cuda>=10.0 brand=tesla,driver>=384,driver<385', 'OLDPWD': '/root', 'HOSTNAME': '3ff6fdf48960', 'PWD': '/root/project', 'ROS_MASTER_URI': 'http://localhost:11311', 'ROS_VERSION': '1'}]
[roslaunch][INFO] 2020-06-16 21:02:20,129: process[rviz-7]: args[[u'/opt/ros/melodic/lib/rviz/rviz', '-d', '/root/project/src/mpnet_local_planner/launch/mpnet_launch.rviz', u'__name:=rviz']]
[roslaunch][INFO] 2020-06-16 21:02:20,129: ... created process [rviz-7]
[roslaunch.pmon][INFO] 2020-06-16 21:02:20,130: ProcessMonitor.register[rviz-7]
[roslaunch.pmon][INFO] 2020-06-16 21:02:20,130: ProcessMonitor.register[rviz-7] complete
[roslaunch][INFO] 2020-06-16 21:02:20,130: ... registered process [rviz-7]
[roslaunch][INFO] 2020-06-16 21:02:20,130: process[rviz-7]: starting os process
[roslaunch][INFO] 2020-06-16 21:02:20,130: process[rviz-7]: start w/ args [[u'/opt/ros/melodic/lib/rviz/rviz', '-d', '/root/project/src/mpnet_local_planner/launch/mpnet_launch.rviz', u'__name:=rviz', u'__log:=/root/.ros/log/a8a93b76-b014-11ea-9afa-0242ac110003/rviz-7.log']]
[roslaunch][INFO] 2020-06-16 21:02:20,130: process[rviz-7]: cwd will be [/root/.ros]
[roslaunch][INFO] 2020-06-16 21:02:20,619: process[rviz-7]: started with pid [1905]
[roslaunch][INFO] 2020-06-16 21:02:20,620: ... successfully launched [rviz-7]
[roslaunch][INFO] 2020-06-16 21:02:20,620: ... launch_nodes complete
[roslaunch.pmon][INFO] 2020-06-16 21:02:20,620: registrations completed <ProcessMonitor(ProcessMonitor-1, started daemon 140662301959936)>
[roslaunch.parent][INFO] 2020-06-16 21:02:20,620: ... roslaunch parent running, waiting for process exit
[roslaunch][INFO] 2020-06-16 21:02:20,620: spin
[roslaunch][ERROR] 2020-06-16 21:02:33,618: [move_base-6] process has died [pid 1899, exit code -6, cmd /opt/ros/melodic/lib/move_base/move_base __name:=move_base __log:=/root/.ros/log/a8a93b76-b014-11ea-9afa-0242ac110003/move_base-6.log].
log file: /root/.ros/log/a8a93b76-b014-11ea-9afa-0242ac110003/move_base-6*.log
[roslaunch.pmon][INFO] 2020-06-16 21:02:33,618: ProcessMonitor.unregister[move_base-6] starting
[roslaunch.pmon][INFO] 2020-06-16 21:02:33,618: ProcessMonitor.unregister[move_base-6] complete
[roslaunch.pmon][INFO] 2020-06-16 21:02:35,648: ProcessMonitor.shutdown <ProcessMonitor(ProcessMonitor-1, started daemon 140662301959936)>
[roslaunch.pmon][INFO] 2020-06-16 21:02:35,726: ProcessMonitor._post_run <ProcessMonitor(ProcessMonitor-1, started daemon 140662301959936)>
[roslaunch.pmon][INFO] 2020-06-16 21:02:35,727: ProcessMonitor._post_run <ProcessMonitor(ProcessMonitor-1, started daemon 140662301959936)>: remaining procs are [<roslaunch.nodeprocess.LocalProcess object at 0x7fee7ead7e50>, <roslaunch.nodeprocess.LocalProcess object at 0x7fee7ead7d90>, <roslaunch.nodeprocess.LocalProcess object at 0x7fee7d073c90>, <roslaunch.nodeprocess.LocalProcess object at 0x7fee7d078c50>, <roslaunch.nodeprocess.LocalProcess object at 0x7fee7d078c10>, <roslaunch.nodeprocess.LocalProcess object at 0x7fee7d078a10>, <roslaunch.nodeprocess.LocalProcess object at 0x7fee7d0786d0>]
[roslaunch.pmon][INFO] 2020-06-16 21:02:35,728: ProcessMonitor exit: killing static_tf/base_to_laser_tf2-5
[roslaunch.pmon][INFO] 2020-06-16 21:02:35,728: ProcessMonitor exit: killing rviz-7
[roslaunch.pmon][INFO] 2020-06-16 21:02:35,729: ProcessMonitor exit: killing racecar_simulator-4
[roslaunch][INFO] 2020-06-16 21:02:35,730: [static_tf/base_to_laser_tf2-5] killing on exit
[roslaunch.pmon][INFO] 2020-06-16 21:02:35,731: ProcessMonitor exit: killing robot_state_publisher-3
[roslaunch][INFO] 2020-06-16 21:02:35,731: [rviz-7] killing on exit
[roslaunch.pmon][INFO] 2020-06-16 21:02:35,732: ProcessMonitor exit: killing map_server-2
[roslaunch][INFO] 2020-06-16 21:02:35,733: [racecar_simulator-4] killing on exit
[roslaunch][INFO] 2020-06-16 21:02:35,734: process[static_tf/base_to_laser_tf2-5]: killing os process with pid[1892] pgid[1892]
[roslaunch][INFO] 2020-06-16 21:02:35,735: [robot_state_publisher-3] killing on exit
[roslaunch][INFO] 2020-06-16 21:02:35,735: [map_server-2] killing on exit
[roslaunch][INFO] 2020-06-16 21:02:35,736: process[rviz-7]: killing os process with pid[1905] pgid[1905]
[roslaunch][INFO] 2020-06-16 21:02:35,737: process[racecar_simulator-4]: killing os process with pid[1885] pgid[1885]
[roslaunch][INFO] 2020-06-16 21:02:35,738: [static_tf/base_to_laser_tf2-5] sending SIGINT to pgid [1892]
[roslaunch][INFO] 2020-06-16 21:02:35,740: process[robot_state_publisher-3]: killing os process with pid[1879] pgid[1879]
[roslaunch][INFO] 2020-06-16 21:02:35,740: [rviz-7] sending SIGINT to pgid [1905]
[roslaunch][INFO] 2020-06-16 21:02:35,741: process[map_server-2]: killing os process with pid[1878] pgid[1878]
[roslaunch][INFO] 2020-06-16 21:02:35,741: [racecar_simulator-4] sending SIGINT to pgid [1885]
[roslaunch][INFO] 2020-06-16 21:02:35,741: [static_tf/base_to_laser_tf2-5] sent SIGINT to pgid [1892]
[roslaunch][INFO] 2020-06-16 21:02:35,742: [robot_state_publisher-3] sending SIGINT to pgid [1879]
[roslaunch][INFO] 2020-06-16 21:02:35,742: [rviz-7] sent SIGINT to pgid [1905]
[roslaunch][INFO] 2020-06-16 21:02:35,743: [map_server-2] sending SIGINT to pgid [1878]
[roslaunch][INFO] 2020-06-16 21:02:35,743: [racecar_simulator-4] sent SIGINT to pgid [1885]
[roslaunch][INFO] 2020-06-16 21:02:35,744: [robot_state_publisher-3] sent SIGINT to pgid [1879]
[roslaunch][INFO] 2020-06-16 21:02:35,745: [map_server-2] sent SIGINT to pgid [1878]
[roslaunch][INFO] 2020-06-16 21:02:36,045: process[static_tf/base_to_laser_tf2-5]: SIGINT killed with return value 0
[roslaunch][INFO] 2020-06-16 21:02:36,046: process[racecar_simulator-4]: SIGINT killed with return value 0
[roslaunch][INFO] 2020-06-16 21:02:36,046: process[robot_state_publisher-3]: SIGINT killed with return value 0
[roslaunch][INFO] 2020-06-16 21:02:36,047: process[map_server-2]: SIGINT killed with return value 0
[roslaunch][INFO] 2020-06-16 21:02:36,246: process[rviz-7]: SIGINT killed with return value 0
[roslaunch.pmon][INFO] 2020-06-16 21:02:36,246: ProcessMonitor exit: killing rosout-1
[roslaunch][INFO] 2020-06-16 21:02:36,246: [rosout-1] killing on exit
[roslaunch][INFO] 2020-06-16 21:02:36,246: process[rosout-1]: killing os process with pid[1871] pgid[1871]
[roslaunch][INFO] 2020-06-16 21:02:36,246: [rosout-1] sending SIGINT to pgid [1871]
[roslaunch][INFO] 2020-06-16 21:02:36,247: [rosout-1] sent SIGINT to pgid [1871]
[roslaunch][INFO] 2020-06-16 21:02:36,447: process[rosout-1]: SIGINT killed with return value 0
[roslaunch.pmon][INFO] 2020-06-16 21:02:36,447: ProcessMonitor exit: killing master
[roslaunch][INFO] 2020-06-16 21:02:36,447: [master] killing on exit
[roslaunch][INFO] 2020-06-16 21:02:36,448: process[master]: killing os process with pid[1860] pgid[1860]
[roslaunch][INFO] 2020-06-16 21:02:36,448: [master] sending SIGINT to pgid [1860]
[roslaunch][INFO] 2020-06-16 21:02:36,448: [master] sent SIGINT to pgid [1860]
[roslaunch][INFO] 2020-06-16 21:02:36,649: process[master]: SIGINT killed with return value 0
[roslaunch.pmon][INFO] 2020-06-16 21:02:36,649: ProcessMonitor exit: cleaning up data structures and signals
[roslaunch.pmon][INFO] 2020-06-16 21:02:36,650: ProcessMonitor exit: pmon has shutdown
[roslaunch][INFO] 2020-06-16 21:02:36,666: process monitor is done spinning, initiating full shutdown
[roslaunch][INFO] 2020-06-16 21:02:36,667: runner.stop()
[roslaunch][INFO] 2020-06-16 21:02:36,667: shutting down processing monitor...
[roslaunch][INFO] 2020-06-16 21:02:36,667: shutting down processing monitor <ProcessMonitor(ProcessMonitor-1, stopped daemon 140662301959936)>
[roslaunch.pmon][INFO] 2020-06-16 21:02:36,668: ProcessMonitor.shutdown <ProcessMonitor(ProcessMonitor-1, stopped daemon 140662301959936)>
[roslaunch][INFO] 2020-06-16 21:02:36,668: ... shutting down processing monitor complete
[roslaunch][INFO] 2020-06-16 21:02:36,668: done
[roslaunch.pmon][INFO] 2020-06-16 21:02:36,669: ProcessMonitor.shutdown <ProcessMonitor(ProcessMonitor-1, stopped daemon 140662301959936)>
[rospy.core][INFO] 2020-06-16 21:02:36,669: signal_shutdown [atexit]
