[rosmaster.main][INFO] 2020-07-05 19:18:29,226: initialization complete, waiting for shutdown
[rosmaster.main][INFO] 2020-07-05 19:18:29,226: Starting ROS Master Node
[xmlrpc][INFO] 2020-07-05 19:18:29,226: XML-RPC server binding to 0.0.0.0:11311
[xmlrpc][INFO] 2020-07-05 19:18:29,227: Started XML-RPC server [http://3ff6fdf48960:11311/]
[rosmaster.master][INFO] 2020-07-05 19:18:29,227: Master initialized: port[11311], uri[http://3ff6fdf48960:11311/]
[xmlrpc][INFO] 2020-07-05 19:18:29,227: xml rpc node: starting XML-RPC server
[rosmaster.master][INFO] 2020-07-05 19:18:29,267: +PARAM [/run_id] by /roslaunch
[rosmaster.master][INFO] 2020-07-05 19:18:29,268: +PARAM [/roslaunch/uris/host_3ff6fdf48960__36391] by /roslaunch
[rosmaster.master][INFO] 2020-07-05 19:18:29,747: +PARAM [/move_base/global_costmap/robot_base_frame] by /roslaunch
[rosmaster.master][INFO] 2020-07-05 19:18:29,747: +PARAM [/racecar_simulator/scan_field_of_view] by /roslaunch
[rosmaster.master][INFO] 2020-07-05 19:18:29,747: +PARAM [/racecar_simulator/pose_rviz_topic] by /roslaunch
[rosmaster.master][INFO] 2020-07-05 19:18:29,747: +PARAM [/move_base/local_costmap/footprint] by /roslaunch
[rosmaster.master][INFO] 2020-07-05 19:18:29,747: +PARAM [/racecar_simulator/joy_angle_axis] by /roslaunch
[rosmaster.master][INFO] 2020-07-05 19:18:29,747: +PARAM [/move_base/controller_patience] by /roslaunch
[rosmaster.master][INFO] 2020-07-05 19:18:29,747: +PARAM [/racecar_simulator/scan_beams] by /roslaunch
[rosmaster.master][INFO] 2020-07-05 19:18:29,747: +PARAM [/racecar_simulator/map_frame] by /roslaunch
[rosmaster.master][INFO] 2020-07-05 19:18:29,747: +PARAM [/racecar_simulator/joy_topic] by /roslaunch
[rosmaster.master][INFO] 2020-07-05 19:18:29,747: +PARAM [/racecar_simulator/drive_topic] by /roslaunch
[rosmaster.master][INFO] 2020-07-05 19:18:29,748: +PARAM [/racecar_simulator/joy_speed_axis] by /roslaunch
[rosmaster.master][INFO] 2020-07-05 19:18:29,748: +PARAM [/move_base/local_costmap/height] by /roslaunch
[rosmaster.master][INFO] 2020-07-05 19:18:29,748: +PARAM [/racecar_simulator/odom_frame] by /roslaunch
[rosmaster.master][INFO] 2020-07-05 19:18:29,748: +PARAM [/racecar_simulator/scan_distance_to_base_link] by /roslaunch
[rosmaster.master][INFO] 2020-07-05 19:18:29,748: +PARAM [/move_base/collision_costmap/global_frame] by /roslaunch
[rosmaster.master][INFO] 2020-07-05 19:18:29,748: +PARAM [/racecar_simulator/update_pose_rate] by /roslaunch
[rosmaster.master][INFO] 2020-07-05 19:18:29,748: +PARAM [/racecar_simulator/broadcast_transform] by /roslaunch
[rosmaster.master][INFO] 2020-07-05 19:18:29,748: +PARAM [/move_base/collision_costmap/raytrace_range] by /roslaunch
[rosmaster.master][INFO] 2020-07-05 19:18:29,748: +PARAM [/move_base/clearing_rotation_allowed] by /roslaunch
[rosmaster.master][INFO] 2020-07-05 19:18:29,748: +PARAM [/racecar_simulator/scan_frame] by /roslaunch
[rosmaster.master][INFO] 2020-07-05 19:18:29,748: +PARAM [/move_base/MpnetLocalPlanner/yaw_goal_tolerance] by /roslaunch
[rosmaster.master][INFO] 2020-07-05 19:18:29,748: +PARAM [/racecar_simulator/wheelbase] by /roslaunch
[rosmaster.master][INFO] 2020-07-05 19:18:29,748: +PARAM [/move_base/local_costmap/obstacle_range] by /roslaunch
[rosmaster.master][INFO] 2020-07-05 19:18:29,748: +PARAM [/move_base/local_costmap/update_frequency] by /roslaunch
[rosmaster.master][INFO] 2020-07-05 19:18:29,749: +PARAM [/move_base/global_costmap/raytrace_range] by /roslaunch
[rosmaster.master][INFO] 2020-07-05 19:18:29,749: +PARAM [/move_base/local_costmap/raytrace_range] by /roslaunch
[rosmaster.master][INFO] 2020-07-05 19:18:29,749: +PARAM [/move_base/collision_costmap/obstacle_range] by /roslaunch
[rosmaster.master][INFO] 2020-07-05 19:18:29,749: +PARAM [/move_base/collision_costmap/update_frequency] by /roslaunch
[rosmaster.master][INFO] 2020-07-05 19:18:29,749: +PARAM [/move_base/global_costmap/obstacle_range] by /roslaunch
[rosmaster.master][INFO] 2020-07-05 19:18:29,749: +PARAM [/move_base/local_costmap/publish_frequency] by /roslaunch
[rosmaster.master][INFO] 2020-07-05 19:18:29,749: +PARAM [/racecar_simulator/joy] by /roslaunch
[rosmaster.master][INFO] 2020-07-05 19:18:29,749: +PARAM [/rosdistro] by /roslaunch
[rosmaster.master][INFO] 2020-07-05 19:18:29,749: +PARAM [/robot_description] by /roslaunch
[rosmaster.master][INFO] 2020-07-05 19:18:29,749: +PARAM [/move_base/global_costmap/footprint] by /roslaunch
[rosmaster.master][INFO] 2020-07-05 19:18:29,749: +PARAM [/racecar_simulator/max_steering_angle] by /roslaunch
[rosmaster.master][INFO] 2020-07-05 19:18:29,749: +PARAM [/racecar_simulator/distance_transform_topic] by /roslaunch
[rosmaster.master][INFO] 2020-07-05 19:18:29,749: +PARAM [/move_base/local_costmap/cost_scaling_factor] by /roslaunch
[rosmaster.master][INFO] 2020-07-05 19:18:29,749: +PARAM [/racecar_simulator/scan_topic] by /roslaunch
[rosmaster.master][INFO] 2020-07-05 19:18:29,749: +PARAM [/move_base/global_costmap/update_frequency] by /roslaunch
[rosmaster.master][INFO] 2020-07-05 19:18:29,750: +PARAM [/rosversion] by /roslaunch
[rosmaster.master][INFO] 2020-07-05 19:18:29,750: +PARAM [/move_base/local_costmap/global_frame] by /roslaunch
[rosmaster.master][INFO] 2020-07-05 19:18:29,750: +PARAM [/racecar_simulator/base_frame] by /roslaunch
[rosmaster.master][INFO] 2020-07-05 19:18:29,750: +PARAM [/racecar_simulator/map_free_threshold] by /roslaunch
[rosmaster.master][INFO] 2020-07-05 19:18:29,750: +PARAM [/move_base/global_costmap/global_frame] by /roslaunch
[rosmaster.master][INFO] 2020-07-05 19:18:29,750: +PARAM [/racecar_simulator/joy_max_speed] by /roslaunch
[rosmaster.master][INFO] 2020-07-05 19:18:29,750: +PARAM [/racecar_simulator/map_topic] by /roslaunch
[rosmaster.master][INFO] 2020-07-05 19:18:29,750: +PARAM [/move_base/local_costmap/static_map] by /roslaunch
[rosmaster.master][INFO] 2020-07-05 19:18:29,750: +PARAM [/move_base/local_costmap/resolution] by /roslaunch
[rosmaster.master][INFO] 2020-07-05 19:18:29,750: +PARAM [/move_base/global_costmap/static_map] by /roslaunch
[rosmaster.master][INFO] 2020-07-05 19:18:29,750: +PARAM [/racecar_simulator/odom_topic] by /roslaunch
[rosmaster.master][INFO] 2020-07-05 19:18:29,750: +PARAM [/move_base/base_local_planner] by /roslaunch
[rosmaster.master][INFO] 2020-07-05 19:18:29,750: +PARAM [/racecar_simulator/scan_std_dev] by /roslaunch
[rosmaster.master][INFO] 2020-07-05 19:18:29,750: +PARAM [/move_base/MpnetLocalPlanner/xy_goal_tolerance] by /roslaunch
[rosmaster.master][INFO] 2020-07-05 19:18:29,751: +PARAM [/racecar_simulator/pose_topic] by /roslaunch
[rosmaster.master][INFO] 2020-07-05 19:18:29,751: +PARAM [/move_base/local_costmap/robot_base_frame] by /roslaunch
[rosmaster.master][INFO] 2020-07-05 19:18:29,751: +PARAM [/move_base/collision_costmap/static_map] by /roslaunch
[rosmaster.master][INFO] 2020-07-05 19:18:29,751: +PARAM [/move_base/local_costmap/width] by /roslaunch
[rosmaster.master][INFO] 2020-07-05 19:18:29,751: +PARAM [/move_base/local_costmap/rolling_window] by /roslaunch
[rosmaster.master][INFO] 2020-07-05 19:18:29,751: +PARAM [/move_base/collision_costmap/robot_base_frame] by /roslaunch
[rosmaster.master][INFO] 2020-07-05 19:18:29,751: +PARAM [/racecar_simulator/max_speed] by /roslaunch
[rosmaster.master][INFO] 2020-07-05 19:18:29,751: +PARAM [/move_base/controller_frequency] by /roslaunch
[rosmaster.master][INFO] 2020-07-05 19:18:29,751: +PARAM [/move_base/collision_costmap/footprint] by /roslaunch
[rosmaster.master][INFO] 2020-07-05 19:18:29,751: +PARAM [/move_base/MpnetLocalPlanner/xy_replan_tolerance] by /roslaunch
[rosmaster.master][INFO] 2020-07-05 19:18:29,760: +SERVICE [/rosout/get_loggers] /rosout http://3ff6fdf48960:41829/
[rosmaster.master][INFO] 2020-07-05 19:18:29,760: +SERVICE [/rosout/set_logger_level] /rosout http://3ff6fdf48960:41829/
[rosmaster.master][INFO] 2020-07-05 19:18:29,761: +PUB [/rosout_agg] /rosout http://3ff6fdf48960:41829/
[rosmaster.master][INFO] 2020-07-05 19:18:29,763: +SUB [/rosout] /rosout http://3ff6fdf48960:41829/
[rosmaster.master][INFO] 2020-07-05 19:18:30,210: +PUB [/rosout] /map_server http://3ff6fdf48960:32839/
[rosmaster.master][INFO] 2020-07-05 19:18:30,211: +SERVICE [/map_server/get_loggers] /map_server http://3ff6fdf48960:32839/
[rosmaster.master][INFO] 2020-07-05 19:18:30,211: +SERVICE [/map_server/set_logger_level] /map_server http://3ff6fdf48960:32839/
[rosmaster.master][INFO] 2020-07-05 19:18:30,228: publisherUpdate[/rosout] -> http://3ff6fdf48960:41829/ ['http://3ff6fdf48960:32839/']
[rosmaster.master][INFO] 2020-07-05 19:18:30,247: publisherUpdate[/rosout] -> http://3ff6fdf48960:41829/ ['http://3ff6fdf48960:32839/']: sec=0.02, result=[1, '', 0]
[rosmaster.master][INFO] 2020-07-05 19:18:30,323: +SERVICE [/static_map] /map_server http://3ff6fdf48960:32839/
[rosmaster.master][INFO] 2020-07-05 19:18:30,324: +PUB [/map_metadata] /map_server http://3ff6fdf48960:32839/
[rosmaster.master][INFO] 2020-07-05 19:18:30,324: +PUB [/map] /map_server http://3ff6fdf48960:32839/
[rosmaster.master][INFO] 2020-07-05 19:18:30,654: +PUB [/rosout] /robot_state_publisher http://3ff6fdf48960:41543/
[rosmaster.master][INFO] 2020-07-05 19:18:30,654: +SERVICE [/robot_state_publisher/get_loggers] /robot_state_publisher http://3ff6fdf48960:41543/
[rosmaster.master][INFO] 2020-07-05 19:18:30,655: +SERVICE [/robot_state_publisher/set_logger_level] /robot_state_publisher http://3ff6fdf48960:41543/
[rosmaster.master][INFO] 2020-07-05 19:18:30,657: +PUB [/tf] /robot_state_publisher http://3ff6fdf48960:41543/
[rosmaster.master][INFO] 2020-07-05 19:18:30,658: +PUB [/tf_static] /robot_state_publisher http://3ff6fdf48960:41543/
[rosmaster.master][INFO] 2020-07-05 19:18:30,660: +SUB [/joint_states] /robot_state_publisher http://3ff6fdf48960:41543/
[rosmaster.master][INFO] 2020-07-05 19:18:30,729: publisherUpdate[/rosout] -> http://3ff6fdf48960:41829/ ['http://3ff6fdf48960:32839/', 'http://3ff6fdf48960:41543/']
[rosmaster.master][INFO] 2020-07-05 19:18:30,783: publisherUpdate[/rosout] -> http://3ff6fdf48960:41829/ ['http://3ff6fdf48960:32839/', 'http://3ff6fdf48960:41543/']: sec=0.05, result=[1, '', 0]
[rosmaster.master][INFO] 2020-07-05 19:18:31,623: +PUB [/rosout] /racecar_simulator http://3ff6fdf48960:46431/
[rosmaster.master][INFO] 2020-07-05 19:18:31,624: +SERVICE [/racecar_simulator/get_loggers] /racecar_simulator http://3ff6fdf48960:46431/
[rosmaster.master][INFO] 2020-07-05 19:18:31,624: +SERVICE [/racecar_simulator/set_logger_level] /racecar_simulator http://3ff6fdf48960:46431/
[rosmaster.master][INFO] 2020-07-05 19:18:31,625: +PUB [/tf] /racecar_simulator http://3ff6fdf48960:46431/
[rosmaster.master][INFO] 2020-07-05 19:18:31,631: +PUB [/scan] /racecar_simulator http://3ff6fdf48960:46431/
[rosmaster.master][INFO] 2020-07-05 19:18:31,631: +PUB [/odom] /racecar_simulator http://3ff6fdf48960:46431/
[rosmaster.master][INFO] 2020-07-05 19:18:31,632: publisherUpdate[/rosout] -> http://3ff6fdf48960:41829/ ['http://3ff6fdf48960:32839/', 'http://3ff6fdf48960:41543/', 'http://3ff6fdf48960:46431/']
[rosmaster.master][INFO] 2020-07-05 19:18:31,633: +SUB [/joy] /racecar_simulator http://3ff6fdf48960:46431/
[rosmaster.master][INFO] 2020-07-05 19:18:31,635: +SUB [/drive] /racecar_simulator http://3ff6fdf48960:46431/
[rosmaster.master][INFO] 2020-07-05 19:18:31,636: +SUB [/map] /racecar_simulator http://3ff6fdf48960:46431/
[rosmaster.master][INFO] 2020-07-05 19:18:31,638: +SUB [/pose] /racecar_simulator http://3ff6fdf48960:46431/
[rosmaster.master][INFO] 2020-07-05 19:18:31,640: +SUB [/initialpose] /racecar_simulator http://3ff6fdf48960:46431/
[rosmaster.master][INFO] 2020-07-05 19:18:31,652: publisherUpdate[/rosout] -> http://3ff6fdf48960:41829/ ['http://3ff6fdf48960:32839/', 'http://3ff6fdf48960:41543/', 'http://3ff6fdf48960:46431/']: sec=0.02, result=[1, '', 0]
[rosmaster.master][INFO] 2020-07-05 19:18:32,017: +PUB [/rosout] /static_tf/base_to_laser_tf2 http://3ff6fdf48960:43225/
[rosmaster.master][INFO] 2020-07-05 19:18:32,017: +SERVICE [/static_tf/base_to_laser_tf2/get_loggers] /static_tf/base_to_laser_tf2 http://3ff6fdf48960:43225/
[rosmaster.master][INFO] 2020-07-05 19:18:32,018: +SERVICE [/static_tf/base_to_laser_tf2/set_logger_level] /static_tf/base_to_laser_tf2 http://3ff6fdf48960:43225/
[rosmaster.master][INFO] 2020-07-05 19:18:32,019: +PUB [/tf_static] /static_tf/base_to_laser_tf2 http://3ff6fdf48960:43225/
[rosmaster.master][INFO] 2020-07-05 19:18:32,051: publisherUpdate[/rosout] -> http://3ff6fdf48960:41829/ ['http://3ff6fdf48960:32839/', 'http://3ff6fdf48960:41543/', 'http://3ff6fdf48960:46431/', 'http://3ff6fdf48960:43225/']
[rosmaster.master][INFO] 2020-07-05 19:18:32,052: publisherUpdate[/rosout] -> http://3ff6fdf48960:41829/ ['http://3ff6fdf48960:32839/', 'http://3ff6fdf48960:41543/', 'http://3ff6fdf48960:46431/', 'http://3ff6fdf48960:43225/']: sec=0.00, result=[1, '', 0]
[rosmaster.master][INFO] 2020-07-05 19:18:32,461: +PUB [/rosout] /move_base http://3ff6fdf48960:40767/
[rosmaster.master][INFO] 2020-07-05 19:18:32,462: +SERVICE [/move_base/get_loggers] /move_base http://3ff6fdf48960:40767/
[rosmaster.master][INFO] 2020-07-05 19:18:32,462: +SERVICE [/move_base/set_logger_level] /move_base http://3ff6fdf48960:40767/
[rosmaster.master][INFO] 2020-07-05 19:18:32,464: +SUB [/tf] /move_base http://3ff6fdf48960:40767/
[rosmaster.master][INFO] 2020-07-05 19:18:32,466: +SUB [/tf_static] /move_base http://3ff6fdf48960:40767/
[rosmaster.master][INFO] 2020-07-05 19:18:32,486: publisherUpdate[/rosout] -> http://3ff6fdf48960:41829/ ['http://3ff6fdf48960:32839/', 'http://3ff6fdf48960:41543/', 'http://3ff6fdf48960:46431/', 'http://3ff6fdf48960:43225/', 'http://3ff6fdf48960:40767/']
[rosmaster.master][INFO] 2020-07-05 19:18:32,487: publisherUpdate[/rosout] -> http://3ff6fdf48960:41829/ ['http://3ff6fdf48960:32839/', 'http://3ff6fdf48960:41543/', 'http://3ff6fdf48960:46431/', 'http://3ff6fdf48960:43225/', 'http://3ff6fdf48960:40767/']: sec=0.00, result=[1, '', 0]
[rosmaster.master][INFO] 2020-07-05 19:18:32,549: +PUB [/cmd_vel] /move_base http://3ff6fdf48960:40767/
[rosmaster.master][INFO] 2020-07-05 19:18:32,550: +PUB [/move_base/current_goal] /move_base http://3ff6fdf48960:40767/
[rosmaster.master][INFO] 2020-07-05 19:18:32,550: +PUB [/move_base/goal] /move_base http://3ff6fdf48960:40767/
[rosmaster.master][INFO] 2020-07-05 19:18:32,551: +SUB [/move_base_simple/goal] /move_base http://3ff6fdf48960:40767/
[rosmaster.master][INFO] 2020-07-05 19:18:32,696: +PARAM [/move_base/global_costmap/obstacle_layer/raytrace_range] by /move_base
[rosmaster.master][INFO] 2020-07-05 19:18:32,696: -PARAM [/move_base/global_costmap/raytrace_range] by /move_base
[rosmaster.master][INFO] 2020-07-05 19:18:32,697: +PARAM [/move_base/global_costmap/obstacle_layer/obstacle_range] by /move_base
[rosmaster.master][INFO] 2020-07-05 19:18:32,697: -PARAM [/move_base/global_costmap/obstacle_range] by /move_base
[rosmaster.master][INFO] 2020-07-05 19:18:32,699: +PARAM [/move_base/global_costmap/plugins] by /move_base
[rosmaster.master][INFO] 2020-07-05 19:18:32,710: +SUB [/map] /move_base http://3ff6fdf48960:40767/
[rosmaster.master][INFO] 2020-07-05 19:18:33,005: +PUB [/rosout] /rviz http://3ff6fdf48960:39911/
[rosmaster.master][INFO] 2020-07-05 19:18:33,005: +SERVICE [/rviz/get_loggers] /rviz http://3ff6fdf48960:39911/
[rosmaster.master][INFO] 2020-07-05 19:18:33,006: +SERVICE [/rviz/set_logger_level] /rviz http://3ff6fdf48960:39911/
[rosmaster.master][INFO] 2020-07-05 19:18:33,012: +SERVICE [/move_base/global_costmap/static_layer/set_parameters] /move_base http://3ff6fdf48960:40767/
[rosmaster.master][INFO] 2020-07-05 19:18:33,012: +PUB [/move_base/global_costmap/static_layer/parameter_descriptions] /move_base http://3ff6fdf48960:40767/
[rosmaster.master][INFO] 2020-07-05 19:18:33,013: +PUB [/move_base/global_costmap/static_layer/parameter_updates] /move_base http://3ff6fdf48960:40767/
[rosmaster.master][INFO] 2020-07-05 19:18:33,015: +PARAM [/move_base/global_costmap/static_layer/enabled] by /move_base
[rosmaster.master][INFO] 2020-07-05 19:18:33,016: +PARAM [/move_base/global_costmap/static_layer/enabled] by /move_base
[rosmaster.master][INFO] 2020-07-05 19:18:33,021: +SERVICE [/move_base/global_costmap/obstacle_layer/set_parameters] /move_base http://3ff6fdf48960:40767/
[rosmaster.master][INFO] 2020-07-05 19:18:33,022: +PUB [/move_base/global_costmap/obstacle_layer/parameter_descriptions] /move_base http://3ff6fdf48960:40767/
[rosmaster.master][INFO] 2020-07-05 19:18:33,023: +PUB [/move_base/global_costmap/obstacle_layer/parameter_updates] /move_base http://3ff6fdf48960:40767/
[rosmaster.master][INFO] 2020-07-05 19:18:33,026: +PARAM [/move_base/global_costmap/obstacle_layer/enabled] by /move_base
[rosmaster.master][INFO] 2020-07-05 19:18:33,026: +PARAM [/move_base/global_costmap/obstacle_layer/footprint_clearing_enabled] by /move_base
[rosmaster.master][INFO] 2020-07-05 19:18:33,027: +PARAM [/move_base/global_costmap/obstacle_layer/max_obstacle_height] by /move_base
[rosmaster.master][INFO] 2020-07-05 19:18:33,028: +PARAM [/move_base/global_costmap/obstacle_layer/combination_method] by /move_base
[rosmaster.master][INFO] 2020-07-05 19:18:33,029: +PARAM [/move_base/global_costmap/obstacle_layer/enabled] by /move_base
[rosmaster.master][INFO] 2020-07-05 19:18:33,029: +PARAM [/move_base/global_costmap/obstacle_layer/footprint_clearing_enabled] by /move_base
[rosmaster.master][INFO] 2020-07-05 19:18:33,030: +PARAM [/move_base/global_costmap/obstacle_layer/max_obstacle_height] by /move_base
[rosmaster.master][INFO] 2020-07-05 19:18:33,031: +PARAM [/move_base/global_costmap/obstacle_layer/combination_method] by /move_base
[rosmaster.master][INFO] 2020-07-05 19:18:33,033: +SERVICE [/move_base/global_costmap/inflation_layer/set_parameters] /move_base http://3ff6fdf48960:40767/
[rosmaster.master][INFO] 2020-07-05 19:18:33,034: +PUB [/move_base/global_costmap/inflation_layer/parameter_descriptions] /move_base http://3ff6fdf48960:40767/
[rosmaster.master][INFO] 2020-07-05 19:18:33,035: +PUB [/move_base/global_costmap/inflation_layer/parameter_updates] /move_base http://3ff6fdf48960:40767/
[rosmaster.master][INFO] 2020-07-05 19:18:33,038: +PARAM [/move_base/global_costmap/inflation_layer/enabled] by /move_base
[rosmaster.master][INFO] 2020-07-05 19:18:33,038: +PARAM [/move_base/global_costmap/inflation_layer/cost_scaling_factor] by /move_base
[rosmaster.master][INFO] 2020-07-05 19:18:33,039: +PARAM [/move_base/global_costmap/inflation_layer/inflation_radius] by /move_base
[rosmaster.master][INFO] 2020-07-05 19:18:33,039: +PARAM [/move_base/global_costmap/inflation_layer/inflate_unknown] by /move_base
[rosmaster.master][INFO] 2020-07-05 19:18:33,040: +PARAM [/move_base/global_costmap/inflation_layer/enabled] by /move_base
[rosmaster.master][INFO] 2020-07-05 19:18:33,040: +PARAM [/move_base/global_costmap/inflation_layer/cost_scaling_factor] by /move_base
[rosmaster.master][INFO] 2020-07-05 19:18:33,041: +PARAM [/move_base/global_costmap/inflation_layer/inflation_radius] by /move_base
[rosmaster.master][INFO] 2020-07-05 19:18:33,041: +PARAM [/move_base/global_costmap/inflation_layer/inflate_unknown] by /move_base
[rosmaster.master][INFO] 2020-07-05 19:18:33,044: +SUB [/move_base/global_costmap/footprint] /move_base http://3ff6fdf48960:40767/
[rosmaster.master][INFO] 2020-07-05 19:18:33,045: +PUB [/move_base/global_costmap/footprint] /move_base http://3ff6fdf48960:40767/
[rosmaster.master][INFO] 2020-07-05 19:18:33,047: +PARAM [/move_base/global_costmap/footprint] by /move_base
[rosmaster.master][INFO] 2020-07-05 19:18:33,047: +PUB [/move_base/global_costmap/costmap] /move_base http://3ff6fdf48960:40767/
[rosmaster.master][INFO] 2020-07-05 19:18:33,047: +PUB [/move_base/global_costmap/costmap_updates] /move_base http://3ff6fdf48960:40767/
[rosmaster.master][INFO] 2020-07-05 19:18:33,048: +SERVICE [/move_base/global_costmap/set_parameters] /move_base http://3ff6fdf48960:40767/
[rosmaster.master][INFO] 2020-07-05 19:18:33,049: +PUB [/move_base/global_costmap/parameter_descriptions] /move_base http://3ff6fdf48960:40767/
[rosmaster.master][INFO] 2020-07-05 19:18:33,049: +PUB [/move_base/global_costmap/parameter_updates] /move_base http://3ff6fdf48960:40767/
[rosmaster.master][INFO] 2020-07-05 19:18:33,052: +PARAM [/move_base/global_costmap/transform_tolerance] by /move_base
[rosmaster.master][INFO] 2020-07-05 19:18:33,053: +PARAM [/move_base/global_costmap/update_frequency] by /move_base
[rosmaster.master][INFO] 2020-07-05 19:18:33,053: +PARAM [/move_base/global_costmap/publish_frequency] by /move_base
[rosmaster.master][INFO] 2020-07-05 19:18:33,054: publisherUpdate[/rosout] -> http://3ff6fdf48960:41829/ ['http://3ff6fdf48960:32839/', 'http://3ff6fdf48960:41543/', 'http://3ff6fdf48960:46431/', 'http://3ff6fdf48960:43225/', 'http://3ff6fdf48960:40767/', 'http://3ff6fdf48960:39911/']
[rosmaster.master][INFO] 2020-07-05 19:18:33,053: +PARAM [/move_base/global_costmap/width] by /move_base
[rosmaster.master][INFO] 2020-07-05 19:18:33,054: +PARAM [/move_base/global_costmap/height] by /move_base
[rosmaster.master][INFO] 2020-07-05 19:18:33,055: publisherUpdate[/rosout] -> http://3ff6fdf48960:41829/ ['http://3ff6fdf48960:32839/', 'http://3ff6fdf48960:41543/', 'http://3ff6fdf48960:46431/', 'http://3ff6fdf48960:43225/', 'http://3ff6fdf48960:40767/', 'http://3ff6fdf48960:39911/']: sec=0.00, result=[1, '', 0]
[rosmaster.master][INFO] 2020-07-05 19:18:33,055: publisherUpdate[/move_base/global_costmap/footprint] -> http://3ff6fdf48960:40767/ ['http://3ff6fdf48960:40767/']
[rosmaster.master][INFO] 2020-07-05 19:18:33,055: +PARAM [/move_base/global_costmap/resolution] by /move_base
[rosmaster.master][INFO] 2020-07-05 19:18:33,056: +PARAM [/move_base/global_costmap/origin_x] by /move_base
[rosmaster.master][INFO] 2020-07-05 19:18:33,057: +PARAM [/move_base/global_costmap/origin_y] by /move_base
[rosmaster.master][INFO] 2020-07-05 19:18:33,057: +PARAM [/move_base/global_costmap/footprint] by /move_base
[rosmaster.master][INFO] 2020-07-05 19:18:33,057: +PARAM [/move_base/global_costmap/robot_radius] by /move_base
[rosmaster.master][INFO] 2020-07-05 19:18:33,058: +PARAM [/move_base/global_costmap/footprint_padding] by /move_base
[rosmaster.master][INFO] 2020-07-05 19:18:33,058: +PARAM [/move_base/global_costmap/transform_tolerance] by /move_base
[rosmaster.master][INFO] 2020-07-05 19:18:33,059: +PARAM [/move_base/global_costmap/update_frequency] by /move_base
[rosmaster.master][INFO] 2020-07-05 19:18:33,059: +PARAM [/move_base/global_costmap/publish_frequency] by /move_base
[rosmaster.master][INFO] 2020-07-05 19:18:33,060: +PARAM [/move_base/global_costmap/width] by /move_base
[rosmaster.master][INFO] 2020-07-05 19:18:33,060: +PARAM [/move_base/global_costmap/height] by /move_base
[rosmaster.master][INFO] 2020-07-05 19:18:33,060: +PARAM [/move_base/global_costmap/resolution] by /move_base
[rosmaster.master][INFO] 2020-07-05 19:18:33,061: +PARAM [/move_base/global_costmap/origin_x] by /move_base
[rosmaster.master][INFO] 2020-07-05 19:18:33,061: +PARAM [/move_base/global_costmap/origin_y] by /move_base
[rosmaster.master][INFO] 2020-07-05 19:18:33,061: +PARAM [/move_base/global_costmap/footprint] by /move_base
[rosmaster.master][INFO] 2020-07-05 19:18:33,062: +PARAM [/move_base/global_costmap/robot_radius] by /move_base
[rosmaster.master][INFO] 2020-07-05 19:18:33,062: +PARAM [/move_base/global_costmap/footprint_padding] by /move_base
[rosmaster.master][INFO] 2020-07-05 19:18:33,064: +PUB [/move_base/NavfnROS/plan] /move_base http://3ff6fdf48960:40767/
[rosmaster.master][INFO] 2020-07-05 19:18:33,065: +SERVICE [/move_base/NavfnROS/make_plan] /move_base http://3ff6fdf48960:40767/
[rosmaster.master][INFO] 2020-07-05 19:18:33,070: +PARAM [/move_base/local_costmap/obstacle_layer/raytrace_range] by /move_base
[rosmaster.master][INFO] 2020-07-05 19:18:33,070: -PARAM [/move_base/local_costmap/raytrace_range] by /move_base
[rosmaster.master][INFO] 2020-07-05 19:18:33,071: +PARAM [/move_base/local_costmap/obstacle_layer/obstacle_range] by /move_base
[rosmaster.master][INFO] 2020-07-05 19:18:33,071: -PARAM [/move_base/local_costmap/obstacle_range] by /move_base
[rosmaster.master][INFO] 2020-07-05 19:18:33,072: +PARAM [/move_base/local_costmap/inflation_layer/cost_scaling_factor] by /move_base
[rosmaster.master][INFO] 2020-07-05 19:18:33,073: -PARAM [/move_base/local_costmap/cost_scaling_factor] by /move_base
[rosmaster.master][INFO] 2020-07-05 19:18:33,073: +PARAM [/move_base/local_costmap/plugins] by /move_base
[rosmaster.master][INFO] 2020-07-05 19:18:33,075: publisherUpdate[/move_base/global_costmap/footprint] -> http://3ff6fdf48960:40767/ ['http://3ff6fdf48960:40767/']: sec=0.02, result=[1, '', 0]
[rosmaster.master][INFO] 2020-07-05 19:18:33,179: +SERVICE [/move_base/local_costmap/static_layer/set_parameters] /move_base http://3ff6fdf48960:40767/
[rosmaster.master][INFO] 2020-07-05 19:18:33,179: +PUB [/move_base/local_costmap/static_layer/parameter_descriptions] /move_base http://3ff6fdf48960:40767/
[rosmaster.master][INFO] 2020-07-05 19:18:33,180: +PUB [/move_base/local_costmap/static_layer/parameter_updates] /move_base http://3ff6fdf48960:40767/
[rosmaster.master][INFO] 2020-07-05 19:18:33,180: +PARAM [/move_base/local_costmap/static_layer/enabled] by /move_base
[rosmaster.master][INFO] 2020-07-05 19:18:33,181: +PARAM [/move_base/local_costmap/static_layer/enabled] by /move_base
[rosmaster.master][INFO] 2020-07-05 19:18:33,183: +SERVICE [/move_base/local_costmap/obstacle_layer/set_parameters] /move_base http://3ff6fdf48960:40767/
[rosmaster.master][INFO] 2020-07-05 19:18:33,184: +PUB [/move_base/local_costmap/obstacle_layer/parameter_descriptions] /move_base http://3ff6fdf48960:40767/
[rosmaster.master][INFO] 2020-07-05 19:18:33,184: +PUB [/move_base/local_costmap/obstacle_layer/parameter_updates] /move_base http://3ff6fdf48960:40767/
[rosmaster.master][INFO] 2020-07-05 19:18:33,185: +PARAM [/move_base/local_costmap/obstacle_layer/enabled] by /move_base
[rosmaster.master][INFO] 2020-07-05 19:18:33,186: +PARAM [/move_base/local_costmap/obstacle_layer/footprint_clearing_enabled] by /move_base
[rosmaster.master][INFO] 2020-07-05 19:18:33,186: +PARAM [/move_base/local_costmap/obstacle_layer/max_obstacle_height] by /move_base
[rosmaster.master][INFO] 2020-07-05 19:18:33,187: +PARAM [/move_base/local_costmap/obstacle_layer/combination_method] by /move_base
[rosmaster.master][INFO] 2020-07-05 19:18:33,187: +PARAM [/move_base/local_costmap/obstacle_layer/enabled] by /move_base
[rosmaster.master][INFO] 2020-07-05 19:18:33,187: +PARAM [/move_base/local_costmap/obstacle_layer/footprint_clearing_enabled] by /move_base
[rosmaster.master][INFO] 2020-07-05 19:18:33,188: +PARAM [/move_base/local_costmap/obstacle_layer/max_obstacle_height] by /move_base
[rosmaster.master][INFO] 2020-07-05 19:18:33,188: +PARAM [/move_base/local_costmap/obstacle_layer/combination_method] by /move_base
[rosmaster.master][INFO] 2020-07-05 19:18:33,189: +SERVICE [/move_base/local_costmap/inflation_layer/set_parameters] /move_base http://3ff6fdf48960:40767/
[rosmaster.master][INFO] 2020-07-05 19:18:33,189: +PUB [/move_base/local_costmap/inflation_layer/parameter_descriptions] /move_base http://3ff6fdf48960:40767/
[rosmaster.master][INFO] 2020-07-05 19:18:33,190: +PUB [/move_base/local_costmap/inflation_layer/parameter_updates] /move_base http://3ff6fdf48960:40767/
[rosmaster.master][INFO] 2020-07-05 19:18:33,191: +PARAM [/move_base/local_costmap/inflation_layer/enabled] by /move_base
[rosmaster.master][INFO] 2020-07-05 19:18:33,192: +PARAM [/move_base/local_costmap/inflation_layer/cost_scaling_factor] by /move_base
[rosmaster.master][INFO] 2020-07-05 19:18:33,192: +PARAM [/move_base/local_costmap/inflation_layer/inflation_radius] by /move_base
[rosmaster.master][INFO] 2020-07-05 19:18:33,192: +PARAM [/move_base/local_costmap/inflation_layer/inflate_unknown] by /move_base
[rosmaster.master][INFO] 2020-07-05 19:18:33,193: +PARAM [/move_base/local_costmap/inflation_layer/enabled] by /move_base
[rosmaster.master][INFO] 2020-07-05 19:18:33,193: +PARAM [/move_base/local_costmap/inflation_layer/cost_scaling_factor] by /move_base
[rosmaster.master][INFO] 2020-07-05 19:18:33,193: +PARAM [/move_base/local_costmap/inflation_layer/inflation_radius] by /move_base
[rosmaster.master][INFO] 2020-07-05 19:18:33,194: +PARAM [/move_base/local_costmap/inflation_layer/inflate_unknown] by /move_base
[rosmaster.master][INFO] 2020-07-05 19:18:33,196: +SUB [/move_base/local_costmap/footprint] /move_base http://3ff6fdf48960:40767/
[rosmaster.master][INFO] 2020-07-05 19:18:33,197: +PUB [/move_base/local_costmap/footprint] /move_base http://3ff6fdf48960:40767/
[rosmaster.master][INFO] 2020-07-05 19:18:33,197: +PARAM [/move_base/local_costmap/footprint] by /move_base
[rosmaster.master][INFO] 2020-07-05 19:18:33,198: +PUB [/move_base/local_costmap/costmap] /move_base http://3ff6fdf48960:40767/
[rosmaster.master][INFO] 2020-07-05 19:18:33,198: +PUB [/move_base/local_costmap/costmap_updates] /move_base http://3ff6fdf48960:40767/
[rosmaster.master][INFO] 2020-07-05 19:18:33,198: +SERVICE [/move_base/local_costmap/set_parameters] /move_base http://3ff6fdf48960:40767/
[rosmaster.master][INFO] 2020-07-05 19:18:33,199: +PUB [/move_base/local_costmap/parameter_descriptions] /move_base http://3ff6fdf48960:40767/
[rosmaster.master][INFO] 2020-07-05 19:18:33,199: +PUB [/move_base/local_costmap/parameter_updates] /move_base http://3ff6fdf48960:40767/
[rosmaster.master][INFO] 2020-07-05 19:18:33,202: +PARAM [/move_base/local_costmap/transform_tolerance] by /move_base
[rosmaster.master][INFO] 2020-07-05 19:18:33,202: +PARAM [/move_base/local_costmap/update_frequency] by /move_base
[rosmaster.master][INFO] 2020-07-05 19:18:33,202: +PARAM [/move_base/local_costmap/publish_frequency] by /move_base
[rosmaster.master][INFO] 2020-07-05 19:18:33,202: +PARAM [/move_base/local_costmap/width] by /move_base
[rosmaster.master][INFO] 2020-07-05 19:18:33,203: +PARAM [/move_base/local_costmap/height] by /move_base
[rosmaster.master][INFO] 2020-07-05 19:18:33,203: +PARAM [/move_base/local_costmap/resolution] by /move_base
[rosmaster.master][INFO] 2020-07-05 19:18:33,203: +PARAM [/move_base/local_costmap/origin_x] by /move_base
[rosmaster.master][INFO] 2020-07-05 19:18:33,204: +PARAM [/move_base/local_costmap/origin_y] by /move_base
[rosmaster.master][INFO] 2020-07-05 19:18:33,204: +PARAM [/move_base/local_costmap/footprint] by /move_base
[rosmaster.master][INFO] 2020-07-05 19:18:33,204: +PARAM [/move_base/local_costmap/robot_radius] by /move_base
[rosmaster.master][INFO] 2020-07-05 19:18:33,204: +PARAM [/move_base/local_costmap/footprint_padding] by /move_base
[rosmaster.master][INFO] 2020-07-05 19:18:33,205: +PARAM [/move_base/local_costmap/transform_tolerance] by /move_base
[rosmaster.master][INFO] 2020-07-05 19:18:33,205: +PARAM [/move_base/local_costmap/update_frequency] by /move_base
[rosmaster.master][INFO] 2020-07-05 19:18:33,205: +PARAM [/move_base/local_costmap/publish_frequency] by /move_base
[rosmaster.master][INFO] 2020-07-05 19:18:33,206: +PARAM [/move_base/local_costmap/width] by /move_base
[rosmaster.master][INFO] 2020-07-05 19:18:33,206: +PARAM [/move_base/local_costmap/height] by /move_base
[rosmaster.master][INFO] 2020-07-05 19:18:33,206: +PARAM [/move_base/local_costmap/resolution] by /move_base
[rosmaster.master][INFO] 2020-07-05 19:18:33,207: +PARAM [/move_base/local_costmap/origin_x] by /move_base
[rosmaster.master][INFO] 2020-07-05 19:18:33,207: +PARAM [/move_base/local_costmap/origin_y] by /move_base
[rosmaster.master][INFO] 2020-07-05 19:18:33,207: +PARAM [/move_base/local_costmap/footprint] by /move_base
[rosmaster.master][INFO] 2020-07-05 19:18:33,207: +PARAM [/move_base/local_costmap/robot_radius] by /move_base
[rosmaster.master][INFO] 2020-07-05 19:18:33,208: +PARAM [/move_base/local_costmap/footprint_padding] by /move_base
[rosmaster.master][INFO] 2020-07-05 19:18:33,256: publisherUpdate[/move_base/local_costmap/footprint] -> http://3ff6fdf48960:40767/ ['http://3ff6fdf48960:40767/']
[rosmaster.master][INFO] 2020-07-05 19:18:33,274: publisherUpdate[/move_base/local_costmap/footprint] -> http://3ff6fdf48960:40767/ ['http://3ff6fdf48960:40767/']: sec=0.02, result=[1, '', 0]
[rosmaster.master][INFO] 2020-07-05 19:18:33,602: +SUB [/tf] /rviz http://3ff6fdf48960:39911/
[rosmaster.master][INFO] 2020-07-05 19:18:33,604: +SUB [/tf_static] /rviz http://3ff6fdf48960:39911/
[rosmaster.master][INFO] 2020-07-05 19:18:33,645: +PUB [/initialpose] /rviz http://3ff6fdf48960:39911/
[rosmaster.master][INFO] 2020-07-05 19:18:33,646: +PUB [/goal] /rviz http://3ff6fdf48960:39911/
[rosmaster.master][INFO] 2020-07-05 19:18:33,675: publisherUpdate[/initialpose] -> http://3ff6fdf48960:46431/ ['http://3ff6fdf48960:39911/']
[rosmaster.master][INFO] 2020-07-05 19:18:33,679: +SUB [/map] /rviz http://3ff6fdf48960:39911/
[rosmaster.master][INFO] 2020-07-05 19:18:33,682: +SUB [/map_updates] /rviz http://3ff6fdf48960:39911/
[rosmaster.master][INFO] 2020-07-05 19:18:33,686: +SUB [/move_base/local_costmap/costmap] /rviz http://3ff6fdf48960:39911/
[rosmaster.master][INFO] 2020-07-05 19:18:33,689: +SUB [/move_base/local_costmap/costmap_updates] /rviz http://3ff6fdf48960:39911/
[rosmaster.master][INFO] 2020-07-05 19:18:33,698: +SUB [/move_base/MpnetLocalPlanner/global_plan] /rviz http://3ff6fdf48960:39911/
[rosmaster.master][INFO] 2020-07-05 19:18:33,701: +SUB [/move_base_simple/goal] /rviz http://3ff6fdf48960:39911/
[rosmaster.master][INFO] 2020-07-05 19:18:33,704: +SUB [/move_base/MpnetLocalPlanner/local_plan] /rviz http://3ff6fdf48960:39911/
[rosmaster.master][INFO] 2020-07-05 19:18:33,705: -PUB [/goal] /rviz http://3ff6fdf48960:39911/
[rosmaster.master][INFO] 2020-07-05 19:18:33,706: -PUB [/initialpose] /rviz http://3ff6fdf48960:39911/
[rosmaster.master][INFO] 2020-07-05 19:18:33,710: +PUB [/initialpose] /rviz http://3ff6fdf48960:39911/
[rosmaster.master][INFO] 2020-07-05 19:18:33,710: +PUB [/goal] /rviz http://3ff6fdf48960:39911/
[rosmaster.master][INFO] 2020-07-05 19:18:33,711: +PUB [/move_base_simple/goal] /rviz http://3ff6fdf48960:39911/
[rosmaster.master][INFO] 2020-07-05 19:18:33,712: -PUB [/goal] /rviz http://3ff6fdf48960:39911/
[rosmaster.master][INFO] 2020-07-05 19:18:33,712: +PUB [/clicked_point] /rviz http://3ff6fdf48960:39911/
[rosmaster.master][INFO] 2020-07-05 19:18:33,715: publisherUpdate[/initialpose] -> http://3ff6fdf48960:46431/ ['http://3ff6fdf48960:39911/']: sec=0.04, result=[1, '', 0]
[rosmaster.master][INFO] 2020-07-05 19:18:33,715: publisherUpdate[/initialpose] -> http://3ff6fdf48960:46431/ []
[rosmaster.master][INFO] 2020-07-05 19:18:33,716: publisherUpdate[/initialpose] -> http://3ff6fdf48960:46431/ []: sec=0.00, result=[1, '', 0]
[rosmaster.master][INFO] 2020-07-05 19:18:33,716: publisherUpdate[/initialpose] -> http://3ff6fdf48960:46431/ ['http://3ff6fdf48960:39911/']
[rosmaster.master][INFO] 2020-07-05 19:18:33,717: publisherUpdate[/initialpose] -> http://3ff6fdf48960:46431/ ['http://3ff6fdf48960:39911/']: sec=0.00, result=[1, '', 0]
[rosmaster.master][INFO] 2020-07-05 19:18:33,717: publisherUpdate[/move_base_simple/goal] -> http://3ff6fdf48960:40767/ ['http://3ff6fdf48960:39911/']
[rosmaster.master][INFO] 2020-07-05 19:18:33,745: publisherUpdate[/move_base_simple/goal] -> http://3ff6fdf48960:40767/ ['http://3ff6fdf48960:39911/']: sec=0.03, result=[1, '', 0]
[rosmaster.master][INFO] 2020-07-05 19:18:33,746: publisherUpdate[/move_base_simple/goal] -> http://3ff6fdf48960:39911/ ['http://3ff6fdf48960:39911/']
[rosmaster.master][INFO] 2020-07-05 19:18:33,746: +SERVICE [/rviz/reload_shaders] /rviz http://3ff6fdf48960:39911/
[rosmaster.master][INFO] 2020-07-05 19:18:33,747: +SERVICE [/rviz/load_config] /rviz http://3ff6fdf48960:39911/
[rosmaster.master][INFO] 2020-07-05 19:18:33,747: +SERVICE [/rviz/save_config] /rviz http://3ff6fdf48960:39911/
[rosmaster.master][INFO] 2020-07-05 19:18:33,786: publisherUpdate[/move_base_simple/goal] -> http://3ff6fdf48960:39911/ ['http://3ff6fdf48960:39911/']: sec=0.04, result=[1, '', 0]
[rosmaster.master][INFO] 2020-07-05 19:18:36,362: +SUB [/odom] /move_base http://3ff6fdf48960:40767/
[rosmaster.master][INFO] 2020-07-05 19:18:36,364: +PUB [/move_base/MpnetLocalPlanner/local_plan] /move_base http://3ff6fdf48960:40767/
[rosmaster.master][INFO] 2020-07-05 19:18:36,366: +PUB [/move_base/MpnetLocalPlanner/global_plan] /move_base http://3ff6fdf48960:40767/
[rosmaster.master][INFO] 2020-07-05 19:18:36,384: publisherUpdate[/move_base/MpnetLocalPlanner/local_plan] -> http://3ff6fdf48960:39911/ ['http://3ff6fdf48960:40767/']
[rosmaster.master][INFO] 2020-07-05 19:18:36,391: +PARAM [/move_base/collision_costmap/obstacle_layer/raytrace_range] by /move_base
[rosmaster.master][INFO] 2020-07-05 19:18:36,393: -PARAM [/move_base/collision_costmap/raytrace_range] by /move_base
[rosmaster.master][INFO] 2020-07-05 19:18:36,395: +PARAM [/move_base/collision_costmap/obstacle_layer/obstacle_range] by /move_base
[rosmaster.master][INFO] 2020-07-05 19:18:36,396: -PARAM [/move_base/collision_costmap/obstacle_range] by /move_base
[rosmaster.master][INFO] 2020-07-05 19:18:36,400: +PARAM [/move_base/collision_costmap/plugins] by /move_base
[rosmaster.master][INFO] 2020-07-05 19:18:36,424: publisherUpdate[/move_base/MpnetLocalPlanner/local_plan] -> http://3ff6fdf48960:39911/ ['http://3ff6fdf48960:40767/']: sec=0.04, result=[1, '', 0]
[rosmaster.master][INFO] 2020-07-05 19:18:36,424: publisherUpdate[/move_base/MpnetLocalPlanner/global_plan] -> http://3ff6fdf48960:39911/ ['http://3ff6fdf48960:40767/']
[rosmaster.master][INFO] 2020-07-05 19:18:36,425: publisherUpdate[/move_base/MpnetLocalPlanner/global_plan] -> http://3ff6fdf48960:39911/ ['http://3ff6fdf48960:40767/']: sec=0.00, result=[1, '', 0]
[rosmaster.master][INFO] 2020-07-05 19:18:36,508: +SERVICE [/move_base/collision_costmap/static_layer/set_parameters] /move_base http://3ff6fdf48960:40767/
[rosmaster.master][INFO] 2020-07-05 19:18:36,509: +PUB [/move_base/collision_costmap/static_layer/parameter_descriptions] /move_base http://3ff6fdf48960:40767/
[rosmaster.master][INFO] 2020-07-05 19:18:36,509: +PUB [/move_base/collision_costmap/static_layer/parameter_updates] /move_base http://3ff6fdf48960:40767/
[rosmaster.master][INFO] 2020-07-05 19:18:36,510: +PARAM [/move_base/collision_costmap/static_layer/enabled] by /move_base
[rosmaster.master][INFO] 2020-07-05 19:18:36,511: +PARAM [/move_base/collision_costmap/static_layer/enabled] by /move_base
[rosmaster.master][INFO] 2020-07-05 19:18:36,513: +SERVICE [/move_base/collision_costmap/obstacle_layer/set_parameters] /move_base http://3ff6fdf48960:40767/
[rosmaster.master][INFO] 2020-07-05 19:18:36,514: +PUB [/move_base/collision_costmap/obstacle_layer/parameter_descriptions] /move_base http://3ff6fdf48960:40767/
[rosmaster.master][INFO] 2020-07-05 19:18:36,514: +PUB [/move_base/collision_costmap/obstacle_layer/parameter_updates] /move_base http://3ff6fdf48960:40767/
[rosmaster.master][INFO] 2020-07-05 19:18:36,516: +PARAM [/move_base/collision_costmap/obstacle_layer/enabled] by /move_base
[rosmaster.master][INFO] 2020-07-05 19:18:36,517: +PARAM [/move_base/collision_costmap/obstacle_layer/footprint_clearing_enabled] by /move_base
[rosmaster.master][INFO] 2020-07-05 19:18:36,517: +PARAM [/move_base/collision_costmap/obstacle_layer/max_obstacle_height] by /move_base
[rosmaster.master][INFO] 2020-07-05 19:18:36,518: +PARAM [/move_base/collision_costmap/obstacle_layer/combination_method] by /move_base
[rosmaster.master][INFO] 2020-07-05 19:18:36,518: +PARAM [/move_base/collision_costmap/obstacle_layer/enabled] by /move_base
[rosmaster.master][INFO] 2020-07-05 19:18:36,519: +PARAM [/move_base/collision_costmap/obstacle_layer/footprint_clearing_enabled] by /move_base
[rosmaster.master][INFO] 2020-07-05 19:18:36,519: +PARAM [/move_base/collision_costmap/obstacle_layer/max_obstacle_height] by /move_base
[rosmaster.master][INFO] 2020-07-05 19:18:36,520: +PARAM [/move_base/collision_costmap/obstacle_layer/combination_method] by /move_base
[rosmaster.master][INFO] 2020-07-05 19:18:36,521: +SERVICE [/move_base/collision_costmap/inflation_layer/set_parameters] /move_base http://3ff6fdf48960:40767/
[rosmaster.master][INFO] 2020-07-05 19:18:36,522: +PUB [/move_base/collision_costmap/inflation_layer/parameter_descriptions] /move_base http://3ff6fdf48960:40767/
[rosmaster.master][INFO] 2020-07-05 19:18:36,522: +PUB [/move_base/collision_costmap/inflation_layer/parameter_updates] /move_base http://3ff6fdf48960:40767/
[rosmaster.master][INFO] 2020-07-05 19:18:36,524: +PARAM [/move_base/collision_costmap/inflation_layer/enabled] by /move_base
[rosmaster.master][INFO] 2020-07-05 19:18:36,525: +PARAM [/move_base/collision_costmap/inflation_layer/cost_scaling_factor] by /move_base
[rosmaster.master][INFO] 2020-07-05 19:18:36,525: +PARAM [/move_base/collision_costmap/inflation_layer/inflation_radius] by /move_base
[rosmaster.master][INFO] 2020-07-05 19:18:36,526: +PARAM [/move_base/collision_costmap/inflation_layer/inflate_unknown] by /move_base
[rosmaster.master][INFO] 2020-07-05 19:18:36,526: +PARAM [/move_base/collision_costmap/inflation_layer/enabled] by /move_base
[rosmaster.master][INFO] 2020-07-05 19:18:36,527: +PARAM [/move_base/collision_costmap/inflation_layer/cost_scaling_factor] by /move_base
[rosmaster.master][INFO] 2020-07-05 19:18:36,527: +PARAM [/move_base/collision_costmap/inflation_layer/inflation_radius] by /move_base
[rosmaster.master][INFO] 2020-07-05 19:18:36,528: +PARAM [/move_base/collision_costmap/inflation_layer/inflate_unknown] by /move_base
[rosmaster.master][INFO] 2020-07-05 19:18:36,530: +SUB [/move_base/collision_costmap/footprint] /move_base http://3ff6fdf48960:40767/
[rosmaster.master][INFO] 2020-07-05 19:18:36,531: +PUB [/move_base/collision_costmap/footprint] /move_base http://3ff6fdf48960:40767/
[rosmaster.master][INFO] 2020-07-05 19:18:36,532: +PARAM [/move_base/collision_costmap/footprint] by /move_base
[rosmaster.master][INFO] 2020-07-05 19:18:36,533: +PUB [/move_base/collision_costmap/costmap] /move_base http://3ff6fdf48960:40767/
[rosmaster.master][INFO] 2020-07-05 19:18:36,533: +PUB [/move_base/collision_costmap/costmap_updates] /move_base http://3ff6fdf48960:40767/
[rosmaster.master][INFO] 2020-07-05 19:18:36,534: +SERVICE [/move_base/collision_costmap/set_parameters] /move_base http://3ff6fdf48960:40767/
[rosmaster.master][INFO] 2020-07-05 19:18:36,534: +PUB [/move_base/collision_costmap/parameter_descriptions] /move_base http://3ff6fdf48960:40767/
[rosmaster.master][INFO] 2020-07-05 19:18:36,535: +PUB [/move_base/collision_costmap/parameter_updates] /move_base http://3ff6fdf48960:40767/
[rosmaster.master][INFO] 2020-07-05 19:18:36,539: +PARAM [/move_base/collision_costmap/transform_tolerance] by /move_base
[rosmaster.master][INFO] 2020-07-05 19:18:36,539: +PARAM [/move_base/collision_costmap/update_frequency] by /move_base
[rosmaster.master][INFO] 2020-07-05 19:18:36,540: +PARAM [/move_base/collision_costmap/publish_frequency] by /move_base
[rosmaster.master][INFO] 2020-07-05 19:18:36,540: +PARAM [/move_base/collision_costmap/width] by /move_base
[rosmaster.master][INFO] 2020-07-05 19:18:36,541: +PARAM [/move_base/collision_costmap/height] by /move_base
[rosmaster.master][INFO] 2020-07-05 19:18:36,541: +PARAM [/move_base/collision_costmap/resolution] by /move_base
[rosmaster.master][INFO] 2020-07-05 19:18:36,542: +PARAM [/move_base/collision_costmap/origin_x] by /move_base
[rosmaster.master][INFO] 2020-07-05 19:18:36,542: +PARAM [/move_base/collision_costmap/origin_y] by /move_base
[rosmaster.master][INFO] 2020-07-05 19:18:36,543: +PARAM [/move_base/collision_costmap/footprint] by /move_base
[rosmaster.master][INFO] 2020-07-05 19:18:36,543: +PARAM [/move_base/collision_costmap/robot_radius] by /move_base
[rosmaster.master][INFO] 2020-07-05 19:18:36,543: +PARAM [/move_base/collision_costmap/footprint_padding] by /move_base
[rosmaster.master][INFO] 2020-07-05 19:18:36,544: +PARAM [/move_base/collision_costmap/transform_tolerance] by /move_base
[rosmaster.master][INFO] 2020-07-05 19:18:36,545: +PARAM [/move_base/collision_costmap/update_frequency] by /move_base
[rosmaster.master][INFO] 2020-07-05 19:18:36,545: +PARAM [/move_base/collision_costmap/publish_frequency] by /move_base
[rosmaster.master][INFO] 2020-07-05 19:18:36,546: +PARAM [/move_base/collision_costmap/width] by /move_base
[rosmaster.master][INFO] 2020-07-05 19:18:36,546: +PARAM [/move_base/collision_costmap/height] by /move_base
[rosmaster.master][INFO] 2020-07-05 19:18:36,546: +PARAM [/move_base/collision_costmap/resolution] by /move_base
[rosmaster.master][INFO] 2020-07-05 19:18:36,547: +PARAM [/move_base/collision_costmap/origin_x] by /move_base
[rosmaster.master][INFO] 2020-07-05 19:18:36,547: +PARAM [/move_base/collision_costmap/origin_y] by /move_base
[rosmaster.master][INFO] 2020-07-05 19:18:36,548: +PARAM [/move_base/collision_costmap/footprint] by /move_base
[rosmaster.master][INFO] 2020-07-05 19:18:36,548: +PARAM [/move_base/collision_costmap/robot_radius] by /move_base
[rosmaster.master][INFO] 2020-07-05 19:18:36,548: +PARAM [/move_base/collision_costmap/footprint_padding] by /move_base
[rosmaster.master][INFO] 2020-07-05 19:18:36,593: publisherUpdate[/move_base/collision_costmap/footprint] -> http://3ff6fdf48960:40767/ ['http://3ff6fdf48960:40767/']
[rosmaster.master][INFO] 2020-07-05 19:18:36,595: publisherUpdate[/move_base/collision_costmap/footprint] -> http://3ff6fdf48960:40767/ ['http://3ff6fdf48960:40767/']: sec=0.00, result=[1, '', 0]
[rosmaster.master][INFO] 2020-07-05 19:18:48,411: +SERVICE [/move_base/make_plan] /move_base http://3ff6fdf48960:40767/
[rosmaster.master][INFO] 2020-07-05 19:18:48,413: +SERVICE [/move_base/clear_costmaps] /move_base http://3ff6fdf48960:40767/
[rosmaster.master][INFO] 2020-07-05 19:18:48,416: +PARAM [/move_base/conservative_reset/reset_distance] by /move_base
[rosmaster.master][INFO] 2020-07-05 19:18:48,417: +PARAM [/move_base/aggressive_reset/reset_distance] by /move_base
[rosmaster.master][INFO] 2020-07-05 19:18:48,439: +PUB [/move_base/result] /move_base http://3ff6fdf48960:40767/
[rosmaster.master][INFO] 2020-07-05 19:18:48,441: +PUB [/move_base/feedback] /move_base http://3ff6fdf48960:40767/
[rosmaster.master][INFO] 2020-07-05 19:18:48,442: +PUB [/move_base/status] /move_base http://3ff6fdf48960:40767/
[rosmaster.master][INFO] 2020-07-05 19:18:48,453: +SUB [/move_base/goal] /move_base http://3ff6fdf48960:40767/
[rosmaster.master][INFO] 2020-07-05 19:18:48,460: +SUB [/move_base/cancel] /move_base http://3ff6fdf48960:40767/
[rosmaster.master][INFO] 2020-07-05 19:18:48,461: +SERVICE [/move_base/set_parameters] /move_base http://3ff6fdf48960:40767/
[rosmaster.master][INFO] 2020-07-05 19:18:48,463: +PUB [/move_base/parameter_descriptions] /move_base http://3ff6fdf48960:40767/
[rosmaster.master][INFO] 2020-07-05 19:18:48,465: +PUB [/move_base/parameter_updates] /move_base http://3ff6fdf48960:40767/
[rosmaster.master][INFO] 2020-07-05 19:18:48,475: +PARAM [/move_base/base_global_planner] by /move_base
[rosmaster.master][INFO] 2020-07-05 19:18:48,476: +PARAM [/move_base/base_local_planner] by /move_base
[rosmaster.master][INFO] 2020-07-05 19:18:48,476: +PARAM [/move_base/planner_frequency] by /move_base
[rosmaster.master][INFO] 2020-07-05 19:18:48,477: +PARAM [/move_base/controller_frequency] by /move_base
[rosmaster.master][INFO] 2020-07-05 19:18:48,478: +PARAM [/move_base/planner_patience] by /move_base
[rosmaster.master][INFO] 2020-07-05 19:18:48,478: +PARAM [/move_base/controller_patience] by /move_base
[rosmaster.master][INFO] 2020-07-05 19:18:48,479: +PARAM [/move_base/max_planning_retries] by /move_base
[rosmaster.master][INFO] 2020-07-05 19:18:48,480: +PARAM [/move_base/conservative_reset_dist] by /move_base
[rosmaster.master][INFO] 2020-07-05 19:18:48,480: +PARAM [/move_base/recovery_behavior_enabled] by /move_base
[rosmaster.master][INFO] 2020-07-05 19:18:48,481: +PARAM [/move_base/clearing_rotation_allowed] by /move_base
[rosmaster.master][INFO] 2020-07-05 19:18:48,481: +PARAM [/move_base/shutdown_costmaps] by /move_base
[rosmaster.master][INFO] 2020-07-05 19:18:48,482: +PARAM [/move_base/oscillation_timeout] by /move_base
[rosmaster.master][INFO] 2020-07-05 19:18:48,483: +PARAM [/move_base/oscillation_distance] by /move_base
[rosmaster.master][INFO] 2020-07-05 19:18:48,483: +PARAM [/move_base/restore_defaults] by /move_base
[rosmaster.master][INFO] 2020-07-05 19:18:48,484: +PARAM [/move_base/base_global_planner] by /move_base
[rosmaster.master][INFO] 2020-07-05 19:18:48,485: +PARAM [/move_base/base_local_planner] by /move_base
[rosmaster.master][INFO] 2020-07-05 19:18:48,485: +PARAM [/move_base/planner_frequency] by /move_base
[rosmaster.master][INFO] 2020-07-05 19:18:48,486: +PARAM [/move_base/controller_frequency] by /move_base
[rosmaster.master][INFO] 2020-07-05 19:18:48,487: +PARAM [/move_base/planner_patience] by /move_base
[rosmaster.master][INFO] 2020-07-05 19:18:48,487: +PARAM [/move_base/controller_patience] by /move_base
[rosmaster.master][INFO] 2020-07-05 19:18:48,488: +PARAM [/move_base/max_planning_retries] by /move_base
[rosmaster.master][INFO] 2020-07-05 19:18:48,489: +PARAM [/move_base/conservative_reset_dist] by /move_base
[rosmaster.master][INFO] 2020-07-05 19:18:48,489: +PARAM [/move_base/recovery_behavior_enabled] by /move_base
[rosmaster.master][INFO] 2020-07-05 19:18:48,490: +PARAM [/move_base/clearing_rotation_allowed] by /move_base
[rosmaster.master][INFO] 2020-07-05 19:18:48,490: +PARAM [/move_base/shutdown_costmaps] by /move_base
[rosmaster.master][INFO] 2020-07-05 19:18:48,491: +PARAM [/move_base/oscillation_timeout] by /move_base
[rosmaster.master][INFO] 2020-07-05 19:18:48,491: +PARAM [/move_base/oscillation_distance] by /move_base
[rosmaster.master][INFO] 2020-07-05 19:18:48,492: +PARAM [/move_base/restore_defaults] by /move_base
[rosmaster.master][INFO] 2020-07-05 19:19:24,632: -PUB [/rosout] /racecar_simulator http://3ff6fdf48960:46431/
[rosmaster.master][INFO] 2020-07-05 19:19:24,632: publisherUpdate[/rosout] -> http://3ff6fdf48960:41829/ ['http://3ff6fdf48960:32839/', 'http://3ff6fdf48960:41543/', 'http://3ff6fdf48960:43225/', 'http://3ff6fdf48960:40767/', 'http://3ff6fdf48960:39911/']
[rosmaster.master][INFO] 2020-07-05 19:19:24,633: -PUB [/tf] /racecar_simulator http://3ff6fdf48960:46431/
[rosmaster.master][INFO] 2020-07-05 19:19:24,633: publisherUpdate[/rosout] -> http://3ff6fdf48960:41829/ ['http://3ff6fdf48960:32839/', 'http://3ff6fdf48960:41543/', 'http://3ff6fdf48960:43225/', 'http://3ff6fdf48960:40767/', 'http://3ff6fdf48960:39911/']: sec=0.00, result=[1, '', 0]
[rosmaster.master][INFO] 2020-07-05 19:19:24,633: publisherUpdate[/tf] -> http://3ff6fdf48960:40767/ ['http://3ff6fdf48960:41543/']
[rosmaster.master][INFO] 2020-07-05 19:19:24,633: -PUB [/scan] /racecar_simulator http://3ff6fdf48960:46431/
[rosmaster.master][INFO] 2020-07-05 19:19:24,634: publisherUpdate[/tf] -> http://3ff6fdf48960:40767/ ['http://3ff6fdf48960:41543/']: sec=0.00, exception=[Errno 111] Connection refused
[rosmaster.master][INFO] 2020-07-05 19:19:24,634: -PUB [/odom] /racecar_simulator http://3ff6fdf48960:46431/
[rosmaster.master][INFO] 2020-07-05 19:19:24,635: -SUB [/joy] /racecar_simulator http://3ff6fdf48960:46431/
[rosmaster.master][INFO] 2020-07-05 19:19:24,635: -SUB [/drive] /racecar_simulator http://3ff6fdf48960:46431/
[rosmaster.master][INFO] 2020-07-05 19:19:24,635: -SUB [/map] /racecar_simulator http://3ff6fdf48960:46431/
[rosmaster.master][INFO] 2020-07-05 19:19:24,636: -SUB [/pose] /racecar_simulator http://3ff6fdf48960:46431/
[rosmaster.master][INFO] 2020-07-05 19:19:24,636: -SUB [/initialpose] /racecar_simulator http://3ff6fdf48960:46431/
[rosmaster.master][INFO] 2020-07-05 19:19:24,636: -SERVICE [/racecar_simulator/get_loggers] /racecar_simulator rosrpc://3ff6fdf48960:34271
[rosmaster.master][INFO] 2020-07-05 19:19:24,637: -SERVICE [/racecar_simulator/set_logger_level] /racecar_simulator rosrpc://3ff6fdf48960:34271
[rosmaster.threadpool][ERROR] 2020-07-05 19:19:24,643: Traceback (most recent call last):
  File "/opt/ros/melodic/lib/python2.7/dist-packages/rosmaster/threadpool.py", line 218, in run
    result = cmd(*args)
  File "/opt/ros/melodic/lib/python2.7/dist-packages/rosmaster/master_api.py", line 210, in publisher_update_task
    ret = xmlrpcapi(api).publisherUpdate('/master', topic, pub_uris)
  File "/usr/lib/python2.7/xmlrpclib.py", line 1243, in __call__
    return self.__send(self.__name, args)
  File "/usr/lib/python2.7/xmlrpclib.py", line 1602, in __request
    verbose=self.__verbose
  File "/usr/lib/python2.7/xmlrpclib.py", line 1283, in request
    return self.single_request(host, handler, request_body, verbose)
  File "/usr/lib/python2.7/xmlrpclib.py", line 1311, in single_request
    self.send_content(h, request_body)
  File "/usr/lib/python2.7/xmlrpclib.py", line 1459, in send_content
    connection.endheaders(request_body)
  File "/usr/lib/python2.7/httplib.py", line 1065, in endheaders
    self._send_output(message_body)
  File "/usr/lib/python2.7/httplib.py", line 892, in _send_output
    self.send(msg)
  File "/usr/lib/python2.7/httplib.py", line 854, in send
    self.connect()
  File "/usr/lib/python2.7/httplib.py", line 831, in connect
    self.timeout, self.source_address)
  File "/usr/lib/python2.7/socket.py", line 575, in create_connection
    raise err
error: [Errno 111] Connection refused

[rosmaster.master][INFO] 2020-07-05 19:19:24,643: publisherUpdate[/tf] -> http://3ff6fdf48960:39911/ ['http://3ff6fdf48960:41543/']
[rosmaster.master][INFO] 2020-07-05 19:19:24,644: publisherUpdate[/tf] -> http://3ff6fdf48960:39911/ ['http://3ff6fdf48960:41543/']: sec=0.00, result=[0, 'Unknown Error', 0]
[rosmaster.master][INFO] 2020-07-05 19:19:24,644: publisherUpdate[/odom] -> http://3ff6fdf48960:40767/ []
[rosmaster.master][INFO] 2020-07-05 19:19:24,644: publisherUpdate[/odom] -> http://3ff6fdf48960:40767/ []: sec=0.00, exception=[Errno 111] Connection refused
[rosmaster.threadpool][ERROR] 2020-07-05 19:19:24,645: Traceback (most recent call last):
  File "/opt/ros/melodic/lib/python2.7/dist-packages/rosmaster/threadpool.py", line 218, in run
    result = cmd(*args)
  File "/opt/ros/melodic/lib/python2.7/dist-packages/rosmaster/master_api.py", line 210, in publisher_update_task
    ret = xmlrpcapi(api).publisherUpdate('/master', topic, pub_uris)
  File "/usr/lib/python2.7/xmlrpclib.py", line 1243, in __call__
    return self.__send(self.__name, args)
  File "/usr/lib/python2.7/xmlrpclib.py", line 1602, in __request
    verbose=self.__verbose
  File "/usr/lib/python2.7/xmlrpclib.py", line 1283, in request
    return self.single_request(host, handler, request_body, verbose)
  File "/usr/lib/python2.7/xmlrpclib.py", line 1311, in single_request
    self.send_content(h, request_body)
  File "/usr/lib/python2.7/xmlrpclib.py", line 1459, in send_content
    connection.endheaders(request_body)
  File "/usr/lib/python2.7/httplib.py", line 1065, in endheaders
    self._send_output(message_body)
  File "/usr/lib/python2.7/httplib.py", line 892, in _send_output
    self.send(msg)
  File "/usr/lib/python2.7/httplib.py", line 854, in send
    self.connect()
  File "/usr/lib/python2.7/httplib.py", line 831, in connect
    self.timeout, self.source_address)
  File "/usr/lib/python2.7/socket.py", line 575, in create_connection
    raise err
error: [Errno 111] Connection refused

[rosmaster.master][INFO] 2020-07-05 19:19:24,672: -PUB [/rosout] /map_server http://3ff6fdf48960:32839/
[rosmaster.master][INFO] 2020-07-05 19:19:24,673: -PUB [/rosout] /static_tf/base_to_laser_tf2 http://3ff6fdf48960:43225/
[rosmaster.master][INFO] 2020-07-05 19:19:24,673: -PUB [/rosout] /robot_state_publisher http://3ff6fdf48960:41543/
[rosmaster.master][INFO] 2020-07-05 19:19:24,673: -PUB [/map_metadata] /map_server http://3ff6fdf48960:32839/
[rosmaster.master][INFO] 2020-07-05 19:19:24,674: -PUB [/tf_static] /static_tf/base_to_laser_tf2 http://3ff6fdf48960:43225/
[rosmaster.master][INFO] 2020-07-05 19:19:24,674: -PUB [/tf] /robot_state_publisher http://3ff6fdf48960:41543/
[rosmaster.master][INFO] 2020-07-05 19:19:24,674: -PUB [/map] /map_server http://3ff6fdf48960:32839/
[rosmaster.master][INFO] 2020-07-05 19:19:24,675: -SERVICE [/static_tf/base_to_laser_tf2/get_loggers] /static_tf/base_to_laser_tf2 rosrpc://3ff6fdf48960:51033
[rosmaster.master][INFO] 2020-07-05 19:19:24,675: -PUB [/tf_static] /robot_state_publisher http://3ff6fdf48960:41543/
[rosmaster.master][INFO] 2020-07-05 19:19:24,675: -SERVICE [/map_server/get_loggers] /map_server rosrpc://3ff6fdf48960:42611
[rosmaster.master][INFO] 2020-07-05 19:19:24,676: -SERVICE [/static_tf/base_to_laser_tf2/set_logger_level] /static_tf/base_to_laser_tf2 rosrpc://3ff6fdf48960:51033
[rosmaster.master][INFO] 2020-07-05 19:19:24,676: -SUB [/joint_states] /robot_state_publisher http://3ff6fdf48960:41543/
[rosmaster.master][INFO] 2020-07-05 19:19:24,676: -SERVICE [/map_server/set_logger_level] /map_server rosrpc://3ff6fdf48960:42611
[rosmaster.master][INFO] 2020-07-05 19:19:24,677: -SERVICE [/robot_state_publisher/get_loggers] /robot_state_publisher rosrpc://3ff6fdf48960:38583
[rosmaster.master][INFO] 2020-07-05 19:19:24,677: -SERVICE [/static_map] /map_server rosrpc://3ff6fdf48960:42611
[rosmaster.master][INFO] 2020-07-05 19:19:24,677: -SERVICE [/robot_state_publisher/set_logger_level] /robot_state_publisher rosrpc://3ff6fdf48960:38583
[rosmaster.master][INFO] 2020-07-05 19:19:24,718: publisherUpdate[/rosout] -> http://3ff6fdf48960:41829/ ['http://3ff6fdf48960:41543/', 'http://3ff6fdf48960:43225/', 'http://3ff6fdf48960:40767/', 'http://3ff6fdf48960:39911/']
[rosmaster.master][INFO] 2020-07-05 19:19:24,718: publisherUpdate[/tf_static] -> http://3ff6fdf48960:40767/ ['http://3ff6fdf48960:41543/']
[rosmaster.master][INFO] 2020-07-05 19:19:24,719: publisherUpdate[/rosout] -> http://3ff6fdf48960:41829/ ['http://3ff6fdf48960:41543/', 'http://3ff6fdf48960:43225/', 'http://3ff6fdf48960:40767/', 'http://3ff6fdf48960:39911/']: sec=0.00, result=[1, '', 0]
[rosmaster.master][INFO] 2020-07-05 19:19:24,719: publisherUpdate[/rosout] -> http://3ff6fdf48960:41829/ ['http://3ff6fdf48960:41543/', 'http://3ff6fdf48960:40767/', 'http://3ff6fdf48960:39911/']
[rosmaster.master][INFO] 2020-07-05 19:19:24,720: publisherUpdate[/tf_static] -> http://3ff6fdf48960:40767/ ['http://3ff6fdf48960:41543/']: sec=0.00, exception=[Errno 111] Connection refused
[rosmaster.master][INFO] 2020-07-05 19:19:24,720: publisherUpdate[/rosout] -> http://3ff6fdf48960:41829/ ['http://3ff6fdf48960:41543/', 'http://3ff6fdf48960:40767/', 'http://3ff6fdf48960:39911/']: sec=0.00, result=[1, '', 0]
[rosmaster.master][INFO] 2020-07-05 19:19:24,720: publisherUpdate[/rosout] -> http://3ff6fdf48960:41829/ ['http://3ff6fdf48960:40767/', 'http://3ff6fdf48960:39911/']
[rosmaster.master][INFO] 2020-07-05 19:19:24,720: publisherUpdate[/rosout] -> http://3ff6fdf48960:41829/ ['http://3ff6fdf48960:40767/', 'http://3ff6fdf48960:39911/']: sec=0.00, result=[1, '', 0]
[rosmaster.threadpool][ERROR] 2020-07-05 19:19:24,720: Traceback (most recent call last):
  File "/opt/ros/melodic/lib/python2.7/dist-packages/rosmaster/threadpool.py", line 218, in run
    result = cmd(*args)
  File "/opt/ros/melodic/lib/python2.7/dist-packages/rosmaster/master_api.py", line 210, in publisher_update_task
    ret = xmlrpcapi(api).publisherUpdate('/master', topic, pub_uris)
  File "/usr/lib/python2.7/xmlrpclib.py", line 1243, in __call__
    return self.__send(self.__name, args)
  File "/usr/lib/python2.7/xmlrpclib.py", line 1602, in __request
    verbose=self.__verbose
  File "/usr/lib/python2.7/xmlrpclib.py", line 1283, in request
    return self.single_request(host, handler, request_body, verbose)
  File "/usr/lib/python2.7/xmlrpclib.py", line 1311, in single_request
    self.send_content(h, request_body)
  File "/usr/lib/python2.7/xmlrpclib.py", line 1459, in send_content
    connection.endheaders(request_body)
  File "/usr/lib/python2.7/httplib.py", line 1065, in endheaders
    self._send_output(message_body)
  File "/usr/lib/python2.7/httplib.py", line 892, in _send_output
    self.send(msg)
  File "/usr/lib/python2.7/httplib.py", line 854, in send
    self.connect()
  File "/usr/lib/python2.7/httplib.py", line 831, in connect
    self.timeout, self.source_address)
  File "/usr/lib/python2.7/socket.py", line 575, in create_connection
    raise err
error: [Errno 111] Connection refused

[rosmaster.master][INFO] 2020-07-05 19:19:24,721: publisherUpdate[/tf] -> http://3ff6fdf48960:40767/ []
[rosmaster.master][INFO] 2020-07-05 19:19:24,721: publisherUpdate[/tf_static] -> http://3ff6fdf48960:39911/ ['http://3ff6fdf48960:41543/']
[rosmaster.master][INFO] 2020-07-05 19:19:24,721: publisherUpdate[/tf] -> http://3ff6fdf48960:40767/ []: sec=0.00, exception=[Errno 111] Connection refused
[rosmaster.master][INFO] 2020-07-05 19:19:24,721: publisherUpdate[/tf_static] -> http://3ff6fdf48960:39911/ ['http://3ff6fdf48960:41543/']: sec=0.00, result=[0, 'Unknown Error', 0]
[rosmaster.master][INFO] 2020-07-05 19:19:24,721: publisherUpdate[/tf] -> http://3ff6fdf48960:39911/ []
[rosmaster.threadpool][ERROR] 2020-07-05 19:19:24,722: Traceback (most recent call last):
  File "/opt/ros/melodic/lib/python2.7/dist-packages/rosmaster/threadpool.py", line 218, in run
    result = cmd(*args)
  File "/opt/ros/melodic/lib/python2.7/dist-packages/rosmaster/master_api.py", line 210, in publisher_update_task
    ret = xmlrpcapi(api).publisherUpdate('/master', topic, pub_uris)
  File "/usr/lib/python2.7/xmlrpclib.py", line 1243, in __call__
    return self.__send(self.__name, args)
  File "/usr/lib/python2.7/xmlrpclib.py", line 1602, in __request
    verbose=self.__verbose
  File "/usr/lib/python2.7/xmlrpclib.py", line 1283, in request
    return self.single_request(host, handler, request_body, verbose)
  File "/usr/lib/python2.7/xmlrpclib.py", line 1311, in single_request
    self.send_content(h, request_body)
  File "/usr/lib/python2.7/xmlrpclib.py", line 1459, in send_content
    connection.endheaders(request_body)
  File "/usr/lib/python2.7/httplib.py", line 1065, in endheaders
    self._send_output(message_body)
  File "/usr/lib/python2.7/httplib.py", line 892, in _send_output
    self.send(msg)
  File "/usr/lib/python2.7/httplib.py", line 854, in send
    self.connect()
  File "/usr/lib/python2.7/httplib.py", line 831, in connect
    self.timeout, self.source_address)
  File "/usr/lib/python2.7/socket.py", line 575, in create_connection
    raise err
error: [Errno 111] Connection refused

[rosmaster.master][INFO] 2020-07-05 19:19:24,722: publisherUpdate[/tf] -> http://3ff6fdf48960:39911/ []: sec=0.00, result=[0, 'Unknown Error', 0]
[rosmaster.master][INFO] 2020-07-05 19:19:24,722: publisherUpdate[/map] -> http://3ff6fdf48960:40767/ []
[rosmaster.master][INFO] 2020-07-05 19:19:24,722: publisherUpdate[/map] -> http://3ff6fdf48960:39911/ []
[rosmaster.master][INFO] 2020-07-05 19:19:24,722: publisherUpdate[/map] -> http://3ff6fdf48960:40767/ []: sec=0.00, exception=[Errno 111] Connection refused
[rosmaster.master][INFO] 2020-07-05 19:19:24,723: publisherUpdate[/map] -> http://3ff6fdf48960:39911/ []: sec=0.00, result=[0, 'Unknown Error', 0]
[rosmaster.master][INFO] 2020-07-05 19:19:24,723: publisherUpdate[/tf_static] -> http://3ff6fdf48960:40767/ []
[rosmaster.threadpool][ERROR] 2020-07-05 19:19:24,723: Traceback (most recent call last):
  File "/opt/ros/melodic/lib/python2.7/dist-packages/rosmaster/threadpool.py", line 218, in run
    result = cmd(*args)
  File "/opt/ros/melodic/lib/python2.7/dist-packages/rosmaster/master_api.py", line 210, in publisher_update_task
    ret = xmlrpcapi(api).publisherUpdate('/master', topic, pub_uris)
  File "/usr/lib/python2.7/xmlrpclib.py", line 1243, in __call__
    return self.__send(self.__name, args)
  File "/usr/lib/python2.7/xmlrpclib.py", line 1602, in __request
    verbose=self.__verbose
  File "/usr/lib/python2.7/xmlrpclib.py", line 1283, in request
    return self.single_request(host, handler, request_body, verbose)
  File "/usr/lib/python2.7/xmlrpclib.py", line 1311, in single_request
    self.send_content(h, request_body)
  File "/usr/lib/python2.7/xmlrpclib.py", line 1459, in send_content
    connection.endheaders(request_body)
  File "/usr/lib/python2.7/httplib.py", line 1065, in endheaders
    self._send_output(message_body)
  File "/usr/lib/python2.7/httplib.py", line 892, in _send_output
    self.send(msg)
  File "/usr/lib/python2.7/httplib.py", line 854, in send
    self.connect()
  File "/usr/lib/python2.7/httplib.py", line 831, in connect
    self.timeout, self.source_address)
  File "/usr/lib/python2.7/socket.py", line 575, in create_connection
    raise err
error: [Errno 111] Connection refused

[rosmaster.master][INFO] 2020-07-05 19:19:24,723: publisherUpdate[/tf_static] -> http://3ff6fdf48960:40767/ []: sec=0.00, exception=[Errno 111] Connection refused
[rosmaster.master][INFO] 2020-07-05 19:19:24,723: publisherUpdate[/tf_static] -> http://3ff6fdf48960:39911/ []
[rosmaster.threadpool][ERROR] 2020-07-05 19:19:24,723: Traceback (most recent call last):
  File "/opt/ros/melodic/lib/python2.7/dist-packages/rosmaster/threadpool.py", line 218, in run
    result = cmd(*args)
  File "/opt/ros/melodic/lib/python2.7/dist-packages/rosmaster/master_api.py", line 210, in publisher_update_task
    ret = xmlrpcapi(api).publisherUpdate('/master', topic, pub_uris)
  File "/usr/lib/python2.7/xmlrpclib.py", line 1243, in __call__
    return self.__send(self.__name, args)
  File "/usr/lib/python2.7/xmlrpclib.py", line 1602, in __request
    verbose=self.__verbose
  File "/usr/lib/python2.7/xmlrpclib.py", line 1283, in request
    return self.single_request(host, handler, request_body, verbose)
  File "/usr/lib/python2.7/xmlrpclib.py", line 1311, in single_request
    self.send_content(h, request_body)
  File "/usr/lib/python2.7/xmlrpclib.py", line 1459, in send_content
    connection.endheaders(request_body)
  File "/usr/lib/python2.7/httplib.py", line 1065, in endheaders
    self._send_output(message_body)
  File "/usr/lib/python2.7/httplib.py", line 892, in _send_output
    self.send(msg)
  File "/usr/lib/python2.7/httplib.py", line 854, in send
    self.connect()
  File "/usr/lib/python2.7/httplib.py", line 831, in connect
    self.timeout, self.source_address)
  File "/usr/lib/python2.7/socket.py", line 575, in create_connection
    raise err
error: [Errno 111] Connection refused

[rosmaster.master][INFO] 2020-07-05 19:19:24,742: -PUB [/rosout] /rviz http://3ff6fdf48960:39911/
[rosmaster.master][INFO] 2020-07-05 19:19:24,742: -PUB [/initialpose] /rviz http://3ff6fdf48960:39911/
[rosmaster.master][INFO] 2020-07-05 19:19:24,743: -PUB [/move_base_simple/goal] /rviz http://3ff6fdf48960:39911/
[rosmaster.master][INFO] 2020-07-05 19:19:24,743: -PUB [/clicked_point] /rviz http://3ff6fdf48960:39911/
[rosmaster.master][INFO] 2020-07-05 19:19:24,743: -SUB [/tf] /rviz http://3ff6fdf48960:39911/
[rosmaster.master][INFO] 2020-07-05 19:19:24,744: -SUB [/tf_static] /rviz http://3ff6fdf48960:39911/
[rosmaster.master][INFO] 2020-07-05 19:19:24,744: -SUB [/map] /rviz http://3ff6fdf48960:39911/
[rosmaster.master][INFO] 2020-07-05 19:19:24,745: -SUB [/map_updates] /rviz http://3ff6fdf48960:39911/
[rosmaster.master][INFO] 2020-07-05 19:19:24,745: -SUB [/move_base/local_costmap/costmap] /rviz http://3ff6fdf48960:39911/
[rosmaster.master][INFO] 2020-07-05 19:19:24,745: publisherUpdate[/rosout] -> http://3ff6fdf48960:41829/ ['http://3ff6fdf48960:40767/']
[rosmaster.master][INFO] 2020-07-05 19:19:24,745: -SUB [/move_base/local_costmap/costmap_updates] /rviz http://3ff6fdf48960:39911/
[rosmaster.master][INFO] 2020-07-05 19:19:24,746: publisherUpdate[/rosout] -> http://3ff6fdf48960:41829/ ['http://3ff6fdf48960:40767/']: sec=0.00, result=[1, '', 0]
[rosmaster.master][INFO] 2020-07-05 19:19:24,746: publisherUpdate[/move_base_simple/goal] -> http://3ff6fdf48960:40767/ []
[rosmaster.master][INFO] 2020-07-05 19:19:24,746: -SUB [/move_base/MpnetLocalPlanner/global_plan] /rviz http://3ff6fdf48960:39911/
[rosmaster.master][INFO] 2020-07-05 19:19:24,746: publisherUpdate[/move_base_simple/goal] -> http://3ff6fdf48960:40767/ []: sec=0.00, exception=[Errno 111] Connection refused
[rosmaster.master][INFO] 2020-07-05 19:19:24,747: -SUB [/move_base_simple/goal] /rviz http://3ff6fdf48960:39911/
[rosmaster.threadpool][ERROR] 2020-07-05 19:19:24,747: Traceback (most recent call last):
  File "/opt/ros/melodic/lib/python2.7/dist-packages/rosmaster/threadpool.py", line 218, in run
    result = cmd(*args)
  File "/opt/ros/melodic/lib/python2.7/dist-packages/rosmaster/master_api.py", line 210, in publisher_update_task
    ret = xmlrpcapi(api).publisherUpdate('/master', topic, pub_uris)
  File "/usr/lib/python2.7/xmlrpclib.py", line 1243, in __call__
    return self.__send(self.__name, args)
  File "/usr/lib/python2.7/xmlrpclib.py", line 1602, in __request
    verbose=self.__verbose
  File "/usr/lib/python2.7/xmlrpclib.py", line 1283, in request
    return self.single_request(host, handler, request_body, verbose)
  File "/usr/lib/python2.7/xmlrpclib.py", line 1311, in single_request
    self.send_content(h, request_body)
  File "/usr/lib/python2.7/xmlrpclib.py", line 1459, in send_content
    connection.endheaders(request_body)
  File "/usr/lib/python2.7/httplib.py", line 1065, in endheaders
    self._send_output(message_body)
  File "/usr/lib/python2.7/httplib.py", line 892, in _send_output
    self.send(msg)
  File "/usr/lib/python2.7/httplib.py", line 854, in send
    self.connect()
  File "/usr/lib/python2.7/httplib.py", line 831, in connect
    self.timeout, self.source_address)
  File "/usr/lib/python2.7/socket.py", line 575, in create_connection
    raise err
error: [Errno 111] Connection refused

[rosmaster.master][INFO] 2020-07-05 19:19:24,747: -SUB [/move_base/MpnetLocalPlanner/local_plan] /rviz http://3ff6fdf48960:39911/
[rosmaster.master][INFO] 2020-07-05 19:19:24,747: -SERVICE [/rviz/get_loggers] /rviz rosrpc://3ff6fdf48960:41367
[rosmaster.master][INFO] 2020-07-05 19:19:24,748: -SERVICE [/rviz/set_logger_level] /rviz rosrpc://3ff6fdf48960:41367
[rosmaster.master][INFO] 2020-07-05 19:19:24,748: -SERVICE [/rviz/reload_shaders] /rviz rosrpc://3ff6fdf48960:41367
[rosmaster.master][INFO] 2020-07-05 19:19:24,748: -SERVICE [/rviz/load_config] /rviz rosrpc://3ff6fdf48960:41367
[rosmaster.master][INFO] 2020-07-05 19:19:24,749: -SERVICE [/rviz/save_config] /rviz rosrpc://3ff6fdf48960:41367
[rosmaster.master][INFO] 2020-07-05 19:19:24,818: publisherUpdate[/tf_static] -> http://3ff6fdf48960:39911/ []: sec=0.09, exception=[Errno 111] Connection refused
[rosmaster.threadpool][ERROR] 2020-07-05 19:19:24,819: Traceback (most recent call last):
  File "/opt/ros/melodic/lib/python2.7/dist-packages/rosmaster/threadpool.py", line 218, in run
    result = cmd(*args)
  File "/opt/ros/melodic/lib/python2.7/dist-packages/rosmaster/master_api.py", line 210, in publisher_update_task
    ret = xmlrpcapi(api).publisherUpdate('/master', topic, pub_uris)
  File "/usr/lib/python2.7/xmlrpclib.py", line 1243, in __call__
    return self.__send(self.__name, args)
  File "/usr/lib/python2.7/xmlrpclib.py", line 1602, in __request
    verbose=self.__verbose
  File "/usr/lib/python2.7/xmlrpclib.py", line 1283, in request
    return self.single_request(host, handler, request_body, verbose)
  File "/usr/lib/python2.7/xmlrpclib.py", line 1311, in single_request
    self.send_content(h, request_body)
  File "/usr/lib/python2.7/xmlrpclib.py", line 1459, in send_content
    connection.endheaders(request_body)
  File "/usr/lib/python2.7/httplib.py", line 1065, in endheaders
    self._send_output(message_body)
  File "/usr/lib/python2.7/httplib.py", line 892, in _send_output
    self.send(msg)
  File "/usr/lib/python2.7/httplib.py", line 854, in send
    self.connect()
  File "/usr/lib/python2.7/httplib.py", line 831, in connect
    self.timeout, self.source_address)
  File "/usr/lib/python2.7/socket.py", line 575, in create_connection
    raise err
error: [Errno 111] Connection refused

[rosmaster.master][INFO] 2020-07-05 19:19:24,819: publisherUpdate[/move_base_simple/goal] -> http://3ff6fdf48960:39911/ []
[rosmaster.master][INFO] 2020-07-05 19:19:24,820: publisherUpdate[/move_base_simple/goal] -> http://3ff6fdf48960:39911/ []: sec=0.00, exception=[Errno 111] Connection refused
[rosmaster.threadpool][ERROR] 2020-07-05 19:19:24,820: Traceback (most recent call last):
  File "/opt/ros/melodic/lib/python2.7/dist-packages/rosmaster/threadpool.py", line 218, in run
    result = cmd(*args)
  File "/opt/ros/melodic/lib/python2.7/dist-packages/rosmaster/master_api.py", line 210, in publisher_update_task
    ret = xmlrpcapi(api).publisherUpdate('/master', topic, pub_uris)
  File "/usr/lib/python2.7/xmlrpclib.py", line 1243, in __call__
    return self.__send(self.__name, args)
  File "/usr/lib/python2.7/xmlrpclib.py", line 1602, in __request
    verbose=self.__verbose
  File "/usr/lib/python2.7/xmlrpclib.py", line 1283, in request
    return self.single_request(host, handler, request_body, verbose)
  File "/usr/lib/python2.7/xmlrpclib.py", line 1311, in single_request
    self.send_content(h, request_body)
  File "/usr/lib/python2.7/xmlrpclib.py", line 1459, in send_content
    connection.endheaders(request_body)
  File "/usr/lib/python2.7/httplib.py", line 1065, in endheaders
    self._send_output(message_body)
  File "/usr/lib/python2.7/httplib.py", line 892, in _send_output
    self.send(msg)
  File "/usr/lib/python2.7/httplib.py", line 854, in send
    self.connect()
  File "/usr/lib/python2.7/httplib.py", line 831, in connect
    self.timeout, self.source_address)
  File "/usr/lib/python2.7/socket.py", line 575, in create_connection
    raise err
error: [Errno 111] Connection refused

[rosmaster.master][INFO] 2020-07-05 19:19:25,046: -PUB [/rosout_agg] /rosout http://3ff6fdf48960:41829/
[rosmaster.master][INFO] 2020-07-05 19:19:25,047: -SUB [/rosout] /rosout http://3ff6fdf48960:41829/
[rosmaster.master][INFO] 2020-07-05 19:19:25,047: -SERVICE [/rosout/get_loggers] /rosout rosrpc://3ff6fdf48960:53731
[rosmaster.master][INFO] 2020-07-05 19:19:25,047: -SERVICE [/rosout/set_logger_level] /rosout rosrpc://3ff6fdf48960:53731
[rosmaster.main][INFO] 2020-07-05 19:19:25,119: keyboard interrupt, will exit
[rosmaster.main][INFO] 2020-07-05 19:19:25,119: stopping master...
[rospy.core][INFO] 2020-07-05 19:19:25,119: signal_shutdown [atexit]
