[roslaunch][INFO] 2020-07-05 19:18:27,722: Checking log directory for disk usage. This may take a while.
Press Ctrl-C to interrupt
[roslaunch][INFO] 2020-07-05 19:18:28,003: Done checking log file disk usage. Usage is <1GB.
[roslaunch][INFO] 2020-07-05 19:18:28,004: roslaunch starting with args ['/opt/ros/melodic/bin/roslaunch', 'mpnet_plan', 'simulate_mpnet.launch']
[roslaunch][INFO] 2020-07-05 19:18:28,004: roslaunch env is {'ROS_DISTRO': 'melodic', 'ROSLISP_PACKAGE_DIRECTORIES': '/root/project/devel/share/common-lisp', 'CUDA_VERSION': '10.1.243', 'ROS_PACKAGE_PATH': '/root/project/src:/opt/ros/melodic/share', 'HOME': '/root', 'CMAKE_PREFIX_PATH': '/root/project/devel:/opt/ros/melodic', 'DISPLAY': ':0', 'LANG': 'C.UTF-8', 'TERM': 'xterm', 'ROS_LOG_FILENAME': '/root/.ros/log/4deb4a0a-bef4-11ea-a1c4-0242ac110003/roslaunch-3ff6fdf48960-98.log', 'LIBRARY_PATH': '/usr/local/cuda/lib64/stubs', 'CUDA_PKG_VERSION': '10-1=10.1.243-1', 'SHLVL': '1', 'NCCL_VERSION': '2.4.8', 'LD_LIBRARY_PATH': '/root/project/devel/lib:/opt/ros/melodic/lib:/usr/local/cuda/extras/CUPTI/lib64:/usr/local/nvidia/lib:/usr/local/nvidia/lib64:/usr/lib/x86_64-linux-gnu:/usr/lib/i386-linux-gnu:/usr/local/nvidia/lib:/usr/local/nvidia/lib64', 'NVIDIA_VISIBLE_DEVICES': 'all', 'ROS_MASTER_URI': 'http://localhost:11311', 'CUDNN_VERSION': '7.6.5.32', 'ROS_PYTHON_VERSION': '2', 'PYTHONPATH': '/opt/ros/melodic/lib/python2.7/dist-packages', 'ROS_ROOT': '/opt/ros/melodic/share/ros', 'PATH': '/opt/ros/melodic/bin:/usr/local/nvidia/bin:/usr/local/cuda/bin:/usr/local/nvidia/bin:/usr/local/cuda/bin:/usr/local/sbin:/usr/local/bin:/usr/sbin:/usr/bin:/sbin:/bin', 'PKG_CONFIG_PATH': '/root/project/devel/lib/pkgconfig:/opt/ros/melodic/lib/pkgconfig', 'LC_ALL': 'C.UTF-8', 'NVIDIA_DRIVER_CAPABILITIES': 'compute,utility,graphics', '_': '/opt/ros/melodic/bin/roslaunch', 'NVIDIA_REQUIRE_CUDA': 'cuda>=10.0 brand=tesla,driver>=384,driver<385', 'OLDPWD': '/root', 'HOSTNAME': '3ff6fdf48960', 'PWD': '/root/project', 'ROS_ETC_DIR': '/opt/ros/melodic/etc/ros', 'ROS_VERSION': '1'}
[roslaunch][INFO] 2020-07-05 19:18:28,004: starting in server mode
[roslaunch.parent][INFO] 2020-07-05 19:18:28,005: starting roslaunch parent run
[roslaunch][INFO] 2020-07-05 19:18:28,006: loading roscore config file /opt/ros/melodic/etc/ros/roscore.xml
[roslaunch][INFO] 2020-07-05 19:18:28,169: Added core node of type [rosout/rosout] in namespace [/]
[roslaunch.config][INFO] 2020-07-05 19:18:28,169: loading config file /root/project/src/mpnet_local_planner/launch/simulate_mpnet.launch
[roslaunch][INFO] 2020-07-05 19:18:28,415: Added node of type [map_server/map_server] in namespace [/]
[roslaunch][INFO] 2020-07-05 19:18:28,498: Added node of type [robot_state_publisher/state_publisher] in namespace [/]
[roslaunch][INFO] 2020-07-05 19:18:28,507: Added node of type [racecar_simulator/simulate] in namespace [/]
[roslaunch][INFO] 2020-07-05 19:18:28,507: Added node of type [tf2_ros/static_transform_publisher] in namespace [/static_tf/]
[roslaunch][INFO] 2020-07-05 19:18:28,590: Added node of type [move_base/move_base] in namespace [/]
[roslaunch][INFO] 2020-07-05 19:18:28,592: Added node of type [rviz/rviz] in namespace [/]
[roslaunch][INFO] 2020-07-05 19:18:28,592: ... selected machine [] for node of type [map_server/map_server]
[roslaunch][INFO] 2020-07-05 19:18:28,592: ... selected machine [] for node of type [robot_state_publisher/state_publisher]
[roslaunch][INFO] 2020-07-05 19:18:28,593: ... selected machine [] for node of type [racecar_simulator/simulate]
[roslaunch][INFO] 2020-07-05 19:18:28,593: ... selected machine [] for node of type [tf2_ros/static_transform_publisher]
[roslaunch][INFO] 2020-07-05 19:18:28,593: ... selected machine [] for node of type [move_base/move_base]
[roslaunch][INFO] 2020-07-05 19:18:28,593: ... selected machine [] for node of type [rviz/rviz]
[roslaunch.pmon][INFO] 2020-07-05 19:18:28,599: start_process_monitor: creating ProcessMonitor
[roslaunch.pmon][INFO] 2020-07-05 19:18:28,600: created process monitor <ProcessMonitor(ProcessMonitor-1, initial daemon)>
[roslaunch.pmon][INFO] 2020-07-05 19:18:28,600: start_process_monitor: ProcessMonitor started
[roslaunch.parent][INFO] 2020-07-05 19:18:28,601: starting parent XML-RPC server
[roslaunch.server][INFO] 2020-07-05 19:18:28,601: starting roslaunch XML-RPC server
[roslaunch.server][INFO] 2020-07-05 19:18:28,601: waiting for roslaunch XML-RPC server to initialize
[xmlrpc][INFO] 2020-07-05 19:18:28,602: XML-RPC server binding to 0.0.0.0:0
[xmlrpc][INFO] 2020-07-05 19:18:28,603: Started XML-RPC server [http://3ff6fdf48960:36391/]
[xmlrpc][INFO] 2020-07-05 19:18:28,603: xml rpc node: starting XML-RPC server
[roslaunch][INFO] 2020-07-05 19:18:28,616: started roslaunch server http://3ff6fdf48960:36391/
[roslaunch.parent][INFO] 2020-07-05 19:18:28,617: ... parent XML-RPC server started
[roslaunch][INFO] 2020-07-05 19:18:28,619: master.is_running[http://localhost:11311]
[roslaunch][INFO] 2020-07-05 19:18:28,621: auto-starting new master
[roslaunch][INFO] 2020-07-05 19:18:28,621: create_master_process: rosmaster, /opt/ros/melodic/share/ros, 11311, 3, None, False
[roslaunch][INFO] 2020-07-05 19:18:28,621: process[master]: launching with args [['rosmaster', '--core', '-p', '11311', '-w', '3']]
[roslaunch.pmon][INFO] 2020-07-05 19:18:28,622: ProcessMonitor.register[master]
[roslaunch.pmon][INFO] 2020-07-05 19:18:28,622: ProcessMonitor.register[master] complete
[roslaunch][INFO] 2020-07-05 19:18:28,622: process[master]: starting os process
[roslaunch][INFO] 2020-07-05 19:18:28,622: process[master]: start w/ args [['rosmaster', '--core', '-p', '11311', '-w', '3', '__log:=/root/.ros/log/4deb4a0a-bef4-11ea-a1c4-0242ac110003/master.log']]
[roslaunch][INFO] 2020-07-05 19:18:28,623: process[master]: cwd will be [/root/.ros]
[roslaunch][INFO] 2020-07-05 19:18:29,061: process[master]: started with pid [111]
[roslaunch][INFO] 2020-07-05 19:18:29,062: master.is_running[http://localhost:11311]
[roslaunch][INFO] 2020-07-05 19:18:29,162: master.is_running[http://localhost:11311]
[roslaunch][INFO] 2020-07-05 19:18:29,263: master.is_running[http://localhost:11311]
[roslaunch][INFO] 2020-07-05 19:18:29,265: master.is_running[http://localhost:11311]
[roslaunch][INFO] 2020-07-05 19:18:29,266: ROS_MASTER_URI=http://localhost:11311
[roslaunch][INFO] 2020-07-05 19:18:29,267: setting /run_id to 4deb4a0a-bef4-11ea-a1c4-0242ac110003
[roslaunch][INFO] 2020-07-05 19:18:29,267: setting /roslaunch/uris/host_3ff6fdf48960__36391' to http://3ff6fdf48960:36391/
[roslaunch][INFO] 2020-07-05 19:18:29,269: ... preparing to launch node of type [rosout/rosout]
[roslaunch][INFO] 2020-07-05 19:18:29,269: create_node_process: package[rosout] type[rosout] machine[Machine(name[] env_loader[None] address[localhost] ssh_port[22] user[None] assignable[True] timeout[10.0])] master_uri[http://localhost:11311]
[roslaunch][INFO] 2020-07-05 19:18:29,269: process[rosout-1]: env[{'ROS_DISTRO': 'melodic', 'ROSLISP_PACKAGE_DIRECTORIES': '/root/project/devel/share/common-lisp', 'CUDA_VERSION': '10.1.243', 'HOME': '/root', 'PATH': '/opt/ros/melodic/bin:/usr/local/nvidia/bin:/usr/local/cuda/bin:/usr/local/nvidia/bin:/usr/local/cuda/bin:/usr/local/sbin:/usr/local/bin:/usr/sbin:/usr/bin:/sbin:/bin', 'CMAKE_PREFIX_PATH': '/root/project/devel:/opt/ros/melodic', 'ROS_LOG_FILENAME': '/root/.ros/log/4deb4a0a-bef4-11ea-a1c4-0242ac110003/roslaunch-3ff6fdf48960-98.log', 'LANG': 'C.UTF-8', 'TERM': 'xterm', 'LIBRARY_PATH': '/usr/local/cuda/lib64/stubs', 'CUDA_PKG_VERSION': '10-1=10.1.243-1', 'SHLVL': '1', 'NCCL_VERSION': '2.4.8', 'LD_LIBRARY_PATH': '/root/project/devel/lib:/opt/ros/melodic/lib:/usr/local/cuda/extras/CUPTI/lib64:/usr/local/nvidia/lib:/usr/local/nvidia/lib64:/usr/lib/x86_64-linux-gnu:/usr/lib/i386-linux-gnu:/usr/local/nvidia/lib:/usr/local/nvidia/lib64', 'NVIDIA_VISIBLE_DEVICES': 'all', 'ROS_ETC_DIR': '/opt/ros/melodic/etc/ros', 'CUDNN_VERSION': '7.6.5.32', 'ROS_PYTHON_VERSION': '2', 'LC_ALL': 'C.UTF-8', 'PYTHONPATH': '/opt/ros/melodic/lib/python2.7/dist-packages', 'ROS_ROOT': '/opt/ros/melodic/share/ros', 'PKG_CONFIG_PATH': '/root/project/devel/lib/pkgconfig:/opt/ros/melodic/lib/pkgconfig', 'ROS_PACKAGE_PATH': '/root/project/src:/opt/ros/melodic/share', 'NVIDIA_DRIVER_CAPABILITIES': 'compute,utility,graphics', '_': '/opt/ros/melodic/bin/roslaunch', 'DISPLAY': ':0', 'NVIDIA_REQUIRE_CUDA': 'cuda>=10.0 brand=tesla,driver>=384,driver<385', 'OLDPWD': '/root', 'HOSTNAME': '3ff6fdf48960', 'PWD': '/root/project', 'ROS_MASTER_URI': 'http://localhost:11311', 'ROS_VERSION': '1'}]
[roslaunch][INFO] 2020-07-05 19:18:29,305: process[rosout-1]: args[[u'/opt/ros/melodic/lib/rosout/rosout', u'__name:=rosout']]
[roslaunch][INFO] 2020-07-05 19:18:29,305: ... created process [rosout-1]
[roslaunch.pmon][INFO] 2020-07-05 19:18:29,306: ProcessMonitor.register[rosout-1]
[roslaunch.pmon][INFO] 2020-07-05 19:18:29,306: ProcessMonitor.register[rosout-1] complete
[roslaunch][INFO] 2020-07-05 19:18:29,306: ... registered process [rosout-1]
[roslaunch][INFO] 2020-07-05 19:18:29,306: process[rosout-1]: starting os process
[roslaunch][INFO] 2020-07-05 19:18:29,306: process[rosout-1]: start w/ args [[u'/opt/ros/melodic/lib/rosout/rosout', u'__name:=rosout', u'__log:=/root/.ros/log/4deb4a0a-bef4-11ea-a1c4-0242ac110003/rosout-1.log']]
[roslaunch][INFO] 2020-07-05 19:18:29,306: process[rosout-1]: cwd will be [/root/.ros]
[roslaunch][INFO] 2020-07-05 19:18:29,738: process[rosout-1]: started with pid [122]
[roslaunch][INFO] 2020-07-05 19:18:29,739: ... successfully launched [rosout-1]
[roslaunch][INFO] 2020-07-05 19:18:29,739: load_parameters starting ...
[roslaunch][INFO] 2020-07-05 19:18:29,756: ... load_parameters complete
[roslaunch][INFO] 2020-07-05 19:18:29,757: launch_nodes: launching local nodes ...
[roslaunch][INFO] 2020-07-05 19:18:29,757: ... preparing to launch node of type [map_server/map_server]
[roslaunch][INFO] 2020-07-05 19:18:29,757: create_node_process: package[map_server] type[map_server] machine[Machine(name[] env_loader[None] address[localhost] ssh_port[22] user[None] assignable[True] timeout[10.0])] master_uri[http://localhost:11311]
[roslaunch][INFO] 2020-07-05 19:18:29,758: process[map_server-2]: env[{'ROS_DISTRO': 'melodic', 'ROSLISP_PACKAGE_DIRECTORIES': '/root/project/devel/share/common-lisp', 'CUDA_VERSION': '10.1.243', 'HOME': '/root', 'PATH': '/opt/ros/melodic/bin:/usr/local/nvidia/bin:/usr/local/cuda/bin:/usr/local/nvidia/bin:/usr/local/cuda/bin:/usr/local/sbin:/usr/local/bin:/usr/sbin:/usr/bin:/sbin:/bin', 'CMAKE_PREFIX_PATH': '/root/project/devel:/opt/ros/melodic', 'ROS_LOG_FILENAME': '/root/.ros/log/4deb4a0a-bef4-11ea-a1c4-0242ac110003/roslaunch-3ff6fdf48960-98.log', 'LANG': 'C.UTF-8', 'TERM': 'xterm', 'LIBRARY_PATH': '/usr/local/cuda/lib64/stubs', 'CUDA_PKG_VERSION': '10-1=10.1.243-1', 'SHLVL': '1', 'NCCL_VERSION': '2.4.8', 'LD_LIBRARY_PATH': '/root/project/devel/lib:/opt/ros/melodic/lib:/usr/local/cuda/extras/CUPTI/lib64:/usr/local/nvidia/lib:/usr/local/nvidia/lib64:/usr/lib/x86_64-linux-gnu:/usr/lib/i386-linux-gnu:/usr/local/nvidia/lib:/usr/local/nvidia/lib64', 'NVIDIA_VISIBLE_DEVICES': 'all', 'ROS_ETC_DIR': '/opt/ros/melodic/etc/ros', 'CUDNN_VERSION': '7.6.5.32', 'ROS_PYTHON_VERSION': '2', 'LC_ALL': 'C.UTF-8', 'PYTHONPATH': '/opt/ros/melodic/lib/python2.7/dist-packages', 'ROS_ROOT': '/opt/ros/melodic/share/ros', 'PKG_CONFIG_PATH': '/root/project/devel/lib/pkgconfig:/opt/ros/melodic/lib/pkgconfig', 'ROS_PACKAGE_PATH': '/root/project/src:/opt/ros/melodic/share', 'NVIDIA_DRIVER_CAPABILITIES': 'compute,utility,graphics', '_': '/opt/ros/melodic/bin/roslaunch', 'DISPLAY': ':0', 'NVIDIA_REQUIRE_CUDA': 'cuda>=10.0 brand=tesla,driver>=384,driver<385', 'OLDPWD': '/root', 'HOSTNAME': '3ff6fdf48960', 'PWD': '/root/project', 'ROS_MASTER_URI': 'http://localhost:11311', 'ROS_VERSION': '1'}]
[roslaunch][INFO] 2020-07-05 19:18:29,759: process[map_server-2]: args[[u'/opt/ros/melodic/lib/map_server/map_server', '/root/project/src/racecar_simulator/maps/mymap.yaml', u'__name:=map_server']]
[roslaunch][INFO] 2020-07-05 19:18:29,759: ... created process [map_server-2]
[roslaunch.pmon][INFO] 2020-07-05 19:18:29,759: ProcessMonitor.register[map_server-2]
[roslaunch.pmon][INFO] 2020-07-05 19:18:29,759: ProcessMonitor.register[map_server-2] complete
[roslaunch][INFO] 2020-07-05 19:18:29,759: ... registered process [map_server-2]
[roslaunch][INFO] 2020-07-05 19:18:29,759: process[map_server-2]: starting os process
[roslaunch][INFO] 2020-07-05 19:18:29,759: process[map_server-2]: start w/ args [[u'/opt/ros/melodic/lib/map_server/map_server', '/root/project/src/racecar_simulator/maps/mymap.yaml', u'__name:=map_server', u'__log:=/root/.ros/log/4deb4a0a-bef4-11ea-a1c4-0242ac110003/map_server-2.log']]
[roslaunch][INFO] 2020-07-05 19:18:29,760: process[map_server-2]: cwd will be [/root/.ros]
[roslaunch][INFO] 2020-07-05 19:18:30,194: process[map_server-2]: started with pid [128]
[roslaunch][INFO] 2020-07-05 19:18:30,195: ... successfully launched [map_server-2]
[roslaunch][INFO] 2020-07-05 19:18:30,195: ... preparing to launch node of type [robot_state_publisher/state_publisher]
[roslaunch][INFO] 2020-07-05 19:18:30,195: create_node_process: package[robot_state_publisher] type[state_publisher] machine[Machine(name[] env_loader[None] address[localhost] ssh_port[22] user[None] assignable[True] timeout[10.0])] master_uri[http://localhost:11311]
[roslaunch][INFO] 2020-07-05 19:18:30,195: process[robot_state_publisher-3]: env[{'ROS_DISTRO': 'melodic', 'ROSLISP_PACKAGE_DIRECTORIES': '/root/project/devel/share/common-lisp', 'CUDA_VERSION': '10.1.243', 'HOME': '/root', 'PATH': '/opt/ros/melodic/bin:/usr/local/nvidia/bin:/usr/local/cuda/bin:/usr/local/nvidia/bin:/usr/local/cuda/bin:/usr/local/sbin:/usr/local/bin:/usr/sbin:/usr/bin:/sbin:/bin', 'CMAKE_PREFIX_PATH': '/root/project/devel:/opt/ros/melodic', 'ROS_LOG_FILENAME': '/root/.ros/log/4deb4a0a-bef4-11ea-a1c4-0242ac110003/roslaunch-3ff6fdf48960-98.log', 'LANG': 'C.UTF-8', 'TERM': 'xterm', 'LIBRARY_PATH': '/usr/local/cuda/lib64/stubs', 'CUDA_PKG_VERSION': '10-1=10.1.243-1', 'SHLVL': '1', 'NCCL_VERSION': '2.4.8', 'LD_LIBRARY_PATH': '/root/project/devel/lib:/opt/ros/melodic/lib:/usr/local/cuda/extras/CUPTI/lib64:/usr/local/nvidia/lib:/usr/local/nvidia/lib64:/usr/lib/x86_64-linux-gnu:/usr/lib/i386-linux-gnu:/usr/local/nvidia/lib:/usr/local/nvidia/lib64', 'NVIDIA_VISIBLE_DEVICES': 'all', 'ROS_ETC_DIR': '/opt/ros/melodic/etc/ros', 'CUDNN_VERSION': '7.6.5.32', 'ROS_PYTHON_VERSION': '2', 'LC_ALL': 'C.UTF-8', 'PYTHONPATH': '/opt/ros/melodic/lib/python2.7/dist-packages', 'ROS_ROOT': '/opt/ros/melodic/share/ros', 'PKG_CONFIG_PATH': '/root/project/devel/lib/pkgconfig:/opt/ros/melodic/lib/pkgconfig', 'ROS_PACKAGE_PATH': '/root/project/src:/opt/ros/melodic/share', 'NVIDIA_DRIVER_CAPABILITIES': 'compute,utility,graphics', '_': '/opt/ros/melodic/bin/roslaunch', 'DISPLAY': ':0', 'NVIDIA_REQUIRE_CUDA': 'cuda>=10.0 brand=tesla,driver>=384,driver<385', 'OLDPWD': '/root', 'HOSTNAME': '3ff6fdf48960', 'PWD': '/root/project', 'ROS_MASTER_URI': 'http://localhost:11311', 'ROS_VERSION': '1'}]
[roslaunch][INFO] 2020-07-05 19:18:30,196: process[robot_state_publisher-3]: args[[u'/opt/ros/melodic/lib/robot_state_publisher/state_publisher', u'__name:=robot_state_publisher']]
[roslaunch][INFO] 2020-07-05 19:18:30,197: ... created process [robot_state_publisher-3]
[roslaunch.pmon][INFO] 2020-07-05 19:18:30,197: ProcessMonitor.register[robot_state_publisher-3]
[roslaunch.pmon][INFO] 2020-07-05 19:18:30,197: ProcessMonitor.register[robot_state_publisher-3] complete
[roslaunch][INFO] 2020-07-05 19:18:30,197: ... registered process [robot_state_publisher-3]
[roslaunch][INFO] 2020-07-05 19:18:30,197: process[robot_state_publisher-3]: starting os process
[roslaunch][INFO] 2020-07-05 19:18:30,197: process[robot_state_publisher-3]: start w/ args [[u'/opt/ros/melodic/lib/robot_state_publisher/state_publisher', u'__name:=robot_state_publisher', u'__log:=/root/.ros/log/4deb4a0a-bef4-11ea-a1c4-0242ac110003/robot_state_publisher-3.log']]
[roslaunch][INFO] 2020-07-05 19:18:30,197: process[robot_state_publisher-3]: cwd will be [/root/.ros]
[roslaunch][INFO] 2020-07-05 19:18:30,633: process[robot_state_publisher-3]: started with pid [130]
[roslaunch][INFO] 2020-07-05 19:18:30,634: ... successfully launched [robot_state_publisher-3]
[roslaunch][INFO] 2020-07-05 19:18:30,634: ... preparing to launch node of type [racecar_simulator/simulate]
[roslaunch][INFO] 2020-07-05 19:18:30,634: create_node_process: package[racecar_simulator] type[simulate] machine[Machine(name[] env_loader[None] address[localhost] ssh_port[22] user[None] assignable[True] timeout[10.0])] master_uri[http://localhost:11311]
[roslaunch][INFO] 2020-07-05 19:18:30,634: process[racecar_simulator-4]: env[{'ROS_DISTRO': 'melodic', 'ROSLISP_PACKAGE_DIRECTORIES': '/root/project/devel/share/common-lisp', 'CUDA_VERSION': '10.1.243', 'HOME': '/root', 'PATH': '/opt/ros/melodic/bin:/usr/local/nvidia/bin:/usr/local/cuda/bin:/usr/local/nvidia/bin:/usr/local/cuda/bin:/usr/local/sbin:/usr/local/bin:/usr/sbin:/usr/bin:/sbin:/bin', 'CMAKE_PREFIX_PATH': '/root/project/devel:/opt/ros/melodic', 'ROS_LOG_FILENAME': '/root/.ros/log/4deb4a0a-bef4-11ea-a1c4-0242ac110003/roslaunch-3ff6fdf48960-98.log', 'LANG': 'C.UTF-8', 'TERM': 'xterm', 'LIBRARY_PATH': '/usr/local/cuda/lib64/stubs', 'CUDA_PKG_VERSION': '10-1=10.1.243-1', 'SHLVL': '1', 'NCCL_VERSION': '2.4.8', 'LD_LIBRARY_PATH': '/root/project/devel/lib:/opt/ros/melodic/lib:/usr/local/cuda/extras/CUPTI/lib64:/usr/local/nvidia/lib:/usr/local/nvidia/lib64:/usr/lib/x86_64-linux-gnu:/usr/lib/i386-linux-gnu:/usr/local/nvidia/lib:/usr/local/nvidia/lib64', 'NVIDIA_VISIBLE_DEVICES': 'all', 'ROS_ETC_DIR': '/opt/ros/melodic/etc/ros', 'CUDNN_VERSION': '7.6.5.32', 'ROS_PYTHON_VERSION': '2', 'LC_ALL': 'C.UTF-8', 'PYTHONPATH': '/opt/ros/melodic/lib/python2.7/dist-packages', 'ROS_ROOT': '/opt/ros/melodic/share/ros', 'PKG_CONFIG_PATH': '/root/project/devel/lib/pkgconfig:/opt/ros/melodic/lib/pkgconfig', 'ROS_PACKAGE_PATH': '/root/project/src:/opt/ros/melodic/share', 'NVIDIA_DRIVER_CAPABILITIES': 'compute,utility,graphics', '_': '/opt/ros/melodic/bin/roslaunch', 'DISPLAY': ':0', 'NVIDIA_REQUIRE_CUDA': 'cuda>=10.0 brand=tesla,driver>=384,driver<385', 'OLDPWD': '/root', 'HOSTNAME': '3ff6fdf48960', 'PWD': '/root/project', 'ROS_MASTER_URI': 'http://localhost:11311', 'ROS_VERSION': '1'}]
[roslaunch][INFO] 2020-07-05 19:18:31,082: process[racecar_simulator-4]: args[[u'/root/project/devel/lib/racecar_simulator/simulate', u'__name:=racecar_simulator']]
[roslaunch][INFO] 2020-07-05 19:18:31,082: ... created process [racecar_simulator-4]
[roslaunch.pmon][INFO] 2020-07-05 19:18:31,083: ProcessMonitor.register[racecar_simulator-4]
[roslaunch.pmon][INFO] 2020-07-05 19:18:31,083: ProcessMonitor.register[racecar_simulator-4] complete
[roslaunch][INFO] 2020-07-05 19:18:31,083: ... registered process [racecar_simulator-4]
[roslaunch][INFO] 2020-07-05 19:18:31,084: process[racecar_simulator-4]: starting os process
[roslaunch][INFO] 2020-07-05 19:18:31,084: process[racecar_simulator-4]: start w/ args [[u'/root/project/devel/lib/racecar_simulator/simulate', u'__name:=racecar_simulator', u'__log:=/root/.ros/log/4deb4a0a-bef4-11ea-a1c4-0242ac110003/racecar_simulator-4.log']]
[roslaunch][INFO] 2020-07-05 19:18:31,084: process[racecar_simulator-4]: cwd will be [/root/.ros]
[roslaunch][INFO] 2020-07-05 19:18:31,552: process[racecar_simulator-4]: started with pid [142]
[roslaunch][INFO] 2020-07-05 19:18:31,552: ... successfully launched [racecar_simulator-4]
[roslaunch][INFO] 2020-07-05 19:18:31,552: ... preparing to launch node of type [tf2_ros/static_transform_publisher]
[roslaunch][INFO] 2020-07-05 19:18:31,552: create_node_process: package[tf2_ros] type[static_transform_publisher] machine[Machine(name[] env_loader[None] address[localhost] ssh_port[22] user[None] assignable[True] timeout[10.0])] master_uri[http://localhost:11311]
[roslaunch][INFO] 2020-07-05 19:18:31,553: process[static_tf/base_to_laser_tf2-5]: env[{'ROS_DISTRO': 'melodic', 'ROSLISP_PACKAGE_DIRECTORIES': '/root/project/devel/share/common-lisp', 'CUDA_VERSION': '10.1.243', 'HOME': '/root', 'PATH': '/opt/ros/melodic/bin:/usr/local/nvidia/bin:/usr/local/cuda/bin:/usr/local/nvidia/bin:/usr/local/cuda/bin:/usr/local/sbin:/usr/local/bin:/usr/sbin:/usr/bin:/sbin:/bin', 'CMAKE_PREFIX_PATH': '/root/project/devel:/opt/ros/melodic', 'ROS_LOG_FILENAME': '/root/.ros/log/4deb4a0a-bef4-11ea-a1c4-0242ac110003/roslaunch-3ff6fdf48960-98.log', 'LANG': 'C.UTF-8', 'TERM': 'xterm', 'LIBRARY_PATH': '/usr/local/cuda/lib64/stubs', 'CUDA_PKG_VERSION': '10-1=10.1.243-1', 'SHLVL': '1', 'NCCL_VERSION': '2.4.8', 'LD_LIBRARY_PATH': '/root/project/devel/lib:/opt/ros/melodic/lib:/usr/local/cuda/extras/CUPTI/lib64:/usr/local/nvidia/lib:/usr/local/nvidia/lib64:/usr/lib/x86_64-linux-gnu:/usr/lib/i386-linux-gnu:/usr/local/nvidia/lib:/usr/local/nvidia/lib64', 'NVIDIA_VISIBLE_DEVICES': 'all', 'ROS_ETC_DIR': '/opt/ros/melodic/etc/ros', 'CUDNN_VERSION': '7.6.5.32', 'ROS_PYTHON_VERSION': '2', 'LC_ALL': 'C.UTF-8', 'PYTHONPATH': '/opt/ros/melodic/lib/python2.7/dist-packages', 'ROS_NAMESPACE': '/static_tf', 'ROS_ROOT': '/opt/ros/melodic/share/ros', 'PKG_CONFIG_PATH': '/root/project/devel/lib/pkgconfig:/opt/ros/melodic/lib/pkgconfig', 'ROS_PACKAGE_PATH': '/root/project/src:/opt/ros/melodic/share', 'NVIDIA_DRIVER_CAPABILITIES': 'compute,utility,graphics', '_': '/opt/ros/melodic/bin/roslaunch', 'DISPLAY': ':0', 'NVIDIA_REQUIRE_CUDA': 'cuda>=10.0 brand=tesla,driver>=384,driver<385', 'OLDPWD': '/root', 'HOSTNAME': '3ff6fdf48960', 'PWD': '/root/project', 'ROS_MASTER_URI': 'http://localhost:11311', 'ROS_VERSION': '1'}]
[roslaunch][INFO] 2020-07-05 19:18:31,561: process[static_tf/base_to_laser_tf2-5]: args[[u'/opt/ros/melodic/lib/tf2_ros/static_transform_publisher', '0.1', '0.0', '0.30', '0.0', '0.0', '0.0', 'base_link', 'laser', u'__name:=base_to_laser_tf2']]
[roslaunch][INFO] 2020-07-05 19:18:31,561: ... created process [static_tf/base_to_laser_tf2-5]
[roslaunch.pmon][INFO] 2020-07-05 19:18:31,561: ProcessMonitor.register[static_tf/base_to_laser_tf2-5]
[roslaunch.pmon][INFO] 2020-07-05 19:18:31,561: ProcessMonitor.register[static_tf/base_to_laser_tf2-5] complete
[roslaunch][INFO] 2020-07-05 19:18:31,561: ... registered process [static_tf/base_to_laser_tf2-5]
[roslaunch][INFO] 2020-07-05 19:18:31,561: process[static_tf/base_to_laser_tf2-5]: starting os process
[roslaunch][INFO] 2020-07-05 19:18:31,562: process[static_tf/base_to_laser_tf2-5]: start w/ args [[u'/opt/ros/melodic/lib/tf2_ros/static_transform_publisher', '0.1', '0.0', '0.30', '0.0', '0.0', '0.0', 'base_link', 'laser', u'__name:=base_to_laser_tf2', u'__log:=/root/.ros/log/4deb4a0a-bef4-11ea-a1c4-0242ac110003/static_tf-base_to_laser_tf2-5.log']]
[roslaunch][INFO] 2020-07-05 19:18:31,562: process[static_tf/base_to_laser_tf2-5]: cwd will be [/root/.ros]
[roslaunch][INFO] 2020-07-05 19:18:32,007: process[static_tf/base_to_laser_tf2-5]: started with pid [143]
[roslaunch][INFO] 2020-07-05 19:18:32,007: ... successfully launched [static_tf/base_to_laser_tf2-5]
[roslaunch][INFO] 2020-07-05 19:18:32,007: ... preparing to launch node of type [move_base/move_base]
[roslaunch][INFO] 2020-07-05 19:18:32,007: create_node_process: package[move_base] type[move_base] machine[Machine(name[] env_loader[None] address[localhost] ssh_port[22] user[None] assignable[True] timeout[10.0])] master_uri[http://localhost:11311]
[roslaunch][INFO] 2020-07-05 19:18:32,007: process[move_base-6]: env[{'ROS_DISTRO': 'melodic', 'ROSLISP_PACKAGE_DIRECTORIES': '/root/project/devel/share/common-lisp', 'CUDA_VERSION': '10.1.243', 'HOME': '/root', 'PATH': '/opt/ros/melodic/bin:/usr/local/nvidia/bin:/usr/local/cuda/bin:/usr/local/nvidia/bin:/usr/local/cuda/bin:/usr/local/sbin:/usr/local/bin:/usr/sbin:/usr/bin:/sbin:/bin', 'CMAKE_PREFIX_PATH': '/root/project/devel:/opt/ros/melodic', 'ROS_LOG_FILENAME': '/root/.ros/log/4deb4a0a-bef4-11ea-a1c4-0242ac110003/roslaunch-3ff6fdf48960-98.log', 'LANG': 'C.UTF-8', 'TERM': 'xterm', 'LIBRARY_PATH': '/usr/local/cuda/lib64/stubs', 'CUDA_PKG_VERSION': '10-1=10.1.243-1', 'SHLVL': '1', 'NCCL_VERSION': '2.4.8', 'LD_LIBRARY_PATH': '/root/project/devel/lib:/opt/ros/melodic/lib:/usr/local/cuda/extras/CUPTI/lib64:/usr/local/nvidia/lib:/usr/local/nvidia/lib64:/usr/lib/x86_64-linux-gnu:/usr/lib/i386-linux-gnu:/usr/local/nvidia/lib:/usr/local/nvidia/lib64', 'NVIDIA_VISIBLE_DEVICES': 'all', 'ROS_ETC_DIR': '/opt/ros/melodic/etc/ros', 'CUDNN_VERSION': '7.6.5.32', 'ROS_PYTHON_VERSION': '2', 'LC_ALL': 'C.UTF-8', 'PYTHONPATH': '/opt/ros/melodic/lib/python2.7/dist-packages', 'ROS_ROOT': '/opt/ros/melodic/share/ros', 'PKG_CONFIG_PATH': '/root/project/devel/lib/pkgconfig:/opt/ros/melodic/lib/pkgconfig', 'ROS_PACKAGE_PATH': '/root/project/src:/opt/ros/melodic/share', 'NVIDIA_DRIVER_CAPABILITIES': 'compute,utility,graphics', '_': '/opt/ros/melodic/bin/roslaunch', 'DISPLAY': ':0', 'NVIDIA_REQUIRE_CUDA': 'cuda>=10.0 brand=tesla,driver>=384,driver<385', 'OLDPWD': '/root', 'HOSTNAME': '3ff6fdf48960', 'PWD': '/root/project', 'ROS_MASTER_URI': 'http://localhost:11311', 'ROS_VERSION': '1'}]
[roslaunch][INFO] 2020-07-05 19:18:32,008: process[move_base-6]: args[[u'/opt/ros/melodic/lib/move_base/move_base', u'__name:=move_base']]
[roslaunch][INFO] 2020-07-05 19:18:32,009: ... created process [move_base-6]
[roslaunch.pmon][INFO] 2020-07-05 19:18:32,009: ProcessMonitor.register[move_base-6]
[roslaunch.pmon][INFO] 2020-07-05 19:18:32,009: ProcessMonitor.register[move_base-6] complete
[roslaunch][INFO] 2020-07-05 19:18:32,009: ... registered process [move_base-6]
[roslaunch][INFO] 2020-07-05 19:18:32,009: process[move_base-6]: starting os process
[roslaunch][INFO] 2020-07-05 19:18:32,009: process[move_base-6]: start w/ args [[u'/opt/ros/melodic/lib/move_base/move_base', u'__name:=move_base', u'__log:=/root/.ros/log/4deb4a0a-bef4-11ea-a1c4-0242ac110003/move_base-6.log']]
[roslaunch][INFO] 2020-07-05 19:18:32,009: process[move_base-6]: cwd will be [/root/.ros]
[roslaunch][INFO] 2020-07-05 19:18:32,446: process[move_base-6]: started with pid [150]
[roslaunch][INFO] 2020-07-05 19:18:32,446: ... successfully launched [move_base-6]
[roslaunch][INFO] 2020-07-05 19:18:32,446: ... preparing to launch node of type [rviz/rviz]
[roslaunch][INFO] 2020-07-05 19:18:32,447: create_node_process: package[rviz] type[rviz] machine[Machine(name[] env_loader[None] address[localhost] ssh_port[22] user[None] assignable[True] timeout[10.0])] master_uri[http://localhost:11311]
[roslaunch][INFO] 2020-07-05 19:18:32,447: process[rviz-7]: env[{'ROS_DISTRO': 'melodic', 'ROSLISP_PACKAGE_DIRECTORIES': '/root/project/devel/share/common-lisp', 'CUDA_VERSION': '10.1.243', 'HOME': '/root', 'PATH': '/opt/ros/melodic/bin:/usr/local/nvidia/bin:/usr/local/cuda/bin:/usr/local/nvidia/bin:/usr/local/cuda/bin:/usr/local/sbin:/usr/local/bin:/usr/sbin:/usr/bin:/sbin:/bin', 'CMAKE_PREFIX_PATH': '/root/project/devel:/opt/ros/melodic', 'ROS_LOG_FILENAME': '/root/.ros/log/4deb4a0a-bef4-11ea-a1c4-0242ac110003/roslaunch-3ff6fdf48960-98.log', 'LANG': 'C.UTF-8', 'TERM': 'xterm', 'LIBRARY_PATH': '/usr/local/cuda/lib64/stubs', 'CUDA_PKG_VERSION': '10-1=10.1.243-1', 'SHLVL': '1', 'NCCL_VERSION': '2.4.8', 'LD_LIBRARY_PATH': '/root/project/devel/lib:/opt/ros/melodic/lib:/usr/local/cuda/extras/CUPTI/lib64:/usr/local/nvidia/lib:/usr/local/nvidia/lib64:/usr/lib/x86_64-linux-gnu:/usr/lib/i386-linux-gnu:/usr/local/nvidia/lib:/usr/local/nvidia/lib64', 'NVIDIA_VISIBLE_DEVICES': 'all', 'ROS_ETC_DIR': '/opt/ros/melodic/etc/ros', 'CUDNN_VERSION': '7.6.5.32', 'ROS_PYTHON_VERSION': '2', 'LC_ALL': 'C.UTF-8', 'PYTHONPATH': '/opt/ros/melodic/lib/python2.7/dist-packages', 'ROS_ROOT': '/opt/ros/melodic/share/ros', 'PKG_CONFIG_PATH': '/root/project/devel/lib/pkgconfig:/opt/ros/melodic/lib/pkgconfig', 'ROS_PACKAGE_PATH': '/root/project/src:/opt/ros/melodic/share', 'NVIDIA_DRIVER_CAPABILITIES': 'compute,utility,graphics', '_': '/opt/ros/melodic/bin/roslaunch', 'DISPLAY': ':0', 'NVIDIA_REQUIRE_CUDA': 'cuda>=10.0 brand=tesla,driver>=384,driver<385', 'OLDPWD': '/root', 'HOSTNAME': '3ff6fdf48960', 'PWD': '/root/project', 'ROS_MASTER_URI': 'http://localhost:11311', 'ROS_VERSION': '1'}]
[roslaunch][INFO] 2020-07-05 19:18:32,453: process[rviz-7]: args[[u'/opt/ros/melodic/lib/rviz/rviz', '-d', '/root/project/src/mpnet_local_planner/launch/mpnet_launch.rviz', u'__name:=rviz']]
[roslaunch][INFO] 2020-07-05 19:18:32,453: ... created process [rviz-7]
[roslaunch.pmon][INFO] 2020-07-05 19:18:32,453: ProcessMonitor.register[rviz-7]
[roslaunch.pmon][INFO] 2020-07-05 19:18:32,453: ProcessMonitor.register[rviz-7] complete
[roslaunch][INFO] 2020-07-05 19:18:32,453: ... registered process [rviz-7]
[roslaunch][INFO] 2020-07-05 19:18:32,453: process[rviz-7]: starting os process
[roslaunch][INFO] 2020-07-05 19:18:32,454: process[rviz-7]: start w/ args [[u'/opt/ros/melodic/lib/rviz/rviz', '-d', '/root/project/src/mpnet_local_planner/launch/mpnet_launch.rviz', u'__name:=rviz', u'__log:=/root/.ros/log/4deb4a0a-bef4-11ea-a1c4-0242ac110003/rviz-7.log']]
[roslaunch][INFO] 2020-07-05 19:18:32,454: process[rviz-7]: cwd will be [/root/.ros]
[roslaunch][INFO] 2020-07-05 19:18:32,902: process[rviz-7]: started with pid [156]
[roslaunch][INFO] 2020-07-05 19:18:32,902: ... successfully launched [rviz-7]
[roslaunch][INFO] 2020-07-05 19:18:32,902: ... launch_nodes complete
[roslaunch.pmon][INFO] 2020-07-05 19:18:32,902: registrations completed <ProcessMonitor(ProcessMonitor-1, started daemon 139998610933504)>
[roslaunch.parent][INFO] 2020-07-05 19:18:32,903: ... roslaunch parent running, waiting for process exit
[roslaunch][INFO] 2020-07-05 19:18:32,903: spin
[roslaunch][ERROR] 2020-07-05 19:18:58,999: [move_base-6] process has died [pid 150, exit code -6, cmd /opt/ros/melodic/lib/move_base/move_base __name:=move_base __log:=/root/.ros/log/4deb4a0a-bef4-11ea-a1c4-0242ac110003/move_base-6.log].
log file: /root/.ros/log/4deb4a0a-bef4-11ea-a1c4-0242ac110003/move_base-6*.log
[roslaunch.pmon][INFO] 2020-07-05 19:18:58,999: ProcessMonitor.unregister[move_base-6] starting
[roslaunch.pmon][INFO] 2020-07-05 19:18:58,999: ProcessMonitor.unregister[move_base-6] complete
[roslaunch.pmon][INFO] 2020-07-05 19:19:24,468: ProcessMonitor.shutdown <ProcessMonitor(ProcessMonitor-1, started daemon 139998610933504)>
[roslaunch.pmon][INFO] 2020-07-05 19:19:24,500: ProcessMonitor._post_run <ProcessMonitor(ProcessMonitor-1, started daemon 139998610933504)>
[roslaunch.pmon][INFO] 2020-07-05 19:19:24,501: ProcessMonitor._post_run <ProcessMonitor(ProcessMonitor-1, started daemon 139998610933504)>: remaining procs are [<roslaunch.nodeprocess.LocalProcess object at 0x7f53f79c2410>, <roslaunch.nodeprocess.LocalProcess object at 0x7f53f79c2950>, <roslaunch.nodeprocess.LocalProcess object at 0x7f53f5f571d0>, <roslaunch.nodeprocess.LocalProcess object at 0x7f53f5f57550>, <roslaunch.nodeprocess.LocalProcess object at 0x7f53f5f57450>, <roslaunch.nodeprocess.LocalProcess object at 0x7f53f5f57050>, <roslaunch.nodeprocess.LocalProcess object at 0x7f53f5f5dfd0>]
[roslaunch.pmon][INFO] 2020-07-05 19:19:24,502: ProcessMonitor exit: killing rviz-7
[roslaunch][INFO] 2020-07-05 19:19:24,503: [rviz-7] killing on exit
[roslaunch.pmon][INFO] 2020-07-05 19:19:24,504: ProcessMonitor exit: killing static_tf/base_to_laser_tf2-5
[roslaunch.pmon][INFO] 2020-07-05 19:19:24,504: ProcessMonitor exit: killing racecar_simulator-4
[roslaunch][INFO] 2020-07-05 19:19:24,505: process[rviz-7]: killing os process with pid[156] pgid[156]
[roslaunch][INFO] 2020-07-05 19:19:24,506: [static_tf/base_to_laser_tf2-5] killing on exit
[roslaunch.pmon][INFO] 2020-07-05 19:19:24,506: ProcessMonitor exit: killing robot_state_publisher-3
[roslaunch][INFO] 2020-07-05 19:19:24,507: [racecar_simulator-4] killing on exit
[roslaunch][INFO] 2020-07-05 19:19:24,508: [rviz-7] sending SIGINT to pgid [156]
[roslaunch.pmon][INFO] 2020-07-05 19:19:24,508: ProcessMonitor exit: killing map_server-2
[roslaunch][INFO] 2020-07-05 19:19:24,510: process[static_tf/base_to_laser_tf2-5]: killing os process with pid[143] pgid[143]
[roslaunch][INFO] 2020-07-05 19:19:24,510: [robot_state_publisher-3] killing on exit
[roslaunch][INFO] 2020-07-05 19:19:24,512: [rviz-7] sent SIGINT to pgid [156]
[roslaunch][INFO] 2020-07-05 19:19:24,513: process[racecar_simulator-4]: killing os process with pid[142] pgid[142]
[roslaunch][INFO] 2020-07-05 19:19:24,513: [map_server-2] killing on exit
[roslaunch][INFO] 2020-07-05 19:19:24,514: [static_tf/base_to_laser_tf2-5] sending SIGINT to pgid [143]
[roslaunch][INFO] 2020-07-05 19:19:24,515: process[robot_state_publisher-3]: killing os process with pid[130] pgid[130]
[roslaunch][INFO] 2020-07-05 19:19:24,516: [racecar_simulator-4] sending SIGINT to pgid [142]
[roslaunch][INFO] 2020-07-05 19:19:24,516: process[map_server-2]: killing os process with pid[128] pgid[128]
[roslaunch][INFO] 2020-07-05 19:19:24,516: [static_tf/base_to_laser_tf2-5] sent SIGINT to pgid [143]
[roslaunch][INFO] 2020-07-05 19:19:24,517: [robot_state_publisher-3] sending SIGINT to pgid [130]
[roslaunch][INFO] 2020-07-05 19:19:24,517: [racecar_simulator-4] sent SIGINT to pgid [142]
[roslaunch][INFO] 2020-07-05 19:19:24,518: [map_server-2] sending SIGINT to pgid [128]
[roslaunch][INFO] 2020-07-05 19:19:24,519: [robot_state_publisher-3] sent SIGINT to pgid [130]
[roslaunch][INFO] 2020-07-05 19:19:24,519: [map_server-2] sent SIGINT to pgid [128]
[roslaunch][INFO] 2020-07-05 19:19:24,719: process[static_tf/base_to_laser_tf2-5]: SIGINT killed with return value 0
[roslaunch][INFO] 2020-07-05 19:19:24,719: process[racecar_simulator-4]: SIGINT killed with return value 0
[roslaunch][INFO] 2020-07-05 19:19:24,720: process[robot_state_publisher-3]: SIGINT killed with return value 0
[roslaunch][INFO] 2020-07-05 19:19:24,720: process[map_server-2]: SIGINT killed with return value 0
[roslaunch][INFO] 2020-07-05 19:19:24,916: process[rviz-7]: SIGINT killed with return value 0
[roslaunch.pmon][INFO] 2020-07-05 19:19:24,917: ProcessMonitor exit: killing rosout-1
[roslaunch][INFO] 2020-07-05 19:19:24,917: [rosout-1] killing on exit
[roslaunch][INFO] 2020-07-05 19:19:24,917: process[rosout-1]: killing os process with pid[122] pgid[122]
[roslaunch][INFO] 2020-07-05 19:19:24,917: [rosout-1] sending SIGINT to pgid [122]
[roslaunch][INFO] 2020-07-05 19:19:24,917: [rosout-1] sent SIGINT to pgid [122]
[roslaunch][INFO] 2020-07-05 19:19:25,118: process[rosout-1]: SIGINT killed with return value 0
[roslaunch.pmon][INFO] 2020-07-05 19:19:25,118: ProcessMonitor exit: killing master
[roslaunch][INFO] 2020-07-05 19:19:25,118: [master] killing on exit
[roslaunch][INFO] 2020-07-05 19:19:25,118: process[master]: killing os process with pid[111] pgid[111]
[roslaunch][INFO] 2020-07-05 19:19:25,118: [master] sending SIGINT to pgid [111]
[roslaunch][INFO] 2020-07-05 19:19:25,119: [master] sent SIGINT to pgid [111]
[roslaunch][INFO] 2020-07-05 19:19:25,319: process[master]: SIGINT killed with return value 0
[roslaunch.pmon][INFO] 2020-07-05 19:19:25,320: ProcessMonitor exit: cleaning up data structures and signals
[roslaunch.pmon][INFO] 2020-07-05 19:19:25,320: ProcessMonitor exit: pmon has shutdown
[roslaunch][INFO] 2020-07-05 19:19:25,336: process monitor is done spinning, initiating full shutdown
[roslaunch][INFO] 2020-07-05 19:19:25,336: runner.stop()
[roslaunch][INFO] 2020-07-05 19:19:25,336: shutting down processing monitor...
[roslaunch][INFO] 2020-07-05 19:19:25,337: shutting down processing monitor <ProcessMonitor(ProcessMonitor-1, stopped daemon 139998610933504)>
[roslaunch.pmon][INFO] 2020-07-05 19:19:25,337: ProcessMonitor.shutdown <ProcessMonitor(ProcessMonitor-1, stopped daemon 139998610933504)>
[roslaunch][INFO] 2020-07-05 19:19:25,337: ... shutting down processing monitor complete
[roslaunch][INFO] 2020-07-05 19:19:25,337: done
[roslaunch.pmon][INFO] 2020-07-05 19:19:25,338: ProcessMonitor.shutdown <ProcessMonitor(ProcessMonitor-1, stopped daemon 139998610933504)>
[rospy.core][INFO] 2020-07-05 19:19:25,339: signal_shutdown [atexit]
